<?xml version="1.0" encoding="utf-8"?>
<TestRun id="d1cf76e0-4b5b-40ac-8f42-b8bd9516f14f" name="antoi@AZERTY_GLOBAL 2026-09-22 13:01:47" runUser="AZERTY_GLOBAL\CodexSandboxOffline" xmlns="http://microsoft.com/schemas/VisualStudio/TeamTest/2010">
  <Times creation="2026-09-22T13:01:47.1579340+02:00" queuing="2026-09-22T13:01:47.1579342+02:00" start="2026-09-22T13:01:36.4853987+02:00" finish="2026-09-22T13:01:48.8904967+02:00" />
  <TestSettings name="default" id="c267c6f8-5a4f-490c-a09b-520c0b776329">
    <Deployment runDeploymentRoot="antoi_AZERTY_GLOBAL_2026-09-22_13_01_47" />
  </TestSettings>
  <Results>
    <UnitTestResult executionId="a586ce69-308b-4057-8fe9-576823892353" testId="e1306ef8-ab04-d263-2cb5-33336d473618" testName="AZERTYGlobal.Tests.ToastBodyTests.UnCorpsDuCanalToast_NAQuUneLigneDAffordance(corps: &quot;Le projet est gratuit et open source. Un avis sur &quot;···)" computerName="AZERTY_GLOBAL" duration="00:00:00.0000016" startTime="2026-09-22T13:01:48.7293417+02:00" endTime="2026-09-22T13:01:48.7293418+02:00" testType="13cdc9d9-ddb5-4fa4-a97d-d965ccfc6d4b" outcome="Passed" testListId="8c84fa94-04c1-424b-9868-57a2d4851a1d" relativeResultsDirectory="a586ce69-308b-4057-8fe9-576823892353" />
    <UnitTestResult executionId="5f0be47d-1f22-418c-9b0a-6b934abb2efe" testId="b586ac7c-4216-40bb-c4d6-d68329e6aa0c" testName="AZERTYGlobal.Tests.PolicyTests.Read_ValeurUn_RendTrue(nom: &quot;UsageStatsEnabled&quot;)" computerName="AZERTY_GLOBAL" duration="00:00:00.0005481" startTime="2026-09-22T13:01:47.4300466+02:00" endTime="2026-09-22T13:01:47.4300467+02:00" testType="13cdc9d9-ddb5-4fa4-a97d-d965ccfc6d4b" outcome="Passed" testListId="8c84fa94-04c1-424b-9868-57a2d4851a1d" relativeResultsDirectory="5f0be47d-1f22-418c-9b0a-6b934abb2efe" />
    <UnitTestResult executionId="288338ab-f49e-4a85-845a-d4cc48c94019" testId="2d3454eb-53e8-aeaa-d11b-fa09e484c7cd" testName="AZERTYGlobal.Tests.ConfigShapePreservationTests.UneChaîneQuiRessembleÀDuJson_ResteUneChaîne" computerName="AZERTY_GLOBAL" duration="00:00:00.0082174" startTime="2026-09-22T13:01:48.4238865+02:00" endTime="2026-09-22T13:01:48.4238867+02:00" testType="13cdc9d9-ddb5-4fa4-a97d-d965ccfc6d4b" outcome="Passed" testListId="8c84fa94-04c1-424b-9868-57a2d4851a1d" relativeResultsDirectory="288338ab-f49e-4a85-845a-d4cc48c94019" />
    <UnitTestResult executionId="72770689-8148-4163-853c-63c4fdf226d2" testId="21fb1712-2fe0-5865-cf4c-dbd8e3c30d5d" testName="AZERTYGlobal.Tests.ReviewSharePromptTests.ShouldPrompt_PartageApresDeuxJoursDUsage_ReturnsTrue" computerName="AZERTY_GLOBAL" duration="00:00:00.0004144" startTime="2026-09-22T13:01:47.2843763+02:00" endTime="2026-09-22T13:01:47.2843763+02:00" testType="13cdc9d9-ddb5-4fa4-a97d-d965ccfc6d4b" outcome="Passed" testListId="8c84fa94-04c1-424b-9868-57a2d4851a1d" relativeResultsDirectory="72770689-8148-4163-853c-63c4fdf226d2" />
    <UnitTestResult executionId="46a6fea6-fe61-42a0-8ea8-8ce3352fd088" testId="37d749b1-dad5-909e-2b6a-84b0be43da0e" testName="AZERTYGlobal.Tests.WindowSizingTests.ÉcranLarge_CEstLaHauteurQuiMord" computerName="AZERTY_GLOBAL" duration="00:00:00.0000515" startTime="2026-09-22T13:01:47.5576769+02:00" endTime="2026-09-22T13:01:47.5576770+02:00" testType="13cdc9d9-ddb5-4fa4-a97d-d965ccfc6d4b" outcome="Passed" testListId="8c84fa94-04c1-424b-9868-57a2d4851a1d" relativeResultsDirectory="46a6fea6-fe61-42a0-8ea8-8ce3352fd088" />
    <UnitTestResult executionId="51e75b43-b0cf-4abe-b32e-e4d939da7dcf" testId="f4d6b2bb-f5b7-d8eb-7a2e-9aafe32f5d13" testName="AZERTYGlobal.Tests.SuspensionTransitionTests.PremierPlanOrdinaire_NonSuspendu_NEstPasUneTransition" computerName="AZERTY_GLOBAL" duration="00:00:00.0000128" startTime="2026-09-22T13:01:47.2646993+02:00" endTime="2026-09-22T13:01:47.2646993+02:00" testType="13cdc9d9-ddb5-4fa4-a97d-d965ccfc6d4b" outcome="Passed" testListId="8c84fa94-04c1-424b-9868-57a2d4851a1d" relativeResultsDirectory="51e75b43-b0cf-4abe-b32e-e4d939da7dcf" />
    <UnitTestResult executionId="a19d3625-2e16-4a0c-b5f2-466cda67d69a" testId="5c6c6c9f-ff9c-7a57-b7f5-cbc2a7f58b7f" testName="AZERTYGlobal.Tests.ReviewSharePromptTests.ShouldPrompt_SansFrappeRemappee_ReturnsFalse" computerName="AZERTY_GLOBAL" duration="00:00:00.0004405" startTime="2026-09-22T13:01:47.2812803+02:00" endTime="2026-09-22T13:01:47.2812804+02:00" testType="13cdc9d9-ddb5-4fa4-a97d-d965ccfc6d4b" outcome="Passed" testListId="8c84fa94-04c1-424b-9868-57a2d4851a1d" relativeResultsDirectory="a19d3625-2e16-4a0c-b5f2-466cda67d69a" />
    <UnitTestResult executionId="dd457d95-5e83-452d-9332-29bfe82a462d" testId="1d8aca14-f9d5-f51e-d752-34fedf0c3960" testName="AZERTYGlobal.Tests.PolicyTests.Statistiques_SansPolitique_SuiventLeDefautDuCanal" computerName="AZERTY_GLOBAL" duration="00:00:00.0004485" startTime="2026-09-22T13:01:47.4552861+02:00" endTime="2026-09-22T13:01:47.4552861+02:00" testType="13cdc9d9-ddb5-4fa4-a97d-d965ccfc6d4b" outcome="Passed" testListId="8c84fa94-04c1-424b-9868-57a2d4851a1d" relativeResultsDirectory="dd457d95-5e83-452d-9332-29bfe82a462d" />
    <UnitTestResult executionId="52c3955f-18b7-495b-8ee8-5b38e4b94219" testId="4406a641-815d-e474-4711-a09fd3695900" testName="AZERTYGlobal.Tests.KeyMapperMaintainableLayerTests.SecureField_SuspendsLayerButKeepsConfiguration" computerName="AZERTY_GLOBAL" duration="00:00:00.0336474" startTime="2026-09-22T13:01:48.4922829+02:00" endTime="2026-09-22T13:01:48.4922834+02:00" testType="13cdc9d9-ddb5-4fa4-a97d-d965ccfc6d4b" outcome="Passed" testListId="8c84fa94-04c1-424b-9868-57a2d4851a1d" relativeResultsDirectory="52c3955f-18b7-495b-8ee8-5b38e4b94219" />
    <UnitTestResult executionId="6fe70b90-cf09-4655-8e3a-68dce35e8c01" testId="7b166778-3839-cb7c-fb37-25fe2c14638d" testName="AZERTYGlobal.Tests.FrenchTypographyTests.FrenchStrings_UseNoBreakSpaceBeforeDoublePunctuation" computerName="AZERTY_GLOBAL" duration="00:00:00.0056569" startTime="2026-09-22T13:01:48.8524231+02:00" endTime="2026-09-22T13:01:48.8524234+02:00" testType="13cdc9d9-ddb5-4fa4-a97d-d965ccfc6d4b" outcome="Passed" testListId="8c84fa94-04c1-424b-9868-57a2d4851a1d" relativeResultsDirectory="6fe70b90-cf09-4655-8e3a-68dce35e8c01" />
    <UnitTestResult executionId="90f83019-b304-40a6-931c-b6a33549e86b" testId="237cc376-a48f-ccec-b3db-7c6b2003d61f" testName="AZERTYGlobal.Tests.QuickWinsTests.StartupTaskEnabledByPolicy_IsReportedAsActive" computerName="AZERTY_GLOBAL" duration="00:00:00.0161670" startTime="2026-09-22T13:01:47.4257592+02:00" endTime="2026-09-22T13:01:47.4257595+02:00" testType="13cdc9d9-ddb5-4fa4-a97d-d965ccfc6d4b" outcome="Passed" testListId="8c84fa94-04c1-424b-9868-57a2d4851a1d" relativeResultsDirectory="90f83019-b304-40a6-931c-b6a33549e86b" />
    <UnitTestResult executionId="e7c511c4-bcc2-4411-b3fd-e1f51f8a3398" testId="b837d399-f4e1-e720-ef00-936cdb97824c" testName="AZERTYGlobal.Tests.SuspensionTransitionTests.PausePendantUneSuspensionDeSecurite_NeLaLevePas(reason: RemoteAccess)" computerName="AZERTY_GLOBAL" duration="00:00:00.0000673" startTime="2026-09-22T13:01:47.2643254+02:00" endTime="2026-09-22T13:01:47.2643255+02:00" testType="13cdc9d9-ddb5-4fa4-a97d-d965ccfc6d4b" outcome="Passed" testListId="8c84fa94-04c1-424b-9868-57a2d4851a1d" relativeResultsDirectory="e7c511c4-bcc2-4411-b3fd-e1f51f8a3398" />
    <UnitTestResult executionId="6303f33c-de1b-4420-9d8f-200226039ee0" testId="aa3fad3d-fe08-b76c-c819-e0f6edd324b0" testName="AZERTYGlobal.Tests.DailyChallengeTests.BuildModule_ProducesTwoExercisesWithWarmupRepetitions" computerName="AZERTY_GLOBAL" duration="00:00:00.0018243" startTime="2026-09-22T13:01:47.2609315+02:00" endTime="2026-09-22T13:01:47.2609316+02:00" testType="13cdc9d9-ddb5-4fa4-a97d-d965ccfc6d4b" outcome="Passed" testListId="8c84fa94-04c1-424b-9868-57a2d4851a1d" relativeResultsDirectory="6303f33c-de1b-4420-9d8f-200226039ee0" />
    <UnitTestResult executionId="e05a1fa2-7d88-4e83-ba25-4bee2009bf26" testId="647e40bd-de6b-50af-fed9-e471363bcaef" testName="AZERTYGlobal.Tests.PolicyTests.Read_LangueInvalide_EstIgnoree(brut: &quot;de&quot;)" computerName="AZERTY_GLOBAL" duration="00:00:00.0007855" startTime="2026-09-22T13:01:47.4348768+02:00" endTime="2026-09-22T13:01:47.4348769+02:00" testType="13cdc9d9-ddb5-4fa4-a97d-d965ccfc6d4b" outcome="Passed" testListId="8c84fa94-04c1-424b-9868-57a2d4851a1d" relativeResultsDirectory="e05a1fa2-7d88-4e83-ba25-4bee2009bf26" />
    <UnitTestResult executionId="27a4204f-1103-4497-b30d-6bb9be16e6f7" testId="fc6044a5-7004-2b9d-4311-845ddc35fdab" testName="AZERTYGlobal.Tests.PolicyTests.Read_ValeurUn_RendTrue(nom: &quot;ExternalLinksEnabled&quot;)" computerName="AZERTY_GLOBAL" duration="00:00:00.0003864" startTime="2026-09-22T13:01:47.4308814+02:00" endTime="2026-09-22T13:01:47.4308816+02:00" testType="13cdc9d9-ddb5-4fa4-a97d-d965ccfc6d4b" outcome="Passed" testListId="8c84fa94-04c1-424b-9868-57a2d4851a1d" relativeResultsDirectory="27a4204f-1103-4497-b30d-6bb9be16e6f7" />
    <UnitTestResult executionId="7206fcae-b43b-44d0-b9f2-7f216cb5942a" testId="8191e7cd-b56d-627f-a242-3c7f459b2fdd" testName="AZERTYGlobal.Tests.EnrichedThresholdTests.Silence_ApresUneFrappe_EstCourt" computerName="AZERTY_GLOBAL" duration="00:00:00.0004482" startTime="2026-09-22T13:01:47.4766942+02:00" endTime="2026-09-22T13:01:47.4766943+02:00" testType="13cdc9d9-ddb5-4fa4-a97d-d965ccfc6d4b" outcome="Passed" testListId="8c84fa94-04c1-424b-9868-57a2d4851a1d" relativeResultsDirectory="7206fcae-b43b-44d0-b9f2-7f216cb5942a" />
    <UnitTestResult executionId="ae2ecf96-f716-457e-b268-5e93b753a591" testId="9d15e7bf-f5f6-b64c-af96-fe20e02e33d0" testName="AZERTYGlobal.Tests.Audit120InsertionTests.RetourWindows_PropageSansReessayer(sent: 3, blocked: False, expected: 2)" computerName="AZERTY_GLOBAL" duration="00:00:00.0002125" startTime="2026-09-22T13:01:48.7258951+02:00" endTime="2026-09-22T13:01:48.7258951+02:00" testType="13cdc9d9-ddb5-4fa4-a97d-d965ccfc6d4b" outcome="Passed" testListId="8c84fa94-04c1-424b-9868-57a2d4851a1d" relativeResultsDirectory="ae2ecf96-f716-457e-b268-5e93b753a591" />
    <UnitTestResult executionId="d12b2fc4-2753-4895-a8a7-9d9cf2e5cc4e" testId="b9c9afd6-ee03-b14b-7f22-847b19933427" testName="AZERTYGlobal.Tests.LocalizationTests.InstallationNeuve_EcritLaLangueDeriveDeWindows" computerName="AZERTY_GLOBAL" duration="00:00:00.0050495" startTime="2026-09-22T13:01:48.8369112+02:00" endTime="2026-09-22T13:01:48.8369113+02:00" testType="13cdc9d9-ddb5-4fa4-a97d-d965ccfc6d4b" outcome="Passed" testListId="8c84fa94-04c1-424b-9868-57a2d4851a1d" relativeResultsDirectory="d12b2fc4-2753-4895-a8a7-9d9cf2e5cc4e" />
    <UnitTestResult executionId="9c518019-65ff-4937-8570-f6c6d9b4ae4b" testId="572cf87f-069a-23b5-014d-84a7d022ac30" testName="AZERTYGlobal.Tests.Audit120InsertionTests.RetourWindows_PropageSansReessayer(sent: 0, blocked: True, expected: 3)" computerName="AZERTY_GLOBAL" duration="00:00:00.0000017" startTime="2026-09-22T13:01:48.7261484+02:00" endTime="2026-09-22T13:01:48.7261484+02:00" testType="13cdc9d9-ddb5-4fa4-a97d-d965ccfc6d4b" outcome="Passed" testListId="8c84fa94-04c1-424b-9868-57a2d4851a1d" relativeResultsDirectory="9c518019-65ff-4937-8570-f6c6d9b4ae4b" />
    <UnitTestResult executionId="3103add2-b64c-451c-99d2-812448c0bf82" testId="afacc673-40f6-5362-c37d-06fc0fe9cda6" testName="AZERTYGlobal.Tests.DialogNavigationTests.RacineNulle_NEstJamaisRoutée" computerName="AZERTY_GLOBAL" duration="00:00:00.0000987" startTime="2026-09-22T13:01:48.0314223+02:00" endTime="2026-09-22T13:01:48.0314224+02:00" testType="13cdc9d9-ddb5-4fa4-a97d-d965ccfc6d4b" outcome="Passed" testListId="8c84fa94-04c1-424b-9868-57a2d4851a1d" relativeResultsDirectory="3103add2-b64c-451c-99d2-812448c0bf82" />
    <UnitTestResult executionId="b316805f-440e-4454-bc97-92e9cd68f8e8" testId="749c5903-d5d7-9745-1fa1-011d3fb199ec" testName="AZERTYGlobal.Tests.LessonCoreTests.ProgressStore_RollsBackMemoryWhenSaveFails" computerName="AZERTY_GLOBAL" duration="00:00:00.0015777" startTime="2026-09-22T13:01:47.3809179+02:00" endTime="2026-09-22T13:01:47.3809180+02:00" testType="13cdc9d9-ddb5-4fa4-a97d-d965ccfc6d4b" outcome="Passed" testListId="8c84fa94-04c1-424b-9868-57a2d4851a1d" relativeResultsDirectory="b316805f-440e-4454-bc97-92e9cd68f8e8" />
    <UnitTestResult executionId="59443091-e42c-490b-8d1f-d2f6f9d3df71" testId="2b3d7b31-b827-cd06-8958-a697f1087ae1" testName="AZERTYGlobal.Tests.Audit120BitmapTests.MasqueIcone_ReserveChaqueLigneAlignee(size: 40, bytes: 240)" computerName="AZERTY_GLOBAL" duration="00:00:00.0000033" startTime="2026-09-22T13:01:47.2618955+02:00" endTime="2026-09-22T13:01:47.2618955+02:00" testType="13cdc9d9-ddb5-4fa4-a97d-d965ccfc6d4b" outcome="Passed" testListId="8c84fa94-04c1-424b-9868-57a2d4851a1d" relativeResultsDirectory="59443091-e42c-490b-8d1f-d2f6f9d3df71" />
    <UnitTestResult executionId="123bdb38-1286-4613-ae29-54a2931c169e" testId="3f371e15-3507-1812-4b17-265d020d9798" testName="AZERTYGlobal.Tests.EmissionLossTests.CinquanteRefusDAffilée_NeJournalisentQueLePremierEtLeCinquantième" computerName="AZERTY_GLOBAL" duration="00:00:00.0020052" startTime="2026-09-22T13:01:47.3283005+02:00" endTime="2026-09-22T13:01:47.3283006+02:00" testType="13cdc9d9-ddb5-4fa4-a97d-d965ccfc6d4b" outcome="Passed" testListId="8c84fa94-04c1-424b-9868-57a2d4851a1d" relativeResultsDirectory="123bdb38-1286-4613-ae29-54a2931c169e" />
    <UnitTestResult executionId="51884920-dbda-47da-909a-85aa3fee0268" testId="6f1acd7e-cd07-b9ab-1dd5-289e4c37397d" testName="AZERTYGlobal.Tests.ConfigManagerCompatTests.SetCompatibilityOverride_InvalidMode_Ignored" computerName="AZERTY_GLOBAL" duration="00:00:00.0059040" startTime="2026-09-22T13:01:47.0922617+02:00" endTime="2026-09-22T13:01:47.0922618+02:00" testType="13cdc9d9-ddb5-4fa4-a97d-d965ccfc6d4b" outcome="Passed" testListId="8c84fa94-04c1-424b-9868-57a2d4851a1d" relativeResultsDirectory="51884920-dbda-47da-909a-85aa3fee0268" />
    <UnitTestResult executionId="d7115e3c-376b-4a55-9a59-fb730720a1d4" testId="2dfaf99d-d497-fef0-71c2-2995e917075d" testName="AZERTYGlobal.Tests.AppChannelTests.OverrideForTests_RestoresThePreviousChannelOnDispose" computerName="AZERTY_GLOBAL" duration="00:00:00.0001903" startTime="2026-09-22T13:01:47.4272046+02:00" endTime="2026-09-22T13:01:47.4272046+02:00" testType="13cdc9d9-ddb5-4fa4-a97d-d965ccfc6d4b" outcome="Passed" testListId="8c84fa94-04c1-424b-9868-57a2d4851a1d" relativeResultsDirectory="d7115e3c-376b-4a55-9a59-fb730720a1d4" />
    <UnitTestResult executionId="a4b6c847-9294-4b83-a0b2-b7346d3eefc6" testId="562e78d3-c72e-edc6-0623-08ac8d42f6da" testName="AZERTYGlobal.Tests.ReviewPromptConfigTests.RecordReviewPromptShown_DateDeLAppelant_EstEcriteTelleQuelle" computerName="AZERTY_GLOBAL" duration="00:00:00.0241675" startTime="2026-09-22T13:01:48.2770160+02:00" endTime="2026-09-22T13:01:48.2770162+02:00" testType="13cdc9d9-ddb5-4fa4-a97d-d965ccfc6d4b" outcome="Passed" testListId="8c84fa94-04c1-424b-9868-57a2d4851a1d" relativeResultsDirectory="a4b6c847-9294-4b83-a0b2-b7346d3eefc6" />
    <UnitTestResult executionId="686c7da0-8e22-4e28-8041-ed715ae1bdb3" testId="dfcee379-dae1-a5df-a279-480dc40ec04a" testName="AZERTYGlobal.Tests.UsageStatsTests.Categorization_TradAzertySymbols_NotCounted" computerName="AZERTY_GLOBAL" duration="00:00:00.0004558" startTime="2026-09-22T13:01:47.5363140+02:00" endTime="2026-09-22T13:01:47.5363141+02:00" testType="13cdc9d9-ddb5-4fa4-a97d-d965ccfc6d4b" outcome="Passed" testListId="8c84fa94-04c1-424b-9868-57a2d4851a1d" relativeResultsDirectory="686c7da0-8e22-4e28-8041-ed715ae1bdb3" />
    <UnitTestResult executionId="f0366923-78e3-4a6c-834f-21391761145c" testId="320da496-144e-456d-5969-5e80afb18a36" testName="AZERTYGlobal.Tests.DialogNavigationTests.DoubleInscription_NeCompteQuUneFois" computerName="AZERTY_GLOBAL" duration="00:00:00.0000284" startTime="2026-09-22T13:01:48.0319749+02:00" endTime="2026-09-22T13:01:48.0319750+02:00" testType="13cdc9d9-ddb5-4fa4-a97d-d965ccfc6d4b" outcome="Passed" testListId="8c84fa94-04c1-424b-9868-57a2d4851a1d" relativeResultsDirectory="f0366923-78e3-4a6c-834f-21391761145c" />
    <UnitTestResult executionId="d46a1704-c9bb-4d55-b91e-703633316d4e" testId="0e2de460-19e6-3ba7-5107-8ecd7622f9c6" testName="AZERTYGlobal.Tests.PolicyTests.MenuRetours_LiensExternesRallumesParPolitique_LesRendSurLeCanalSobre" computerName="AZERTY_GLOBAL" duration="00:00:00.0005557" startTime="2026-09-22T13:01:47.4564384+02:00" endTime="2026-09-22T13:01:47.4564385+02:00" testType="13cdc9d9-ddb5-4fa4-a97d-d965ccfc6d4b" outcome="Passed" testListId="8c84fa94-04c1-424b-9868-57a2d4851a1d" relativeResultsDirectory="d46a1704-c9bb-4d55-b91e-703633316d4e" />
    <UnitTestResult executionId="4e6f005e-369a-4e48-9bec-7ff66f0dfcfc" testId="567c1b31-d6f3-1498-0913-a45ee6042d32" testName="AZERTYGlobal.Tests.UsageStatsTests.RecordEmittedText_ConsecutiveDay_IncrementsStreak" computerName="AZERTY_GLOBAL" duration="00:00:00.0008538" startTime="2026-09-22T13:01:47.5553558+02:00" endTime="2026-09-22T13:01:47.5553559+02:00" testType="13cdc9d9-ddb5-4fa4-a97d-d965ccfc6d4b" outcome="Passed" testListId="8c84fa94-04c1-424b-9868-57a2d4851a1d" relativeResultsDirectory="4e6f005e-369a-4e48-9bec-7ff66f0dfcfc" />
    <UnitTestResult executionId="ae678121-1468-40f8-966e-6f0299784ac1" testId="6dd5d812-e529-cd98-2702-71a4bf49928b" testName="AZERTYGlobal.Tests.ShellHopBalloonTests.Sortir_d_un_jeu_vers_une_application_ordinaire_annonce_la_reprise" computerName="AZERTY_GLOBAL" duration="00:00:00.0000537" startTime="2026-09-22T13:01:48.1092045+02:00" endTime="2026-09-22T13:01:48.1092046+02:00" testType="13cdc9d9-ddb5-4fa4-a97d-d965ccfc6d4b" outcome="Passed" testListId="8c84fa94-04c1-424b-9868-57a2d4851a1d" relativeResultsDirectory="ae678121-1468-40f8-966e-6f0299784ac1" />
    <UnitTestResult executionId="04d2c3ec-c5ae-4afc-b5b9-33d3f45d4eb8" testId="8d834e38-2c97-7259-b494-da792efd56a7" testName="AZERTYGlobal.Tests.UsageStatsTests.Categorization_NonFrenchLetters_CountAsInternational" computerName="AZERTY_GLOBAL" duration="00:00:00.0024321" startTime="2026-09-22T13:01:47.5275228+02:00" endTime="2026-09-22T13:01:47.5275229+02:00" testType="13cdc9d9-ddb5-4fa4-a97d-d965ccfc6d4b" outcome="Passed" testListId="8c84fa94-04c1-424b-9868-57a2d4851a1d" relativeResultsDirectory="04d2c3ec-c5ae-4afc-b5b9-33d3f45d4eb8" />
    <UnitTestResult executionId="63224b5c-6858-4014-b5b4-65245a0ddb58" testId="ae6c30e4-0d0b-269d-e910-cec2fbe45125" testName="AZERTYGlobal.Tests.ToastBodyTests.UnCorpsDuCanalToast_NAQuUneLigneDAffordance(corps: &quot;The project is free and open source. A review on t&quot;···)" computerName="AZERTY_GLOBAL" duration="00:00:00.0000015" startTime="2026-09-22T13:01:48.7294050+02:00" endTime="2026-09-22T13:01:48.7294051+02:00" testType="13cdc9d9-ddb5-4fa4-a97d-d965ccfc6d4b" outcome="Passed" testListId="8c84fa94-04c1-424b-9868-57a2d4851a1d" relativeResultsDirectory="63224b5c-6858-4014-b5b4-65245a0ddb58" />
    <UnitTestResult executionId="f093bd29-0239-4fbf-abca-8801ba52b992" testId="359e3bae-604c-0c26-6e09-7562a0398ac4" testName="AZERTYGlobal.Tests.EmissionLossTests.UnRetourZeroSurUnLotNonVide_EstComptéCommePerte" computerName="AZERTY_GLOBAL" duration="00:00:00.0034663" startTime="2026-09-22T13:01:47.3398984+02:00" endTime="2026-09-22T13:01:47.3398985+02:00" testType="13cdc9d9-ddb5-4fa4-a97d-d965ccfc6d4b" outcome="Passed" testListId="8c84fa94-04c1-424b-9868-57a2d4851a1d" relativeResultsDirectory="f093bd29-0239-4fbf-abca-8801ba52b992" />
    <UnitTestResult executionId="20ff49df-415d-410d-b52d-ccd48b0ef889" testId="39a60eb6-e8e8-da55-07f6-44ddbb4c6667" testName="AZERTYGlobal.Tests.EmissionLossTests.UnLotAccepté_EstComptéCommeTexteSaisi" computerName="AZERTY_GLOBAL" duration="00:00:00.0020170" startTime="2026-09-22T13:01:47.3148775+02:00" endTime="2026-09-22T13:01:47.3148775+02:00" testType="13cdc9d9-ddb5-4fa4-a97d-d965ccfc6d4b" outcome="Passed" testListId="8c84fa94-04c1-424b-9868-57a2d4851a1d" relativeResultsDirectory="20ff49df-415d-410d-b52d-ccd48b0ef889" />
    <UnitTestResult executionId="83f4aa45-25fa-493b-9f85-c31c7524939e" testId="dd4d0a0d-4bc8-b9ff-57ef-6e5da2effd9d" testName="AZERTYGlobal.Tests.ExcludedTypingLifetimeTests.Trois_refus_de_suite_ne_derivent_pas_le_compteur" computerName="AZERTY_GLOBAL" duration="00:00:00.0005874" startTime="2026-09-22T13:01:48.7999677+02:00" endTime="2026-09-22T13:01:48.7999677+02:00" testType="13cdc9d9-ddb5-4fa4-a97d-d965ccfc6d4b" outcome="Passed" testListId="8c84fa94-04c1-424b-9868-57a2d4851a1d" relativeResultsDirectory="83f4aa45-25fa-493b-9f85-c31c7524939e" />
    <UnitTestResult executionId="bb0fa749-d25b-432b-9208-591e65573214" testId="f4d9ef66-97f6-061a-2450-a31c8ee71b53" testName="AZERTYGlobal.Tests.EnrichedThresholdTests.Seuil_CategoriesMelangees_SAdditionnent" computerName="AZERTY_GLOBAL" duration="00:00:00.0004258" startTime="2026-09-22T13:01:47.4743653+02:00" endTime="2026-09-22T13:01:47.4743654+02:00" testType="13cdc9d9-ddb5-4fa4-a97d-d965ccfc6d4b" outcome="Passed" testListId="8c84fa94-04c1-424b-9868-57a2d4851a1d" relativeResultsDirectory="bb0fa749-d25b-432b-9208-591e65573214" />
    <UnitTestResult executionId="ec5046cc-c4e4-49ce-839b-e36fcb7c736d" testId="cdea656b-a021-cee7-a5e7-6ca6a2bf7761" testName="AZERTYGlobal.Tests.ToastBodyTests.ToastBody_RetireLAffordance_EtGardeLeReste(corps: &quot;Gratuit, open source, porté par une association. V&quot;···)" computerName="AZERTY_GLOBAL" duration="00:00:00.0000036" startTime="2026-09-22T13:01:48.7308252+02:00" endTime="2026-09-22T13:01:48.7308253+02:00" testType="13cdc9d9-ddb5-4fa4-a97d-d965ccfc6d4b" outcome="Passed" testListId="8c84fa94-04c1-424b-9868-57a2d4851a1d" relativeResultsDirectory="ec5046cc-c4e4-49ce-839b-e36fcb7c736d" />
    <UnitTestResult executionId="03a01ecd-2791-496f-808a-f6c7ffed1c7c" testId="f5a1d8cd-08b7-afeb-fa15-3d97e4986746" testName="AZERTYGlobal.Tests.SearchWhileSuspendedTests.HorsSuspension_LaDecisionEstToujoursNegative(raison: None)" computerName="AZERTY_GLOBAL" duration="00:00:00.0000167" startTime="2026-09-22T13:01:47.2410462+02:00" endTime="2026-09-22T13:01:47.2410462+02:00" testType="13cdc9d9-ddb5-4fa4-a97d-d965ccfc6d4b" outcome="Passed" testListId="8c84fa94-04c1-424b-9868-57a2d4851a1d" relativeResultsDirectory="03a01ecd-2791-496f-808a-f6c7ffed1c7c" />
    <UnitTestResult executionId="73e59719-db40-4129-bd94-dc033dc2b45e" testId="515ca66d-12f0-cd1a-64d3-320630f31503" testName="AZERTYGlobal.Tests.DeadKeyEmissionBatchTests.ProcessKey_TouchemorteActive_ConsommeToujoursLaTouche" computerName="AZERTY_GLOBAL" duration="00:00:00.0020330" startTime="2026-09-22T13:01:47.2747920+02:00" endTime="2026-09-22T13:01:47.2747922+02:00" testType="13cdc9d9-ddb5-4fa4-a97d-d965ccfc6d4b" outcome="Passed" testListId="8c84fa94-04c1-424b-9868-57a2d4851a1d" relativeResultsDirectory="73e59719-db40-4129-bd94-dc033dc2b45e" />
    <UnitTestResult executionId="00d93f7b-929f-43cd-b222-216a00bfdbdb" testId="1d3abfd9-0c11-50ab-7603-7ed3287489ce" testName="AZERTYGlobal.Tests.PolicyTests.EstGere_DesQuUneValeurEstPosee" computerName="AZERTY_GLOBAL" duration="00:00:00.0004403" startTime="2026-09-22T13:01:47.4332341+02:00" endTime="2026-09-22T13:01:47.4332342+02:00" testType="13cdc9d9-ddb5-4fa4-a97d-d965ccfc6d4b" outcome="Passed" testListId="8c84fa94-04c1-424b-9868-57a2d4851a1d" relativeResultsDirectory="00d93f7b-929f-43cd-b222-216a00bfdbdb" />
    <UnitTestResult executionId="240df5eb-5e87-40c7-87cf-a06e86d11054" testId="5373f03b-0810-a6b1-01b2-c9c71209c518" testName="AZERTYGlobal.Tests.ConfigManagerCompatTests.SetCompatibilityOverride_ForceOn_PersistsAndReadsBack" computerName="AZERTY_GLOBAL" duration="00:00:00.0215605" startTime="2026-09-22T13:01:47.0619379+02:00" endTime="2026-09-22T13:01:47.0619382+02:00" testType="13cdc9d9-ddb5-4fa4-a97d-d965ccfc6d4b" outcome="Passed" testListId="8c84fa94-04c1-424b-9868-57a2d4851a1d" relativeResultsDirectory="240df5eb-5e87-40c7-87cf-a06e86d11054" />
    <UnitTestResult executionId="f365070e-003d-40ec-8f22-b88aba727589" testId="0b9c8421-d041-cb20-19ba-f93066bcc171" testName="AZERTYGlobal.Tests.LocalizationTests.L_IsEnglish_ReflectsLanguage" computerName="AZERTY_GLOBAL" duration="00:00:00.0004401" startTime="2026-09-22T13:01:48.8373934+02:00" endTime="2026-09-22T13:01:48.8373935+02:00" testType="13cdc9d9-ddb5-4fa4-a97d-d965ccfc6d4b" outcome="Passed" testListId="8c84fa94-04c1-424b-9868-57a2d4851a1d" relativeResultsDirectory="f365070e-003d-40ec-8f22-b88aba727589" />
    <UnitTestResult executionId="da83f7af-dcf2-4c8d-a267-d5c2f5494e60" testId="4a649479-b050-f23f-af0d-bde3a17b5ebd" testName="AZERTYGlobal.Tests.AppChannelTests.Classify_StoreFamilyName_ReturnsStore" computerName="AZERTY_GLOBAL" duration="00:00:00.0000229" startTime="2026-09-22T13:01:47.4275534+02:00" endTime="2026-09-22T13:01:47.4275534+02:00" testType="13cdc9d9-ddb5-4fa4-a97d-d965ccfc6d4b" outcome="Passed" testListId="8c84fa94-04c1-424b-9868-57a2d4851a1d" relativeResultsDirectory="da83f7af-dcf2-4c8d-a267-d5c2f5494e60" />
    <UnitTestResult executionId="313978b3-ba1c-474e-bc4c-e51d847bf1f7" testId="d73dbdd9-67cb-ab5f-406a-a7e1ab4262a6" testName="AZERTYGlobal.Tests.LocalizationTests.DefaultAppLanguage_DeriveDuLangId(langId: 1036, expected: &quot;fr&quot;)" computerName="AZERTY_GLOBAL" duration="00:00:00.0003266" startTime="2026-09-22T13:01:48.8395554+02:00" endTime="2026-09-22T13:01:48.8395554+02:00" testType="13cdc9d9-ddb5-4fa4-a97d-d965ccfc6d4b" outcome="Passed" testListId="8c84fa94-04c1-424b-9868-57a2d4851a1d" relativeResultsDirectory="313978b3-ba1c-474e-bc4c-e51d847bf1f7" />
    <UnitTestResult executionId="b318fe46-49df-479f-9dc3-ba7a2dfea1b7" testId="b1aef7d9-3e37-4b62-02ed-03a508f426a7" testName="AZERTYGlobal.Tests.ShellHopBalloonTests.Un_changement_de_motif_dans_la_meme_application_s_annonce" computerName="AZERTY_GLOBAL" duration="00:00:00.0000357" startTime="2026-09-22T13:01:48.1092669+02:00" endTime="2026-09-22T13:01:48.1092670+02:00" testType="13cdc9d9-ddb5-4fa4-a97d-d965ccfc6d4b" outcome="Passed" testListId="8c84fa94-04c1-424b-9868-57a2d4851a1d" relativeResultsDirectory="b318fe46-49df-479f-9dc3-ba7a2dfea1b7" />
    <UnitTestResult executionId="b69721d4-9692-41d4-bcda-88f4883b64c8" testId="51e74acc-25bb-aaa5-44f9-f8bd403a19a0" testName="AZERTYGlobal.Tests.PolicyTests.Read_CleAbsente_RendNull(nom: &quot;NotificationsEnabled&quot;)" computerName="AZERTY_GLOBAL" duration="00:00:00.0005094" startTime="2026-09-22T13:01:47.4319574+02:00" endTime="2026-09-22T13:01:47.4319575+02:00" testType="13cdc9d9-ddb5-4fa4-a97d-d965ccfc6d4b" outcome="Passed" testListId="8c84fa94-04c1-424b-9868-57a2d4851a1d" relativeResultsDirectory="b69721d4-9692-41d4-bcda-88f4883b64c8" />
    <UnitTestResult executionId="4b019174-25be-4455-b2f4-60d68a6bebfe" testId="53537c83-72b9-34bd-0b3a-174b391f110c" testName="AZERTYGlobal.Tests.SearchWhileSuspendedTests.SousSuspension_LaRechercheSuitLaDetectionDesRaccourcis(raison: None)" computerName="AZERTY_GLOBAL" duration="00:00:00.0000055" startTime="2026-09-22T13:01:47.2424359+02:00" endTime="2026-09-22T13:01:47.2424359+02:00" testType="13cdc9d9-ddb5-4fa4-a97d-d965ccfc6d4b" outcome="Passed" testListId="8c84fa94-04c1-424b-9868-57a2d4851a1d" relativeResultsDirectory="4b019174-25be-4455-b2f4-60d68a6bebfe" />
    <UnitTestResult executionId="2f8e7fc7-0959-4fda-b03f-92b412e0b5a1" testId="79a88a79-1a8d-308f-eb75-70747895970e" testName="AZERTYGlobal.Tests.ConfigManagerCompatTests.SetCompatibilityOverride_CaseInsensitive_Read" computerName="AZERTY_GLOBAL" duration="00:00:00.0110997" startTime="2026-09-22T13:01:47.1438378+02:00" endTime="2026-09-22T13:01:47.1438381+02:00" testType="13cdc9d9-ddb5-4fa4-a97d-d965ccfc6d4b" outcome="Passed" testListId="8c84fa94-04c1-424b-9868-57a2d4851a1d" relativeResultsDirectory="2f8e7fc7-0959-4fda-b03f-92b412e0b5a1" />
    <UnitTestResult executionId="2d63748a-b291-4e7d-86a0-0b079bf34d9d" testId="49c79a01-2c32-9950-f132-c473ec5e7855" testName="AZERTYGlobal.Tests.ReviewPromptConfigTests.RecordReviewPromptShown_IncrementsAndPersists" computerName="AZERTY_GLOBAL" duration="00:00:00.0440614" startTime="2026-09-22T13:01:48.2527789+02:00" endTime="2026-09-22T13:01:48.2527796+02:00" testType="13cdc9d9-ddb5-4fa4-a97d-d965ccfc6d4b" outcome="Passed" testListId="8c84fa94-04c1-424b-9868-57a2d4851a1d" relativeResultsDirectory="2d63748a-b291-4e7d-86a0-0b079bf34d9d" />
    <UnitTestResult executionId="36ba2bdc-f43d-4f7c-893c-f48c7cafd702" testId="410b9258-5f6a-fbbf-7ec6-24c52aff052d" testName="AZERTYGlobal.Tests.ConfigManagerCompatTests.GetCompatibilityOverride_NoFile_ReturnsNull" computerName="AZERTY_GLOBAL" duration="00:00:00.0049718" startTime="2026-09-22T13:01:47.1488877+02:00" endTime="2026-09-22T13:01:47.1488878+02:00" testType="13cdc9d9-ddb5-4fa4-a97d-d965ccfc6d4b" outcome="Passed" testListId="8c84fa94-04c1-424b-9868-57a2d4851a1d" relativeResultsDirectory="36ba2bdc-f43d-4f7c-893c-f48c7cafd702" />
    <UnitTestResult executionId="8dfd4323-5187-4057-9910-952bc49ab2ab" testId="330459f2-0afa-8bbf-2b05-206dbc2268f3" testName="AZERTYGlobal.Tests.EnrichedThresholdTests.Seuil_UnCaractereEnDessous_NArmePasLeSignal" computerName="AZERTY_GLOBAL" duration="00:00:00.0004573" startTime="2026-09-22T13:01:47.4734468+02:00" endTime="2026-09-22T13:01:47.4734469+02:00" testType="13cdc9d9-ddb5-4fa4-a97d-d965ccfc6d4b" outcome="Passed" testListId="8c84fa94-04c1-424b-9868-57a2d4851a1d" relativeResultsDirectory="8dfd4323-5187-4057-9910-952bc49ab2ab" />
    <UnitTestResult executionId="5f253ea9-6fe5-48d8-8205-83c61f27b0cc" testId="88f02aba-c880-a1b7-826b-afdfa0f197c7" testName="AZERTYGlobal.Tests.LessonCoreTests.TypingSession_StrictMode_RejectsBackspaceAndCountsErrors" computerName="AZERTY_GLOBAL" duration="00:00:00.0006042" startTime="2026-09-22T13:01:47.4085553+02:00" endTime="2026-09-22T13:01:47.4085554+02:00" testType="13cdc9d9-ddb5-4fa4-a97d-d965ccfc6d4b" outcome="Passed" testListId="8c84fa94-04c1-424b-9868-57a2d4851a1d" relativeResultsDirectory="5f253ea9-6fe5-48d8-8205-83c61f27b0cc" />
    <UnitTestResult executionId="fe5eb0f0-f24a-47b8-91f4-1f70886da51e" testId="0703fc58-db19-daf2-beda-6d0cfa28400a" testName="AZERTYGlobal.Tests.AutoStartNudgeTests.ShouldPrompt_AtOrAboveMinimumActiveDays_ReturnsTrue(activeDays: 17)" computerName="AZERTY_GLOBAL" duration="00:00:00.0005877" startTime="2026-09-22T13:01:47.4990672+02:00" endTime="2026-09-22T13:01:47.4990673+02:00" testType="13cdc9d9-ddb5-4fa4-a97d-d965ccfc6d4b" outcome="Passed" testListId="8c84fa94-04c1-424b-9868-57a2d4851a1d" relativeResultsDirectory="fe5eb0f0-f24a-47b8-91f4-1f70886da51e" />
    <UnitTestResult executionId="cd8bf03d-96ce-4046-9aa1-c24f057c5236" testId="d99cba10-7441-ea8d-2d95-90fa3abac11f" testName="AZERTYGlobal.Tests.ToastBodyTests.UnCorpsDuCanalToast_NAQuUneLigneDAffordance(corps: &quot;Free, open source, run by a nonprofit. A review on&quot;···)" computerName="AZERTY_GLOBAL" duration="00:00:00.0000016" startTime="2026-09-22T13:01:48.7293103+02:00" endTime="2026-09-22T13:01:48.7293104+02:00" testType="13cdc9d9-ddb5-4fa4-a97d-d965ccfc6d4b" outcome="Passed" testListId="8c84fa94-04c1-424b-9868-57a2d4851a1d" relativeResultsDirectory="cd8bf03d-96ce-4046-9aa1-c24f057c5236" />
    <UnitTestResult executionId="dd63d669-022f-4e7a-8294-c129b28a51b7" testId="dc579553-8f93-3b4f-45c0-b804ceaf92ae" testName="AZERTYGlobal.Tests.ToastBodyTests.ToastBody_RetireLAffordance_EtGardeLeReste(corps: &quot;L’application ne démarre pas encore avec Windows.\&quot;···)" computerName="AZERTY_GLOBAL" duration="00:00:00.0000034" startTime="2026-09-22T13:01:48.7302251+02:00" endTime="2026-09-22T13:01:48.7302252+02:00" testType="13cdc9d9-ddb5-4fa4-a97d-d965ccfc6d4b" outcome="Passed" testListId="8c84fa94-04c1-424b-9868-57a2d4851a1d" relativeResultsDirectory="dd63d669-022f-4e7a-8294-c129b28a51b7" />
    <UnitTestResult executionId="ce721c7a-9dbe-4dae-8254-29af0f6c0602" testId="c69c2776-6706-1401-31c7-5dafc1314016" testName="AZERTYGlobal.Tests.QuickWinsTests.PrepareTrayIconForAdd_RestoresAllRegistrationFlags" computerName="AZERTY_GLOBAL" duration="00:00:00.0005356" startTime="2026-09-22T13:01:47.4092062+02:00" endTime="2026-09-22T13:01:47.4092062+02:00" testType="13cdc9d9-ddb5-4fa4-a97d-d965ccfc6d4b" outcome="Passed" testListId="8c84fa94-04c1-424b-9868-57a2d4851a1d" relativeResultsDirectory="ce721c7a-9dbe-4dae-8254-29af0f6c0602" />
    <UnitTestResult executionId="17432e0e-18e5-4044-8d59-2f6c1ffad0ad" testId="6a1ab3d7-f675-eb72-d131-cecb572ecbeb" testName="AZERTYGlobal.Tests.EnrichedThresholdTests.Seuil_CaracteresDejaAccessiblesEnAzertyTraditionnel_NArmentJamais" computerName="AZERTY_GLOBAL" duration="00:00:00.0004364" startTime="2026-09-22T13:01:47.4748400+02:00" endTime="2026-09-22T13:01:47.4748401+02:00" testType="13cdc9d9-ddb5-4fa4-a97d-d965ccfc6d4b" outcome="Passed" testListId="8c84fa94-04c1-424b-9868-57a2d4851a1d" relativeResultsDirectory="17432e0e-18e5-4044-8d59-2f6c1ffad0ad" />
    <UnitTestResult executionId="1ad1a86b-8272-4c36-952d-82bfaa7f9632" testId="d8bc0789-2d8e-2084-4d4b-2c02495e5b00" testName="AZERTYGlobal.Tests.AppChannelTests.StorePackageFamilyName_MatchesTheInstalledPackage" computerName="AZERTY_GLOBAL" duration="00:00:00.0000133" startTime="2026-09-22T13:01:47.4278966+02:00" endTime="2026-09-22T13:01:47.4278966+02:00" testType="13cdc9d9-ddb5-4fa4-a97d-d965ccfc6d4b" outcome="Passed" testListId="8c84fa94-04c1-424b-9868-57a2d4851a1d" relativeResultsDirectory="1ad1a86b-8272-4c36-952d-82bfaa7f9632" />
    <UnitTestResult executionId="da8eab27-48c7-4e7d-8637-93e726b9e8ee" testId="8fde351f-b6c7-a077-7e21-9f738c7fb529" testName="AZERTYGlobal.Tests.SearchWhileSuspendedTests.SuspensionChoisieParLUtilisateur_LaRechercheSOuvre" computerName="AZERTY_GLOBAL" duration="00:00:00.0001537" startTime="2026-09-22T13:01:47.2406926+02:00" endTime="2026-09-22T13:01:47.2406926+02:00" testType="13cdc9d9-ddb5-4fa4-a97d-d965ccfc6d4b" outcome="Passed" testListId="8c84fa94-04c1-424b-9868-57a2d4851a1d" relativeResultsDirectory="da8eab27-48c7-4e7d-8637-93e726b9e8ee" />
    <UnitTestResult executionId="7c04997b-dd55-49de-bb4f-f1e0c649e144" testId="74f48ec3-453a-b40f-2c5f-757c404ea362" testName="AZERTYGlobal.Tests.KeyMapperMaintainableLayerCoverageTests.CyrillicTap_ProducesCyrillicCharacter" computerName="AZERTY_GLOBAL" duration="00:00:00.0320251" startTime="2026-09-22T13:01:47.6977899+02:00" endTime="2026-09-22T13:01:47.6977902+02:00" testType="13cdc9d9-ddb5-4fa4-a97d-d965ccfc6d4b" outcome="Passed" testListId="8c84fa94-04c1-424b-9868-57a2d4851a1d" relativeResultsDirectory="7c04997b-dd55-49de-bb4f-f1e0c649e144" />
    <UnitTestResult executionId="46792bfd-b502-4d22-a315-2e69899184ce" testId="a0a7fcdc-7276-cc48-aafd-d4638cab7610" testName="AZERTYGlobal.Tests.ToastBodyTests.ToastBody_RetireLAffordance_EtGardeLeReste(corps: &quot;Le projet est gratuit et open source. Votre avis e&quot;···)" computerName="AZERTY_GLOBAL" duration="00:00:00.0000037" startTime="2026-09-22T13:01:48.7307387+02:00" endTime="2026-09-22T13:01:48.7307388+02:00" testType="13cdc9d9-ddb5-4fa4-a97d-d965ccfc6d4b" outcome="Passed" testListId="8c84fa94-04c1-424b-9868-57a2d4851a1d" relativeResultsDirectory="46792bfd-b502-4d22-a315-2e69899184ce" />
    <UnitTestResult executionId="a0ef3fb3-340d-4a76-a963-a08fbadf5353" testId="058e34a3-802b-bf68-2601-574cbb6a256e" testName="AZERTYGlobal.Tests.Audit120PersistenceTests.ProgressionVersionInconnue_ConserveOriginalEtAnnuleLaMutation(original: &quot;null&quot;)" computerName="AZERTY_GLOBAL" duration="00:00:00.0141273" startTime="2026-09-22T13:01:48.0964206+02:00" endTime="2026-09-22T13:01:48.0964209+02:00" testType="13cdc9d9-ddb5-4fa4-a97d-d965ccfc6d4b" outcome="Passed" testListId="8c84fa94-04c1-424b-9868-57a2d4851a1d" relativeResultsDirectory="a0ef3fb3-340d-4a76-a963-a08fbadf5353" />
    <UnitTestResult executionId="c2eb2662-2911-4199-857c-3172cf4750a9" testId="db322ae9-9eba-4fdc-06c9-41229bfe50f6" testName="AZERTYGlobal.Tests.SoberChannelTests.CanalSobre_EstLeCanalAmcfEtLuiSeul" computerName="AZERTY_GLOBAL" duration="00:00:00.0000269" startTime="2026-09-22T13:01:48.7281128+02:00" endTime="2026-09-22T13:01:48.7281128+02:00" testType="13cdc9d9-ddb5-4fa4-a97d-d965ccfc6d4b" outcome="Passed" testListId="8c84fa94-04c1-424b-9868-57a2d4851a1d" relativeResultsDirectory="c2eb2662-2911-4199-857c-3172cf4750a9" />
    <UnitTestResult executionId="5162448d-e775-4f2b-bf41-4dc9fed3b3d5" testId="064e427a-30dc-3dd3-e925-e4928906a4ce" testName="AZERTYGlobal.Tests.SearchWhileSuspendedTests.SuspensionImposee_LaRechercheResteFermee(raison: RemoteAccess)" computerName="AZERTY_GLOBAL" duration="00:00:00.0000684" startTime="2026-09-22T13:01:47.2410069+02:00" endTime="2026-09-22T13:01:47.2410069+02:00" testType="13cdc9d9-ddb5-4fa4-a97d-d965ccfc6d4b" outcome="Passed" testListId="8c84fa94-04c1-424b-9868-57a2d4851a1d" relativeResultsDirectory="5162448d-e775-4f2b-bf41-4dc9fed3b3d5" />
    <UnitTestResult executionId="fae7d1c9-d638-44d9-b4fe-0a2e376d41a7" testId="cba75a25-8144-2530-2891-b30549d6431c" testName="AZERTYGlobal.Tests.ConfigManagerCompatTests.Downgrade_V0_9_6_Tolerates_CompatibilityBlock" computerName="AZERTY_GLOBAL" duration="00:00:00.0090411" startTime="2026-09-22T13:01:47.0098350+02:00" endTime="2026-09-22T13:01:47.0098434+02:00" testType="13cdc9d9-ddb5-4fa4-a97d-d965ccfc6d4b" outcome="Passed" testListId="8c84fa94-04c1-424b-9868-57a2d4851a1d" relativeResultsDirectory="fae7d1c9-d638-44d9-b4fe-0a2e376d41a7" />
    <UnitTestResult executionId="0505a3a8-b2cc-4e08-b4aa-3a6d4ff25f6d" testId="e413f216-dff7-e4c2-5932-9c578ebe3c5c" testName="AZERTYGlobal.Tests.Audit120BitmapTests.MasqueIcone_ReserveChaqueLigneAlignee(size: 16, bytes: 32)" computerName="AZERTY_GLOBAL" duration="00:00:00.0000019" startTime="2026-09-22T13:01:47.2619075+02:00" endTime="2026-09-22T13:01:47.2619076+02:00" testType="13cdc9d9-ddb5-4fa4-a97d-d965ccfc6d4b" outcome="Passed" testListId="8c84fa94-04c1-424b-9868-57a2d4851a1d" relativeResultsDirectory="0505a3a8-b2cc-4e08-b4aa-3a6d4ff25f6d" />
    <UnitTestResult executionId="e06de90a-5ea3-4a70-a6d9-0aeae018200b" testId="70a9cb2b-53ec-400a-c1bf-e4987dfabbeb" testName="AZERTYGlobal.Tests.ConfigShapePreservationTests.UnEntierLong_NePerdPasSesDerniersChiffres" computerName="AZERTY_GLOBAL" duration="00:00:00.0069170" startTime="2026-09-22T13:01:48.4584070+02:00" endTime="2026-09-22T13:01:48.4584073+02:00" testType="13cdc9d9-ddb5-4fa4-a97d-d965ccfc6d4b" outcome="Passed" testListId="8c84fa94-04c1-424b-9868-57a2d4851a1d" relativeResultsDirectory="e06de90a-5ea3-4a70-a6d9-0aeae018200b" />
    <UnitTestResult executionId="d0477592-d785-4d51-8270-c8f7a32d13b8" testId="c8ff2ae8-a9e2-94f9-1b64-8dfea4f7cbb3" testName="AZERTYGlobal.Tests.PolicyTests.Read_ValeurZero_RendFalse(nom: &quot;UsageStatsEnabled&quot;)" computerName="AZERTY_GLOBAL" duration="00:00:00.0004667" startTime="2026-09-22T13:01:47.4373081+02:00" endTime="2026-09-22T13:01:47.4373082+02:00" testType="13cdc9d9-ddb5-4fa4-a97d-d965ccfc6d4b" outcome="Passed" testListId="8c84fa94-04c1-424b-9868-57a2d4851a1d" relativeResultsDirectory="d0477592-d785-4d51-8270-c8f7a32d13b8" />
    <UnitTestResult executionId="86b3a96b-37cf-4900-9cfb-f98068d2660d" testId="391b4271-e013-81b9-23bb-a0dd1db5e926" testName="AZERTYGlobal.Tests.UsageStatsTests.RecordEmittedText_SameMinute_CountsOneActiveMinute" computerName="AZERTY_GLOBAL" duration="00:00:00.0008256" startTime="2026-09-22T13:01:47.5342302+02:00" endTime="2026-09-22T13:01:47.5342303+02:00" testType="13cdc9d9-ddb5-4fa4-a97d-d965ccfc6d4b" outcome="Passed" testListId="8c84fa94-04c1-424b-9868-57a2d4851a1d" relativeResultsDirectory="86b3a96b-37cf-4900-9cfb-f98068d2660d" />
    <UnitTestResult executionId="2ff38012-6c26-4868-99f7-9287b7bf03b7" testId="3d000e3d-1bf5-719b-4719-580238288dc2" testName="AZERTYGlobal.Tests.LessonCoreTests.ProgressStore_SyncsOnboardingAsNeutralInitiationProgress" computerName="AZERTY_GLOBAL" duration="00:00:00.0063562" startTime="2026-09-22T13:01:47.3611526+02:00" endTime="2026-09-22T13:01:47.3611529+02:00" testType="13cdc9d9-ddb5-4fa4-a97d-d965ccfc6d4b" outcome="Passed" testListId="8c84fa94-04c1-424b-9868-57a2d4851a1d" relativeResultsDirectory="2ff38012-6c26-4868-99f7-9287b7bf03b7" />
    <UnitTestResult executionId="f5aff2d3-0e66-48df-bd2d-22d5a85ff4b4" testId="2431f6bf-7a0c-781b-ad75-b7375dc5f459" testName="AZERTYGlobal.Tests.PolicyTests.Read_CleAbsente_RendNull(nom: &quot;ExternalLinksEnabled&quot;)" computerName="AZERTY_GLOBAL" duration="00:00:00.0003838" startTime="2026-09-22T13:01:47.4323770+02:00" endTime="2026-09-22T13:01:47.4323771+02:00" testType="13cdc9d9-ddb5-4fa4-a97d-d965ccfc6d4b" outcome="Passed" testListId="8c84fa94-04c1-424b-9868-57a2d4851a1d" relativeResultsDirectory="f5aff2d3-0e66-48df-bd2d-22d5a85ff4b4" />
    <UnitTestResult executionId="e5585609-6db2-456c-ad10-3b2ec69d15de" testId="ef90de2d-1c14-f1e2-c44f-fcc20017db01" testName="AZERTYGlobal.Tests.ReviewPromptConfigTests.EnsureFirstRunTimestamp_FirstCall_RecordsNowAndPersists" computerName="AZERTY_GLOBAL" duration="00:00:00.0114669" startTime="2026-09-22T13:01:48.1889134+02:00" endTime="2026-09-22T13:01:48.1889136+02:00" testType="13cdc9d9-ddb5-4fa4-a97d-d965ccfc6d4b" outcome="Passed" testListId="8c84fa94-04c1-424b-9868-57a2d4851a1d" relativeResultsDirectory="e5585609-6db2-456c-ad10-3b2ec69d15de" />
    <UnitTestResult executionId="69237026-19d0-44fd-9340-7e3989f64e5d" testId="f8d81178-87a1-e97f-1e07-d64ec04186e5" testName="AZERTYGlobal.Tests.ReviewSignalConsumptionTests.La_sollicitation_partie_consomme_le_franchissement" computerName="AZERTY_GLOBAL" duration="00:00:00.0001573" startTime="2026-09-22T13:01:48.0290763+02:00" endTime="2026-09-22T13:01:48.0290763+02:00" testType="13cdc9d9-ddb5-4fa4-a97d-d965ccfc6d4b" outcome="Passed" testListId="8c84fa94-04c1-424b-9868-57a2d4851a1d" relativeResultsDirectory="69237026-19d0-44fd-9340-7e3989f64e5d" />
    <UnitTestResult executionId="e39a0d93-621c-4a55-a82c-6b86a78c32cf" testId="99a64c9e-c90a-15cb-a7ba-0fc40a45643b" testName="AZERTYGlobal.Tests.KeyMapperMaintainableLayerCoverageTests.ScientificHeld_MapsOnlyTheFirstSymbol" computerName="AZERTY_GLOBAL" duration="00:00:00.0337352" startTime="2026-09-22T13:01:47.8623687+02:00" endTime="2026-09-22T13:01:47.8623691+02:00" testType="13cdc9d9-ddb5-4fa4-a97d-d965ccfc6d4b" outcome="Passed" testListId="8c84fa94-04c1-424b-9868-57a2d4851a1d" relativeResultsDirectory="e39a0d93-621c-4a55-a82c-6b86a78c32cf" />
    <UnitTestResult executionId="438b2caa-0409-43f4-8fd8-3f85b1e661b6" testId="a23ad170-859e-829b-1ea0-9f1507b51fc6" testName="AZERTYGlobal.Tests.DiagnosticUrlTests.Les_valeurs_sont_echappees" computerName="AZERTY_GLOBAL" duration="00:00:00.0000279" startTime="2026-09-22T13:01:48.0298990+02:00" endTime="2026-09-22T13:01:48.0298990+02:00" testType="13cdc9d9-ddb5-4fa4-a97d-d965ccfc6d4b" outcome="Passed" testListId="8c84fa94-04c1-424b-9868-57a2d4851a1d" relativeResultsDirectory="438b2caa-0409-43f4-8fd8-3f85b1e661b6" />
    <UnitTestResult executionId="0f4c15b7-0fd8-4dcb-84b5-59b395006528" testId="2d740ad2-331b-9787-6202-ddcf5fba6903" testName="AZERTYGlobal.Tests.KeyMapperMaintainableLayerCoverageTests.CtrlShortcut_BypassesLockedLayer" computerName="AZERTY_GLOBAL" duration="00:00:00.0344569" startTime="2026-09-22T13:01:47.6327878+02:00" endTime="2026-09-22T13:01:47.6327880+02:00" testType="13cdc9d9-ddb5-4fa4-a97d-d965ccfc6d4b" outcome="Passed" testListId="8c84fa94-04c1-424b-9868-57a2d4851a1d" relativeResultsDirectory="0f4c15b7-0fd8-4dcb-84b5-59b395006528" />
    <UnitTestResult executionId="b400efb4-c7e9-46fe-a556-7a7feea9f285" testId="910d0ea7-a253-334f-815a-6a8d2764b11d" testName="AZERTYGlobal.Tests.SuspensionTransitionTests.PauseVolontaire_DetecteLesRaccourcis" computerName="AZERTY_GLOBAL" duration="00:00:00.0000081" startTime="2026-09-22T13:01:47.2648911+02:00" endTime="2026-09-22T13:01:47.2648911+02:00" testType="13cdc9d9-ddb5-4fa4-a97d-d965ccfc6d4b" outcome="Passed" testListId="8c84fa94-04c1-424b-9868-57a2d4851a1d" relativeResultsDirectory="b400efb4-c7e9-46fe-a556-7a7feea9f285" />
    <UnitTestResult executionId="1ffbdfa6-b58d-4680-9150-4eeaea3cd19b" testId="670bdffc-664e-086b-10f3-14eed335bbdb" testName="AZERTYGlobal.Tests.LessonCoreTests.TypingSession_ResetExercise_ClearsAttemptStats" computerName="AZERTY_GLOBAL" duration="00:00:00.0002356" startTime="2026-09-22T13:01:47.3793326+02:00" endTime="2026-09-22T13:01:47.3793327+02:00" testType="13cdc9d9-ddb5-4fa4-a97d-d965ccfc6d4b" outcome="Passed" testListId="8c84fa94-04c1-424b-9868-57a2d4851a1d" relativeResultsDirectory="1ffbdfa6-b58d-4680-9150-4eeaea3cd19b" />
    <UnitTestResult executionId="8bb05a65-94c1-4c51-a24e-a5632dcc4311" testId="4acb2f41-1f2b-dbf7-1e68-ee1e36f82e1e" testName="AZERTYGlobal.Tests.DialogNavigationTests.AucuneFenêtreInscrite_RienNEstRouté" computerName="AZERTY_GLOBAL" duration="00:00:00.0000181" startTime="2026-09-22T13:01:48.0320667+02:00" endTime="2026-09-22T13:01:48.0320667+02:00" testType="13cdc9d9-ddb5-4fa4-a97d-d965ccfc6d4b" outcome="Passed" testListId="8c84fa94-04c1-424b-9868-57a2d4851a1d" relativeResultsDirectory="8bb05a65-94c1-4c51-a24e-a5632dcc4311" />
    <UnitTestResult executionId="3bdf7317-6d84-4842-8342-e4c39cb41692" testId="a6279184-c500-be55-e1e6-9e4ea0048c73" testName="AZERTYGlobal.Tests.TrainingReminderReviewPriorityTests.Snapshot_ReadsReviewPromptDate_FromPersistedConfig" computerName="AZERTY_GLOBAL" duration="00:00:00.0206396" startTime="2026-09-22T13:01:48.7771402+02:00" endTime="2026-09-22T13:01:48.7771406+02:00" testType="13cdc9d9-ddb5-4fa4-a97d-d965ccfc6d4b" outcome="Passed" testListId="8c84fa94-04c1-424b-9868-57a2d4851a1d" relativeResultsDirectory="3bdf7317-6d84-4842-8342-e4c39cb41692" />
    <UnitTestResult executionId="aab2c3ca-cd3b-4500-8425-da60a0edb3e1" testId="4cd0a477-162b-dbbe-ceb8-363e9d980478" testName="AZERTYGlobal.Tests.ReviewSignalConsumptionTests.Le_franchissement_survit_a_autant_de_refus_provisoires_qu_il_faut" computerName="AZERTY_GLOBAL" duration="00:00:00.0000440" startTime="2026-09-22T13:01:48.0291467+02:00" endTime="2026-09-22T13:01:48.0291468+02:00" testType="13cdc9d9-ddb5-4fa4-a97d-d965ccfc6d4b" outcome="Passed" testListId="8c84fa94-04c1-424b-9868-57a2d4851a1d" relativeResultsDirectory="aab2c3ca-cd3b-4500-8425-da60a0edb3e1" />
    <UnitTestResult executionId="fc6621e1-d44f-4aed-9f1a-924a58ebab2d" testId="2a8fafc2-dc4e-fbaa-fb57-1fc91f256fa4" testName="AZERTYGlobal.Tests.ConfigManagerCompatTests.SetCompatibilityOverride_Null_Removes" computerName="AZERTY_GLOBAL" duration="00:00:00.0175388" startTime="2026-09-22T13:01:47.1893595+02:00" endTime="2026-09-22T13:01:47.1893597+02:00" testType="13cdc9d9-ddb5-4fa4-a97d-d965ccfc6d4b" outcome="Passed" testListId="8c84fa94-04c1-424b-9868-57a2d4851a1d" relativeResultsDirectory="fc6621e1-d44f-4aed-9f1a-924a58ebab2d" />
    <UnitTestResult executionId="5b8f0735-3d41-4169-be51-fd58d9d876c5" testId="796006f7-8445-2626-3178-295ec4bdd0fb" testName="AZERTYGlobal.Tests.DialogNavigationKeyboardTrapTests.TabRelache_NEstPasUneTabulation" computerName="AZERTY_GLOBAL" duration="00:00:00.0000286" startTime="2026-09-22T13:01:47.2402237+02:00" endTime="2026-09-22T13:01:47.2402237+02:00" testType="13cdc9d9-ddb5-4fa4-a97d-d965ccfc6d4b" outcome="Passed" testListId="8c84fa94-04c1-424b-9868-57a2d4851a1d" relativeResultsDirectory="5b8f0735-3d41-4169-be51-fd58d9d876c5" />
    <UnitTestResult executionId="3f70cb6b-4a6f-43ce-bdaf-a0f3c10f2c61" testId="1152314a-8571-58c4-37c0-02ebe998f790" testName="AZERTYGlobal.Tests.LessonCoreTests.TypingSession_StrictMode_ExposesVisibleWrongCharacter" computerName="AZERTY_GLOBAL" duration="00:00:00.0003889" startTime="2026-09-22T13:01:47.4073910+02:00" endTime="2026-09-22T13:01:47.4073910+02:00" testType="13cdc9d9-ddb5-4fa4-a97d-d965ccfc6d4b" outcome="Passed" testListId="8c84fa94-04c1-424b-9868-57a2d4851a1d" relativeResultsDirectory="3f70cb6b-4a6f-43ce-bdaf-a0f3c10f2c61" />
    <UnitTestResult executionId="3b78e13f-20eb-4bc4-83b3-7748dafb9f74" testId="40f8785a-e468-c8d7-9744-124d68c9562c" testName="AZERTYGlobal.Tests.ChallengeShareTests.Build_WithoutErrors_AnnouncesFlawlessRatherThanAnEmptyList" computerName="AZERTY_GLOBAL" duration="00:00:00.0000587" startTime="2026-09-22T13:01:47.2494030+02:00" endTime="2026-09-22T13:01:47.2494030+02:00" testType="13cdc9d9-ddb5-4fa4-a97d-d965ccfc6d4b" outcome="Passed" testListId="8c84fa94-04c1-424b-9868-57a2d4851a1d" relativeResultsDirectory="3b78e13f-20eb-4bc4-83b3-7748dafb9f74" />
    <UnitTestResult executionId="596088a7-8d23-4689-888a-a10ed6cc9990" testId="b822eb81-414f-7c06-c867-49fe4ced343d" testName="AZERTYGlobal.Tests.LessonCoreTests.CatalogLoader_LoadsInitiationAndSiteLessonsInOrder" computerName="AZERTY_GLOBAL" duration="00:00:00.0025458" startTime="2026-09-22T13:01:47.4069749+02:00" endTime="2026-09-22T13:01:47.4069750+02:00" testType="13cdc9d9-ddb5-4fa4-a97d-d965ccfc6d4b" outcome="Passed" testListId="8c84fa94-04c1-424b-9868-57a2d4851a1d" relativeResultsDirectory="596088a7-8d23-4689-888a-a10ed6cc9990" />
    <UnitTestResult executionId="983defab-251b-4315-8d95-fa4b915b5a73" testId="1f1a9bfe-7ac3-f68d-8c21-44e61b69d371" testName="AZERTYGlobal.Tests.PolicyTests.Read_LangueAbsente_RendNull" computerName="AZERTY_GLOBAL" duration="00:00:00.0006042" startTime="2026-09-22T13:01:47.4547973+02:00" endTime="2026-09-22T13:01:47.4547974+02:00" testType="13cdc9d9-ddb5-4fa4-a97d-d965ccfc6d4b" outcome="Passed" testListId="8c84fa94-04c1-424b-9868-57a2d4851a1d" relativeResultsDirectory="983defab-251b-4315-8d95-fa4b915b5a73" />
    <UnitTestResult executionId="84f5eebf-a153-4aa4-a70d-8bf3c03e9864" testId="8d6be9ee-4c40-6f05-9dea-adfbb84dc308" testName="AZERTYGlobal.Tests.UsageStatsTests.EnsureLoaded_ValidJsonButNonObjectRoot_ResetsWithoutThrowing" computerName="AZERTY_GLOBAL" duration="00:00:00.0013508" startTime="2026-09-22T13:01:47.5446312+02:00" endTime="2026-09-22T13:01:47.5446313+02:00" testType="13cdc9d9-ddb5-4fa4-a97d-d965ccfc6d4b" outcome="Passed" testListId="8c84fa94-04c1-424b-9868-57a2d4851a1d" relativeResultsDirectory="84f5eebf-a153-4aa4-a70d-8bf3c03e9864" />
    <UnitTestResult executionId="48aaa00f-a0df-430b-80ee-87aeb335d3ec" testId="12943d30-2d49-4b16-affa-30dbe8c51ab7" testName="AZERTYGlobal.Tests.Audit120InsertionTests.RetourWindows_PropageSansReessayer(sent: 4, blocked: False, expected: 0)" computerName="AZERTY_GLOBAL" duration="00:00:00.0000052" startTime="2026-09-22T13:01:48.7261200+02:00" endTime="2026-09-22T13:01:48.7261201+02:00" testType="13cdc9d9-ddb5-4fa4-a97d-d965ccfc6d4b" outcome="Passed" testListId="8c84fa94-04c1-424b-9868-57a2d4851a1d" relativeResultsDirectory="48aaa00f-a0df-430b-80ee-87aeb335d3ec" />
    <UnitTestResult executionId="57b35b79-bbf2-429b-a4d0-7811707d935b" testId="047c817b-8038-b004-f9ac-119315aa1acf" testName="AZERTYGlobal.Tests.UsageStatsTests.FormatActiveTime_FormatsAsExpected(minutes: 45, expected: &quot;45 min&quot;)" computerName="AZERTY_GLOBAL" duration="00:00:00.0005534" startTime="2026-09-22T13:01:47.5214838+02:00" endTime="2026-09-22T13:01:47.5214838+02:00" testType="13cdc9d9-ddb5-4fa4-a97d-d965ccfc6d4b" outcome="Passed" testListId="8c84fa94-04c1-424b-9868-57a2d4851a1d" relativeResultsDirectory="57b35b79-bbf2-429b-a4d0-7811707d935b" />
    <UnitTestResult executionId="fb8dbd68-af59-4772-be19-146437417862" testId="a4dc93d2-d495-b6e5-44b3-5a027db6553b" testName="AZERTYGlobal.Tests.UsageStatsTests.RecordEmittedText_PlainAsciiOnly_RecordsActivityButNoSpecialChars" computerName="AZERTY_GLOBAL" duration="00:00:00.0006110" startTime="2026-09-22T13:01:47.5250449+02:00" endTime="2026-09-22T13:01:47.5250450+02:00" testType="13cdc9d9-ddb5-4fa4-a97d-d965ccfc6d4b" outcome="Passed" testListId="8c84fa94-04c1-424b-9868-57a2d4851a1d" relativeResultsDirectory="fb8dbd68-af59-4772-be19-146437417862" />
    <UnitTestResult executionId="32503357-2324-4df5-8eca-a6f576ab7c4d" testId="b84c8217-d6d7-21bf-f71c-7c1d5c94212f" testName="AZERTYGlobal.Tests.SearchWhileSuspendedTests.SousSuspension_LaRechercheSuitLaDetectionDesRaccourcis(raison: AntiCheat)" computerName="AZERTY_GLOBAL" duration="00:00:00.0000017" startTime="2026-09-22T13:01:47.2426652+02:00" endTime="2026-09-22T13:01:47.2426652+02:00" testType="13cdc9d9-ddb5-4fa4-a97d-d965ccfc6d4b" outcome="Passed" testListId="8c84fa94-04c1-424b-9868-57a2d4851a1d" relativeResultsDirectory="32503357-2324-4df5-8eca-a6f576ab7c4d" />
    <UnitTestResult executionId="ae03a9c9-40f0-45b2-93f8-69c31afcb527" testId="667aecf3-5a19-62a2-6def-e8a4bc22aa78" testName="AZERTYGlobal.Tests.DialogNavigationKeyboardTrapTests.AutreTouche_EstGardeeParLeControle(vk: 65)" computerName="AZERTY_GLOBAL" duration="00:00:00.0006412" startTime="2026-09-22T13:01:47.2384574+02:00" endTime="2026-09-22T13:01:47.2384575+02:00" testType="13cdc9d9-ddb5-4fa4-a97d-d965ccfc6d4b" outcome="Passed" testListId="8c84fa94-04c1-424b-9868-57a2d4851a1d" relativeResultsDirectory="ae03a9c9-40f0-45b2-93f8-69c31afcb527" />
    <UnitTestResult executionId="bf5b9085-e2ee-4261-bdb8-c81d4bb4ff80" testId="2542ee18-254a-881b-b978-a3a32a715a2b" testName="AZERTYGlobal.Tests.TrayUxRegressionTests.VirtualKeyboard_PrefersTrayReferenceWindowOverForegroundTrayWindow" computerName="AZERTY_GLOBAL" duration="00:00:00.0000526" startTime="2026-09-22T13:01:47.3408446+02:00" endTime="2026-09-22T13:01:47.3408446+02:00" testType="13cdc9d9-ddb5-4fa4-a97d-d965ccfc6d4b" outcome="Passed" testListId="8c84fa94-04c1-424b-9868-57a2d4851a1d" relativeResultsDirectory="bf5b9085-e2ee-4261-bdb8-c81d4bb4ff80" />
    <UnitTestResult executionId="133c919e-aaec-40a7-9f40-562742f8e74d" testId="bdfa0499-89d8-be0f-2bb0-e14d6fd87c50" testName="AZERTYGlobal.Tests.ToastBodyTests.ToastBody_SansSautDeLigne_RendLeCorpsIntact" computerName="AZERTY_GLOBAL" duration="00:00:00.0000216" startTime="2026-09-22T13:01:48.7308985+02:00" endTime="2026-09-22T13:01:48.7308985+02:00" testType="13cdc9d9-ddb5-4fa4-a97d-d965ccfc6d4b" outcome="Passed" testListId="8c84fa94-04c1-424b-9868-57a2d4851a1d" relativeResultsDirectory="133c919e-aaec-40a7-9f40-562742f8e74d" />
    <UnitTestResult executionId="4d99a82a-dfe1-43eb-a28d-891a060f151d" testId="92a86a8e-271d-ba28-17c2-4f1652eb05a6" testName="AZERTYGlobal.Tests.PolicyTests.Statistiques_SousPolitique_PrimentSurLeCanal" computerName="AZERTY_GLOBAL" duration="00:00:00.0006152" startTime="2026-09-22T13:01:47.4406770+02:00" endTime="2026-09-22T13:01:47.4406770+02:00" testType="13cdc9d9-ddb5-4fa4-a97d-d965ccfc6d4b" outcome="Passed" testListId="8c84fa94-04c1-424b-9868-57a2d4851a1d" relativeResultsDirectory="4d99a82a-dfe1-43eb-a28d-891a060f151d" />
    <UnitTestResult executionId="5fc3523d-e4b5-469d-84cb-9445884fff73" testId="f571e1b6-e693-521c-7d3f-75561bd4d10f" testName="AZERTYGlobal.Tests.ToastBodyTests.ToastBody_RetireLAffordance_EtGardeLeReste(corps: &quot;Free, open source, run by a nonprofit. A review on&quot;···)" computerName="AZERTY_GLOBAL" duration="00:00:00.0000582" startTime="2026-09-22T13:01:48.7300979+02:00" endTime="2026-09-22T13:01:48.7300979+02:00" testType="13cdc9d9-ddb5-4fa4-a97d-d965ccfc6d4b" outcome="Passed" testListId="8c84fa94-04c1-424b-9868-57a2d4851a1d" relativeResultsDirectory="5fc3523d-e4b5-469d-84cb-9445884fff73" />
    <UnitTestResult executionId="258cec28-9c3c-483a-9dcb-5246c0386ea6" testId="d35a218b-58d5-5e3b-7d6e-358c1a2a3329" testName="AZERTYGlobal.Tests.PolicyTests.KeyPath_EstLaCleDeStrategieDuProduit" computerName="AZERTY_GLOBAL" duration="00:00:00.0004402" startTime="2026-09-22T13:01:47.4569100+02:00" endTime="2026-09-22T13:01:47.4569100+02:00" testType="13cdc9d9-ddb5-4fa4-a97d-d965ccfc6d4b" outcome="Passed" testListId="8c84fa94-04c1-424b-9868-57a2d4851a1d" relativeResultsDirectory="258cec28-9c3c-483a-9dcb-5246c0386ea6" />
    <UnitTestResult executionId="8483bcc1-dcdd-4c0a-8830-c401bd7f4cf2" testId="0eded268-0aee-1144-2af4-927178a79650" testName="AZERTYGlobal.Tests.AutoStartNudgeTests.ShouldPrompt_AtOrAboveMinimumActiveDays_ReturnsTrue(activeDays: 2)" computerName="AZERTY_GLOBAL" duration="00:00:00.0005818" startTime="2026-09-22T13:01:47.4984353+02:00" endTime="2026-09-22T13:01:47.4984354+02:00" testType="13cdc9d9-ddb5-4fa4-a97d-d965ccfc6d4b" outcome="Passed" testListId="8c84fa94-04c1-424b-9868-57a2d4851a1d" relativeResultsDirectory="8483bcc1-dcdd-4c0a-8830-c401bd7f4cf2" />
    <UnitTestResult executionId="3c508b9f-6704-482f-b2ad-31426cc34731" testId="cd97fca6-22a4-732f-280c-99db64917d86" testName="AZERTYGlobal.Tests.KeyMapperMaintainableLayerTests.GreekSimpleTap_PreservesOneShotBehavior" computerName="AZERTY_GLOBAL" duration="00:00:00.0343700" startTime="2026-09-22T13:01:48.6913348+02:00" endTime="2026-09-22T13:01:48.6913350+02:00" testType="13cdc9d9-ddb5-4fa4-a97d-d965ccfc6d4b" outcome="Passed" testListId="8c84fa94-04c1-424b-9868-57a2d4851a1d" relativeResultsDirectory="3c508b9f-6704-482f-b2ad-31426cc34731" />
    <UnitTestResult executionId="d664484d-697a-454b-b948-30a3fa194e2a" testId="22d9445e-7676-6e43-c076-99a393895a7c" testName="AZERTYGlobal.Tests.VersionAlignmentTests.ProgramVersion_HasThreeParts" computerName="AZERTY_GLOBAL" duration="00:00:00.0001306" startTime="2026-09-22T13:01:47.5568673+02:00" endTime="2026-09-22T13:01:47.5568674+02:00" testType="13cdc9d9-ddb5-4fa4-a97d-d965ccfc6d4b" outcome="Passed" testListId="8c84fa94-04c1-424b-9868-57a2d4851a1d" relativeResultsDirectory="d664484d-697a-454b-b948-30a3fa194e2a" />
    <UnitTestResult executionId="8e4b8f43-b767-4544-ba7d-1985cebb44ac" testId="9697cc17-6004-4835-edec-ebc5f02d0025" testName="AZERTYGlobal.Tests.SoberChannelTests.FeedbackMenu_SurAmcf_NeContientNiSoutienNiDiscord" computerName="AZERTY_GLOBAL" duration="00:00:00.0003352" startTime="2026-09-22T13:01:48.7280577+02:00" endTime="2026-09-22T13:01:48.7280578+02:00" testType="13cdc9d9-ddb5-4fa4-a97d-d965ccfc6d4b" outcome="Passed" testListId="8c84fa94-04c1-424b-9868-57a2d4851a1d" relativeResultsDirectory="8e4b8f43-b767-4544-ba7d-1985cebb44ac" />
    <UnitTestResult executionId="20e22f66-8432-4576-bc8b-393584b7fb90" testId="3c252966-8547-9982-bf31-5565841a0a05" testName="AZERTYGlobal.Tests.TextInsertionServiceTests.TryInsert_InvalidInput_DoesNotActivate(hwnd: 42, text: &quot;&quot;)" computerName="AZERTY_GLOBAL" duration="00:00:00.0001590" startTime="2026-09-22T13:01:47.4683405+02:00" endTime="2026-09-22T13:01:47.4683406+02:00" testType="13cdc9d9-ddb5-4fa4-a97d-d965ccfc6d4b" outcome="Passed" testListId="8c84fa94-04c1-424b-9868-57a2d4851a1d" relativeResultsDirectory="20e22f66-8432-4576-bc8b-393584b7fb90" />
    <UnitTestResult executionId="c2fae2f4-240c-475b-b586-7f7446dbb7cf" testId="b3763168-518b-fff2-bb7a-918215a82583" testName="AZERTYGlobal.Tests.Audit120PersistenceTests.ProgressionVersionInconnue_ConserveOriginalEtAnnuleLaMutation(original: &quot;{}&quot;)" computerName="AZERTY_GLOBAL" duration="00:00:00.0013088" startTime="2026-09-22T13:01:48.0978049+02:00" endTime="2026-09-22T13:01:48.0978050+02:00" testType="13cdc9d9-ddb5-4fa4-a97d-d965ccfc6d4b" outcome="Passed" testListId="8c84fa94-04c1-424b-9868-57a2d4851a1d" relativeResultsDirectory="c2fae2f4-240c-475b-b586-7f7446dbb7cf" />
    <UnitTestResult executionId="03c98afa-d132-4085-b8df-2fdb23ac0960" testId="d24fb1eb-cdc9-6075-f11f-13f7ea222508" testName="AZERTYGlobal.Tests.ExcludedTypingTests.Le_comptage_reprend_apres_la_fermeture_de_la_plage" computerName="AZERTY_GLOBAL" duration="00:00:00.0004468" startTime="2026-09-22T13:01:47.4786865+02:00" endTime="2026-09-22T13:01:47.4786866+02:00" testType="13cdc9d9-ddb5-4fa4-a97d-d965ccfc6d4b" outcome="Passed" testListId="8c84fa94-04c1-424b-9868-57a2d4851a1d" relativeResultsDirectory="03c98afa-d132-4085-b8df-2fdb23ac0960" />
    <UnitTestResult executionId="b938f9aa-0c27-491b-85ad-a48bb3163ea5" testId="bc74e081-1875-ba3a-db40-38de948f3299" testName="AZERTYGlobal.Tests.ReviewPromptConfigTests.RecordReviewPromptShown_CapsAtTwo" computerName="AZERTY_GLOBAL" duration="00:00:00.1042260" startTime="2026-09-22T13:01:48.3918826+02:00" endTime="2026-09-22T13:01:48.3918829+02:00" testType="13cdc9d9-ddb5-4fa4-a97d-d965ccfc6d4b" outcome="Passed" testListId="8c84fa94-04c1-424b-9868-57a2d4851a1d" relativeResultsDirectory="b938f9aa-0c27-491b-85ad-a48bb3163ea5" />
    <UnitTestResult executionId="06579c23-7e3f-473a-90f5-6a6365ba1ac4" testId="97a99466-9ede-cd18-f926-f7c44b710c4b" testName="AZERTYGlobal.Tests.UsageStatsTests.RecordEmittedText_GapInDays_ResetsStreakToOneButKeepsBest" computerName="AZERTY_GLOBAL" duration="00:00:00.0014152" startTime="2026-09-22T13:01:47.5198985+02:00" endTime="2026-09-22T13:01:47.5198986+02:00" testType="13cdc9d9-ddb5-4fa4-a97d-d965ccfc6d4b" outcome="Passed" testListId="8c84fa94-04c1-424b-9868-57a2d4851a1d" relativeResultsDirectory="06579c23-7e3f-473a-90f5-6a6365ba1ac4" />
    <UnitTestResult executionId="41043791-3281-4380-8f8a-572d6dae21cd" testId="02020734-35ea-a832-f26d-b2c6627b6568" testName="AZERTYGlobal.Tests.Audit120BitmapTests.MasqueIcone_ReserveChaqueLigneAlignee(size: 64, bytes: 512)" computerName="AZERTY_GLOBAL" duration="00:00:00.0000829" startTime="2026-09-22T13:01:47.2615620+02:00" endTime="2026-09-22T13:01:47.2615620+02:00" testType="13cdc9d9-ddb5-4fa4-a97d-d965ccfc6d4b" outcome="Passed" testListId="8c84fa94-04c1-424b-9868-57a2d4851a1d" relativeResultsDirectory="41043791-3281-4380-8f8a-572d6dae21cd" />
    <UnitTestResult executionId="59f0cdef-0a24-4ee0-803a-5f817d8f303e" testId="78bf46fe-7871-ce67-4ce0-baf3fd64e904" testName="AZERTYGlobal.Tests.KeyMapperMaintainableLayerCoverageTests.WinShortcut_BypassesLockedLayer" computerName="AZERTY_GLOBAL" duration="00:00:00.0378624" startTime="2026-09-22T13:01:47.5982369+02:00" endTime="2026-09-22T13:01:47.5982372+02:00" testType="13cdc9d9-ddb5-4fa4-a97d-d965ccfc6d4b" outcome="Passed" testListId="8c84fa94-04c1-424b-9868-57a2d4851a1d" relativeResultsDirectory="59f0cdef-0a24-4ee0-803a-5f817d8f303e" />
    <UnitTestResult executionId="d5e16a86-9ff5-477a-b6a8-e4f9d2167c48" testId="47d716e4-e20d-37a2-ff7e-c2d418c93274" testName="AZERTYGlobal.Tests.PolicyTests.LiensExternes_EteintsParPolitique_MemeSurStore" computerName="AZERTY_GLOBAL" duration="00:00:00.0004506" startTime="2026-09-22T13:01:47.4596976+02:00" endTime="2026-09-22T13:01:47.4596976+02:00" testType="13cdc9d9-ddb5-4fa4-a97d-d965ccfc6d4b" outcome="Passed" testListId="8c84fa94-04c1-424b-9868-57a2d4851a1d" relativeResultsDirectory="d5e16a86-9ff5-477a-b6a8-e4f9d2167c48" />
    <UnitTestResult executionId="fe5385cd-be1f-4d7f-8890-7e9a973c9e6c" testId="72b0c221-2d99-a55f-8231-7ad889ba8258" testName="AZERTYGlobal.Tests.DialogNavigationTests.SurfaceDeFrappeNonInscrite_GardeSesTouches" computerName="AZERTY_GLOBAL" duration="00:00:00.0000201" startTime="2026-09-22T13:01:48.0320213+02:00" endTime="2026-09-22T13:01:48.0320214+02:00" testType="13cdc9d9-ddb5-4fa4-a97d-d965ccfc6d4b" outcome="Passed" testListId="8c84fa94-04c1-424b-9868-57a2d4851a1d" relativeResultsDirectory="fe5385cd-be1f-4d7f-8890-7e9a973c9e6c" />
    <UnitTestResult executionId="a580a755-17e4-445a-b3df-73a8f1b11321" testId="53cec19b-31cc-ecfa-2076-f353bc8824e3" testName="AZERTYGlobal.Tests.StatsCollectionTests.SurAmcf_LesCompteursVivantEnMemoire" computerName="AZERTY_GLOBAL" duration="00:00:00.0006615" startTime="2026-09-22T13:01:47.5170410+02:00" endTime="2026-09-22T13:01:47.5170411+02:00" testType="13cdc9d9-ddb5-4fa4-a97d-d965ccfc6d4b" outcome="Passed" testListId="8c84fa94-04c1-424b-9868-57a2d4851a1d" relativeResultsDirectory="a580a755-17e4-445a-b3df-73a8f1b11321" />
    <UnitTestResult executionId="7c98a458-4afb-4c71-8322-5f67af0feba0" testId="c5d1d672-f57c-f3ff-aac0-62593397cc54" testName="AZERTYGlobal.Tests.TrainingRemindersTests.NoReminder_BeforeEveningWindow" computerName="AZERTY_GLOBAL" duration="00:00:00.0000710" startTime="2026-09-22T13:01:47.5180194+02:00" endTime="2026-09-22T13:01:47.5180194+02:00" testType="13cdc9d9-ddb5-4fa4-a97d-d965ccfc6d4b" outcome="Passed" testListId="8c84fa94-04c1-424b-9868-57a2d4851a1d" relativeResultsDirectory="7c98a458-4afb-4c71-8322-5f67af0feba0" />
    <UnitTestResult executionId="2e774df4-fcb3-433c-a536-6189adfa87ed" testId="b6c182d4-35fd-0737-917a-23e395cb8a88" testName="AZERTYGlobal.Tests.ChallengeShareTests.Build_SeparatesLinesWithCrLf" computerName="AZERTY_GLOBAL" duration="00:00:00.0002048" startTime="2026-09-22T13:01:47.2493129+02:00" endTime="2026-09-22T13:01:47.2493129+02:00" testType="13cdc9d9-ddb5-4fa4-a97d-d965ccfc6d4b" outcome="Passed" testListId="8c84fa94-04c1-424b-9868-57a2d4851a1d" relativeResultsDirectory="2e774df4-fcb3-433c-a536-6189adfa87ed" />
    <UnitTestResult executionId="95f11d0e-1991-4d0e-a134-68ab171cea5e" testId="f58ceebf-1696-6bbb-e3bb-849443a53697" testName="AZERTYGlobal.Tests.ChallengeShareTests.Build_WithErrors_ListsTheHardestCharacters" computerName="AZERTY_GLOBAL" duration="00:00:00.0059125" startTime="2026-09-22T13:01:47.2485188+02:00" endTime="2026-09-22T13:01:47.2485193+02:00" testType="13cdc9d9-ddb5-4fa4-a97d-d965ccfc6d4b" outcome="Passed" testListId="8c84fa94-04c1-424b-9868-57a2d4851a1d" relativeResultsDirectory="95f11d0e-1991-4d0e-a134-68ab171cea5e" />
    <UnitTestResult executionId="b91d54a8-2d59-47ae-8dbd-29d9ecb65328" testId="e79be337-82f3-8c28-49de-821227756bd7" testName="AZERTYGlobal.Tests.ReviewSharePromptTests.ShouldPrompt_AuSeuilExactDeJoursActifs_ReturnsTrue" computerName="AZERTY_GLOBAL" duration="00:00:00.0004479" startTime="2026-09-22T13:01:47.2817195+02:00" endTime="2026-09-22T13:01:47.2817195+02:00" testType="13cdc9d9-ddb5-4fa4-a97d-d965ccfc6d4b" outcome="Passed" testListId="8c84fa94-04c1-424b-9868-57a2d4851a1d" relativeResultsDirectory="b91d54a8-2d59-47ae-8dbd-29d9ecb65328" />
    <UnitTestResult executionId="4c5791a3-2fd5-4fee-bf01-08b3d44f9c83" testId="229a0398-8754-9554-7693-412677138c01" testName="AZERTYGlobal.Tests.UsageStatsTests.BuildShareText_NoActivity_ReturnsJustStartedMessage" computerName="AZERTY_GLOBAL" duration="00:00:00.0006447" startTime="2026-09-22T13:01:47.5349182+02:00" endTime="2026-09-22T13:01:47.5349183+02:00" testType="13cdc9d9-ddb5-4fa4-a97d-d965ccfc6d4b" outcome="Passed" testListId="8c84fa94-04c1-424b-9868-57a2d4851a1d" relativeResultsDirectory="4c5791a3-2fd5-4fee-bf01-08b3d44f9c83" />
    <UnitTestResult executionId="b25fc3ee-5acf-4627-b4ca-8f65e511ef28" testId="3a0ffa5f-ec85-3cf3-4c09-5db22c4b4a29" testName="AZERTYGlobal.Tests.SuspensionTransitionTests.PausePendantUneSuspensionDeSecurite_NeLaLevePas(reason: AntiCheat)" computerName="AZERTY_GLOBAL" duration="00:00:00.0000037" startTime="2026-09-22T13:01:47.2643449+02:00" endTime="2026-09-22T13:01:47.2643449+02:00" testType="13cdc9d9-ddb5-4fa4-a97d-d965ccfc6d4b" outcome="Passed" testListId="8c84fa94-04c1-424b-9868-57a2d4851a1d" relativeResultsDirectory="b25fc3ee-5acf-4627-b4ca-8f65e511ef28" />
    <UnitTestResult executionId="8efad503-6f8c-4936-9073-6d4f28940f5c" testId="b1fe4354-9cc8-78e2-e252-1304ca8d3ac9" testName="AZERTYGlobal.Tests.SuspensionTransitionTests.SortieDeSuspension_EstUneSortie" computerName="AZERTY_GLOBAL" duration="00:00:00.0000079" startTime="2026-09-22T13:01:47.2649639+02:00" endTime="2026-09-22T13:01:47.2649639+02:00" testType="13cdc9d9-ddb5-4fa4-a97d-d965ccfc6d4b" outcome="Passed" testListId="8c84fa94-04c1-424b-9868-57a2d4851a1d" relativeResultsDirectory="8efad503-6f8c-4936-9073-6d4f28940f5c" />
    <UnitTestResult executionId="f463de07-371b-4416-8804-fad0d7a91ba8" testId="1e5c59ef-bfc5-b941-7aad-b931c77d2e2b" testName="AZERTYGlobal.Tests.ToastActivationTests.EscapeXml_LeavesPlainTextUntouched" computerName="AZERTY_GLOBAL" duration="00:00:00.0000663" startTime="2026-09-22T13:01:47.2624521+02:00" endTime="2026-09-22T13:01:47.2624522+02:00" testType="13cdc9d9-ddb5-4fa4-a97d-d965ccfc6d4b" outcome="Passed" testListId="8c84fa94-04c1-424b-9868-57a2d4851a1d" relativeResultsDirectory="f463de07-371b-4416-8804-fad0d7a91ba8" />
    <UnitTestResult executionId="2cedf12b-ec6b-4042-bb69-da39ffd1d076" testId="0dae9145-b8ea-d0ef-acd0-6051986db9cb" testName="AZERTYGlobal.Tests.EnrichedThresholdTests.Seuil_DejaDepasseAuChargement_NArmePasLeSignal" computerName="AZERTY_GLOBAL" duration="00:00:00.0026011" startTime="2026-09-22T13:01:47.4723856+02:00" endTime="2026-09-22T13:01:47.4723857+02:00" testType="13cdc9d9-ddb5-4fa4-a97d-d965ccfc6d4b" outcome="Passed" testListId="8c84fa94-04c1-424b-9868-57a2d4851a1d" relativeResultsDirectory="2cedf12b-ec6b-4042-bb69-da39ffd1d076" />
    <UnitTestResult executionId="672074b5-6484-4d84-b44a-e9010bb95a7b" testId="fff212f7-3c64-0309-a1ba-32b83307d6c9" testName="AZERTYGlobal.Tests.Audit120PersistenceTests.ProgressionVersionInconnue_ConserveOriginalEtAnnuleLaMutation(original: &quot;{\&quot;version\&quot;:999999999999}&quot;)" computerName="AZERTY_GLOBAL" duration="00:00:00.0123970" startTime="2026-09-22T13:01:48.0657979+02:00" endTime="2026-09-22T13:01:48.0657982+02:00" testType="13cdc9d9-ddb5-4fa4-a97d-d965ccfc6d4b" outcome="Passed" testListId="8c84fa94-04c1-424b-9868-57a2d4851a1d" relativeResultsDirectory="672074b5-6484-4d84-b44a-e9010bb95a7b" />
    <UnitTestResult executionId="7ab626b5-9506-4325-8f08-566a5a40c8c7" testId="f02d4bde-a8cd-92fc-77b0-76782c3abcd4" testName="AZERTYGlobal.Tests.UsageStatsTests.EnsureLoaded_CorruptFile_ResetsWithoutThrowing" computerName="AZERTY_GLOBAL" duration="00:00:00.0009868" startTime="2026-09-22T13:01:47.5467683+02:00" endTime="2026-09-22T13:01:47.5467683+02:00" testType="13cdc9d9-ddb5-4fa4-a97d-d965ccfc6d4b" outcome="Passed" testListId="8c84fa94-04c1-424b-9868-57a2d4851a1d" relativeResultsDirectory="7ab626b5-9506-4325-8f08-566a5a40c8c7" />
    <UnitTestResult executionId="c4295c2f-536d-46bc-9f55-d3e5560f5fb8" testId="298c364a-8337-48f8-1349-95642900d4df" testName="AZERTYGlobal.Tests.Audit120PersistenceTests.ProgressionVersionInconnue_ConserveOriginalEtAnnuleLaMutation(original: &quot;{\&quot;version\&quot;:\&quot;2\&quot;}&quot;)" computerName="AZERTY_GLOBAL" duration="00:00:00.0014556" startTime="2026-09-22T13:01:48.0993587+02:00" endTime="2026-09-22T13:01:48.0993589+02:00" testType="13cdc9d9-ddb5-4fa4-a97d-d965ccfc6d4b" outcome="Passed" testListId="8c84fa94-04c1-424b-9868-57a2d4851a1d" relativeResultsDirectory="c4295c2f-536d-46bc-9f55-d3e5560f5fb8" />
    <UnitTestResult executionId="fad81fe3-56a2-4a0b-84e9-561976e5341f" testId="981a225f-0ab9-ca59-2682-c1c507d74b5e" testName="AZERTYGlobal.Tests.ReviewSharePromptTests.ShouldPrompt_UnSeulEssaiConsomme_ReturnsTrue" computerName="AZERTY_GLOBAL" duration="00:00:00.0004074" startTime="2026-09-22T13:01:47.2850250+02:00" endTime="2026-09-22T13:01:47.2850251+02:00" testType="13cdc9d9-ddb5-4fa4-a97d-d965ccfc6d4b" outcome="Passed" testListId="8c84fa94-04c1-424b-9868-57a2d4851a1d" relativeResultsDirectory="fad81fe3-56a2-4a0b-84e9-561976e5341f" />
    <UnitTestResult executionId="dd24eb30-a7d5-4865-a93c-79cf7534539b" testId="a9af6711-d651-674d-135f-8ecb6a20a84f" testName="AZERTYGlobal.Tests.UsageStatsTests.FormatActiveTime_English_UsesHrMin" computerName="AZERTY_GLOBAL" duration="00:00:00.0004894" startTime="2026-09-22T13:01:47.5564116+02:00" endTime="2026-09-22T13:01:47.5564116+02:00" testType="13cdc9d9-ddb5-4fa4-a97d-d965ccfc6d4b" outcome="Passed" testListId="8c84fa94-04c1-424b-9868-57a2d4851a1d" relativeResultsDirectory="dd24eb30-a7d5-4865-a93c-79cf7534539b" />
    <UnitTestResult executionId="d2a1b947-dc9f-4fe2-a13e-8654c1ea7d48" testId="dfaa19e4-7ce4-ea72-4e6d-3a6ed8d3e30f" testName="AZERTYGlobal.Tests.ReviewSignalConsumptionTests.Un_refus_provisoire_laisse_le_signal_arme" computerName="AZERTY_GLOBAL" duration="00:00:00.0001170" startTime="2026-09-22T13:01:48.0288974+02:00" endTime="2026-09-22T13:01:48.0288975+02:00" testType="13cdc9d9-ddb5-4fa4-a97d-d965ccfc6d4b" outcome="Passed" testListId="8c84fa94-04c1-424b-9868-57a2d4851a1d" relativeResultsDirectory="d2a1b947-dc9f-4fe2-a13e-8654c1ea7d48" />
    <UnitTestResult executionId="c3ed11f6-265c-47c9-921d-d2734ec8a06e" testId="0a39a8de-78de-e3ba-a85a-62c575c69fe5" testName="AZERTYGlobal.Tests.ReviewPromptConfigTests.EnsureFirstRunTimestamp_SecondCall_ReturnsSameValue" computerName="AZERTY_GLOBAL" duration="00:00:00.0131337" startTime="2026-09-22T13:01:48.2086094+02:00" endTime="2026-09-22T13:01:48.2086099+02:00" testType="13cdc9d9-ddb5-4fa4-a97d-d965ccfc6d4b" outcome="Passed" testListId="8c84fa94-04c1-424b-9868-57a2d4851a1d" relativeResultsDirectory="c3ed11f6-265c-47c9-921d-d2734ec8a06e" />
    <UnitTestResult executionId="358b457d-3f90-4964-abe1-12b021e3f751" testId="205b7650-5914-c2df-acf4-5c11087ad4a6" testName="AZERTYGlobal.Tests.ToastBodyTests.UnCorpsDuCanalToast_NAQuUneLigneDAffordance(corps: &quot;Free, open source, run by a nonprofit. Your feedba&quot;···)" computerName="AZERTY_GLOBAL" duration="00:00:00.0000983" startTime="2026-09-22T13:01:48.7292114+02:00" endTime="2026-09-22T13:01:48.7292114+02:00" testType="13cdc9d9-ddb5-4fa4-a97d-d965ccfc6d4b" outcome="Passed" testListId="8c84fa94-04c1-424b-9868-57a2d4851a1d" relativeResultsDirectory="358b457d-3f90-4964-abe1-12b021e3f751" />
    <UnitTestResult executionId="da414919-633b-41b3-9370-a4eb9d12a4e9" testId="5c6de126-d9f2-ec05-44bd-c7bee4c3e0f0" testName="AZERTYGlobal.Tests.SearchWhileSuspendedTests.SuspensionImposee_LaRechercheResteFermee(raison: None)" computerName="AZERTY_GLOBAL" duration="00:00:00.0001613" startTime="2026-09-22T13:01:47.2409911+02:00" endTime="2026-09-22T13:01:47.2409911+02:00" testType="13cdc9d9-ddb5-4fa4-a97d-d965ccfc6d4b" outcome="Passed" testListId="8c84fa94-04c1-424b-9868-57a2d4851a1d" relativeResultsDirectory="da414919-633b-41b3-9370-a4eb9d12a4e9" />
    <UnitTestResult executionId="a324f1f7-4d49-4a9d-b054-63d292b5d376" testId="4f50f918-6fef-f11b-fbda-bf073cd5cfdc" testName="AZERTYGlobal.Tests.DeadKeyAndSmartCapsTests.GetOutput_CapsLock_DoesNotAffectNonLetterKeys" computerName="AZERTY_GLOBAL" duration="00:00:00.0018543" startTime="2026-09-22T13:01:48.8253897+02:00" endTime="2026-09-22T13:01:48.8253898+02:00" testType="13cdc9d9-ddb5-4fa4-a97d-d965ccfc6d4b" outcome="Passed" testListId="8c84fa94-04c1-424b-9868-57a2d4851a1d" relativeResultsDirectory="a324f1f7-4d49-4a9d-b054-63d292b5d376" />
    <UnitTestResult executionId="c922ab29-0f80-4e76-b80f-9c11a535ba64" testId="28f80d75-4364-e60b-ba4c-1ad465f50d8b" testName="AZERTYGlobal.Tests.ShellHopBalloonTests.Un_aller_retour_par_la_barre_des_taches_n_annonce_rien_de_plus" computerName="AZERTY_GLOBAL" duration="00:00:00.0000855" startTime="2026-09-22T13:01:48.1091599+02:00" endTime="2026-09-22T13:01:48.1091599+02:00" testType="13cdc9d9-ddb5-4fa4-a97d-d965ccfc6d4b" outcome="Passed" testListId="8c84fa94-04c1-424b-9868-57a2d4851a1d" relativeResultsDirectory="c922ab29-0f80-4e76-b80f-9c11a535ba64" />
    <UnitTestResult executionId="05362755-f127-4e75-a247-3411d7dfb1e5" testId="670a4b08-514e-e1ae-b5d7-e0089cab1be6" testName="AZERTYGlobal.Tests.DeadKeyAndSmartCapsTests.ProcessKey_CapsLockActive_EmitsAccentedUppercaseOnEAcuteKey" computerName="AZERTY_GLOBAL" duration="00:00:00.0019297" startTime="2026-09-22T13:01:48.8175618+02:00" endTime="2026-09-22T13:01:48.8175619+02:00" testType="13cdc9d9-ddb5-4fa4-a97d-d965ccfc6d4b" outcome="Passed" testListId="8c84fa94-04c1-424b-9868-57a2d4851a1d" relativeResultsDirectory="05362755-f127-4e75-a247-3411d7dfb1e5" />
    <UnitTestResult executionId="ff746048-3ba4-4eac-a9cc-7a6cecbaca0a" testId="36e1974f-417e-daa9-9805-bb696af2eb59" testName="AZERTYGlobal.Tests.AutoStartNudgeTests.ShouldPrompt_BelowMinimumActiveDays_ReturnsFalse(activeDays: 0)" computerName="AZERTY_GLOBAL" duration="00:00:00.0007383" startTime="2026-09-22T13:01:47.4800538+02:00" endTime="2026-09-22T13:01:47.4800538+02:00" testType="13cdc9d9-ddb5-4fa4-a97d-d965ccfc6d4b" outcome="Passed" testListId="8c84fa94-04c1-424b-9868-57a2d4851a1d" relativeResultsDirectory="ff746048-3ba4-4eac-a9cc-7a6cecbaca0a" />
    <UnitTestResult executionId="8df706c5-9f1c-47d4-97c5-66df402e1d74" testId="a4dcab90-abb3-c789-960e-c86963a69708" testName="AZERTYGlobal.Tests.ReviewSharePromptTests.ShouldPrompt_DejaSolliciteLeMemeJour_ReturnsFalse" computerName="AZERTY_GLOBAL" duration="00:00:00.0004181" startTime="2026-09-22T13:01:47.2826651+02:00" endTime="2026-09-22T13:01:47.2826652+02:00" testType="13cdc9d9-ddb5-4fa4-a97d-d965ccfc6d4b" outcome="Passed" testListId="8c84fa94-04c1-424b-9868-57a2d4851a1d" relativeResultsDirectory="8df706c5-9f1c-47d4-97c5-66df402e1d74" />
    <UnitTestResult executionId="01b8b3cf-830b-4865-9d73-c0591eb81aa2" testId="50dd0a2d-0b47-805f-f871-f18364b179be" testName="AZERTYGlobal.Tests.EnrichedThresholdTests.Silence_UneFrappeOrdinaireLeReinitialiseAussi" computerName="AZERTY_GLOBAL" duration="00:00:00.0004205" startTime="2026-09-22T13:01:47.4739037+02:00" endTime="2026-09-22T13:01:47.4739038+02:00" testType="13cdc9d9-ddb5-4fa4-a97d-d965ccfc6d4b" outcome="Passed" testListId="8c84fa94-04c1-424b-9868-57a2d4851a1d" relativeResultsDirectory="01b8b3cf-830b-4865-9d73-c0591eb81aa2" />
    <UnitTestResult executionId="87fb25b1-ae72-4231-8344-d96acc1422b8" testId="394a15f9-b995-fa9e-30ca-47e716aa1675" testName="AZERTYGlobal.Tests.KeyMapperMaintainableLayerTests.GreekHeld_MapsOnlyTheFirstKeystroke" computerName="AZERTY_GLOBAL" duration="00:00:00.0340925" startTime="2026-09-22T13:01:48.7255212+02:00" endTime="2026-09-22T13:01:48.7255215+02:00" testType="13cdc9d9-ddb5-4fa4-a97d-d965ccfc6d4b" outcome="Passed" testListId="8c84fa94-04c1-424b-9868-57a2d4851a1d" relativeResultsDirectory="87fb25b1-ae72-4231-8344-d96acc1422b8" />
    <UnitTestResult executionId="84765275-60f3-46c8-a6fc-0cea193d7cb7" testId="dc4aaf4b-16cc-8602-2408-fd45279f51b3" testName="AZERTYGlobal.Tests.ToastActivationTests.ReadActivatorDeclarations_ManifesteSansServeurCom_NeTrouveRien" computerName="AZERTY_GLOBAL" duration="00:00:00.0005132" startTime="2026-09-22T13:01:47.2624005+02:00" endTime="2026-09-22T13:01:47.2624006+02:00" testType="13cdc9d9-ddb5-4fa4-a97d-d965ccfc6d4b" outcome="Passed" testListId="8c84fa94-04c1-424b-9868-57a2d4851a1d" relativeResultsDirectory="84765275-60f3-46c8-a6fc-0cea193d7cb7" />
    <UnitTestResult executionId="bb2e72dd-c513-4257-af83-97c6a9225d7b" testId="efbdb216-9cfb-88b5-7c47-da0f3c1ef7bf" testName="AZERTYGlobal.Tests.AutoStartNudgeTests.ShouldPrompt_ReturnedUserWithoutAutoStart_ReturnsTrue" computerName="AZERTY_GLOBAL" duration="00:00:00.0004187" startTime="2026-09-22T13:01:47.4810686+02:00" endTime="2026-09-22T13:01:47.4810687+02:00" testType="13cdc9d9-ddb5-4fa4-a97d-d965ccfc6d4b" outcome="Passed" testListId="8c84fa94-04c1-424b-9868-57a2d4851a1d" relativeResultsDirectory="bb2e72dd-c513-4257-af83-97c6a9225d7b" />
    <UnitTestResult executionId="9e163f08-5a46-435f-ab91-be985f91784f" testId="dd981792-4b68-b13c-23c3-9469ec7ab857" testName="AZERTYGlobal.Tests.LessonCoreTests.ProgressStore_ResetPreventsImmediateOnboardingReimport" computerName="AZERTY_GLOBAL" duration="00:00:00.0038143" startTime="2026-09-22T13:01:47.3895242+02:00" endTime="2026-09-22T13:01:47.3895243+02:00" testType="13cdc9d9-ddb5-4fa4-a97d-d965ccfc6d4b" outcome="Passed" testListId="8c84fa94-04c1-424b-9868-57a2d4851a1d" relativeResultsDirectory="9e163f08-5a46-435f-ab91-be985f91784f" />
    <UnitTestResult executionId="6ee08aff-c8b9-41d4-b19e-28042de02c0e" testId="57a16b5a-06fe-069f-74a0-72de77effd14" testName="AZERTYGlobal.Tests.DeadKeyAndSmartCapsTests.ProcessKey_DeadKeyThenLetter_EmitsAccentedCharacter" computerName="AZERTY_GLOBAL" duration="00:00:00.0019306" startTime="2026-09-22T13:01:48.8195347+02:00" endTime="2026-09-22T13:01:48.8195348+02:00" testType="13cdc9d9-ddb5-4fa4-a97d-d965ccfc6d4b" outcome="Passed" testListId="8c84fa94-04c1-424b-9868-57a2d4851a1d" relativeResultsDirectory="6ee08aff-c8b9-41d4-b19e-28042de02c0e" />
    <UnitTestResult executionId="29470ddc-6a79-4071-8bb3-fb52c22e6131" testId="b5b6843b-69a2-a83c-b69f-c3a803a1e4d9" testName="AZERTYGlobal.Tests.ToastBodyTests.UnCorpsDuCanalToast_NAQuUneLigneDAffordance(corps: &quot;Gratuit, open source, porté par une association. V&quot;···)" computerName="AZERTY_GLOBAL" duration="00:00:00.0000558" startTime="2026-09-22T13:01:48.7292455+02:00" endTime="2026-09-22T13:01:48.7292455+02:00" testType="13cdc9d9-ddb5-4fa4-a97d-d965ccfc6d4b" outcome="Passed" testListId="8c84fa94-04c1-424b-9868-57a2d4851a1d" relativeResultsDirectory="29470ddc-6a79-4071-8bb3-fb52c22e6131" />
[...]
    <TestEntry testId="d4e38c24-1392-bb68-7775-7d702ea4272b" executionId="0c7ddc33-bb58-4595-8633-7a309ee48264" testListId="8c84fa94-04c1-424b-9868-57a2d4851a1d" />
    <TestEntry testId="1fa3e755-80af-8ae0-ae16-030141e8f4be" executionId="ebe9415b-2547-4f16-ab66-5274d9d18e78" testListId="8c84fa94-04c1-424b-9868-57a2d4851a1d" />
    <TestEntry testId="906e4e5a-352b-f98d-9ada-957aba2d5492" executionId="e6b2ca90-ef18-4588-9f6f-09a9c4d2fc0c" testListId="8c84fa94-04c1-424b-9868-57a2d4851a1d" />
    <TestEntry testId="48d1c02d-54a4-ab77-3c77-4ec3d6537339" executionId="465c3f25-7706-4047-aa77-447b7a3c4cf8" testListId="8c84fa94-04c1-424b-9868-57a2d4851a1d" />
    <TestEntry testId="fb9bdd5b-17b2-c868-95e7-e18a29d58243" executionId="bef5fd0f-727a-41a6-ad86-6f53257dea2e" testListId="8c84fa94-04c1-424b-9868-57a2d4851a1d" />
    <TestEntry testId="7f1784a9-3f6a-252b-da59-2aca8381af72" executionId="fc1ca518-0db7-461e-9ead-e1ac43562ff9" testListId="8c84fa94-04c1-424b-9868-57a2d4851a1d" />
    <TestEntry testId="0ad77ed8-af5e-995e-0088-5ffdc4c7854e" executionId="c1743b28-0a60-4c8c-b85d-2d85dc750e48" testListId="8c84fa94-04c1-424b-9868-57a2d4851a1d" />
    <TestEntry testId="028c497b-58cf-4eb2-9aac-56c08e6875e0" executionId="4c40d2bb-9579-47a3-9a55-f911d60c491f" testListId="8c84fa94-04c1-424b-9868-57a2d4851a1d" />
    <TestEntry testId="a272b7c5-153e-04dc-a6f6-1ca030d8faab" executionId="fd263119-24da-43ef-8656-744e15967116" testListId="8c84fa94-04c1-424b-9868-57a2d4851a1d" />
    <TestEntry testId="f9d5c465-b73d-9ba6-d1a2-7ad34534366c" executionId="06eb9c8c-faed-4508-8997-01acd5266e13" testListId="8c84fa94-04c1-424b-9868-57a2d4851a1d" />
    <TestEntry testId="b27cd624-b272-cbb7-3c9b-5b5b88e16f55" executionId="89f50669-c295-410f-980f-cb177a388c4a" testListId="8c84fa94-04c1-424b-9868-57a2d4851a1d" />
    <TestEntry testId="906dd14b-bf94-7f8a-c86d-c07f49e37f65" executionId="c21228fb-0c12-400d-a7d7-e710dd9e37ec" testListId="8c84fa94-04c1-424b-9868-57a2d4851a1d" />
    <TestEntry testId="42db3e22-3271-c382-7c1b-e60393d3f6bc" executionId="4fdf1d27-0e2a-45dc-b111-581dd163b71b" testListId="8c84fa94-04c1-424b-9868-57a2d4851a1d" />
    <TestEntry testId="8375ddb9-5a65-3ae5-064f-b4bea3af8c5e" executionId="7ae86a36-0549-4668-add1-e730fcc0cbb4" testListId="8c84fa94-04c1-424b-9868-57a2d4851a1d" />
    <TestEntry testId="5e275bb1-fd83-6a6a-9aa2-6708c7f7e749" executionId="438442ba-a491-4d1a-861d-76bf0ad2d3e0" testListId="8c84fa94-04c1-424b-9868-57a2d4851a1d" />
    <TestEntry testId="cd57e49d-70ea-a132-0fe8-c01cad158a2e" executionId="1d758142-cade-4167-b44e-78c48fb7b53a" testListId="8c84fa94-04c1-424b-9868-57a2d4851a1d" />
    <TestEntry testId="1b7ece19-488e-474b-56ae-bb8d774c3a78" executionId="237d6394-4f60-4f69-8cca-b5910d8b7da4" testListId="8c84fa94-04c1-424b-9868-57a2d4851a1d" />
    <TestEntry testId="7cb51aae-98b5-2f49-54c1-5591aedca48f" executionId="db78ace7-f4d4-4774-867e-85025c473f95" testListId="8c84fa94-04c1-424b-9868-57a2d4851a1d" />
    <TestEntry testId="97fd3db4-41b0-c04b-d284-f117e6ecc9ac" executionId="c47cc24f-d1d9-48de-9cfa-9510e1a1f447" testListId="8c84fa94-04c1-424b-9868-57a2d4851a1d" />
    <TestEntry testId="551cc6f4-1f54-0397-0c87-7d9f9052cff7" executionId="10b5090a-f471-4f22-848a-5d1825026856" testListId="8c84fa94-04c1-424b-9868-57a2d4851a1d" />
    <TestEntry testId="1014b4d9-29eb-8007-9d04-03947d318297" executionId="60fcb8e1-d40a-43ce-8c13-c47f517c661d" testListId="8c84fa94-04c1-424b-9868-57a2d4851a1d" />
    <TestEntry testId="3abc878d-e515-6bbb-b30c-443d0dd7eba4" executionId="b923548a-a432-44a5-a5e4-744094adf94c" testListId="8c84fa94-04c1-424b-9868-57a2d4851a1d" />
    <TestEntry testId="66821564-6f1f-6060-53de-36082adf6fbe" executionId="32363cb1-d076-4ca7-abcc-eb6ed6db9e48" testListId="8c84fa94-04c1-424b-9868-57a2d4851a1d" />
    <TestEntry testId="2c66ab45-b6f1-630d-df95-50b31a032185" executionId="de35a5c4-350d-4461-84ca-d2b8c6aff864" testListId="8c84fa94-04c1-424b-9868-57a2d4851a1d" />
    <TestEntry testId="9e8594ee-7d06-5fd6-03c5-fc883e5fb713" executionId="68f9bdb9-b7ca-460a-9554-daaa6b4f54a6" testListId="8c84fa94-04c1-424b-9868-57a2d4851a1d" />
    <TestEntry testId="835c1cc7-cfe6-7f47-c434-ae398d1bca9c" executionId="547d9dc6-8187-44ec-bb2e-11da6cbe906c" testListId="8c84fa94-04c1-424b-9868-57a2d4851a1d" />
    <TestEntry testId="b3c090c6-f21d-59e3-f405-f18ddb02d695" executionId="6dc3c78d-dc1a-4ebc-92db-7863c78001a5" testListId="8c84fa94-04c1-424b-9868-57a2d4851a1d" />
    <TestEntry testId="69657aa1-2d02-793c-8927-6b4d910e1b0b" executionId="ac3c93fd-02bc-403f-b6f9-47aff074cd39" testListId="8c84fa94-04c1-424b-9868-57a2d4851a1d" />
    <TestEntry testId="61f796e3-178e-5b04-7b4f-2f8bf71a33ed" executionId="8b917883-f55c-4641-a48b-3ad5fd75386c" testListId="8c84fa94-04c1-424b-9868-57a2d4851a1d" />
    <TestEntry testId="14331688-441c-ee23-5856-03733fe8d3b7" executionId="9a96dae3-9c02-4841-bec8-9ddbc7ba1a34" testListId="8c84fa94-04c1-424b-9868-57a2d4851a1d" />
    <TestEntry testId="b76c63d9-dc3e-085b-a710-20055f00ccab" executionId="529123fe-182a-40e9-9d57-cc2879c879c9" testListId="8c84fa94-04c1-424b-9868-57a2d4851a1d" />
    <TestEntry testId="8843279c-b47b-c2ed-8d39-14614b7daf70" executionId="58edfb0e-391c-4664-9768-260451668f01" testListId="8c84fa94-04c1-424b-9868-57a2d4851a1d" />
    <TestEntry testId="54d3ada1-991c-2e4e-8a4e-ae11f316f35f" executionId="ee6dc4bb-11bd-4476-bbd2-fdbf98958bc5" testListId="8c84fa94-04c1-424b-9868-57a2d4851a1d" />
    <TestEntry testId="e9dfe290-99ab-bdde-633b-433fa8fcb37b" executionId="c542fe38-9f0a-46b9-b0eb-641aaa895cb2" testListId="8c84fa94-04c1-424b-9868-57a2d4851a1d" />
    <TestEntry testId="79d4fc8b-4bef-0b3d-16fb-1bc0ab879cb2" executionId="23657047-999c-4aa1-b20c-783b1ada0022" testListId="8c84fa94-04c1-424b-9868-57a2d4851a1d" />
    <TestEntry testId="7594c3f7-23f3-c626-75ef-194e0643e538" executionId="d6f37a4a-96ae-4a19-8734-468b6e3fbcc4" testListId="8c84fa94-04c1-424b-9868-57a2d4851a1d" />
    <TestEntry testId="a224c833-4ad4-333c-c301-c4161d0c7af2" executionId="531c2938-6cb5-4073-a102-db1fa0178980" testListId="8c84fa94-04c1-424b-9868-57a2d4851a1d" />
    <TestEntry testId="c03774e2-0665-a5d3-e9c4-9a3c87afd724" executionId="549f99d9-8982-458d-b199-2f6997a4d9fe" testListId="8c84fa94-04c1-424b-9868-57a2d4851a1d" />
    <TestEntry testId="92af82be-8836-f25e-4447-b14fc0e61775" executionId="3b8ca988-9300-4cee-b31d-96cdf668d516" testListId="8c84fa94-04c1-424b-9868-57a2d4851a1d" />
    <TestEntry testId="5ff8bad7-dfbe-49e0-5dd6-51d35c96c1e4" executionId="e48d38e2-f960-48b6-aad6-6615b2aa4f30" testListId="8c84fa94-04c1-424b-9868-57a2d4851a1d" />
    <TestEntry testId="a66ea805-3715-cedb-2d53-3ae12da76cdd" executionId="e7a1b53e-8524-46a1-b58e-70f2e8cb91ec" testListId="8c84fa94-04c1-424b-9868-57a2d4851a1d" />
    <TestEntry testId="904c654d-bcbb-4217-42a0-ac1b9bbb41c5" executionId="911b29a6-0ea5-4c4f-a2a7-8b29b0b2b7a7" testListId="8c84fa94-04c1-424b-9868-57a2d4851a1d" />
    <TestEntry testId="3653447d-3a60-86bc-bb63-447acee6f926" executionId="ebad1989-67bf-414f-a6aa-208d66d61126" testListId="8c84fa94-04c1-424b-9868-57a2d4851a1d" />
    <TestEntry testId="63acedc4-e4de-7c08-b48b-5295c5121b2e" executionId="9d584128-16d9-4c63-88b3-b9e539ca1dd9" testListId="8c84fa94-04c1-424b-9868-57a2d4851a1d" />
    <TestEntry testId="57929020-b7f8-1658-78f8-23022f794a93" executionId="f3d0f104-0def-4ea6-b0c8-0d16567b0e9f" testListId="8c84fa94-04c1-424b-9868-57a2d4851a1d" />
    <TestEntry testId="a95a9512-ab19-af69-f7a0-fcbc14639caf" executionId="da0e74f1-36aa-4a10-8771-33f65425e66a" testListId="8c84fa94-04c1-424b-9868-57a2d4851a1d" />
    <TestEntry testId="b1c1ff12-d284-c4ce-05d0-6a751f08ce2c" executionId="c954b417-2f92-420b-a52c-ce094d341739" testListId="8c84fa94-04c1-424b-9868-57a2d4851a1d" />
    <TestEntry testId="97482905-0c24-3e6d-8cd7-0486b2c60c13" executionId="068b32b1-95dd-4e45-b280-6a59625f383f" testListId="8c84fa94-04c1-424b-9868-57a2d4851a1d" />
    <TestEntry testId="05978a50-6fae-f857-ab01-b7a242948802" executionId="c9123f57-3929-4cd1-9c17-c58f4e7fd0b0" testListId="8c84fa94-04c1-424b-9868-57a2d4851a1d" />
    <TestEntry testId="7737198a-cc8d-554e-987f-fcfcab12905a" executionId="6adb4883-3f7e-4cf3-8fc1-dc7eebe38f95" testListId="8c84fa94-04c1-424b-9868-57a2d4851a1d" />
    <TestEntry testId="bb81645f-6f9c-23b9-8f57-f9f521ff56cb" executionId="633f5201-6e71-4728-b527-fc902ecbdfec" testListId="8c84fa94-04c1-424b-9868-57a2d4851a1d" />
    <TestEntry testId="c65bf46c-fe9c-d2b4-8e0a-9ff118b7bc07" executionId="d90ed103-074e-414f-9663-c90ef9340791" testListId="8c84fa94-04c1-424b-9868-57a2d4851a1d" />
    <TestEntry testId="e89fba8e-73e6-2d19-7c18-c79fbc5aaa35" executionId="a18ddfc7-5742-4d5b-b97f-3f2257001626" testListId="8c84fa94-04c1-424b-9868-57a2d4851a1d" />
    <TestEntry testId="92af2f3d-ce16-5c57-732f-026e05bdbc5d" executionId="338aa018-8e88-4c44-89e9-6858ec26d400" testListId="8c84fa94-04c1-424b-9868-57a2d4851a1d" />
    <TestEntry testId="4a68c6d2-4838-1752-beee-2f36be349db4" executionId="b8ec44c6-4105-4154-9c8c-842db4a0f4cc" testListId="8c84fa94-04c1-424b-9868-57a2d4851a1d" />
    <TestEntry testId="02cb014d-a790-a39c-9a23-aae8e65a5a96" executionId="78527d23-3bb4-464e-b5b1-079ab3838f67" testListId="8c84fa94-04c1-424b-9868-57a2d4851a1d" />
    <TestEntry testId="bba6868b-3b79-1488-1fd3-641f3266e63b" executionId="04307edb-a5b9-4b24-b6d5-22b945f08688" testListId="8c84fa94-04c1-424b-9868-57a2d4851a1d" />
    <TestEntry testId="a9113342-b0b2-a91f-858b-56ba6bbae25a" executionId="82f29212-2bcb-470f-8263-029cd31d3cf6" testListId="8c84fa94-04c1-424b-9868-57a2d4851a1d" />
    <TestEntry testId="77c04946-05d2-5bc8-1968-00afc1414af4" executionId="17143271-6d24-4be5-8ef7-7a6efb0a3707" testListId="8c84fa94-04c1-424b-9868-57a2d4851a1d" />
    <TestEntry testId="50c9201b-52aa-e3ab-fa81-3409c087b08b" executionId="d807ef54-fb32-492e-b0cd-104a8bb998e3" testListId="8c84fa94-04c1-424b-9868-57a2d4851a1d" />
    <TestEntry testId="c5467d0d-27af-3cec-f855-d8dd5788ab47" executionId="358bba1e-1c1a-4090-8371-899dbb2d5ecd" testListId="8c84fa94-04c1-424b-9868-57a2d4851a1d" />
    <TestEntry testId="bdd05a5d-b7d5-8ab9-7184-27dd612604ba" executionId="df764bca-cf4e-4fbf-86c2-78dbd330fb71" testListId="8c84fa94-04c1-424b-9868-57a2d4851a1d" />
    <TestEntry testId="37a65728-a4d6-345c-3667-97809ad409b9" executionId="211d8e92-7e7d-4b00-8928-174b92ebcaa7" testListId="8c84fa94-04c1-424b-9868-57a2d4851a1d" />
    <TestEntry testId="24c025a1-8b37-4912-64ff-1692170a9e66" executionId="dd4efd93-5289-4cb6-8521-abd2f84f7967" testListId="8c84fa94-04c1-424b-9868-57a2d4851a1d" />
    <TestEntry testId="c3b4acab-bf64-8dec-3968-2c81e900183f" executionId="bb19c144-3d82-45d7-8d81-3d8a211af46f" testListId="8c84fa94-04c1-424b-9868-57a2d4851a1d" />
    <TestEntry testId="f7db4c7e-e7cf-d7ef-158e-6e245cf21a5a" executionId="47c0491f-69aa-4789-a169-0d1c0b0aac39" testListId="8c84fa94-04c1-424b-9868-57a2d4851a1d" />
    <TestEntry testId="cb38e1fb-1620-5455-c42e-93911813d22e" executionId="d7fb41de-be6b-484f-81b7-04379e6b9f17" testListId="8c84fa94-04c1-424b-9868-57a2d4851a1d" />
    <TestEntry testId="9268f1bc-15cd-e392-c70f-7664d0961145" executionId="b94e6a90-0435-48cc-b029-85bd54603ae8" testListId="8c84fa94-04c1-424b-9868-57a2d4851a1d" />
    <TestEntry testId="2bdb6816-76f4-0402-0005-dfe09210ae76" executionId="fc0bb047-d370-4f66-aab2-92b7df197366" testListId="8c84fa94-04c1-424b-9868-57a2d4851a1d" />
    <TestEntry testId="9cc3fab2-5405-5668-f5e1-b6ea8a956aca" executionId="ad12b463-825c-4cf7-89ea-fdcc6d71ae23" testListId="8c84fa94-04c1-424b-9868-57a2d4851a1d" />
    <TestEntry testId="22bf9d86-a3e5-af59-443e-a9d1653e76e4" executionId="a507cb1d-11fd-4966-bd71-b9a841c74c49" testListId="8c84fa94-04c1-424b-9868-57a2d4851a1d" />
    <TestEntry testId="377bb47c-6d10-2187-c14b-e779219ca087" executionId="2df53d6b-c0ba-43a2-9432-0131d5236936" testListId="8c84fa94-04c1-424b-9868-57a2d4851a1d" />
    <TestEntry testId="26874b13-4e19-dac1-22a9-631b42b225dd" executionId="c17b0af2-13c9-4bed-9d82-de70ccee94ba" testListId="8c84fa94-04c1-424b-9868-57a2d4851a1d" />
    <TestEntry testId="80dac7bb-aaa1-6010-cac2-ea1979abd832" executionId="57116fbc-f522-491d-a246-82c50f732bde" testListId="8c84fa94-04c1-424b-9868-57a2d4851a1d" />
    <TestEntry testId="d04a8411-d8d8-c558-a03e-9e5e74de39b0" executionId="a27c7b29-bfd3-46eb-ac16-f992a977b372" testListId="8c84fa94-04c1-424b-9868-57a2d4851a1d" />
    <TestEntry testId="583373cd-aa74-47af-6648-d8ab154d576e" executionId="583f93c6-17c7-483c-b645-34f9a4ebccf7" testListId="8c84fa94-04c1-424b-9868-57a2d4851a1d" />
    <TestEntry testId="ba73f72c-b153-aafa-075a-81daeff7455d" executionId="dabf4406-0845-4462-880b-66dbd53dcdca" testListId="8c84fa94-04c1-424b-9868-57a2d4851a1d" />
    <TestEntry testId="acc00665-469c-5f61-f818-23833f566637" executionId="5439c3da-7165-4040-b4ca-d823320d5efd" testListId="8c84fa94-04c1-424b-9868-57a2d4851a1d" />
    <TestEntry testId="b2370a9b-f377-1974-3cff-3b02b541b230" executionId="a9b9ee54-c2e0-48a5-9c8d-b828ded7ff6b" testListId="8c84fa94-04c1-424b-9868-57a2d4851a1d" />
    <TestEntry testId="9fb740ce-48cc-9741-2c3f-3736091ef95a" executionId="b5c30c34-be1e-469c-92af-affcbda7aa1c" testListId="8c84fa94-04c1-424b-9868-57a2d4851a1d" />
    <TestEntry testId="c15e7a9f-5aec-239b-e19a-6e382c052ea2" executionId="9e525208-505e-4907-912a-8bac9e5d2f4b" testListId="8c84fa94-04c1-424b-9868-57a2d4851a1d" />
    <TestEntry testId="23c0de5f-9967-d534-3298-f72711117ebf" executionId="38c5394b-de97-4b2e-95ea-3543498a899f" testListId="8c84fa94-04c1-424b-9868-57a2d4851a1d" />
    <TestEntry testId="c7b80fdc-a005-30b8-e34b-ee251e3ba2e2" executionId="886331ba-9654-40df-91cd-37fd39c46395" testListId="8c84fa94-04c1-424b-9868-57a2d4851a1d" />
    <TestEntry testId="c32a06fa-5aef-f317-3927-a34587bc31c9" executionId="fad74d13-87c2-4024-af3f-ef31c4a689cd" testListId="8c84fa94-04c1-424b-9868-57a2d4851a1d" />
    <TestEntry testId="5de490e7-681c-2a19-2b5f-5101d5d60a12" executionId="3216ccc5-99ce-49e3-87bb-ca243396e3cc" testListId="8c84fa94-04c1-424b-9868-57a2d4851a1d" />
    <TestEntry testId="3f64d29f-2919-4751-4523-27fc45828fdd" executionId="3826cae9-49fc-4920-9874-8cc8100a111c" testListId="8c84fa94-04c1-424b-9868-57a2d4851a1d" />
    <TestEntry testId="852452dd-a611-8d9b-96b4-c39f2f262da9" executionId="06cb4650-8a8f-4c6f-9695-2aa4805f3ce5" testListId="8c84fa94-04c1-424b-9868-57a2d4851a1d" />
    <TestEntry testId="c5e5f54a-0c75-8229-84f6-3e3e36655d74" executionId="68e0786f-40fa-4694-969c-ee8df41dbfbb" testListId="8c84fa94-04c1-424b-9868-57a2d4851a1d" />
    <TestEntry testId="28d727c7-b7c1-f39e-24e3-849aef12ead7" executionId="6d4cf2c4-e6d0-49a9-97e4-c33de1ccfb26" testListId="8c84fa94-04c1-424b-9868-57a2d4851a1d" />
    <TestEntry testId="92e3d2bc-9c6c-c65c-58bd-fc25f7be2b98" executionId="a7b616a8-86a3-4d63-9718-b48de2e4bd2e" testListId="8c84fa94-04c1-424b-9868-57a2d4851a1d" />
    <TestEntry testId="56ae7337-999b-d05c-773a-be417c80de11" executionId="b47fa2e3-675f-4127-85c4-a3b8122270b1" testListId="8c84fa94-04c1-424b-9868-57a2d4851a1d" />
    <TestEntry testId="dfbf8613-418a-0321-5423-65a541acdf3d" executionId="555eb12e-eebd-4747-b78c-6bbc3649f3bc" testListId="8c84fa94-04c1-424b-9868-57a2d4851a1d" />
    <TestEntry testId="eefcad3b-4595-c0c7-7b66-e0a31e865015" executionId="e789374f-bfa4-46db-ae63-2f9ec161cf1c" testListId="8c84fa94-04c1-424b-9868-57a2d4851a1d" />
    <TestEntry testId="49c38c45-e8c0-c166-4e5d-671d3d1b1b31" executionId="c5c3e830-981a-4f1e-95a0-f12fd98258ce" testListId="8c84fa94-04c1-424b-9868-57a2d4851a1d" />
    <TestEntry testId="6a463995-fcac-6c60-0c6c-faeabe62515f" executionId="0a10edf5-b0aa-4bca-a054-4f56a5d78a2b" testListId="8c84fa94-04c1-424b-9868-57a2d4851a1d" />
    <TestEntry testId="12313d13-9731-1671-d19e-39133eec4643" executionId="330c6f42-0a89-442e-8c88-758ce681b45f" testListId="8c84fa94-04c1-424b-9868-57a2d4851a1d" />
    <TestEntry testId="8b3101a0-1809-04d8-1289-ad4cd1ee11c5" executionId="9abd5a5d-d37c-4739-9e41-54a0b7bd32b5" testListId="8c84fa94-04c1-424b-9868-57a2d4851a1d" />
    <TestEntry testId="46613d61-74c4-360a-e306-19f9582679e7" executionId="dbc21b7f-41f3-43b9-84ad-6f20b4fb4523" testListId="8c84fa94-04c1-424b-9868-57a2d4851a1d" />
    <TestEntry testId="d20fd0cf-becd-ed41-4998-964cc8d8ae20" executionId="b77f6e47-acdb-4890-87cd-b6c43484e461" testListId="8c84fa94-04c1-424b-9868-57a2d4851a1d" />
    <TestEntry testId="0d8c2cb6-fb57-a318-8157-b688089150e2" executionId="c2fabf3f-832b-4cf5-aca5-34f8c9497298" testListId="8c84fa94-04c1-424b-9868-57a2d4851a1d" />
    <TestEntry testId="d18dce4f-c2a7-1e56-32d0-a8bae27fadf8" executionId="eeb39f70-d51f-4228-8d1a-1eb5784a8ae1" testListId="8c84fa94-04c1-424b-9868-57a2d4851a1d" />
    <TestEntry testId="5ab2d892-2a95-5998-9ce5-7fd247177548" executionId="eb905c0c-999c-473b-9211-e1d01546402e" testListId="8c84fa94-04c1-424b-9868-57a2d4851a1d" />
    <TestEntry testId="d87a4108-c2b0-fb88-2429-84b26fcd0776" executionId="49ced3b1-6dc0-4efb-905b-a5151a47c190" testListId="8c84fa94-04c1-424b-9868-57a2d4851a1d" />
    <TestEntry testId="a559b701-d96d-34f0-c460-2f39e3ad5cfa" executionId="efa87d0b-575e-4569-8900-5d37b8713263" testListId="8c84fa94-04c1-424b-9868-57a2d4851a1d" />
    <TestEntry testId="ceea172c-5ab6-d5a2-f04e-2be45da01688" executionId="225f0c20-536f-45dc-b744-60c6691bebd6" testListId="8c84fa94-04c1-424b-9868-57a2d4851a1d" />
    <TestEntry testId="986fa4e1-17cf-1877-7a0e-e893380a7ef0" executionId="8bb3a553-79a9-494e-baca-9d7ff9a06cba" testListId="8c84fa94-04c1-424b-9868-57a2d4851a1d" />
    <TestEntry testId="b2adb960-7985-e333-cfbe-4d0e01b2c089" executionId="94413265-1d74-4535-9996-a7021fdbe63c" testListId="8c84fa94-04c1-424b-9868-57a2d4851a1d" />
    <TestEntry testId="da99365d-e403-9422-55b0-2c104f289500" executionId="b0f879a1-7854-4f73-8c1a-b2c793f0727f" testListId="8c84fa94-04c1-424b-9868-57a2d4851a1d" />
    <TestEntry testId="9f9ebb90-b80c-7350-3d97-359688232497" executionId="86643bb9-389b-4983-b1dc-e5922f01a79b" testListId="8c84fa94-04c1-424b-9868-57a2d4851a1d" />
    <TestEntry testId="93b08b4f-3557-976d-d703-7b16b45afea3" executionId="119e5d6a-073c-4b40-a136-7d0abb6b0680" testListId="8c84fa94-04c1-424b-9868-57a2d4851a1d" />
    <TestEntry testId="37bb9341-7f81-5cc7-166a-bf0a0df5d529" executionId="5fb29b3e-534c-4bdd-a535-52f1c215493c" testListId="8c84fa94-04c1-424b-9868-57a2d4851a1d" />
    <TestEntry testId="1c1ec78d-6b15-a26d-5fca-3f900f06bfc9" executionId="58385e7e-8d98-4282-98e5-874ebfffa80c" testListId="8c84fa94-04c1-424b-9868-57a2d4851a1d" />
    <TestEntry testId="6c79758c-5a2c-d59c-f417-439e50e4bfda" executionId="5a438b5f-d1d1-46a9-a106-8b64c865cf40" testListId="8c84fa94-04c1-424b-9868-57a2d4851a1d" />
    <TestEntry testId="42177ace-6dd1-e7ef-031f-7a367f1492dc" executionId="c2f40201-b97f-48cb-b0ad-6fe779a45475" testListId="8c84fa94-04c1-424b-9868-57a2d4851a1d" />
  </TestEntries>
  <TestLists>
    <TestList name="Results Not in a List" id="8c84fa94-04c1-424b-9868-57a2d4851a1d" />
    <TestList name="All Loaded Results" id="19431567-8539-422a-85d7-44ee4e166bda" />
  </TestLists>
  <ResultSummary outcome="Completed">
    <Counters total="451" executed="451" passed="451" failed="0" error="0" timeout="0" aborted="0" inconclusive="0" passedButRunAborted="0" notRunnable="0" notExecuted="0" disconnected="0" warning="0" completed="0" inProgress="0" pending="0" />
    <Output>
      <StdOut>[xUnit.net 00:00:00.00] xUnit.net VSTest Adapter v2.5.0.1+5ebf84cd75 (64-bit .NET 8.0.31)&#xD;
[xUnit.net 00:00:10.19]   Discovering: AZERTYGlobal.Tests&#xD;
[xUnit.net 00:00:10.24]   Discovered:  AZERTYGlobal.Tests&#xD;
[xUnit.net 00:00:10.24]   Starting:    AZERTYGlobal.Tests&#xD;
[xUnit.net 00:00:12.12]   Finished:    AZERTYGlobal.Tests&#xD;
</StdOut>
    </Output>
  </ResultSummary>
</TestRun>