<?xml version="1.0" encoding="utf-8"?>
<TestRun id="dbdf3f05-4349-46ff-9120-9a7903dbf44e" name="antoi@AZERTY_GLOBAL 2026-09-22 13:01:27" runUser="AZERTY_GLOBAL\CodexSandboxOffline" xmlns="http://microsoft.com/schemas/VisualStudio/TeamTest/2010">
  <Times creation="2026-09-22T13:01:27.1365547+02:00" queuing="2026-09-22T13:01:27.1365551+02:00" start="2026-09-22T13:01:23.0343272+02:00" finish="2026-09-22T13:01:27.1618297+02:00" />
  <TestSettings name="default" id="b06d4b1b-f543-4b09-9406-3aa2b859cf02">
    <Deployment runDeploymentRoot="antoi_AZERTY_GLOBAL_2026-09-22_13_01_27" />
  </TestSettings>
  <Results>
    <UnitTestResult executionId="28afe430-db1a-4360-8801-71552af31e23" testId="cda95ffd-5367-6067-649e-afd887f202d4" testName="TypingEngine.Core.Tests.LayoutJsonParserTests.Parse_AcceptsSupportedScancodeFormats(scancode: &quot;0x12&quot;)" computerName="AZERTY_GLOBAL" duration="00:00:00.9359050" startTime="2026-09-22T13:01:27.1184899+02:00" endTime="2026-09-22T13:01:27.1184900+02:00" testType="13cdc9d9-ddb5-4fa4-a97d-d965ccfc6d4b" outcome="Passed" testListId="8c84fa94-04c1-424b-9868-57a2d4851a1d" relativeResultsDirectory="28afe430-db1a-4360-8801-71552af31e23" />
    <UnitTestResult executionId="3c0f5c32-13bd-4c34-8d7f-961cddbc5b55" testId="7c119c4b-6007-9edd-932f-67ea416f9ca0" testName="TypingEngine.Core.Tests.LayoutJsonParserTests.Parse_MissingScancode_NamesTheKeyThatLacksIt" computerName="AZERTY_GLOBAL" duration="00:00:00.0000665" startTime="2026-09-22T13:01:27.1259992+02:00" endTime="2026-09-22T13:01:27.1259994+02:00" testType="13cdc9d9-ddb5-4fa4-a97d-d965ccfc6d4b" outcome="Passed" testListId="8c84fa94-04c1-424b-9868-57a2d4851a1d" relativeResultsDirectory="3c0f5c32-13bd-4c34-8d7f-961cddbc5b55" />
    <UnitTestResult executionId="28843d51-5527-49e6-a1a1-225489c654ad" testId="e933a0d8-ff68-9b02-4e80-4742dc0b3d92" testName="TypingEngine.Core.Tests.CompositionEngineOrphanDeadKeyTests.ChainingFromUnknownDeadKey_YieldsEmptyIsolatedForm" computerName="AZERTY_GLOBAL" duration="00:00:00.0000567" startTime="2026-09-22T13:01:27.1184598+02:00" endTime="2026-09-22T13:01:27.1184600+02:00" testType="13cdc9d9-ddb5-4fa4-a97d-d965ccfc6d4b" outcome="Passed" testListId="8c84fa94-04c1-424b-9868-57a2d4851a1d" relativeResultsDirectory="28843d51-5527-49e6-a1a1-225489c654ad" />
    <UnitTestResult executionId="91700bf4-4308-442b-81f9-c93b4cb72379" testId="f268131e-155d-68fa-c0a9-c8c9236d93fc" testName="TypingEngine.Core.Tests.CompositionEngineTests.DeadKeyThenUnsupportedCharacter_EmitsIsolatedMarkAndCharacter" computerName="AZERTY_GLOBAL" duration="00:00:00.0000827" startTime="2026-09-22T13:01:27.1181982+02:00" endTime="2026-09-22T13:01:27.1181983+02:00" testType="13cdc9d9-ddb5-4fa4-a97d-d965ccfc6d4b" outcome="Passed" testListId="8c84fa94-04c1-424b-9868-57a2d4851a1d" relativeResultsDirectory="91700bf4-4308-442b-81f9-c93b4cb72379" />
    <UnitTestResult executionId="97d0a5c3-88ba-4512-b399-e768363edd6b" testId="688ed2c4-b825-bb8a-a192-ebe24b306bfb" testName="TypingEngine.Core.Tests.LayoutJsonParserTests.Parse_MissingKeys_NamesTheRowThatLacksThem" computerName="AZERTY_GLOBAL" duration="00:00:00.0001579" startTime="2026-09-22T13:01:27.1257513+02:00" endTime="2026-09-22T13:01:27.1257513+02:00" testType="13cdc9d9-ddb5-4fa4-a97d-d965ccfc6d4b" outcome="Passed" testListId="8c84fa94-04c1-424b-9868-57a2d4851a1d" relativeResultsDirectory="97d0a5c3-88ba-4512-b399-e768363edd6b" />
    <UnitTestResult executionId="98ab6366-5d88-4acf-9cf1-e2ae7984b027" testId="f97fb9e8-9cde-1697-02a9-fae118b3003a" testName="TypingEngine.Core.Tests.LayoutJsonParserTests.Parse_MissingRows_NamesTheRootProperty" computerName="AZERTY_GLOBAL" duration="00:00:00.0001587" startTime="2026-09-22T13:01:27.1258006+02:00" endTime="2026-09-22T13:01:27.1258007+02:00" testType="13cdc9d9-ddb5-4fa4-a97d-d965ccfc6d4b" outcome="Passed" testListId="8c84fa94-04c1-424b-9868-57a2d4851a1d" relativeResultsDirectory="98ab6366-5d88-4acf-9cf1-e2ae7984b027" />
    <UnitTestResult executionId="a2bdc201-1a81-4fc3-b329-9709c58d13e5" testId="ea15c6a9-4f42-e107-6ff2-873e8005bedd" testName="TypingEngine.Core.Tests.LayoutJsonParserTests.Parse_DeadKeysThatIsNotAnObject_NamesTheProperty" computerName="AZERTY_GLOBAL" duration="00:00:00.0001580" startTime="2026-09-22T13:01:27.1258891+02:00" endTime="2026-09-22T13:01:27.1258891+02:00" testType="13cdc9d9-ddb5-4fa4-a97d-d965ccfc6d4b" outcome="Passed" testListId="8c84fa94-04c1-424b-9868-57a2d4851a1d" relativeResultsDirectory="a2bdc201-1a81-4fc3-b329-9709c58d13e5" />
    <UnitTestResult executionId="3bf2240d-899b-490f-9992-1a523ba735c1" testId="82d58971-6a4c-d3ed-0b93-0d5c9c88a9b9" testName="TypingEngine.Core.Tests.LayoutJsonParserTests.Parse_CompositionThatIsNotAString_NamesTheTableEntry" computerName="AZERTY_GLOBAL" duration="00:00:00.0001117" startTime="2026-09-22T13:01:27.1259333+02:00" endTime="2026-09-22T13:01:27.1259333+02:00" testType="13cdc9d9-ddb5-4fa4-a97d-d965ccfc6d4b" outcome="Passed" testListId="8c84fa94-04c1-424b-9868-57a2d4851a1d" relativeResultsDirectory="3bf2240d-899b-490f-9992-1a523ba735c1" />
    <UnitTestResult executionId="16b7fe34-8943-4869-b167-b5b83c8485d3" testId="a668fba6-7ed9-18dd-fde4-b4f657ff587c" testName="TypingEngine.Core.Tests.CompositionEngineOrphanDeadKeyTests.KnownDeadKey_StillComposes" computerName="AZERTY_GLOBAL" duration="00:00:00.9343705" startTime="2026-09-22T13:01:27.1157462+02:00" endTime="2026-09-22T13:01:27.1157556+02:00" testType="13cdc9d9-ddb5-4fa4-a97d-d965ccfc6d4b" outcome="Passed" testListId="8c84fa94-04c1-424b-9868-57a2d4851a1d" relativeResultsDirectory="16b7fe34-8943-4869-b167-b5b83c8485d3" />
    <UnitTestResult executionId="ebbc786b-d1df-432d-a1fa-7ec94b7076f7" testId="11094eff-c5b7-8ce7-11b0-5a15007da09c" testName="TypingEngine.Core.Tests.LayoutJsonParserTests.Parse_MissingPosition_NamesTheKeyThatLacksIt" computerName="AZERTY_GLOBAL" duration="00:00:00.0001745" startTime="2026-09-22T13:01:27.1257078+02:00" endTime="2026-09-22T13:01:27.1257078+02:00" testType="13cdc9d9-ddb5-4fa4-a97d-d965ccfc6d4b" outcome="Passed" testListId="8c84fa94-04c1-424b-9868-57a2d4851a1d" relativeResultsDirectory="ebbc786b-d1df-432d-a1fa-7ec94b7076f7" />
    <UnitTestResult executionId="0e53e08d-6ea9-41db-9644-66ef273555b9" testId="01a52257-0e16-e53e-20f1-4dfc388a7ff6" testName="TypingEngine.Core.Tests.LayoutJsonParserTests.Parse_AcceptsSupportedScancodeFormats(scancode: &quot;18&quot;)" computerName="AZERTY_GLOBAL" duration="00:00:00.0000276" startTime="2026-09-22T13:01:27.1254374+02:00" endTime="2026-09-22T13:01:27.1254375+02:00" testType="13cdc9d9-ddb5-4fa4-a97d-d965ccfc6d4b" outcome="Passed" testListId="8c84fa94-04c1-424b-9868-57a2d4851a1d" relativeResultsDirectory="0e53e08d-6ea9-41db-9644-66ef273555b9" />
    <UnitTestResult executionId="c0e2ce92-a873-45f4-9024-7c2167cbc88a" testId="c0333e87-f4b7-d4a4-bd81-776ccd19a79a" testName="TypingEngine.Core.Tests.CompositionEngineOrphanDeadKeyTests.ActivatingUnknownDeadKey_IsAcceptedWithoutValidation" computerName="AZERTY_GLOBAL" duration="00:00:00.0000519" startTime="2026-09-22T13:01:27.1183842+02:00" endTime="2026-09-22T13:01:27.1183842+02:00" testType="13cdc9d9-ddb5-4fa4-a97d-d965ccfc6d4b" outcome="Passed" testListId="8c84fa94-04c1-424b-9868-57a2d4851a1d" relativeResultsDirectory="c0e2ce92-a873-45f4-9024-7c2167cbc88a" />
    <UnitTestResult executionId="b2fbcb96-5075-4295-a8ff-f70bc3415efd" testId="f6ba6b1e-0b24-15b6-52f9-7acdb73f389c" testName="TypingEngine.Core.Tests.CompositionEngineTests.DeadKeyThenCompatibleCharacter_EmitsComposition" computerName="AZERTY_GLOBAL" duration="00:00:00.9331233" startTime="2026-09-22T13:01:27.1173864+02:00" endTime="2026-09-22T13:01:27.1173865+02:00" testType="13cdc9d9-ddb5-4fa4-a97d-d965ccfc6d4b" outcome="Passed" testListId="8c84fa94-04c1-424b-9868-57a2d4851a1d" relativeResultsDirectory="b2fbcb96-5075-4295-a8ff-f70bc3415efd" />
    <UnitTestResult executionId="19438610-df25-4486-9925-0d87aac6c7dd" testId="a6140cf1-cbb8-d1f4-b655-db42638611b2" testName="TypingEngine.Core.Tests.LayoutJsonParserTests.Parse_ScancodeBeyondUintRange_NamesTheKeyAndTheValue" computerName="AZERTY_GLOBAL" duration="00:00:00.0007560" startTime="2026-09-22T13:01:27.1256460+02:00" endTime="2026-09-22T13:01:27.1256461+02:00" testType="13cdc9d9-ddb5-4fa4-a97d-d965ccfc6d4b" outcome="Passed" testListId="8c84fa94-04c1-424b-9868-57a2d4851a1d" relativeResultsDirectory="19438610-df25-4486-9925-0d87aac6c7dd" />
    <UnitTestResult executionId="3423958f-f436-4884-8a63-a1fabae56e54" testId="d2fb4330-eba9-0c5b-0c9e-3f31e232a847" testName="TypingEngine.Core.Tests.LayoutJsonParserTests.Parse_AcceptsSupportedScancodeFormats(scancode: &quot;SC012&quot;)" computerName="AZERTY_GLOBAL" duration="00:00:00.0001985" startTime="2026-09-22T13:01:27.1185750+02:00" endTime="2026-09-22T13:01:27.1185750+02:00" testType="13cdc9d9-ddb5-4fa4-a97d-d965ccfc6d4b" outcome="Passed" testListId="8c84fa94-04c1-424b-9868-57a2d4851a1d" relativeResultsDirectory="3423958f-f436-4884-8a63-a1fabae56e54" />
    <UnitTestResult executionId="8a7c98c9-e157-4b05-84aa-531096c39454" testId="e04f158e-cd67-3e8c-aced-d3c03f720bac" testName="TypingEngine.Core.Tests.LayoutJsonParserTests.Parse_RowsThatIsNotAnArray_SaysSoInsteadOfFailingOnEnumeration" computerName="AZERTY_GLOBAL" duration="00:00:00.0010839" startTime="2026-09-22T13:01:27.1258428+02:00" endTime="2026-09-22T13:01:27.1258429+02:00" testType="13cdc9d9-ddb5-4fa4-a97d-d965ccfc6d4b" outcome="Passed" testListId="8c84fa94-04c1-424b-9868-57a2d4851a1d" relativeResultsDirectory="8a7c98c9-e157-4b05-84aa-531096c39454" />
    <UnitTestResult executionId="69b3a4b5-b503-430a-a211-8e33af05e06b" testId="206064c5-35eb-4003-309d-1e907e29f5c8" testName="TypingEngine.Core.Tests.CompositionEngineTests.Cancel_ClearsPendingCompositionWithoutOutput" computerName="AZERTY_GLOBAL" duration="00:00:00.0002565" startTime="2026-09-22T13:01:27.1183528+02:00" endTime="2026-09-22T13:01:27.1183528+02:00" testType="13cdc9d9-ddb5-4fa4-a97d-d965ccfc6d4b" outcome="Passed" testListId="8c84fa94-04c1-424b-9868-57a2d4851a1d" relativeResultsDirectory="69b3a4b5-b503-430a-a211-8e33af05e06b" />
    <UnitTestResult executionId="ab6f5d4e-f3bd-44dc-90f8-2495c39971e7" testId="4be480dc-0084-7d17-631a-f0921c1249f5" testName="TypingEngine.Core.Tests.CompositionEngineOrphanDeadKeyTests.ResolvingUnknownDeadKey_ReturnsCharacterAndClaimsStateChange" computerName="AZERTY_GLOBAL" duration="00:00:00.0002954" startTime="2026-09-22T13:01:27.1182805+02:00" endTime="2026-09-22T13:01:27.1182806+02:00" testType="13cdc9d9-ddb5-4fa4-a97d-d965ccfc6d4b" outcome="Passed" testListId="8c84fa94-04c1-424b-9868-57a2d4851a1d" relativeResultsDirectory="ab6f5d4e-f3bd-44dc-90f8-2495c39971e7" />
  </Results>
  <TestDefinitions>
    <UnitTest name="TypingEngine.Core.Tests.CompositionEngineTests.DeadKeyThenCompatibleCharacter_EmitsComposition" storage="d:\my files\keyboard layouts\projects\azerty-global\components\microsoft-store\src\typingengine.core.tests\bin\release\net8.0\typingengine.core.tests.dll" id="f6ba6b1e-0b24-15b6-52f9-7acdb73f389c">
      <Execution id="b2fbcb96-5075-4295-a8ff-f70bc3415efd" />
      <TestMethod codeBase="D:\My files\Keyboard Layouts\projects\azerty-global\components\microsoft-store\src\TypingEngine.Core.Tests\bin\Release\net8.0\TypingEngine.Core.Tests.dll" adapterTypeName="executor://xunit/VsTestRunner2/netcoreapp" className="TypingEngine.Core.Tests.CompositionEngineTests" name="DeadKeyThenCompatibleCharacter_EmitsComposition" />
    </UnitTest>
    <UnitTest name="TypingEngine.Core.Tests.LayoutJsonParserTests.Parse_AcceptsSupportedScancodeFormats(scancode: &quot;SC012&quot;)" storage="d:\my files\keyboard layouts\projects\azerty-global\components\microsoft-store\src\typingengine.core.tests\bin\release\net8.0\typingengine.core.tests.dll" id="d2fb4330-eba9-0c5b-0c9e-3f31e232a847">
      <Execution id="3423958f-f436-4884-8a63-a1fabae56e54" />
      <TestMethod codeBase="D:\My files\Keyboard Layouts\projects\azerty-global\components\microsoft-store\src\TypingEngine.Core.Tests\bin\Release\net8.0\TypingEngine.Core.Tests.dll" adapterTypeName="executor://xunit/VsTestRunner2/netcoreapp" className="TypingEngine.Core.Tests.LayoutJsonParserTests" name="Parse_AcceptsSupportedScancodeFormats" />
    </UnitTest>
    <UnitTest name="TypingEngine.Core.Tests.CompositionEngineTests.Cancel_ClearsPendingCompositionWithoutOutput" storage="d:\my files\keyboard layouts\projects\azerty-global\components\microsoft-store\src\typingengine.core.tests\bin\release\net8.0\typingengine.core.tests.dll" id="206064c5-35eb-4003-309d-1e907e29f5c8">
      <Execution id="69b3a4b5-b503-430a-a211-8e33af05e06b" />
      <TestMethod codeBase="D:\My files\Keyboard Layouts\projects\azerty-global\components\microsoft-store\src\TypingEngine.Core.Tests\bin\Release\net8.0\TypingEngine.Core.Tests.dll" adapterTypeName="executor://xunit/VsTestRunner2/netcoreapp" className="TypingEngine.Core.Tests.CompositionEngineTests" name="Cancel_ClearsPendingCompositionWithoutOutput" />
    </UnitTest>
    <UnitTest name="TypingEngine.Core.Tests.CompositionEngineOrphanDeadKeyTests.KnownDeadKey_StillComposes" storage="d:\my files\keyboard layouts\projects\azerty-global\components\microsoft-store\src\typingengine.core.tests\bin\release\net8.0\typingengine.core.tests.dll" id="a668fba6-7ed9-18dd-fde4-b4f657ff587c">
      <Execution id="16b7fe34-8943-4869-b167-b5b83c8485d3" />
      <TestMethod codeBase="D:\My files\Keyboard Layouts\projects\azerty-global\components\microsoft-store\src\TypingEngine.Core.Tests\bin\Release\net8.0\TypingEngine.Core.Tests.dll" adapterTypeName="executor://xunit/VsTestRunner2/netcoreapp" className="TypingEngine.Core.Tests.CompositionEngineOrphanDeadKeyTests" name="KnownDeadKey_StillComposes" />
    </UnitTest>
    <UnitTest name="TypingEngine.Core.Tests.CompositionEngineOrphanDeadKeyTests.ActivatingUnknownDeadKey_IsAcceptedWithoutValidation" storage="d:\my files\keyboard layouts\projects\azerty-global\components\microsoft-store\src\typingengine.core.tests\bin\release\net8.0\typingengine.core.tests.dll" id="c0333e87-f4b7-d4a4-bd81-776ccd19a79a">
      <Execution id="c0e2ce92-a873-45f4-9024-7c2167cbc88a" />
      <TestMethod codeBase="D:\My files\Keyboard Layouts\projects\azerty-global\components\microsoft-store\src\TypingEngine.Core.Tests\bin\Release\net8.0\TypingEngine.Core.Tests.dll" adapterTypeName="executor://xunit/VsTestRunner2/netcoreapp" className="TypingEngine.Core.Tests.CompositionEngineOrphanDeadKeyTests" name="ActivatingUnknownDeadKey_IsAcceptedWithoutValidation" />
    </UnitTest>
    <UnitTest name="TypingEngine.Core.Tests.LayoutJsonParserTests.Parse_RowsThatIsNotAnArray_SaysSoInsteadOfFailingOnEnumeration" storage="d:\my files\keyboard layouts\projects\azerty-global\components\microsoft-store\src\typingengine.core.tests\bin\release\net8.0\typingengine.core.tests.dll" id="e04f158e-cd67-3e8c-aced-d3c03f720bac">
      <Execution id="8a7c98c9-e157-4b05-84aa-531096c39454" />
      <TestMethod codeBase="D:\My files\Keyboard Layouts\projects\azerty-global\components\microsoft-store\src\TypingEngine.Core.Tests\bin\Release\net8.0\TypingEngine.Core.Tests.dll" adapterTypeName="executor://xunit/VsTestRunner2/netcoreapp" className="TypingEngine.Core.Tests.LayoutJsonParserTests" name="Parse_RowsThatIsNotAnArray_SaysSoInsteadOfFailingOnEnumeration" />
    </UnitTest>
    <UnitTest name="TypingEngine.Core.Tests.LayoutJsonParserTests.Parse_AcceptsSupportedScancodeFormats(scancode: &quot;0x12&quot;)" storage="d:\my files\keyboard layouts\projects\azerty-global\components\microsoft-store\src\typingengine.core.tests\bin\release\net8.0\typingengine.core.tests.dll" id="cda95ffd-5367-6067-649e-afd887f202d4">
      <Execution id="28afe430-db1a-4360-8801-71552af31e23" />
      <TestMethod codeBase="D:\My files\Keyboard Layouts\projects\azerty-global\components\microsoft-store\src\TypingEngine.Core.Tests\bin\Release\net8.0\TypingEngine.Core.Tests.dll" adapterTypeName="executor://xunit/VsTestRunner2/netcoreapp" className="TypingEngine.Core.Tests.LayoutJsonParserTests" name="Parse_AcceptsSupportedScancodeFormats" />
    </UnitTest>
    <UnitTest name="TypingEngine.Core.Tests.LayoutJsonParserTests.Parse_DeadKeysThatIsNotAnObject_NamesTheProperty" storage="d:\my files\keyboard layouts\projects\azerty-global\components\microsoft-store\src\typingengine.core.tests\bin\release\net8.0\typingengine.core.tests.dll" id="ea15c6a9-4f42-e107-6ff2-873e8005bedd">
      <Execution id="a2bdc201-1a81-4fc3-b329-9709c58d13e5" />
      <TestMethod codeBase="D:\My files\Keyboard Layouts\projects\azerty-global\components\microsoft-store\src\TypingEngine.Core.Tests\bin\Release\net8.0\TypingEngine.Core.Tests.dll" adapterTypeName="executor://xunit/VsTestRunner2/netcoreapp" className="TypingEngine.Core.Tests.LayoutJsonParserTests" name="Parse_DeadKeysThatIsNotAnObject_NamesTheProperty" />
    </UnitTest>
    <UnitTest name="TypingEngine.Core.Tests.CompositionEngineOrphanDeadKeyTests.ChainingFromUnknownDeadKey_YieldsEmptyIsolatedForm" storage="d:\my files\keyboard layouts\projects\azerty-global\components\microsoft-store\src\typingengine.core.tests\bin\release\net8.0\typingengine.core.tests.dll" id="e933a0d8-ff68-9b02-4e80-4742dc0b3d92">
      <Execution id="28843d51-5527-49e6-a1a1-225489c654ad" />
      <TestMethod codeBase="D:\My files\Keyboard Layouts\projects\azerty-global\components\microsoft-store\src\TypingEngine.Core.Tests\bin\Release\net8.0\TypingEngine.Core.Tests.dll" adapterTypeName="executor://xunit/VsTestRunner2/netcoreapp" className="TypingEngine.Core.Tests.CompositionEngineOrphanDeadKeyTests" name="ChainingFromUnknownDeadKey_YieldsEmptyIsolatedForm" />
    </UnitTest>
    <UnitTest name="TypingEngine.Core.Tests.LayoutJsonParserTests.Parse_CompositionThatIsNotAString_NamesTheTableEntry" storage="d:\my files\keyboard layouts\projects\azerty-global\components\microsoft-store\src\typingengine.core.tests\bin\release\net8.0\typingengine.core.tests.dll" id="82d58971-6a4c-d3ed-0b93-0d5c9c88a9b9">
      <Execution id="3bf2240d-899b-490f-9992-1a523ba735c1" />
      <TestMethod codeBase="D:\My files\Keyboard Layouts\projects\azerty-global\components\microsoft-store\src\TypingEngine.Core.Tests\bin\Release\net8.0\TypingEngine.Core.Tests.dll" adapterTypeName="executor://xunit/VsTestRunner2/netcoreapp" className="TypingEngine.Core.Tests.LayoutJsonParserTests" name="Parse_CompositionThatIsNotAString_NamesTheTableEntry" />
    </UnitTest>
    <UnitTest name="TypingEngine.Core.Tests.LayoutJsonParserTests.Parse_MissingPosition_NamesTheKeyThatLacksIt" storage="d:\my files\keyboard layouts\projects\azerty-global\components\microsoft-store\src\typingengine.core.tests\bin\release\net8.0\typingengine.core.tests.dll" id="11094eff-c5b7-8ce7-11b0-5a15007da09c">
      <Execution id="ebbc786b-d1df-432d-a1fa-7ec94b7076f7" />
      <TestMethod codeBase="D:\My files\Keyboard Layouts\projects\azerty-global\components\microsoft-store\src\TypingEngine.Core.Tests\bin\Release\net8.0\TypingEngine.Core.Tests.dll" adapterTypeName="executor://xunit/VsTestRunner2/netcoreapp" className="TypingEngine.Core.Tests.LayoutJsonParserTests" name="Parse_MissingPosition_NamesTheKeyThatLacksIt" />
    </UnitTest>
    <UnitTest name="TypingEngine.Core.Tests.LayoutJsonParserTests.Parse_ScancodeBeyondUintRange_NamesTheKeyAndTheValue" storage="d:\my files\keyboard layouts\projects\azerty-global\components\microsoft-store\src\typingengine.core.tests\bin\release\net8.0\typingengine.core.tests.dll" id="a6140cf1-cbb8-d1f4-b655-db42638611b2">
      <Execution id="19438610-df25-4486-9925-0d87aac6c7dd" />
      <TestMethod codeBase="D:\My files\Keyboard Layouts\projects\azerty-global\components\microsoft-store\src\TypingEngine.Core.Tests\bin\Release\net8.0\TypingEngine.Core.Tests.dll" adapterTypeName="executor://xunit/VsTestRunner2/netcoreapp" className="TypingEngine.Core.Tests.LayoutJsonParserTests" name="Parse_ScancodeBeyondUintRange_NamesTheKeyAndTheValue" />
    </UnitTest>
    <UnitTest name="TypingEngine.Core.Tests.LayoutJsonParserTests.Parse_MissingRows_NamesTheRootProperty" storage="d:\my files\keyboard layouts\projects\azerty-global\components\microsoft-store\src\typingengine.core.tests\bin\release\net8.0\typingengine.core.tests.dll" id="f97fb9e8-9cde-1697-02a9-fae118b3003a">
      <Execution id="98ab6366-5d88-4acf-9cf1-e2ae7984b027" />
      <TestMethod codeBase="D:\My files\Keyboard Layouts\projects\azerty-global\components\microsoft-store\src\TypingEngine.Core.Tests\bin\Release\net8.0\TypingEngine.Core.Tests.dll" adapterTypeName="executor://xunit/VsTestRunner2/netcoreapp" className="TypingEngine.Core.Tests.LayoutJsonParserTests" name="Parse_MissingRows_NamesTheRootProperty" />
    </UnitTest>
    <UnitTest name="TypingEngine.Core.Tests.LayoutJsonParserTests.Parse_AcceptsSupportedScancodeFormats(scancode: &quot;18&quot;)" storage="d:\my files\keyboard layouts\projects\azerty-global\components\microsoft-store\src\typingengine.core.tests\bin\release\net8.0\typingengine.core.tests.dll" id="01a52257-0e16-e53e-20f1-4dfc388a7ff6">
      <Execution id="0e53e08d-6ea9-41db-9644-66ef273555b9" />
      <TestMethod codeBase="D:\My files\Keyboard Layouts\projects\azerty-global\components\microsoft-store\src\TypingEngine.Core.Tests\bin\Release\net8.0\TypingEngine.Core.Tests.dll" adapterTypeName="executor://xunit/VsTestRunner2/netcoreapp" className="TypingEngine.Core.Tests.LayoutJsonParserTests" name="Parse_AcceptsSupportedScancodeFormats" />
    </UnitTest>
    <UnitTest name="TypingEngine.Core.Tests.LayoutJsonParserTests.Parse_MissingScancode_NamesTheKeyThatLacksIt" storage="d:\my files\keyboard layouts\projects\azerty-global\components\microsoft-store\src\typingengine.core.tests\bin\release\net8.0\typingengine.core.tests.dll" id="7c119c4b-6007-9edd-932f-67ea416f9ca0">
      <Execution id="3c0f5c32-13bd-4c34-8d7f-961cddbc5b55" />
      <TestMethod codeBase="D:\My files\Keyboard Layouts\projects\azerty-global\components\microsoft-store\src\TypingEngine.Core.Tests\bin\Release\net8.0\TypingEngine.Core.Tests.dll" adapterTypeName="executor://xunit/VsTestRunner2/netcoreapp" className="TypingEngine.Core.Tests.LayoutJsonParserTests" name="Parse_MissingScancode_NamesTheKeyThatLacksIt" />
    </UnitTest>
    <UnitTest name="TypingEngine.Core.Tests.CompositionEngineOrphanDeadKeyTests.ResolvingUnknownDeadKey_ReturnsCharacterAndClaimsStateChange" storage="d:\my files\keyboard layouts\projects\azerty-global\components\microsoft-store\src\typingengine.core.tests\bin\release\net8.0\typingengine.core.tests.dll" id="4be480dc-0084-7d17-631a-f0921c1249f5">
      <Execution id="ab6f5d4e-f3bd-44dc-90f8-2495c39971e7" />
      <TestMethod codeBase="D:\My files\Keyboard Layouts\projects\azerty-global\components\microsoft-store\src\TypingEngine.Core.Tests\bin\Release\net8.0\TypingEngine.Core.Tests.dll" adapterTypeName="executor://xunit/VsTestRunner2/netcoreapp" className="TypingEngine.Core.Tests.CompositionEngineOrphanDeadKeyTests" name="ResolvingUnknownDeadKey_ReturnsCharacterAndClaimsStateChange" />
    </UnitTest>
    <UnitTest name="TypingEngine.Core.Tests.LayoutJsonParserTests.Parse_MissingKeys_NamesTheRowThatLacksThem" storage="d:\my files\keyboard layouts\projects\azerty-global\components\microsoft-store\src\typingengine.core.tests\bin\release\net8.0\typingengine.core.tests.dll" id="688ed2c4-b825-bb8a-a192-ebe24b306bfb">
      <Execution id="97d0a5c3-88ba-4512-b399-e768363edd6b" />
      <TestMethod codeBase="D:\My files\Keyboard Layouts\projects\azerty-global\components\microsoft-store\src\TypingEngine.Core.Tests\bin\Release\net8.0\TypingEngine.Core.Tests.dll" adapterTypeName="executor://xunit/VsTestRunner2/netcoreapp" className="TypingEngine.Core.Tests.LayoutJsonParserTests" name="Parse_MissingKeys_NamesTheRowThatLacksThem" />
    </UnitTest>
    <UnitTest name="TypingEngine.Core.Tests.CompositionEngineTests.DeadKeyThenUnsupportedCharacter_EmitsIsolatedMarkAndCharacter" storage="d:\my files\keyboard layouts\projects\azerty-global\components\microsoft-store\src\typingengine.core.tests\bin\release\net8.0\typingengine.core.tests.dll" id="f268131e-155d-68fa-c0a9-c8c9236d93fc">
      <Execution id="91700bf4-4308-442b-81f9-c93b4cb72379" />
      <TestMethod codeBase="D:\My files\Keyboard Layouts\projects\azerty-global\components\microsoft-store\src\TypingEngine.Core.Tests\bin\Release\net8.0\TypingEngine.Core.Tests.dll" adapterTypeName="executor://xunit/VsTestRunner2/netcoreapp" className="TypingEngine.Core.Tests.CompositionEngineTests" name="DeadKeyThenUnsupportedCharacter_EmitsIsolatedMarkAndCharacter" />
    </UnitTest>
  </TestDefinitions>
  <TestEntries>
    <TestEntry testId="cda95ffd-5367-6067-649e-afd887f202d4" executionId="28afe430-db1a-4360-8801-71552af31e23" testListId="8c84fa94-04c1-424b-9868-57a2d4851a1d" />
    <TestEntry testId="7c119c4b-6007-9edd-932f-67ea416f9ca0" executionId="3c0f5c32-13bd-4c34-8d7f-961cddbc5b55" testListId="8c84fa94-04c1-424b-9868-57a2d4851a1d" />
    <TestEntry testId="e933a0d8-ff68-9b02-4e80-4742dc0b3d92" executionId="28843d51-5527-49e6-a1a1-225489c654ad" testListId="8c84fa94-04c1-424b-9868-57a2d4851a1d" />
    <TestEntry testId="f268131e-155d-68fa-c0a9-c8c9236d93fc" executionId="91700bf4-4308-442b-81f9-c93b4cb72379" testListId="8c84fa94-04c1-424b-9868-57a2d4851a1d" />
    <TestEntry testId="688ed2c4-b825-bb8a-a192-ebe24b306bfb" executionId="97d0a5c3-88ba-4512-b399-e768363edd6b" testListId="8c84fa94-04c1-424b-9868-57a2d4851a1d" />
    <TestEntry testId="f97fb9e8-9cde-1697-02a9-fae118b3003a" executionId="98ab6366-5d88-4acf-9cf1-e2ae7984b027" testListId="8c84fa94-04c1-424b-9868-57a2d4851a1d" />
    <TestEntry testId="ea15c6a9-4f42-e107-6ff2-873e8005bedd" executionId="a2bdc201-1a81-4fc3-b329-9709c58d13e5" testListId="8c84fa94-04c1-424b-9868-57a2d4851a1d" />
    <TestEntry testId="82d58971-6a4c-d3ed-0b93-0d5c9c88a9b9" executionId="3bf2240d-899b-490f-9992-1a523ba735c1" testListId="8c84fa94-04c1-424b-9868-57a2d4851a1d" />
    <TestEntry testId="a668fba6-7ed9-18dd-fde4-b4f657ff587c" executionId="16b7fe34-8943-4869-b167-b5b83c8485d3" testListId="8c84fa94-04c1-424b-9868-57a2d4851a1d" />
    <TestEntry testId="11094eff-c5b7-8ce7-11b0-5a15007da09c" executionId="ebbc786b-d1df-432d-a1fa-7ec94b7076f7" testListId="8c84fa94-04c1-424b-9868-57a2d4851a1d" />
    <TestEntry testId="01a52257-0e16-e53e-20f1-4dfc388a7ff6" executionId="0e53e08d-6ea9-41db-9644-66ef273555b9" testListId="8c84fa94-04c1-424b-9868-57a2d4851a1d" />
    <TestEntry testId="c0333e87-f4b7-d4a4-bd81-776ccd19a79a" executionId="c0e2ce92-a873-45f4-9024-7c2167cbc88a" testListId="8c84fa94-04c1-424b-9868-57a2d4851a1d" />
    <TestEntry testId="f6ba6b1e-0b24-15b6-52f9-7acdb73f389c" executionId="b2fbcb96-5075-4295-a8ff-f70bc3415efd" testListId="8c84fa94-04c1-424b-9868-57a2d4851a1d" />
    <TestEntry testId="a6140cf1-cbb8-d1f4-b655-db42638611b2" executionId="19438610-df25-4486-9925-0d87aac6c7dd" testListId="8c84fa94-04c1-424b-9868-57a2d4851a1d" />
    <TestEntry testId="d2fb4330-eba9-0c5b-0c9e-3f31e232a847" executionId="3423958f-f436-4884-8a63-a1fabae56e54" testListId="8c84fa94-04c1-424b-9868-57a2d4851a1d" />
    <TestEntry testId="e04f158e-cd67-3e8c-aced-d3c03f720bac" executionId="8a7c98c9-e157-4b05-84aa-531096c39454" testListId="8c84fa94-04c1-424b-9868-57a2d4851a1d" />
    <TestEntry testId="206064c5-35eb-4003-309d-1e907e29f5c8" executionId="69b3a4b5-b503-430a-a211-8e33af05e06b" testListId="8c84fa94-04c1-424b-9868-57a2d4851a1d" />
    <TestEntry testId="4be480dc-0084-7d17-631a-f0921c1249f5" executionId="ab6f5d4e-f3bd-44dc-90f8-2495c39971e7" testListId="8c84fa94-04c1-424b-9868-57a2d4851a1d" />
  </TestEntries>
  <TestLists>
    <TestList name="Results Not in a List" id="8c84fa94-04c1-424b-9868-57a2d4851a1d" />
    <TestList name="All Loaded Results" id="19431567-8539-422a-85d7-44ee4e166bda" />
  </TestLists>
  <ResultSummary outcome="Completed">
    <Counters total="18" executed="18" passed="18" failed="0" error="0" timeout="0" aborted="0" inconclusive="0" passedButRunAborted="0" notRunnable="0" notExecuted="0" disconnected="0" warning="0" completed="0" inProgress="0" pending="0" />
    <Output>
      <StdOut>[xUnit.net 00:00:00.00] xUnit.net VSTest Adapter v2.5.0.1+5ebf84cd75 (64-bit .NET 8.0.31)&#xD;
[xUnit.net 00:00:02.84]   Discovering: TypingEngine.Core.Tests&#xD;
[xUnit.net 00:00:02.87]   Discovered:  TypingEngine.Core.Tests&#xD;
[xUnit.net 00:00:02.87]   Starting:    TypingEngine.Core.Tests&#xD;
[xUnit.net 00:00:03.84]   Finished:    TypingEngine.Core.Tests&#xD;
</StdOut>
    </Output>
  </ResultSummary>
</TestRun>