<?xml version="1.0" encoding="utf-8"?>
<TestRun id="28671fa7-bdc2-4ceb-84bf-5067ed307dd9" name="antoi@AZERTY_GLOBAL 2026-09-15 13:24:46" runUser="AZERTY_GLOBAL\CodexSandboxOffline" xmlns="http://microsoft.com/schemas/VisualStudio/TeamTest/2010">
  <Times creation="2026-09-15T13:24:46.8304797+02:00" queuing="2026-09-15T13:24:46.8304800+02:00" start="2026-09-15T13:24:46.4284643+02:00" finish="2026-09-15T13:24:46.8463321+02:00" />
  <TestSettings name="default" id="4aa8a3f9-134b-46fa-b115-eee6d5161bc4">
    <Deployment runDeploymentRoot="antoi_AZERTY_GLOBAL_2026-09-15_13_24_46" />
  </TestSettings>
  <Results>
    <UnitTestResult executionId="3ae6b655-6d29-4660-bff8-f22755857480" testId="206064c5-35eb-4003-309d-1e907e29f5c8" testName="TypingEngine.Core.Tests.CompositionEngineTests.Cancel_ClearsPendingCompositionWithoutOutput" computerName="AZERTY_GLOBAL" duration="00:00:00.0001323" startTime="2026-09-15T13:24:46.7989793+02:00" endTime="2026-09-15T13:24:46.7989793+02:00" testType="13cdc9d9-ddb5-4fa4-a97d-d965ccfc6d4b" outcome="Passed" testListId="8c84fa94-04c1-424b-9868-57a2d4851a1d" relativeResultsDirectory="3ae6b655-6d29-4660-bff8-f22755857480" />
    <UnitTestResult executionId="832e44d7-8365-41d4-b33e-636885ce2b56" testId="f268131e-155d-68fa-c0a9-c8c9236d93fc" testName="TypingEngine.Core.Tests.CompositionEngineTests.DeadKeyThenUnsupportedCharacter_EmitsIsolatedMarkAndCharacter" computerName="AZERTY_GLOBAL" duration="00:00:00.0000510" startTime="2026-09-15T13:24:46.7989503+02:00" endTime="2026-09-15T13:24:46.7989503+02:00" testType="13cdc9d9-ddb5-4fa4-a97d-d965ccfc6d4b" outcome="Passed" testListId="8c84fa94-04c1-424b-9868-57a2d4851a1d" relativeResultsDirectory="832e44d7-8365-41d4-b33e-636885ce2b56" />
    <UnitTestResult executionId="7fe06175-30eb-4307-8ea1-443e913ff125" testId="a6140cf1-cbb8-d1f4-b655-db42638611b2" testName="TypingEngine.Core.Tests.LayoutJsonParserTests.Parse_ScancodeBeyondUintRange_NamesTheKeyAndTheValue" computerName="AZERTY_GLOBAL" duration="00:00:00.0007370" startTime="2026-09-15T13:24:46.8137804+02:00" endTime="2026-09-15T13:24:46.8137804+02:00" testType="13cdc9d9-ddb5-4fa4-a97d-d965ccfc6d4b" outcome="Passed" testListId="8c84fa94-04c1-424b-9868-57a2d4851a1d" relativeResultsDirectory="7fe06175-30eb-4307-8ea1-443e913ff125" />
    <UnitTestResult executionId="d0e09678-c2c0-45ed-bee4-8904170a0bc1" testId="e04f158e-cd67-3e8c-aced-d3c03f720bac" testName="TypingEngine.Core.Tests.LayoutJsonParserTests.Parse_RowsThatIsNotAnArray_SaysSoInsteadOfFailingOnEnumeration" computerName="AZERTY_GLOBAL" duration="00:00:00.0008217" startTime="2026-09-15T13:24:46.8138322+02:00" endTime="2026-09-15T13:24:46.8138322+02:00" testType="13cdc9d9-ddb5-4fa4-a97d-d965ccfc6d4b" outcome="Passed" testListId="8c84fa94-04c1-424b-9868-57a2d4851a1d" relativeResultsDirectory="d0e09678-c2c0-45ed-bee4-8904170a0bc1" />
    <UnitTestResult executionId="f951a072-153f-48b7-81e6-700ed6385929" testId="7c119c4b-6007-9edd-932f-67ea416f9ca0" testName="TypingEngine.Core.Tests.LayoutJsonParserTests.Parse_MissingScancode_NamesTheKeyThatLacksIt" computerName="AZERTY_GLOBAL" duration="00:00:00.0000619" startTime="2026-09-15T13:24:46.8138696+02:00" endTime="2026-09-15T13:24:46.8138696+02:00" testType="13cdc9d9-ddb5-4fa4-a97d-d965ccfc6d4b" outcome="Passed" testListId="8c84fa94-04c1-424b-9868-57a2d4851a1d" relativeResultsDirectory="f951a072-153f-48b7-81e6-700ed6385929" />
    <UnitTestResult executionId="35198e8c-41b1-4edd-a055-b0101ec80d27" testId="d2fb4330-eba9-0c5b-0c9e-3f31e232a847" testName="TypingEngine.Core.Tests.LayoutJsonParserTests.Parse_AcceptsSupportedScancodeFormats(scancode: &quot;SC012&quot;)" computerName="AZERTY_GLOBAL" duration="00:00:00.0001663" startTime="2026-09-15T13:24:46.7990543+02:00" endTime="2026-09-15T13:24:46.7990543+02:00" testType="13cdc9d9-ddb5-4fa4-a97d-d965ccfc6d4b" outcome="Passed" testListId="8c84fa94-04c1-424b-9868-57a2d4851a1d" relativeResultsDirectory="35198e8c-41b1-4edd-a055-b0101ec80d27" />
    <UnitTestResult executionId="3d668e55-61ef-425a-a138-7e0f2be2f229" testId="a668fba6-7ed9-18dd-fde4-b4f657ff587c" testName="TypingEngine.Core.Tests.CompositionEngineOrphanDeadKeyTests.KnownDeadKey_StillComposes" computerName="AZERTY_GLOBAL" duration="00:00:00.0042090" startTime="2026-09-15T13:24:46.7987993+02:00" endTime="2026-09-15T13:24:46.7987995+02:00" testType="13cdc9d9-ddb5-4fa4-a97d-d965ccfc6d4b" outcome="Passed" testListId="8c84fa94-04c1-424b-9868-57a2d4851a1d" relativeResultsDirectory="3d668e55-61ef-425a-a138-7e0f2be2f229" />
    <UnitTestResult executionId="3ecba3d5-3e62-4f16-8c87-8a4858bd2f51" testId="e933a0d8-ff68-9b02-4e80-4742dc0b3d92" testName="TypingEngine.Core.Tests.CompositionEngineOrphanDeadKeyTests.ChainingFromUnknownDeadKey_YieldsEmptyIsolatedForm" computerName="AZERTY_GLOBAL" duration="00:00:00.0000662" startTime="2026-09-15T13:24:46.7990009+02:00" endTime="2026-09-15T13:24:46.7990009+02:00" testType="13cdc9d9-ddb5-4fa4-a97d-d965ccfc6d4b" outcome="Passed" testListId="8c84fa94-04c1-424b-9868-57a2d4851a1d" relativeResultsDirectory="3ecba3d5-3e62-4f16-8c87-8a4858bd2f51" />
    <UnitTestResult executionId="9a22e79b-1f8c-4852-9b83-9929e47361cf" testId="ea15c6a9-4f42-e107-6ff2-873e8005bedd" testName="TypingEngine.Core.Tests.LayoutJsonParserTests.Parse_DeadKeysThatIsNotAnObject_NamesTheProperty" computerName="AZERTY_GLOBAL" duration="00:00:00.0001083" startTime="2026-09-15T13:24:46.8138433+02:00" endTime="2026-09-15T13:24:46.8138434+02:00" testType="13cdc9d9-ddb5-4fa4-a97d-d965ccfc6d4b" outcome="Passed" testListId="8c84fa94-04c1-424b-9868-57a2d4851a1d" relativeResultsDirectory="9a22e79b-1f8c-4852-9b83-9929e47361cf" />
    <UnitTestResult executionId="c7652eb7-8cf0-49ec-957c-01be4d9c9e81" testId="cda95ffd-5367-6067-649e-afd887f202d4" testName="TypingEngine.Core.Tests.LayoutJsonParserTests.Parse_AcceptsSupportedScancodeFormats(scancode: &quot;0x12&quot;)" computerName="AZERTY_GLOBAL" duration="00:00:00.0059672" startTime="2026-09-15T13:24:46.7990210+02:00" endTime="2026-09-15T13:24:46.7990210+02:00" testType="13cdc9d9-ddb5-4fa4-a97d-d965ccfc6d4b" outcome="Passed" testListId="8c84fa94-04c1-424b-9868-57a2d4851a1d" relativeResultsDirectory="c7652eb7-8cf0-49ec-957c-01be4d9c9e81" />
    <UnitTestResult executionId="9ac85e45-8864-4d84-8b28-66131c380698" testId="11094eff-c5b7-8ce7-11b0-5a15007da09c" testName="TypingEngine.Core.Tests.LayoutJsonParserTests.Parse_MissingPosition_NamesTheKeyThatLacksIt" computerName="AZERTY_GLOBAL" duration="00:00:00.0001011" startTime="2026-09-15T13:24:46.8137946+02:00" endTime="2026-09-15T13:24:46.8137947+02:00" testType="13cdc9d9-ddb5-4fa4-a97d-d965ccfc6d4b" outcome="Passed" testListId="8c84fa94-04c1-424b-9868-57a2d4851a1d" relativeResultsDirectory="9ac85e45-8864-4d84-8b28-66131c380698" />
    <UnitTestResult executionId="9b9cc78a-9b93-440d-adbb-d6962b082ab3" testId="4be480dc-0084-7d17-631a-f0921c1249f5" testName="TypingEngine.Core.Tests.CompositionEngineOrphanDeadKeyTests.ResolvingUnknownDeadKey_ReturnsCharacterAndClaimsStateChange" computerName="AZERTY_GLOBAL" duration="00:00:00.0001295" startTime="2026-09-15T13:24:46.7989640+02:00" endTime="2026-09-15T13:24:46.7989640+02:00" testType="13cdc9d9-ddb5-4fa4-a97d-d965ccfc6d4b" outcome="Passed" testListId="8c84fa94-04c1-424b-9868-57a2d4851a1d" relativeResultsDirectory="9b9cc78a-9b93-440d-adbb-d6962b082ab3" />
    <UnitTestResult executionId="a2bd1276-f7d8-453f-a6ce-fdb0dcbd2f9c" testId="c0333e87-f4b7-d4a4-bd81-776ccd19a79a" testName="TypingEngine.Core.Tests.CompositionEngineOrphanDeadKeyTests.ActivatingUnknownDeadKey_IsAcceptedWithoutValidation" computerName="AZERTY_GLOBAL" duration="00:00:00.0000756" startTime="2026-09-15T13:24:46.7989891+02:00" endTime="2026-09-15T13:24:46.7989891+02:00" testType="13cdc9d9-ddb5-4fa4-a97d-d965ccfc6d4b" outcome="Passed" testListId="8c84fa94-04c1-424b-9868-57a2d4851a1d" relativeResultsDirectory="a2bd1276-f7d8-453f-a6ce-fdb0dcbd2f9c" />
    <UnitTestResult executionId="f5511856-1d16-4efa-9155-80e7c82bbab6" testId="f6ba6b1e-0b24-15b6-52f9-7acdb73f389c" testName="TypingEngine.Core.Tests.CompositionEngineTests.DeadKeyThenCompatibleCharacter_EmitsComposition" computerName="AZERTY_GLOBAL" duration="00:00:00.0029814" startTime="2026-09-15T13:24:46.7971613+02:00" endTime="2026-09-15T13:24:46.7971710+02:00" testType="13cdc9d9-ddb5-4fa4-a97d-d965ccfc6d4b" outcome="Passed" testListId="8c84fa94-04c1-424b-9868-57a2d4851a1d" relativeResultsDirectory="f5511856-1d16-4efa-9155-80e7c82bbab6" />
    <UnitTestResult executionId="417dda64-ca33-402e-8bee-6b6142cde781" testId="82d58971-6a4c-d3ed-0b93-0d5c9c88a9b9" testName="TypingEngine.Core.Tests.LayoutJsonParserTests.Parse_CompositionThatIsNotAString_NamesTheTableEntry" computerName="AZERTY_GLOBAL" duration="00:00:00.0000843" startTime="2026-09-15T13:24:46.8138578+02:00" endTime="2026-09-15T13:24:46.8138579+02:00" testType="13cdc9d9-ddb5-4fa4-a97d-d965ccfc6d4b" outcome="Passed" testListId="8c84fa94-04c1-424b-9868-57a2d4851a1d" relativeResultsDirectory="417dda64-ca33-402e-8bee-6b6142cde781" />
    <UnitTestResult executionId="6d12b3e3-58c6-4d36-8229-8b5e1d8d2cee" testId="f97fb9e8-9cde-1697-02a9-fae118b3003a" testName="TypingEngine.Core.Tests.LayoutJsonParserTests.Parse_MissingRows_NamesTheRootProperty" computerName="AZERTY_GLOBAL" duration="00:00:00.0000947" startTime="2026-09-15T13:24:46.8138205+02:00" endTime="2026-09-15T13:24:46.8138205+02:00" testType="13cdc9d9-ddb5-4fa4-a97d-d965ccfc6d4b" outcome="Passed" testListId="8c84fa94-04c1-424b-9868-57a2d4851a1d" relativeResultsDirectory="6d12b3e3-58c6-4d36-8229-8b5e1d8d2cee" />
    <UnitTestResult executionId="3cde1bbc-905e-4fd5-9c98-f077d48b88d7" testId="688ed2c4-b825-bb8a-a192-ebe24b306bfb" testName="TypingEngine.Core.Tests.LayoutJsonParserTests.Parse_MissingKeys_NamesTheRowThatLacksThem" computerName="AZERTY_GLOBAL" duration="00:00:00.0000932" startTime="2026-09-15T13:24:46.8138075+02:00" endTime="2026-09-15T13:24:46.8138075+02:00" testType="13cdc9d9-ddb5-4fa4-a97d-d965ccfc6d4b" outcome="Passed" testListId="8c84fa94-04c1-424b-9868-57a2d4851a1d" relativeResultsDirectory="3cde1bbc-905e-4fd5-9c98-f077d48b88d7" />
    <UnitTestResult executionId="194c2a3a-3dff-4738-884f-fe9e0326aced" testId="01a52257-0e16-e53e-20f1-4dfc388a7ff6" testName="TypingEngine.Core.Tests.LayoutJsonParserTests.Parse_AcceptsSupportedScancodeFormats(scancode: &quot;18&quot;)" computerName="AZERTY_GLOBAL" duration="00:00:00.0000232" startTime="2026-09-15T13:24:46.8136839+02:00" endTime="2026-09-15T13:24:46.8136841+02:00" testType="13cdc9d9-ddb5-4fa4-a97d-d965ccfc6d4b" outcome="Passed" testListId="8c84fa94-04c1-424b-9868-57a2d4851a1d" relativeResultsDirectory="194c2a3a-3dff-4738-884f-fe9e0326aced" />
  </Results>
  <TestDefinitions>
    <UnitTest name="TypingEngine.Core.Tests.CompositionEngineTests.DeadKeyThenCompatibleCharacter_EmitsComposition" storage="d:\my files\keyboard layouts\projects\azerty-global\components\microsoft-store\src\typingengine.core.tests\bin\release\net8.0\typingengine.core.tests.dll" id="f6ba6b1e-0b24-15b6-52f9-7acdb73f389c">
      <Execution id="f5511856-1d16-4efa-9155-80e7c82bbab6" />
      <TestMethod codeBase="D:\My files\Keyboard Layouts\projects\azerty-global\components\microsoft-store\src\TypingEngine.Core.Tests\bin\Release\net8.0\TypingEngine.Core.Tests.dll" adapterTypeName="executor://xunit/VsTestRunner2/netcoreapp" className="TypingEngine.Core.Tests.CompositionEngineTests" name="DeadKeyThenCompatibleCharacter_EmitsComposition" />
    </UnitTest>
    <UnitTest name="TypingEngine.Core.Tests.LayoutJsonParserTests.Parse_AcceptsSupportedScancodeFormats(scancode: &quot;SC012&quot;)" storage="d:\my files\keyboard layouts\projects\azerty-global\components\microsoft-store\src\typingengine.core.tests\bin\release\net8.0\typingengine.core.tests.dll" id="d2fb4330-eba9-0c5b-0c9e-3f31e232a847">
      <Execution id="35198e8c-41b1-4edd-a055-b0101ec80d27" />
      <TestMethod codeBase="D:\My files\Keyboard Layouts\projects\azerty-global\components\microsoft-store\src\TypingEngine.Core.Tests\bin\Release\net8.0\TypingEngine.Core.Tests.dll" adapterTypeName="executor://xunit/VsTestRunner2/netcoreapp" className="TypingEngine.Core.Tests.LayoutJsonParserTests" name="Parse_AcceptsSupportedScancodeFormats" />
    </UnitTest>
    <UnitTest name="TypingEngine.Core.Tests.CompositionEngineTests.Cancel_ClearsPendingCompositionWithoutOutput" storage="d:\my files\keyboard layouts\projects\azerty-global\components\microsoft-store\src\typingengine.core.tests\bin\release\net8.0\typingengine.core.tests.dll" id="206064c5-35eb-4003-309d-1e907e29f5c8">
      <Execution id="3ae6b655-6d29-4660-bff8-f22755857480" />
      <TestMethod codeBase="D:\My files\Keyboard Layouts\projects\azerty-global\components\microsoft-store\src\TypingEngine.Core.Tests\bin\Release\net8.0\TypingEngine.Core.Tests.dll" adapterTypeName="executor://xunit/VsTestRunner2/netcoreapp" className="TypingEngine.Core.Tests.CompositionEngineTests" name="Cancel_ClearsPendingCompositionWithoutOutput" />
    </UnitTest>
    <UnitTest name="TypingEngine.Core.Tests.CompositionEngineOrphanDeadKeyTests.KnownDeadKey_StillComposes" storage="d:\my files\keyboard layouts\projects\azerty-global\components\microsoft-store\src\typingengine.core.tests\bin\release\net8.0\typingengine.core.tests.dll" id="a668fba6-7ed9-18dd-fde4-b4f657ff587c">
      <Execution id="3d668e55-61ef-425a-a138-7e0f2be2f229" />
      <TestMethod codeBase="D:\My files\Keyboard Layouts\projects\azerty-global\components\microsoft-store\src\TypingEngine.Core.Tests\bin\Release\net8.0\TypingEngine.Core.Tests.dll" adapterTypeName="executor://xunit/VsTestRunner2/netcoreapp" className="TypingEngine.Core.Tests.CompositionEngineOrphanDeadKeyTests" name="KnownDeadKey_StillComposes" />
    </UnitTest>
    <UnitTest name="TypingEngine.Core.Tests.CompositionEngineOrphanDeadKeyTests.ActivatingUnknownDeadKey_IsAcceptedWithoutValidation" storage="d:\my files\keyboard layouts\projects\azerty-global\components\microsoft-store\src\typingengine.core.tests\bin\release\net8.0\typingengine.core.tests.dll" id="c0333e87-f4b7-d4a4-bd81-776ccd19a79a">
      <Execution id="a2bd1276-f7d8-453f-a6ce-fdb0dcbd2f9c" />
      <TestMethod codeBase="D:\My files\Keyboard Layouts\projects\azerty-global\components\microsoft-store\src\TypingEngine.Core.Tests\bin\Release\net8.0\TypingEngine.Core.Tests.dll" adapterTypeName="executor://xunit/VsTestRunner2/netcoreapp" className="TypingEngine.Core.Tests.CompositionEngineOrphanDeadKeyTests" name="ActivatingUnknownDeadKey_IsAcceptedWithoutValidation" />
    </UnitTest>
    <UnitTest name="TypingEngine.Core.Tests.LayoutJsonParserTests.Parse_RowsThatIsNotAnArray_SaysSoInsteadOfFailingOnEnumeration" storage="d:\my files\keyboard layouts\projects\azerty-global\components\microsoft-store\src\typingengine.core.tests\bin\release\net8.0\typingengine.core.tests.dll" id="e04f158e-cd67-3e8c-aced-d3c03f720bac">
      <Execution id="d0e09678-c2c0-45ed-bee4-8904170a0bc1" />
      <TestMethod codeBase="D:\My files\Keyboard Layouts\projects\azerty-global\components\microsoft-store\src\TypingEngine.Core.Tests\bin\Release\net8.0\TypingEngine.Core.Tests.dll" adapterTypeName="executor://xunit/VsTestRunner2/netcoreapp" className="TypingEngine.Core.Tests.LayoutJsonParserTests" name="Parse_RowsThatIsNotAnArray_SaysSoInsteadOfFailingOnEnumeration" />
    </UnitTest>
    <UnitTest name="TypingEngine.Core.Tests.LayoutJsonParserTests.Parse_AcceptsSupportedScancodeFormats(scancode: &quot;0x12&quot;)" storage="d:\my files\keyboard layouts\projects\azerty-global\components\microsoft-store\src\typingengine.core.tests\bin\release\net8.0\typingengine.core.tests.dll" id="cda95ffd-5367-6067-649e-afd887f202d4">
      <Execution id="c7652eb7-8cf0-49ec-957c-01be4d9c9e81" />
      <TestMethod codeBase="D:\My files\Keyboard Layouts\projects\azerty-global\components\microsoft-store\src\TypingEngine.Core.Tests\bin\Release\net8.0\TypingEngine.Core.Tests.dll" adapterTypeName="executor://xunit/VsTestRunner2/netcoreapp" className="TypingEngine.Core.Tests.LayoutJsonParserTests" name="Parse_AcceptsSupportedScancodeFormats" />
    </UnitTest>
    <UnitTest name="TypingEngine.Core.Tests.LayoutJsonParserTests.Parse_DeadKeysThatIsNotAnObject_NamesTheProperty" storage="d:\my files\keyboard layouts\projects\azerty-global\components\microsoft-store\src\typingengine.core.tests\bin\release\net8.0\typingengine.core.tests.dll" id="ea15c6a9-4f42-e107-6ff2-873e8005bedd">
      <Execution id="9a22e79b-1f8c-4852-9b83-9929e47361cf" />
      <TestMethod codeBase="D:\My files\Keyboard Layouts\projects\azerty-global\components\microsoft-store\src\TypingEngine.Core.Tests\bin\Release\net8.0\TypingEngine.Core.Tests.dll" adapterTypeName="executor://xunit/VsTestRunner2/netcoreapp" className="TypingEngine.Core.Tests.LayoutJsonParserTests" name="Parse_DeadKeysThatIsNotAnObject_NamesTheProperty" />
    </UnitTest>
    <UnitTest name="TypingEngine.Core.Tests.CompositionEngineOrphanDeadKeyTests.ChainingFromUnknownDeadKey_YieldsEmptyIsolatedForm" storage="d:\my files\keyboard layouts\projects\azerty-global\components\microsoft-store\src\typingengine.core.tests\bin\release\net8.0\typingengine.core.tests.dll" id="e933a0d8-ff68-9b02-4e80-4742dc0b3d92">
      <Execution id="3ecba3d5-3e62-4f16-8c87-8a4858bd2f51" />
      <TestMethod codeBase="D:\My files\Keyboard Layouts\projects\azerty-global\components\microsoft-store\src\TypingEngine.Core.Tests\bin\Release\net8.0\TypingEngine.Core.Tests.dll" adapterTypeName="executor://xunit/VsTestRunner2/netcoreapp" className="TypingEngine.Core.Tests.CompositionEngineOrphanDeadKeyTests" name="ChainingFromUnknownDeadKey_YieldsEmptyIsolatedForm" />
    </UnitTest>
    <UnitTest name="TypingEngine.Core.Tests.LayoutJsonParserTests.Parse_CompositionThatIsNotAString_NamesTheTableEntry" storage="d:\my files\keyboard layouts\projects\azerty-global\components\microsoft-store\src\typingengine.core.tests\bin\release\net8.0\typingengine.core.tests.dll" id="82d58971-6a4c-d3ed-0b93-0d5c9c88a9b9">
      <Execution id="417dda64-ca33-402e-8bee-6b6142cde781" />
      <TestMethod codeBase="D:\My files\Keyboard Layouts\projects\azerty-global\components\microsoft-store\src\TypingEngine.Core.Tests\bin\Release\net8.0\TypingEngine.Core.Tests.dll" adapterTypeName="executor://xunit/VsTestRunner2/netcoreapp" className="TypingEngine.Core.Tests.LayoutJsonParserTests" name="Parse_CompositionThatIsNotAString_NamesTheTableEntry" />
    </UnitTest>
    <UnitTest name="TypingEngine.Core.Tests.LayoutJsonParserTests.Parse_MissingPosition_NamesTheKeyThatLacksIt" storage="d:\my files\keyboard layouts\projects\azerty-global\components\microsoft-store\src\typingengine.core.tests\bin\release\net8.0\typingengine.core.tests.dll" id="11094eff-c5b7-8ce7-11b0-5a15007da09c">
      <Execution id="9ac85e45-8864-4d84-8b28-66131c380698" />
      <TestMethod codeBase="D:\My files\Keyboard Layouts\projects\azerty-global\components\microsoft-store\src\TypingEngine.Core.Tests\bin\Release\net8.0\TypingEngine.Core.Tests.dll" adapterTypeName="executor://xunit/VsTestRunner2/netcoreapp" className="TypingEngine.Core.Tests.LayoutJsonParserTests" name="Parse_MissingPosition_NamesTheKeyThatLacksIt" />
    </UnitTest>
    <UnitTest name="TypingEngine.Core.Tests.LayoutJsonParserTests.Parse_ScancodeBeyondUintRange_NamesTheKeyAndTheValue" storage="d:\my files\keyboard layouts\projects\azerty-global\components\microsoft-store\src\typingengine.core.tests\bin\release\net8.0\typingengine.core.tests.dll" id="a6140cf1-cbb8-d1f4-b655-db42638611b2">
      <Execution id="7fe06175-30eb-4307-8ea1-443e913ff125" />
      <TestMethod codeBase="D:\My files\Keyboard Layouts\projects\azerty-global\components\microsoft-store\src\TypingEngine.Core.Tests\bin\Release\net8.0\TypingEngine.Core.Tests.dll" adapterTypeName="executor://xunit/VsTestRunner2/netcoreapp" className="TypingEngine.Core.Tests.LayoutJsonParserTests" name="Parse_ScancodeBeyondUintRange_NamesTheKeyAndTheValue" />
    </UnitTest>
    <UnitTest name="TypingEngine.Core.Tests.LayoutJsonParserTests.Parse_MissingRows_NamesTheRootProperty" storage="d:\my files\keyboard layouts\projects\azerty-global\components\microsoft-store\src\typingengine.core.tests\bin\release\net8.0\typingengine.core.tests.dll" id="f97fb9e8-9cde-1697-02a9-fae118b3003a">
      <Execution id="6d12b3e3-58c6-4d36-8229-8b5e1d8d2cee" />
      <TestMethod codeBase="D:\My files\Keyboard Layouts\projects\azerty-global\components\microsoft-store\src\TypingEngine.Core.Tests\bin\Release\net8.0\TypingEngine.Core.Tests.dll" adapterTypeName="executor://xunit/VsTestRunner2/netcoreapp" className="TypingEngine.Core.Tests.LayoutJsonParserTests" name="Parse_MissingRows_NamesTheRootProperty" />
    </UnitTest>
    <UnitTest name="TypingEngine.Core.Tests.LayoutJsonParserTests.Parse_AcceptsSupportedScancodeFormats(scancode: &quot;18&quot;)" storage="d:\my files\keyboard layouts\projects\azerty-global\components\microsoft-store\src\typingengine.core.tests\bin\release\net8.0\typingengine.core.tests.dll" id="01a52257-0e16-e53e-20f1-4dfc388a7ff6">
      <Execution id="194c2a3a-3dff-4738-884f-fe9e0326aced" />
      <TestMethod codeBase="D:\My files\Keyboard Layouts\projects\azerty-global\components\microsoft-store\src\TypingEngine.Core.Tests\bin\Release\net8.0\TypingEngine.Core.Tests.dll" adapterTypeName="executor://xunit/VsTestRunner2/netcoreapp" className="TypingEngine.Core.Tests.LayoutJsonParserTests" name="Parse_AcceptsSupportedScancodeFormats" />
    </UnitTest>
    <UnitTest name="TypingEngine.Core.Tests.LayoutJsonParserTests.Parse_MissingScancode_NamesTheKeyThatLacksIt" storage="d:\my files\keyboard layouts\projects\azerty-global\components\microsoft-store\src\typingengine.core.tests\bin\release\net8.0\typingengine.core.tests.dll" id="7c119c4b-6007-9edd-932f-67ea416f9ca0">
      <Execution id="f951a072-153f-48b7-81e6-700ed6385929" />
      <TestMethod codeBase="D:\My files\Keyboard Layouts\projects\azerty-global\components\microsoft-store\src\TypingEngine.Core.Tests\bin\Release\net8.0\TypingEngine.Core.Tests.dll" adapterTypeName="executor://xunit/VsTestRunner2/netcoreapp" className="TypingEngine.Core.Tests.LayoutJsonParserTests" name="Parse_MissingScancode_NamesTheKeyThatLacksIt" />
    </UnitTest>
    <UnitTest name="TypingEngine.Core.Tests.CompositionEngineOrphanDeadKeyTests.ResolvingUnknownDeadKey_ReturnsCharacterAndClaimsStateChange" storage="d:\my files\keyboard layouts\projects\azerty-global\components\microsoft-store\src\typingengine.core.tests\bin\release\net8.0\typingengine.core.tests.dll" id="4be480dc-0084-7d17-631a-f0921c1249f5">
      <Execution id="9b9cc78a-9b93-440d-adbb-d6962b082ab3" />
      <TestMethod codeBase="D:\My files\Keyboard Layouts\projects\azerty-global\components\microsoft-store\src\TypingEngine.Core.Tests\bin\Release\net8.0\TypingEngine.Core.Tests.dll" adapterTypeName="executor://xunit/VsTestRunner2/netcoreapp" className="TypingEngine.Core.Tests.CompositionEngineOrphanDeadKeyTests" name="ResolvingUnknownDeadKey_ReturnsCharacterAndClaimsStateChange" />
    </UnitTest>
    <UnitTest name="TypingEngine.Core.Tests.LayoutJsonParserTests.Parse_MissingKeys_NamesTheRowThatLacksThem" storage="d:\my files\keyboard layouts\projects\azerty-global\components\microsoft-store\src\typingengine.core.tests\bin\release\net8.0\typingengine.core.tests.dll" id="688ed2c4-b825-bb8a-a192-ebe24b306bfb">
      <Execution id="3cde1bbc-905e-4fd5-9c98-f077d48b88d7" />
      <TestMethod codeBase="D:\My files\Keyboard Layouts\projects\azerty-global\components\microsoft-store\src\TypingEngine.Core.Tests\bin\Release\net8.0\TypingEngine.Core.Tests.dll" adapterTypeName="executor://xunit/VsTestRunner2/netcoreapp" className="TypingEngine.Core.Tests.LayoutJsonParserTests" name="Parse_MissingKeys_NamesTheRowThatLacksThem" />
    </UnitTest>
    <UnitTest name="TypingEngine.Core.Tests.CompositionEngineTests.DeadKeyThenUnsupportedCharacter_EmitsIsolatedMarkAndCharacter" storage="d:\my files\keyboard layouts\projects\azerty-global\components\microsoft-store\src\typingengine.core.tests\bin\release\net8.0\typingengine.core.tests.dll" id="f268131e-155d-68fa-c0a9-c8c9236d93fc">
      <Execution id="832e44d7-8365-41d4-b33e-636885ce2b56" />
      <TestMethod codeBase="D:\My files\Keyboard Layouts\projects\azerty-global\components\microsoft-store\src\TypingEngine.Core.Tests\bin\Release\net8.0\TypingEngine.Core.Tests.dll" adapterTypeName="executor://xunit/VsTestRunner2/netcoreapp" className="TypingEngine.Core.Tests.CompositionEngineTests" name="DeadKeyThenUnsupportedCharacter_EmitsIsolatedMarkAndCharacter" />
    </UnitTest>
  </TestDefinitions>
  <TestEntries>
    <TestEntry testId="206064c5-35eb-4003-309d-1e907e29f5c8" executionId="3ae6b655-6d29-4660-bff8-f22755857480" testListId="8c84fa94-04c1-424b-9868-57a2d4851a1d" />
    <TestEntry testId="f268131e-155d-68fa-c0a9-c8c9236d93fc" executionId="832e44d7-8365-41d4-b33e-636885ce2b56" testListId="8c84fa94-04c1-424b-9868-57a2d4851a1d" />
    <TestEntry testId="a6140cf1-cbb8-d1f4-b655-db42638611b2" executionId="7fe06175-30eb-4307-8ea1-443e913ff125" testListId="8c84fa94-04c1-424b-9868-57a2d4851a1d" />
    <TestEntry testId="e04f158e-cd67-3e8c-aced-d3c03f720bac" executionId="d0e09678-c2c0-45ed-bee4-8904170a0bc1" testListId="8c84fa94-04c1-424b-9868-57a2d4851a1d" />
    <TestEntry testId="7c119c4b-6007-9edd-932f-67ea416f9ca0" executionId="f951a072-153f-48b7-81e6-700ed6385929" testListId="8c84fa94-04c1-424b-9868-57a2d4851a1d" />
    <TestEntry testId="d2fb4330-eba9-0c5b-0c9e-3f31e232a847" executionId="35198e8c-41b1-4edd-a055-b0101ec80d27" testListId="8c84fa94-04c1-424b-9868-57a2d4851a1d" />
    <TestEntry testId="a668fba6-7ed9-18dd-fde4-b4f657ff587c" executionId="3d668e55-61ef-425a-a138-7e0f2be2f229" testListId="8c84fa94-04c1-424b-9868-57a2d4851a1d" />
    <TestEntry testId="e933a0d8-ff68-9b02-4e80-4742dc0b3d92" executionId="3ecba3d5-3e62-4f16-8c87-8a4858bd2f51" testListId="8c84fa94-04c1-424b-9868-57a2d4851a1d" />
    <TestEntry testId="ea15c6a9-4f42-e107-6ff2-873e8005bedd" executionId="9a22e79b-1f8c-4852-9b83-9929e47361cf" testListId="8c84fa94-04c1-424b-9868-57a2d4851a1d" />
    <TestEntry testId="cda95ffd-5367-6067-649e-afd887f202d4" executionId="c7652eb7-8cf0-49ec-957c-01be4d9c9e81" testListId="8c84fa94-04c1-424b-9868-57a2d4851a1d" />
    <TestEntry testId="11094eff-c5b7-8ce7-11b0-5a15007da09c" executionId="9ac85e45-8864-4d84-8b28-66131c380698" testListId="8c84fa94-04c1-424b-9868-57a2d4851a1d" />
    <TestEntry testId="4be480dc-0084-7d17-631a-f0921c1249f5" executionId="9b9cc78a-9b93-440d-adbb-d6962b082ab3" testListId="8c84fa94-04c1-424b-9868-57a2d4851a1d" />
    <TestEntry testId="c0333e87-f4b7-d4a4-bd81-776ccd19a79a" executionId="a2bd1276-f7d8-453f-a6ce-fdb0dcbd2f9c" testListId="8c84fa94-04c1-424b-9868-57a2d4851a1d" />
    <TestEntry testId="f6ba6b1e-0b24-15b6-52f9-7acdb73f389c" executionId="f5511856-1d16-4efa-9155-80e7c82bbab6" testListId="8c84fa94-04c1-424b-9868-57a2d4851a1d" />
    <TestEntry testId="82d58971-6a4c-d3ed-0b93-0d5c9c88a9b9" executionId="417dda64-ca33-402e-8bee-6b6142cde781" testListId="8c84fa94-04c1-424b-9868-57a2d4851a1d" />
    <TestEntry testId="f97fb9e8-9cde-1697-02a9-fae118b3003a" executionId="6d12b3e3-58c6-4d36-8229-8b5e1d8d2cee" testListId="8c84fa94-04c1-424b-9868-57a2d4851a1d" />
    <TestEntry testId="688ed2c4-b825-bb8a-a192-ebe24b306bfb" executionId="3cde1bbc-905e-4fd5-9c98-f077d48b88d7" testListId="8c84fa94-04c1-424b-9868-57a2d4851a1d" />
    <TestEntry testId="01a52257-0e16-e53e-20f1-4dfc388a7ff6" executionId="194c2a3a-3dff-4738-884f-fe9e0326aced" testListId="8c84fa94-04c1-424b-9868-57a2d4851a1d" />
  </TestEntries>
  <TestLists>
    <TestList name="Results Not in a List" id="8c84fa94-04c1-424b-9868-57a2d4851a1d" />
    <TestList name="All Loaded Results" id="19431567-8539-422a-85d7-44ee4e166bda" />
  </TestLists>
  <ResultSummary outcome="Completed">
    <Counters total="18" executed="18" passed="18" failed="0" error="0" timeout="0" aborted="0" inconclusive="0" passedButRunAborted="0" notRunnable="0" notExecuted="0" disconnected="0" warning="0" completed="0" inProgress="0" pending="0" />
    <Output>
      <StdOut>[xUnit.net 00:00:00.00] xUnit.net VSTest Adapter v2.5.0.1+5ebf84cd75 (64-bit .NET 8.0.29)&#xD;
[xUnit.net 00:00:00.04]   Discovering: TypingEngine.Core.Tests&#xD;
[xUnit.net 00:00:00.07]   Discovered:  TypingEngine.Core.Tests&#xD;
[xUnit.net 00:00:00.07]   Starting:    TypingEngine.Core.Tests&#xD;
[xUnit.net 00:00:00.11]   Finished:    TypingEngine.Core.Tests&#xD;
</StdOut>
    </Output>
  </ResultSummary>
</TestRun>