<?xml version="1.0" encoding="utf-8"?>
<TestRun id="f3c8b00a-84c6-489f-bf91-87473b52b11b" name="antoi@AZERTY_GLOBAL 2026-09-15 14:00:58" runUser="AZERTY_GLOBAL\CodexSandboxOffline" xmlns="http://microsoft.com/schemas/VisualStudio/TeamTest/2010">
  <Times creation="2026-09-15T14:00:58.7326175+02:00" queuing="2026-09-15T14:00:58.7326177+02:00" start="2026-09-15T14:00:57.6523967+02:00" finish="2026-09-15T14:00:58.7356752+02:00" />
  <TestSettings name="default" id="87670c4d-cd96-427a-9805-fd63cc1c2fbf">
    <Deployment runDeploymentRoot="antoi_AZERTY_GLOBAL_2026-09-15_14_00_58" />
  </TestSettings>
  <Results>
    <UnitTestResult executionId="ca1c654f-c976-4446-8cc0-c199a787d7f2" testId="1f480c86-43f8-b43b-2f41-806bc58309e1" testName="TypingEngine.Windows.Tests.Audit120ResumeTests.RelachementDansCibleSuspendue_ConserveLaQuarantaineDeLaCiblePrecedente" computerName="AZERTY_GLOBAL" duration="00:00:00.0130323" startTime="2026-09-15T14:00:58.6762242+02:00" endTime="2026-09-15T14:00:58.6762334+02:00" testType="13cdc9d9-ddb5-4fa4-a97d-d965ccfc6d4b" outcome="Failed" testListId="8c84fa94-04c1-424b-9868-57a2d4851a1d" relativeResultsDirectory="ca1c654f-c976-4446-8cc0-c199a787d7f2">
      <Output>
        <ErrorInfo>
          <Message>Assert.Single() Failure: The collection was empty</Message>
          <StackTrace>   at TypingEngine.Windows.Tests.Audit120ResumeTests.RelachementDansCibleSuspendue_ConserveLaQuarantaineDeLaCiblePrecedente() in D:\My files\Keyboard Layouts\projects\azerty-global\components\microsoft-store\src\TypingEngine.Windows.Tests\Audit120ResumeTests.cs:line 77&#xD;
   at System.RuntimeMethodHandle.InvokeMethod(Object target, Void** arguments, Signature sig, Boolean isConstructor)&#xD;
   at System.Reflection.MethodBaseInvoker.InvokeWithNoArgs(Object obj, BindingFlags invokeAttr)</StackTrace>
        </ErrorInfo>
      </Output>
    </UnitTestResult>
  </Results>
  <TestDefinitions>
    <UnitTest name="TypingEngine.Windows.Tests.Audit120ResumeTests.RelachementDansCibleSuspendue_ConserveLaQuarantaineDeLaCiblePrecedente" storage="d:\my files\keyboard layouts\projects\azerty-global\components\microsoft-store\src\typingengine.windows.tests\bin\release\net8.0-windows10.0.17763.0\typingengine.windows.tests.dll" id="1f480c86-43f8-b43b-2f41-806bc58309e1">
      <Execution id="ca1c654f-c976-4446-8cc0-c199a787d7f2" />
      <TestMethod codeBase="D:\My files\Keyboard Layouts\projects\azerty-global\components\microsoft-store\src\TypingEngine.Windows.Tests\bin\Release\net8.0-windows10.0.17763.0\TypingEngine.Windows.Tests.dll" adapterTypeName="executor://xunit/VsTestRunner2/netcoreapp" className="TypingEngine.Windows.Tests.Audit120ResumeTests" name="RelachementDansCibleSuspendue_ConserveLaQuarantaineDeLaCiblePrecedente" />
    </UnitTest>
  </TestDefinitions>
  <TestEntries>
    <TestEntry testId="1f480c86-43f8-b43b-2f41-806bc58309e1" executionId="ca1c654f-c976-4446-8cc0-c199a787d7f2" testListId="8c84fa94-04c1-424b-9868-57a2d4851a1d" />
  </TestEntries>
  <TestLists>
    <TestList name="Results Not in a List" id="8c84fa94-04c1-424b-9868-57a2d4851a1d" />
    <TestList name="All Loaded Results" id="19431567-8539-422a-85d7-44ee4e166bda" />
  </TestLists>
  <ResultSummary outcome="Failed">
    <Counters total="1" executed="1" passed="0" failed="1" error="0" timeout="0" aborted="0" inconclusive="0" passedButRunAborted="0" notRunnable="0" notExecuted="0" disconnected="0" warning="0" completed="0" inProgress="0" pending="0" />
    <Output>
      <StdOut>[xUnit.net 00:00:00.00] xUnit.net VSTest Adapter v2.5.0.1+5ebf84cd75 (64-bit .NET 8.0.29)&#xD;
[xUnit.net 00:00:00.69]   Discovering: TypingEngine.Windows.Tests&#xD;
[xUnit.net 00:00:00.72]   Discovered:  TypingEngine.Windows.Tests&#xD;
[xUnit.net 00:00:00.73]   Starting:    TypingEngine.Windows.Tests&#xD;
[xUnit.net 00:00:00.77]       Assert.Single() Failure: The collection was empty&#xD;
[xUnit.net 00:00:00.77]       Stack Trace:&#xD;
[xUnit.net 00:00:00.77]         D:\My files\Keyboard Layouts\projects\azerty-global\components\microsoft-store\src\TypingEngine.Windows.Tests\Audit120ResumeTests.cs(77,0): at TypingEngine.Windows.Tests.Audit120ResumeTests.RelachementDansCibleSuspendue_ConserveLaQuarantaineDeLaCiblePrecedente()&#xD;
[xUnit.net 00:00:00.77]            at System.RuntimeMethodHandle.InvokeMethod(Object target, Void** arguments, Signature sig, Boolean isConstructor)&#xD;
[xUnit.net 00:00:00.77]            at System.Reflection.MethodBaseInvoker.InvokeWithNoArgs(Object obj, BindingFlags invokeAttr)&#xD;
[xUnit.net 00:00:00.77]   Finished:    TypingEngine.Windows.Tests&#xD;
</StdOut>
    </Output>
    <RunInfos>
      <RunInfo computerName="AZERTY_GLOBAL" outcome="Error" timestamp="2026-09-15T14:00:58.6753096+02:00">
        <Text>[xUnit.net 00:00:00.76]     TypingEngine.Windows.Tests.Audit120ResumeTests.RelachementDansCibleSuspendue_ConserveLaQuarantaineDeLaCiblePrecedente [FAIL]</Text>
      </RunInfo>
    </RunInfos>
  </ResultSummary>
</TestRun>