<?xml version="1.0" encoding="utf-8"?>
<TestRun id="61c5a59e-d880-4351-8653-a33405e326d6" name="antoi@AZERTY_GLOBAL 2026-09-15 13:47:23" runUser="AZERTY_GLOBAL\CodexSandboxOffline" xmlns="http://microsoft.com/schemas/VisualStudio/TeamTest/2010">
  <Times creation="2026-09-15T13:47:23.9724524+02:00" queuing="2026-09-15T13:47:23.9724529+02:00" start="2026-09-15T13:47:22.7210046+02:00" finish="2026-09-15T13:47:23.9901135+02:00" />
  <TestSettings name="default" id="7ae10107-75f7-4d0c-a803-e9383df8a609">
    <Deployment runDeploymentRoot="antoi_AZERTY_GLOBAL_2026-09-15_13_47_23" />
  </TestSettings>
  <Results>
    <UnitTestResult executionId="22a77d7c-1f33-4b7f-ab1a-812c1f9ec2dc" testId="8cd58430-5c6c-fdbd-ec87-574cbb64bf53" testName="TypingEngine.Windows.Tests.Audit120RecoveryTests.ComboPartielle_RelacheMajEtCaractereSansRejouer(sent: 2)" computerName="AZERTY_GLOBAL" duration="00:00:00.0129557" startTime="2026-09-15T13:47:23.9554859+02:00" endTime="2026-09-15T13:47:23.9554859+02:00" testType="13cdc9d9-ddb5-4fa4-a97d-d965ccfc6d4b" outcome="Passed" testListId="8c84fa94-04c1-424b-9868-57a2d4851a1d" relativeResultsDirectory="22a77d7c-1f33-4b7f-ab1a-812c1f9ec2dc" />
    <UnitTestResult executionId="d701f28b-09b4-42ca-9572-e6b4ca52142f" testId="ea97c98c-77d6-c58d-c16c-bb15793c804f" testName="TypingEngine.Windows.Tests.Audit120RegressionTests.Combo_RestaureChaqueMajPhysique(left: True, right: False, needsShift: True)" computerName="AZERTY_GLOBAL" duration="00:00:00.0000017" startTime="2026-09-15T13:47:23.9546508+02:00" endTime="2026-09-15T13:47:23.9546509+02:00" testType="13cdc9d9-ddb5-4fa4-a97d-d965ccfc6d4b" outcome="Passed" testListId="8c84fa94-04c1-424b-9868-57a2d4851a1d" relativeResultsDirectory="d701f28b-09b4-42ca-9572-e6b4ca52142f" />
    <UnitTestResult executionId="81dd658a-bdb7-4213-9e9a-36f52aa3bdda" testId="0e5bdd8a-c1b5-eaa4-e80f-397ba702ef90" testName="TypingEngine.Windows.Tests.Audit120RecoveryTests.RelachementsPartiels_ConserventTouteLaTraceJusquaAcceptationComplete" computerName="AZERTY_GLOBAL" duration="00:00:00.0020336" startTime="2026-09-15T13:47:23.9561510+02:00" endTime="2026-09-15T13:47:23.9561510+02:00" testType="13cdc9d9-ddb5-4fa4-a97d-d965ccfc6d4b" outcome="Passed" testListId="8c84fa94-04c1-424b-9868-57a2d4851a1d" relativeResultsDirectory="81dd658a-bdb7-4213-9e9a-36f52aa3bdda" />
    <UnitTestResult executionId="42261052-d294-40f8-bac7-dd2058b84a62" testId="cca83ef9-d59a-5f79-9ee6-88df80cc3cb3" testName="TypingEngine.Windows.Tests.Audit120RegressionTests.AltCode_RestaureChaqueMajPhysique(left: False, right: True, numLock: True)" computerName="AZERTY_GLOBAL" duration="00:00:00.0001845" startTime="2026-09-15T13:47:23.9544370+02:00" endTime="2026-09-15T13:47:23.9544371+02:00" testType="13cdc9d9-ddb5-4fa4-a97d-d965ccfc6d4b" outcome="Passed" testListId="8c84fa94-04c1-424b-9868-57a2d4851a1d" relativeResultsDirectory="42261052-d294-40f8-bac7-dd2058b84a62" />
    <UnitTestResult executionId="c5d69650-7731-401d-9edd-41deba6433ab" testId="79952c93-c1f5-ac79-d3b2-60671a09be57" testName="TypingEngine.Windows.Tests.Audit120SuspensionTests.Suspension_NettoieSansEmettreDansNouvelleCible" computerName="AZERTY_GLOBAL" duration="00:00:00.0024817" startTime="2026-09-15T13:47:23.9561660+02:00" endTime="2026-09-15T13:47:23.9561660+02:00" testType="13cdc9d9-ddb5-4fa4-a97d-d965ccfc6d4b" outcome="Passed" testListId="8c84fa94-04c1-424b-9868-57a2d4851a1d" relativeResultsDirectory="c5d69650-7731-401d-9edd-41deba6433ab" />
    <UnitTestResult executionId="e79582f4-8919-4e21-9bc6-3ef7f38bc09d" testId="1b873dbb-74a5-e562-1be1-78a6566e3d3e" testName="TypingEngine.Windows.Tests.Audit120SuspensionTests.EmissionIncomplete_NeComptePasLeTexte(sent: 0)" computerName="AZERTY_GLOBAL" duration="00:00:00.0000196" startTime="2026-09-15T13:47:23.9555179+02:00" endTime="2026-09-15T13:47:23.9555179+02:00" testType="13cdc9d9-ddb5-4fa4-a97d-d965ccfc6d4b" outcome="Passed" testListId="8c84fa94-04c1-424b-9868-57a2d4851a1d" relativeResultsDirectory="e79582f4-8919-4e21-9bc6-3ef7f38bc09d" />
    <UnitTestResult executionId="0dcb09d6-26e7-4103-99a7-26a5840b8984" testId="0a10adda-051d-5d5a-5b5d-28c7eba65365" testName="TypingEngine.Windows.Tests.Audit120ResumeTests.EchecCompensation_AssocieChaqueKeyUpAuDownQuiAPasseOuEteAbsorbe" computerName="AZERTY_GLOBAL" duration="00:00:00.0007536" startTime="2026-09-15T13:47:23.9561850+02:00" endTime="2026-09-15T13:47:23.9561850+02:00" testType="13cdc9d9-ddb5-4fa4-a97d-d965ccfc6d4b" outcome="Passed" testListId="8c84fa94-04c1-424b-9868-57a2d4851a1d" relativeResultsDirectory="0dcb09d6-26e7-4103-99a7-26a5840b8984" />
    <UnitTestResult executionId="ecd4942a-9acd-4608-ada0-2ba60eef37e5" testId="e4b3e8a5-3f5c-a705-fd0a-381abf50da90" testName="TypingEngine.Windows.Tests.Audit120ResumeTests.MajPendantSuspension_EstSuiviSansNotificationPuisRespecte(held: True)" computerName="AZERTY_GLOBAL" duration="00:00:00.0001446" startTime="2026-09-15T13:47:23.9558542+02:00" endTime="2026-09-15T13:47:23.9558543+02:00" testType="13cdc9d9-ddb5-4fa4-a97d-d965ccfc6d4b" outcome="Passed" testListId="8c84fa94-04c1-424b-9868-57a2d4851a1d" relativeResultsDirectory="ecd4942a-9acd-4608-ada0-2ba60eef37e5" />
    <UnitTestResult executionId="207ec52f-5d7b-43c4-80bd-3aa638e2ffa3" testId="21c8b837-4cc8-2233-3d2a-ff6dc80354cb" testName="TypingEngine.Windows.Tests.Audit120RegressionTests.RetirerCouche_PurgeDeclencheurEtOneShot(released: False)" computerName="AZERTY_GLOBAL" duration="00:00:00.0001361" startTime="2026-09-15T13:47:23.9384037+02:00" endTime="2026-09-15T13:47:23.9384039+02:00" testType="13cdc9d9-ddb5-4fa4-a97d-d965ccfc6d4b" outcome="Passed" testListId="8c84fa94-04c1-424b-9868-57a2d4851a1d" relativeResultsDirectory="207ec52f-5d7b-43c4-80bd-3aa638e2ffa3" />
    <UnitTestResult executionId="bf550ea4-20c2-43ac-9768-9a52ed91aebd" testId="95482935-a2a3-ac4e-d352-a10d8244381f" testName="TypingEngine.Windows.Tests.Audit120SuspensionTests.Shell_ActualiseIdentiteLayoutEtChampSecurise(shell: &quot;explorer.exe&quot;)" computerName="AZERTY_GLOBAL" duration="00:00:00.0001018" startTime="2026-09-15T13:47:23.9385793+02:00" endTime="2026-09-15T13:47:23.9385793+02:00" testType="13cdc9d9-ddb5-4fa4-a97d-d965ccfc6d4b" outcome="Passed" testListId="8c84fa94-04c1-424b-9868-57a2d4851a1d" relativeResultsDirectory="bf550ea4-20c2-43ac-9768-9a52ed91aebd" />
    <UnitTestResult executionId="3971e6d0-5a62-4024-b502-6b82a8324a95" testId="1c6a1e6d-2208-07f1-fb3f-362ab0051381" testName="TypingEngine.Windows.Tests.Audit120RegressionTests.Combo_RestaureChaqueMajPhysique(left: False, right: True, needsShift: True)" computerName="AZERTY_GLOBAL" duration="00:00:00.0000785" startTime="2026-09-15T13:47:23.9545840+02:00" endTime="2026-09-15T13:47:23.9545841+02:00" testType="13cdc9d9-ddb5-4fa4-a97d-d965ccfc6d4b" outcome="Passed" testListId="8c84fa94-04c1-424b-9868-57a2d4851a1d" relativeResultsDirectory="3971e6d0-5a62-4024-b502-6b82a8324a95" />
    <UnitTestResult executionId="d8a7646d-f3cf-49ac-ae0b-7c8f83645e8a" testId="5e08024c-6a0c-70df-ab2a-8c724b85d7ed" testName="TypingEngine.Windows.Tests.Audit120RegressionTests.RelacheRemappageCtrl_MemeSiAltOuWindowsEstEnfonce(modifier: 91)" computerName="AZERTY_GLOBAL" duration="00:00:00.0000165" startTime="2026-09-15T13:47:23.9564389+02:00" endTime="2026-09-15T13:47:23.9564389+02:00" testType="13cdc9d9-ddb5-4fa4-a97d-d965ccfc6d4b" outcome="Passed" testListId="8c84fa94-04c1-424b-9868-57a2d4851a1d" relativeResultsDirectory="d8a7646d-f3cf-49ac-ae0b-7c8f83645e8a" />
    <UnitTestResult executionId="189953ce-8d71-43a6-af39-9a867c6e9769" testId="6fe064fc-0367-3fd0-1e99-180d221dcc1f" testName="TypingEngine.Windows.Tests.Audit120RecoveryTests.ComboPartielle_RelacheMajEtCaractereSansRejouer(sent: 3)" computerName="AZERTY_GLOBAL" duration="00:00:00.0001241" startTime="2026-09-15T13:47:23.9555331+02:00" endTime="2026-09-15T13:47:23.9555331+02:00" testType="13cdc9d9-ddb5-4fa4-a97d-d965ccfc6d4b" outcome="Passed" testListId="8c84fa94-04c1-424b-9868-57a2d4851a1d" relativeResultsDirectory="189953ce-8d71-43a6-af39-9a867c6e9769" />
    <UnitTestResult executionId="6e7e5476-358c-49fb-b32e-90ea6f4ca4a5" testId="0ad5dd79-5fab-fa17-8fdb-7fe5d9049331" testName="TypingEngine.Windows.Tests.Audit120ResumeTests.KeyUpPossede_PasseAvantUneAutreCompensationRefusee" computerName="AZERTY_GLOBAL" duration="00:00:00.0017991" startTime="2026-09-15T13:47:23.9561366+02:00" endTime="2026-09-15T13:47:23.9561366+02:00" testType="13cdc9d9-ddb5-4fa4-a97d-d965ccfc6d4b" outcome="Passed" testListId="8c84fa94-04c1-424b-9868-57a2d4851a1d" relativeResultsDirectory="6e7e5476-358c-49fb-b32e-90ea6f4ca4a5" />
    <UnitTestResult executionId="6f111b47-cd59-4d11-ab07-3bf014385f2d" testId="9cb359cb-0259-39b2-5047-fa4747eb3976" testName="TypingEngine.Windows.Tests.Audit120ResumeTests.NumLockPendantSuspension_AnnuleTousLesEvenementsDeRestauration" computerName="AZERTY_GLOBAL" duration="00:00:00.0005372" startTime="2026-09-15T13:47:23.9560849+02:00" endTime="2026-09-15T13:47:23.9560850+02:00" testType="13cdc9d9-ddb5-4fa4-a97d-d965ccfc6d4b" outcome="Passed" testListId="8c84fa94-04c1-424b-9868-57a2d4851a1d" relativeResultsDirectory="6f111b47-cd59-4d11-ab07-3bf014385f2d" />
    <UnitTestResult executionId="933713ce-4a4a-424b-b7ab-bf8458c723de" testId="43f5ee13-b5df-bef7-7f4d-13ce3eca89a9" testName="TypingEngine.Windows.Tests.Audit120RegressionTests.Combo_RestaureChaqueMajPhysique(left: True, right: True, needsShift: True)" computerName="AZERTY_GLOBAL" duration="00:00:00.0000024" startTime="2026-09-15T13:47:23.9546228+02:00" endTime="2026-09-15T13:47:23.9546228+02:00" testType="13cdc9d9-ddb5-4fa4-a97d-d965ccfc6d4b" outcome="Passed" testListId="8c84fa94-04c1-424b-9868-57a2d4851a1d" relativeResultsDirectory="933713ce-4a4a-424b-b7ab-bf8458c723de" />
    <UnitTestResult executionId="ed1c4857-8346-452b-8b35-385575175b00" testId="10c2031f-016c-0ca6-8223-f6c1ba60f61c" testName="TypingEngine.Windows.Tests.Audit120RegressionTests.RelacheRemappageCtrl_MemeSiAltOuWindowsEstEnfonce(modifier: 92)" computerName="AZERTY_GLOBAL" duration="00:00:00.0001453" startTime="2026-09-15T13:47:23.9564264+02:00" endTime="2026-09-15T13:47:23.9564264+02:00" testType="13cdc9d9-ddb5-4fa4-a97d-d965ccfc6d4b" outcome="Passed" testListId="8c84fa94-04c1-424b-9868-57a2d4851a1d" relativeResultsDirectory="ed1c4857-8346-452b-8b35-385575175b00" />
    <UnitTestResult executionId="1effe18f-22e1-4683-89f2-bd3bd4d6152b" testId="62002429-0f7d-aede-1534-cabf5a046fdc" testName="TypingEngine.Windows.Tests.Audit120SuspensionTests.EmissionIncomplete_NeComptePasLeTexte(sent: 3)" computerName="AZERTY_GLOBAL" duration="00:00:00.0046579" startTime="2026-09-15T13:47:23.9554720+02:00" endTime="2026-09-15T13:47:23.9554721+02:00" testType="13cdc9d9-ddb5-4fa4-a97d-d965ccfc6d4b" outcome="Passed" testListId="8c84fa94-04c1-424b-9868-57a2d4851a1d" relativeResultsDirectory="1effe18f-22e1-4683-89f2-bd3bd4d6152b" />
    <UnitTestResult executionId="15dd9b58-05d7-4894-9a68-6d3a656c4fa3" testId="2a4dd16b-8084-e800-4b11-5677012fbe09" testName="TypingEngine.Windows.Tests.Audit120RegressionTests.SondesLayout_PreserventEtatToucheMorte_EtCapsLock" computerName="AZERTY_GLOBAL" duration="00:00:00.0012622" startTime="2026-09-15T13:47:23.9564532+02:00" endTime="2026-09-15T13:47:23.9564532+02:00" testType="13cdc9d9-ddb5-4fa4-a97d-d965ccfc6d4b" outcome="Passed" testListId="8c84fa94-04c1-424b-9868-57a2d4851a1d" relativeResultsDirectory="15dd9b58-05d7-4894-9a68-6d3a656c4fa3" />
    <UnitTestResult executionId="1a149f76-fe7d-4072-a107-15b436d9d412" testId="4c3139bf-abed-cc43-4488-9b3f7607817f" testName="TypingEngine.Windows.Tests.Audit120ResumeTests.MajPendantSuspension_EstSuiviSansNotificationPuisRespecte(held: False)" computerName="AZERTY_GLOBAL" duration="00:00:00.0136613" startTime="2026-09-15T13:47:23.9558247+02:00" endTime="2026-09-15T13:47:23.9558248+02:00" testType="13cdc9d9-ddb5-4fa4-a97d-d965ccfc6d4b" outcome="Passed" testListId="8c84fa94-04c1-424b-9868-57a2d4851a1d" relativeResultsDirectory="1a149f76-fe7d-4072-a107-15b436d9d412" />
    <UnitTestResult executionId="01cc8a63-a994-4a2b-8dba-f4c24ecaaf65" testId="cd3af2f9-f041-3ccb-3f8c-1c3ee951b9f4" testName="TypingEngine.Windows.Tests.Audit120RegressionTests.AltCode_RestaureChaqueMajPhysique(left: True, right: True, numLock: True)" computerName="AZERTY_GLOBAL" duration="00:00:00.0024181" startTime="2026-09-15T13:47:23.9389944+02:00" endTime="2026-09-15T13:47:23.9389945+02:00" testType="13cdc9d9-ddb5-4fa4-a97d-d965ccfc6d4b" outcome="Passed" testListId="8c84fa94-04c1-424b-9868-57a2d4851a1d" relativeResultsDirectory="01cc8a63-a994-4a2b-8dba-f4c24ecaaf65" />
    <UnitTestResult executionId="6eea1c00-a356-4a64-b652-b5624e590de3" testId="d3c7cb80-27e3-8ac8-a985-33ab09f2dbc6" testName="TypingEngine.Windows.Tests.Audit120RecoveryTests.CompensationRefusee_BloqueNouvelleEmission_PuisSeReprend" computerName="AZERTY_GLOBAL" duration="00:00:00.0003983" startTime="2026-09-15T13:47:23.9558088+02:00" endTime="2026-09-15T13:47:23.9558088+02:00" testType="13cdc9d9-ddb5-4fa4-a97d-d965ccfc6d4b" outcome="Passed" testListId="8c84fa94-04c1-424b-9868-57a2d4851a1d" relativeResultsDirectory="6eea1c00-a356-4a64-b652-b5624e590de3" />
    <UnitTestResult executionId="b5547338-e97a-4cec-baac-e741eecb314f" testId="1b78c05c-71d3-a80d-aade-12eaddd922cb" testName="TypingEngine.Windows.Tests.Audit120RegressionTests.Combo_RestaureChaqueMajPhysique(left: False, right: False, needsShift: True)" computerName="AZERTY_GLOBAL" duration="00:00:00.0001163" startTime="2026-09-15T13:47:23.9545966+02:00" endTime="2026-09-15T13:47:23.9545966+02:00" testType="13cdc9d9-ddb5-4fa4-a97d-d965ccfc6d4b" outcome="Passed" testListId="8c84fa94-04c1-424b-9868-57a2d4851a1d" relativeResultsDirectory="b5547338-e97a-4cec-baac-e741eecb314f" />
    <UnitTestResult executionId="3ef4dafe-d1c7-4512-95c8-c32f43db3e4f" testId="2685e820-1019-b32e-e004-4c40aee27486" testName="TypingEngine.Windows.Tests.Audit120RegressionTests.Combo_RestaureChaqueMajPhysique(left: True, right: True, needsShift: False)" computerName="AZERTY_GLOBAL" duration="00:00:00.0000020" startTime="2026-09-15T13:47:23.9554542+02:00" endTime="2026-09-15T13:47:23.9554543+02:00" testType="13cdc9d9-ddb5-4fa4-a97d-d965ccfc6d4b" outcome="Passed" testListId="8c84fa94-04c1-424b-9868-57a2d4851a1d" relativeResultsDirectory="3ef4dafe-d1c7-4512-95c8-c32f43db3e4f" />
    <UnitTestResult executionId="eb3af8c0-29c4-4144-81d8-3aa0ee0d1af3" testId="d9591db8-95a4-5f0d-9385-04b30ade8db1" testName="TypingEngine.Windows.Tests.Audit120RecoveryTests.FenetreChangeAvantNotification_InterditSnapshotPerime" computerName="AZERTY_GLOBAL" duration="00:00:00.0000800" startTime="2026-09-15T13:47:23.9561215+02:00" endTime="2026-09-15T13:47:23.9561215+02:00" testType="13cdc9d9-ddb5-4fa4-a97d-d965ccfc6d4b" outcome="Passed" testListId="8c84fa94-04c1-424b-9868-57a2d4851a1d" relativeResultsDirectory="eb3af8c0-29c4-4144-81d8-3aa0ee0d1af3" />
    <UnitTestResult executionId="320aac79-68b5-4e1e-805e-00f5339bddd5" testId="f95a4f97-3d24-ccf0-1b61-a310ea0c63d6" testName="TypingEngine.Windows.Tests.Audit120SuspensionTests.Shell_ActualiseIdentiteLayoutEtChampSecurise(shell: &quot;SearchHost.exe&quot;)" computerName="AZERTY_GLOBAL" duration="00:00:00.0079281" startTime="2026-09-15T13:47:23.9385649+02:00" endTime="2026-09-15T13:47:23.9385649+02:00" testType="13cdc9d9-ddb5-4fa4-a97d-d965ccfc6d4b" outcome="Passed" testListId="8c84fa94-04c1-424b-9868-57a2d4851a1d" relativeResultsDirectory="320aac79-68b5-4e1e-805e-00f5339bddd5" />
    <UnitTestResult executionId="18550a9d-7a87-418d-bea7-deb5eb7560e8" testId="595f1bad-8185-f37a-7f59-80da748959e6" testName="TypingEngine.Windows.Tests.Audit120RecoveryTests.Menu_GardeDerniereApplicationExterne_QuandNotreFenetrePrendFocus" computerName="AZERTY_GLOBAL" duration="00:00:00.0001618" startTime="2026-09-15T13:47:23.9558391+02:00" endTime="2026-09-15T13:47:23.9558391+02:00" testType="13cdc9d9-ddb5-4fa4-a97d-d965ccfc6d4b" outcome="Passed" testListId="8c84fa94-04c1-424b-9868-57a2d4851a1d" relativeResultsDirectory="18550a9d-7a87-418d-bea7-deb5eb7560e8" />
    <UnitTestResult executionId="5354150b-b983-4ea5-b059-6931c39872e2" testId="860871a5-0f3b-8d9d-a26c-ef5bfdf7422f" testName="TypingEngine.Windows.Tests.Audit120RegressionTests.AltCode_RestaureChaqueMajPhysique(left: True, right: True, numLock: False)" computerName="AZERTY_GLOBAL" duration="00:00:00.0000090" startTime="2026-09-15T13:47:23.9545625+02:00" endTime="2026-09-15T13:47:23.9545625+02:00" testType="13cdc9d9-ddb5-4fa4-a97d-d965ccfc6d4b" outcome="Passed" testListId="8c84fa94-04c1-424b-9868-57a2d4851a1d" relativeResultsDirectory="5354150b-b983-4ea5-b059-6931c39872e2" />
    <UnitTestResult executionId="5e298d1e-fa1a-4a38-9839-885c63f320c8" testId="50e899b9-bb47-c8e3-e06f-5376d714a8ef" testName="TypingEngine.Windows.Tests.Audit120SuspensionTests.EchecSuiviForeground_SuspendEmission" computerName="AZERTY_GLOBAL" duration="00:00:00.0011142" startTime="2026-09-15T13:47:23.9558835+02:00" endTime="2026-09-15T13:47:23.9558836+02:00" testType="13cdc9d9-ddb5-4fa4-a97d-d965ccfc6d4b" outcome="Passed" testListId="8c84fa94-04c1-424b-9868-57a2d4851a1d" relativeResultsDirectory="5e298d1e-fa1a-4a38-9839-885c63f320c8" />
    <UnitTestResult executionId="397111bf-2b4f-4d31-9602-3b44bbcc47a9" testId="9bf54c57-3773-b1fc-e36d-07d725b984b7" testName="TypingEngine.Windows.Tests.Audit120RegressionTests.AltCode_RestaureChaqueMajPhysique(left: True, right: False, numLock: False)" computerName="AZERTY_GLOBAL" duration="00:00:00.0000104" startTime="2026-09-15T13:47:23.9545473+02:00" endTime="2026-09-15T13:47:23.9545474+02:00" testType="13cdc9d9-ddb5-4fa4-a97d-d965ccfc6d4b" outcome="Passed" testListId="8c84fa94-04c1-424b-9868-57a2d4851a1d" relativeResultsDirectory="397111bf-2b4f-4d31-9602-3b44bbcc47a9" />
    <UnitTestResult executionId="1cc5a5b1-4402-44d4-973d-b594cf9d08c4" testId="3584b6aa-b88b-d88f-ef9d-0b0731d04ab6" testName="TypingEngine.Windows.Tests.Audit120RecoveryTests.PauseVolontaire_BloqueAussiEmissionDirecteEtCapsLock" computerName="AZERTY_GLOBAL" duration="00:00:00.0002070" startTime="2026-09-15T13:47:23.9560938+02:00" endTime="2026-09-15T13:47:23.9560938+02:00" testType="13cdc9d9-ddb5-4fa4-a97d-d965ccfc6d4b" outcome="Passed" testListId="8c84fa94-04c1-424b-9868-57a2d4851a1d" relativeResultsDirectory="1cc5a5b1-4402-44d4-973d-b594cf9d08c4" />
    <UnitTestResult executionId="0691a5a0-f302-46c0-be22-60268e16a3e7" testId="67897feb-979d-4be2-3a84-c90c06566218" testName="TypingEngine.Windows.Tests.Audit120RecoveryTests.NumLock_RepareDepuisEtatCourant_EtRespecteNouveauChoix" computerName="AZERTY_GLOBAL" duration="00:00:00.0002291" startTime="2026-09-15T13:47:23.9561779+02:00" endTime="2026-09-15T13:47:23.9561780+02:00" testType="13cdc9d9-ddb5-4fa4-a97d-d965ccfc6d4b" outcome="Passed" testListId="8c84fa94-04c1-424b-9868-57a2d4851a1d" relativeResultsDirectory="0691a5a0-f302-46c0-be22-60268e16a3e7" />
    <UnitTestResult executionId="a6850328-78af-4639-8c6d-e529dafdf195" testId="8935637d-13c0-6159-f0de-6f01c2df629c" testName="TypingEngine.Windows.Tests.Audit120RegressionTests.Combo_RestaureChaqueMajPhysique(left: False, right: False, needsShift: False)" computerName="AZERTY_GLOBAL" duration="00:00:00.0000019" startTime="2026-09-15T13:47:23.9546390+02:00" endTime="2026-09-15T13:47:23.9546390+02:00" testType="13cdc9d9-ddb5-4fa4-a97d-d965ccfc6d4b" outcome="Passed" testListId="8c84fa94-04c1-424b-9868-57a2d4851a1d" relativeResultsDirectory="a6850328-78af-4639-8c6d-e529dafdf195" />
    <UnitTestResult executionId="97e38041-88f6-4e16-8772-bbe460e5c4e2" testId="cd200eff-9d83-327d-3b62-1d796a97c70e" testName="TypingEngine.Windows.Tests.Audit120SuspensionTests.EmissionIncomplete_NeComptePasLeTexte(sent: 1)" computerName="AZERTY_GLOBAL" duration="00:00:00.0002140" startTime="2026-09-15T13:47:23.9555056+02:00" endTime="2026-09-15T13:47:23.9555057+02:00" testType="13cdc9d9-ddb5-4fa4-a97d-d965ccfc6d4b" outcome="Passed" testListId="8c84fa94-04c1-424b-9868-57a2d4851a1d" relativeResultsDirectory="97e38041-88f6-4e16-8772-bbe460e5c4e2" />
    <UnitTestResult executionId="bf64c37a-140f-4ff7-8aba-f11194850752" testId="a4046aad-0258-805a-db5a-f7eeec1b1be3" testName="TypingEngine.Windows.Tests.Audit120SuspensionTests.Shell_ActualiseIdentiteLayoutEtChampSecurise(shell: &quot;StartMenuExperienceHost.exe&quot;)" computerName="AZERTY_GLOBAL" duration="00:00:00.0000067" startTime="2026-09-15T13:47:23.9385932+02:00" endTime="2026-09-15T13:47:23.9385933+02:00" testType="13cdc9d9-ddb5-4fa4-a97d-d965ccfc6d4b" outcome="Passed" testListId="8c84fa94-04c1-424b-9868-57a2d4851a1d" relativeResultsDirectory="bf64c37a-140f-4ff7-8aba-f11194850752" />
    <UnitTestResult executionId="9432ed22-420b-4728-93a4-67c2eff1af25" testId="23439d72-1dd0-bf93-b5a7-1c4aaafc4d44" testName="TypingEngine.Windows.Tests.Audit120RecoveryTests.ComboPartielle_RelacheMajEtCaractereSansRejouer(sent: 1)" computerName="AZERTY_GLOBAL" duration="00:00:00.0000120" startTime="2026-09-15T13:47:23.9557924+02:00" endTime="2026-09-15T13:47:23.9557924+02:00" testType="13cdc9d9-ddb5-4fa4-a97d-d965ccfc6d4b" outcome="Passed" testListId="8c84fa94-04c1-424b-9868-57a2d4851a1d" relativeResultsDirectory="9432ed22-420b-4728-93a4-67c2eff1af25" />
    <UnitTestResult executionId="1d8eb59e-cf20-43bd-a26d-b5c8e2078941" testId="5c504384-95f6-453d-4369-af1964e6e6ab" testName="TypingEngine.Windows.Tests.Audit120RecoveryTests.CompensationDifferee_NeRestaurePasUnMajRelacheEntreTemps" computerName="AZERTY_GLOBAL" duration="00:00:00.0003861" startTime="2026-09-15T13:47:23.9558689+02:00" endTime="2026-09-15T13:47:23.9558690+02:00" testType="13cdc9d9-ddb5-4fa4-a97d-d965ccfc6d4b" outcome="Passed" testListId="8c84fa94-04c1-424b-9868-57a2d4851a1d" relativeResultsDirectory="1d8eb59e-cf20-43bd-a26d-b5c8e2078941" />
    <UnitTestResult executionId="beb85300-0883-42ff-995c-f2f624d0c384" testId="30ce2ab0-4597-6ae4-051c-95b821684a1e" testName="TypingEngine.Windows.Tests.Audit120RegressionTests.Combo_RestaureChaqueMajPhysique(left: False, right: True, needsShift: False)" computerName="AZERTY_GLOBAL" duration="00:00:00.0000052" startTime="2026-09-15T13:47:23.9546084+02:00" endTime="2026-09-15T13:47:23.9546084+02:00" testType="13cdc9d9-ddb5-4fa4-a97d-d965ccfc6d4b" outcome="Passed" testListId="8c84fa94-04c1-424b-9868-57a2d4851a1d" relativeResultsDirectory="beb85300-0883-42ff-995c-f2f624d0c384" />
    <UnitTestResult executionId="61763e97-5f37-4336-a1ed-dfef1effa674" testId="c158eeca-1e77-c6ad-3ca9-64ec070b0c05" testName="TypingEngine.Windows.Tests.Audit120RegressionTests.RelacheRemappageCtrl_MemeSiAltOuWindowsEstEnfonce(modifier: 164)" computerName="AZERTY_GLOBAL" duration="00:00:00.0093075" startTime="2026-09-15T13:47:23.9562247+02:00" endTime="2026-09-15T13:47:23.9562248+02:00" testType="13cdc9d9-ddb5-4fa4-a97d-d965ccfc6d4b" outcome="Passed" testListId="8c84fa94-04c1-424b-9868-57a2d4851a1d" relativeResultsDirectory="61763e97-5f37-4336-a1ed-dfef1effa674" />
    <UnitTestResult executionId="825e9a5d-003e-4434-826c-bf64c3e3777f" testId="db1804fc-c268-1a6e-7d1b-6e5d37ca35af" testName="TypingEngine.Windows.Tests.Audit120RegressionTests.RetirerCouche_PurgeVerrousEtHistorique_SansEffacerAutresCouches" computerName="AZERTY_GLOBAL" duration="00:00:00.0008177" startTime="2026-09-15T13:47:23.9564698+02:00" endTime="2026-09-15T13:47:23.9564698+02:00" testType="13cdc9d9-ddb5-4fa4-a97d-d965ccfc6d4b" outcome="Passed" testListId="8c84fa94-04c1-424b-9868-57a2d4851a1d" relativeResultsDirectory="825e9a5d-003e-4434-826c-bf64c3e3777f" />
    <UnitTestResult executionId="570ae61d-df04-496f-81b0-a6a944b7876f" testId="14615589-1731-1b15-5bcf-57d78516bee1" testName="TypingEngine.Windows.Tests.Audit120RegressionTests.Combo_RestaureChaqueMajPhysique(left: True, right: False, needsShift: False)" computerName="AZERTY_GLOBAL" duration="00:00:00.0000019" startTime="2026-09-15T13:47:23.9554332+02:00" endTime="2026-09-15T13:47:23.9554332+02:00" testType="13cdc9d9-ddb5-4fa4-a97d-d965ccfc6d4b" outcome="Passed" testListId="8c84fa94-04c1-424b-9868-57a2d4851a1d" relativeResultsDirectory="570ae61d-df04-496f-81b0-a6a944b7876f" />
    <UnitTestResult executionId="bef0fb57-babf-44ba-96b8-d690aadd5f7f" testId="f430844a-f734-55bb-77e2-c669b4ac34fb" testName="TypingEngine.Windows.Tests.Audit120RegressionTests.RetirerCouche_PurgeDeclencheurEtOneShot(released: True)" computerName="AZERTY_GLOBAL" duration="00:00:00.0061262" startTime="2026-09-15T13:47:23.9366854+02:00" endTime="2026-09-15T13:47:23.9366948+02:00" testType="13cdc9d9-ddb5-4fa4-a97d-d965ccfc6d4b" outcome="Passed" testListId="8c84fa94-04c1-424b-9868-57a2d4851a1d" relativeResultsDirectory="bef0fb57-babf-44ba-96b8-d690aadd5f7f" />
  </Results>
  <TestDefinitions>
    <UnitTest name="TypingEngine.Windows.Tests.Audit120SuspensionTests.EchecSuiviForeground_SuspendEmission" storage="d:\my files\keyboard layouts\projects\azerty-global\components\microsoft-store\src\typingengine.windows.tests\bin\release\net8.0-windows10.0.17763.0\typingengine.windows.tests.dll" id="50e899b9-bb47-c8e3-e06f-5376d714a8ef">
      <Execution id="5e298d1e-fa1a-4a38-9839-885c63f320c8" />
      <TestMethod codeBase="D:\My files\Keyboard Layouts\projects\azerty-global\components\microsoft-store\src\TypingEngine.Windows.Tests\bin\Release\net8.0-windows10.0.17763.0\TypingEngine.Windows.Tests.dll" adapterTypeName="executor://xunit/VsTestRunner2/netcoreapp" className="TypingEngine.Windows.Tests.Audit120SuspensionTests" name="EchecSuiviForeground_SuspendEmission" />
    </UnitTest>
    <UnitTest name="TypingEngine.Windows.Tests.Audit120RegressionTests.AltCode_RestaureChaqueMajPhysique(left: False, right: True, numLock: True)" storage="d:\my files\keyboard layouts\projects\azerty-global\components\microsoft-store\src\typingengine.windows.tests\bin\release\net8.0-windows10.0.17763.0\typingengine.windows.tests.dll" id="cca83ef9-d59a-5f79-9ee6-88df80cc3cb3">
      <Execution id="42261052-d294-40f8-bac7-dd2058b84a62" />
      <TestMethod codeBase="D:\My files\Keyboard Layouts\projects\azerty-global\components\microsoft-store\src\TypingEngine.Windows.Tests\bin\Release\net8.0-windows10.0.17763.0\TypingEngine.Windows.Tests.dll" adapterTypeName="executor://xunit/VsTestRunner2/netcoreapp" className="TypingEngine.Windows.Tests.Audit120RegressionTests" name="AltCode_RestaureChaqueMajPhysique" />
    </UnitTest>
    <UnitTest name="TypingEngine.Windows.Tests.Audit120RegressionTests.AltCode_RestaureChaqueMajPhysique(left: True, right: True, numLock: True)" storage="d:\my files\keyboard layouts\projects\azerty-global\components\microsoft-store\src\typingengine.windows.tests\bin\release\net8.0-windows10.0.17763.0\typingengine.windows.tests.dll" id="cd3af2f9-f041-3ccb-3f8c-1c3ee951b9f4">
      <Execution id="01cc8a63-a994-4a2b-8dba-f4c24ecaaf65" />
      <TestMethod codeBase="D:\My files\Keyboard Layouts\projects\azerty-global\components\microsoft-store\src\TypingEngine.Windows.Tests\bin\Release\net8.0-windows10.0.17763.0\TypingEngine.Windows.Tests.dll" adapterTypeName="executor://xunit/VsTestRunner2/netcoreapp" className="TypingEngine.Windows.Tests.Audit120RegressionTests" name="AltCode_RestaureChaqueMajPhysique" />
    </UnitTest>
    <UnitTest name="TypingEngine.Windows.Tests.Audit120RecoveryTests.ComboPartielle_RelacheMajEtCaractereSansRejouer(sent: 2)" storage="d:\my files\keyboard layouts\projects\azerty-global\components\microsoft-store\src\typingengine.windows.tests\bin\release\net8.0-windows10.0.17763.0\typingengine.windows.tests.dll" id="8cd58430-5c6c-fdbd-ec87-574cbb64bf53">
      <Execution id="22a77d7c-1f33-4b7f-ab1a-812c1f9ec2dc" />
      <TestMethod codeBase="D:\My files\Keyboard Layouts\projects\azerty-global\components\microsoft-store\src\TypingEngine.Windows.Tests\bin\Release\net8.0-windows10.0.17763.0\TypingEngine.Windows.Tests.dll" adapterTypeName="executor://xunit/VsTestRunner2/netcoreapp" className="TypingEngine.Windows.Tests.Audit120RecoveryTests" name="ComboPartielle_RelacheMajEtCaractereSansRejouer" />
    </UnitTest>
    <UnitTest name="TypingEngine.Windows.Tests.Audit120RecoveryTests.RelachementsPartiels_ConserventTouteLaTraceJusquaAcceptationComplete" storage="d:\my files\keyboard layouts\projects\azerty-global\components\microsoft-store\src\typingengine.windows.tests\bin\release\net8.0-windows10.0.17763.0\typingengine.windows.tests.dll" id="0e5bdd8a-c1b5-eaa4-e80f-397ba702ef90">
      <Execution id="81dd658a-bdb7-4213-9e9a-36f52aa3bdda" />
      <TestMethod codeBase="D:\My files\Keyboard Layouts\projects\azerty-global\components\microsoft-store\src\TypingEngine.Windows.Tests\bin\Release\net8.0-windows10.0.17763.0\TypingEngine.Windows.Tests.dll" adapterTypeName="executor://xunit/VsTestRunner2/netcoreapp" className="TypingEngine.Windows.Tests.Audit120RecoveryTests" name="RelachementsPartiels_ConserventTouteLaTraceJusquaAcceptationComplete" />
    </UnitTest>
    <UnitTest name="TypingEngine.Windows.Tests.Audit120RecoveryTests.Menu_GardeDerniereApplicationExterne_QuandNotreFenetrePrendFocus" storage="d:\my files\keyboard layouts\projects\azerty-global\components\microsoft-store\src\typingengine.windows.tests\bin\release\net8.0-windows10.0.17763.0\typingengine.windows.tests.dll" id="595f1bad-8185-f37a-7f59-80da748959e6">
      <Execution id="18550a9d-7a87-418d-bea7-deb5eb7560e8" />
      <TestMethod codeBase="D:\My files\Keyboard Layouts\projects\azerty-global\components\microsoft-store\src\TypingEngine.Windows.Tests\bin\Release\net8.0-windows10.0.17763.0\TypingEngine.Windows.Tests.dll" adapterTypeName="executor://xunit/VsTestRunner2/netcoreapp" className="TypingEngine.Windows.Tests.Audit120RecoveryTests" name="Menu_GardeDerniereApplicationExterne_QuandNotreFenetrePrendFocus" />
    </UnitTest>
    <UnitTest name="TypingEngine.Windows.Tests.Audit120RegressionTests.Combo_RestaureChaqueMajPhysique(left: False, right: True, needsShift: True)" storage="d:\my files\keyboard layouts\projects\azerty-global\components\microsoft-store\src\typingengine.windows.tests\bin\release\net8.0-windows10.0.17763.0\typingengine.windows.tests.dll" id="1c6a1e6d-2208-07f1-fb3f-362ab0051381">
      <Execution id="3971e6d0-5a62-4024-b502-6b82a8324a95" />
      <TestMethod codeBase="D:\My files\Keyboard Layouts\projects\azerty-global\components\microsoft-store\src\TypingEngine.Windows.Tests\bin\Release\net8.0-windows10.0.17763.0\TypingEngine.Windows.Tests.dll" adapterTypeName="executor://xunit/VsTestRunner2/netcoreapp" className="TypingEngine.Windows.Tests.Audit120RegressionTests" name="Combo_RestaureChaqueMajPhysique" />
    </UnitTest>
    <UnitTest name="TypingEngine.Windows.Tests.Audit120SuspensionTests.Shell_ActualiseIdentiteLayoutEtChampSecurise(shell: &quot;SearchHost.exe&quot;)" storage="d:\my files\keyboard layouts\projects\azerty-global\components\microsoft-store\src\typingengine.windows.tests\bin\release\net8.0-windows10.0.17763.0\typingengine.windows.tests.dll" id="f95a4f97-3d24-ccf0-1b61-a310ea0c63d6">
      <Execution id="320aac79-68b5-4e1e-805e-00f5339bddd5" />
      <TestMethod codeBase="D:\My files\Keyboard Layouts\projects\azerty-global\components\microsoft-store\src\TypingEngine.Windows.Tests\bin\Release\net8.0-windows10.0.17763.0\TypingEngine.Windows.Tests.dll" adapterTypeName="executor://xunit/VsTestRunner2/netcoreapp" className="TypingEngine.Windows.Tests.Audit120SuspensionTests" name="Shell_ActualiseIdentiteLayoutEtChampSecurise" />
    </UnitTest>
    <UnitTest name="TypingEngine.Windows.Tests.Audit120ResumeTests.MajPendantSuspension_EstSuiviSansNotificationPuisRespecte(held: False)" storage="d:\my files\keyboard layouts\projects\azerty-global\components\microsoft-store\src\typingengine.windows.tests\bin\release\net8.0-windows10.0.17763.0\typingengine.windows.tests.dll" id="4c3139bf-abed-cc43-4488-9b3f7607817f">
      <Execution id="1a149f76-fe7d-4072-a107-15b436d9d412" />
      <TestMethod codeBase="D:\My files\Keyboard Layouts\projects\azerty-global\components\microsoft-store\src\TypingEngine.Windows.Tests\bin\Release\net8.0-windows10.0.17763.0\TypingEngine.Windows.Tests.dll" adapterTypeName="executor://xunit/VsTestRunner2/netcoreapp" className="TypingEngine.Windows.Tests.Audit120ResumeTests" name="MajPendantSuspension_EstSuiviSansNotificationPuisRespecte" />
    </UnitTest>
    <UnitTest name="TypingEngine.Windows.Tests.Audit120SuspensionTests.Suspension_NettoieSansEmettreDansNouvelleCible" storage="d:\my files\keyboard layouts\projects\azerty-global\components\microsoft-store\src\typingengine.windows.tests\bin\release\net8.0-windows10.0.17763.0\typingengine.windows.tests.dll" id="79952c93-c1f5-ac79-d3b2-60671a09be57">
      <Execution id="c5d69650-7731-401d-9edd-41deba6433ab" />
      <TestMethod codeBase="D:\My files\Keyboard Layouts\projects\azerty-global\components\microsoft-store\src\TypingEngine.Windows.Tests\bin\Release\net8.0-windows10.0.17763.0\TypingEngine.Windows.Tests.dll" adapterTypeName="executor://xunit/VsTestRunner2/netcoreapp" className="TypingEngine.Windows.Tests.Audit120SuspensionTests" name="Suspension_NettoieSansEmettreDansNouvelleCible" />
    </UnitTest>
    <UnitTest name="TypingEngine.Windows.Tests.Audit120RecoveryTests.NumLock_RepareDepuisEtatCourant_EtRespecteNouveauChoix" storage="d:\my files\keyboard layouts\projects\azerty-global\components\microsoft-store\src\typingengine.windows.tests\bin\release\net8.0-windows10.0.17763.0\typingengine.windows.tests.dll" id="67897feb-979d-4be2-3a84-c90c06566218">
      <Execution id="0691a5a0-f302-46c0-be22-60268e16a3e7" />
      <TestMethod codeBase="D:\My files\Keyboard Layouts\projects\azerty-global\components\microsoft-store\src\TypingEngine.Windows.Tests\bin\Release\net8.0-windows10.0.17763.0\TypingEngine.Windows.Tests.dll" adapterTypeName="executor://xunit/VsTestRunner2/netcoreapp" className="TypingEngine.Windows.Tests.Audit120RecoveryTests" name="NumLock_RepareDepuisEtatCourant_EtRespecteNouveauChoix" />
    </UnitTest>
    <UnitTest name="TypingEngine.Windows.Tests.Audit120RegressionTests.RelacheRemappageCtrl_MemeSiAltOuWindowsEstEnfonce(modifier: 164)" storage="d:\my files\keyboard layouts\projects\azerty-global\components\microsoft-store\src\typingengine.windows.tests\bin\release\net8.0-windows10.0.17763.0\typingengine.windows.tests.dll" id="c158eeca-1e77-c6ad-3ca9-64ec070b0c05">
      <Execution id="61763e97-5f37-4336-a1ed-dfef1effa674" />
      <TestMethod codeBase="D:\My files\Keyboard Layouts\projects\azerty-global\components\microsoft-store\src\TypingEngine.Windows.Tests\bin\Release\net8.0-windows10.0.17763.0\TypingEngine.Windows.Tests.dll" adapterTypeName="executor://xunit/VsTestRunner2/netcoreapp" className="TypingEngine.Windows.Tests.Audit120RegressionTests" name="RelacheRemappageCtrl_MemeSiAltOuWindowsEstEnfonce" />
    </UnitTest>
    <UnitTest name="TypingEngine.Windows.Tests.Audit120SuspensionTests.EmissionIncomplete_NeComptePasLeTexte(sent: 0)" storage="d:\my files\keyboard layouts\projects\azerty-global\components\microsoft-store\src\typingengine.windows.tests\bin\release\net8.0-windows10.0.17763.0\typingengine.windows.tests.dll" id="1b873dbb-74a5-e562-1be1-78a6566e3d3e">
      <Execution id="e79582f4-8919-4e21-9bc6-3ef7f38bc09d" />
      <TestMethod codeBase="D:\My files\Keyboard Layouts\projects\azerty-global\components\microsoft-store\src\TypingEngine.Windows.Tests\bin\Release\net8.0-windows10.0.17763.0\TypingEngine.Windows.Tests.dll" adapterTypeName="executor://xunit/VsTestRunner2/netcoreapp" className="TypingEngine.Windows.Tests.Audit120SuspensionTests" name="EmissionIncomplete_NeComptePasLeTexte" />
    </UnitTest>
    <UnitTest name="TypingEngine.Windows.Tests.Audit120RecoveryTests.FenetreChangeAvantNotification_InterditSnapshotPerime" storage="d:\my files\keyboard layouts\projects\azerty-global\components\microsoft-store\src\typingengine.windows.tests\bin\release\net8.0-windows10.0.17763.0\typingengine.windows.tests.dll" id="d9591db8-95a4-5f0d-9385-04b30ade8db1">
      <Execution id="eb3af8c0-29c4-4144-81d8-3aa0ee0d1af3" />
      <TestMethod codeBase="D:\My files\Keyboard Layouts\projects\azerty-global\components\microsoft-store\src\TypingEngine.Windows.Tests\bin\Release\net8.0-windows10.0.17763.0\TypingEngine.Windows.Tests.dll" adapterTypeName="executor://xunit/VsTestRunner2/netcoreapp" className="TypingEngine.Windows.Tests.Audit120RecoveryTests" name="FenetreChangeAvantNotification_InterditSnapshotPerime" />
    </UnitTest>
    <UnitTest name="TypingEngine.Windows.Tests.Audit120RegressionTests.Combo_RestaureChaqueMajPhysique(left: True, right: True, needsShift: False)" storage="d:\my files\keyboard layouts\projects\azerty-global\components\microsoft-store\src\typingengine.windows.tests\bin\release\net8.0-windows10.0.17763.0\typingengine.windows.tests.dll" id="2685e820-1019-b32e-e004-4c40aee27486">
      <Execution id="3ef4dafe-d1c7-4512-95c8-c32f43db3e4f" />
      <TestMethod codeBase="D:\My files\Keyboard Layouts\projects\azerty-global\components\microsoft-store\src\TypingEngine.Windows.Tests\bin\Release\net8.0-windows10.0.17763.0\TypingEngine.Windows.Tests.dll" adapterTypeName="executor://xunit/VsTestRunner2/netcoreapp" className="TypingEngine.Windows.Tests.Audit120RegressionTests" name="Combo_RestaureChaqueMajPhysique" />
    </UnitTest>
    <UnitTest name="TypingEngine.Windows.Tests.Audit120RegressionTests.RetirerCouche_PurgeVerrousEtHistorique_SansEffacerAutresCouches" storage="d:\my files\keyboard layouts\projects\azerty-global\components\microsoft-store\src\typingengine.windows.tests\bin\release\net8.0-windows10.0.17763.0\typingengine.windows.tests.dll" id="db1804fc-c268-1a6e-7d1b-6e5d37ca35af">
      <Execution id="825e9a5d-003e-4434-826c-bf64c3e3777f" />
      <TestMethod codeBase="D:\My files\Keyboard Layouts\projects\azerty-global\components\microsoft-store\src\TypingEngine.Windows.Tests\bin\Release\net8.0-windows10.0.17763.0\TypingEngine.Windows.Tests.dll" adapterTypeName="executor://xunit/VsTestRunner2/netcoreapp" className="TypingEngine.Windows.Tests.Audit120RegressionTests" name="RetirerCouche_PurgeVerrousEtHistorique_SansEffacerAutresCouches" />
    </UnitTest>
    <UnitTest name="TypingEngine.Windows.Tests.Audit120RecoveryTests.CompensationDifferee_NeRestaurePasUnMajRelacheEntreTemps" storage="d:\my files\keyboard layouts\projects\azerty-global\components\microsoft-store\src\typingengine.windows.tests\bin\release\net8.0-windows10.0.17763.0\typingengine.windows.tests.dll" id="5c504384-95f6-453d-4369-af1964e6e6ab">
      <Execution id="1d8eb59e-cf20-43bd-a26d-b5c8e2078941" />
      <TestMethod codeBase="D:\My files\Keyboard Layouts\projects\azerty-global\components\microsoft-store\src\TypingEngine.Windows.Tests\bin\Release\net8.0-windows10.0.17763.0\TypingEngine.Windows.Tests.dll" adapterTypeName="executor://xunit/VsTestRunner2/netcoreapp" className="TypingEngine.Windows.Tests.Audit120RecoveryTests" name="CompensationDifferee_NeRestaurePasUnMajRelacheEntreTemps" />
    </UnitTest>
    <UnitTest name="TypingEngine.Windows.Tests.Audit120SuspensionTests.Shell_ActualiseIdentiteLayoutEtChampSecurise(shell: &quot;StartMenuExperienceHost.exe&quot;)" storage="d:\my files\keyboard layouts\projects\azerty-global\components\microsoft-store\src\typingengine.windows.tests\bin\release\net8.0-windows10.0.17763.0\typingengine.windows.tests.dll" id="a4046aad-0258-805a-db5a-f7eeec1b1be3">
      <Execution id="bf64c37a-140f-4ff7-8aba-f11194850752" />
      <TestMethod codeBase="D:\My files\Keyboard Layouts\projects\azerty-global\components\microsoft-store\src\TypingEngine.Windows.Tests\bin\Release\net8.0-windows10.0.17763.0\TypingEngine.Windows.Tests.dll" adapterTypeName="executor://xunit/VsTestRunner2/netcoreapp" className="TypingEngine.Windows.Tests.Audit120SuspensionTests" name="Shell_ActualiseIdentiteLayoutEtChampSecurise" />
    </UnitTest>
    <UnitTest name="TypingEngine.Windows.Tests.Audit120RegressionTests.AltCode_RestaureChaqueMajPhysique(left: True, right: False, numLock: False)" storage="d:\my files\keyboard layouts\projects\azerty-global\components\microsoft-store\src\typingengine.windows.tests\bin\release\net8.0-windows10.0.17763.0\typingengine.windows.tests.dll" id="9bf54c57-3773-b1fc-e36d-07d725b984b7">
      <Execution id="397111bf-2b4f-4d31-9602-3b44bbcc47a9" />
      <TestMethod codeBase="D:\My files\Keyboard Layouts\projects\azerty-global\components\microsoft-store\src\TypingEngine.Windows.Tests\bin\Release\net8.0-windows10.0.17763.0\TypingEngine.Windows.Tests.dll" adapterTypeName="executor://xunit/VsTestRunner2/netcoreapp" className="TypingEngine.Windows.Tests.Audit120RegressionTests" name="AltCode_RestaureChaqueMajPhysique" />
    </UnitTest>
    <UnitTest name="TypingEngine.Windows.Tests.Audit120SuspensionTests.Shell_ActualiseIdentiteLayoutEtChampSecurise(shell: &quot;explorer.exe&quot;)" storage="d:\my files\keyboard layouts\projects\azerty-global\components\microsoft-store\src\typingengine.windows.tests\bin\release\net8.0-windows10.0.17763.0\typingengine.windows.tests.dll" id="95482935-a2a3-ac4e-d352-a10d8244381f">
      <Execution id="bf550ea4-20c2-43ac-9768-9a52ed91aebd" />
      <TestMethod codeBase="D:\My files\Keyboard Layouts\projects\azerty-global\components\microsoft-store\src\TypingEngine.Windows.Tests\bin\Release\net8.0-windows10.0.17763.0\TypingEngine.Windows.Tests.dll" adapterTypeName="executor://xunit/VsTestRunner2/netcoreapp" className="TypingEngine.Windows.Tests.Audit120SuspensionTests" name="Shell_ActualiseIdentiteLayoutEtChampSecurise" />
    </UnitTest>
    <UnitTest name="TypingEngine.Windows.Tests.Audit120RegressionTests.RetirerCouche_PurgeDeclencheurEtOneShot(released: True)" storage="d:\my files\keyboard layouts\projects\azerty-global\components\microsoft-store\src\typingengine.windows.tests\bin\release\net8.0-windows10.0.17763.0\typingengine.windows.tests.dll" id="f430844a-f734-55bb-77e2-c669b4ac34fb">
      <Execution id="bef0fb57-babf-44ba-96b8-d690aadd5f7f" />
      <TestMethod codeBase="D:\My files\Keyboard Layouts\projects\azerty-global\components\microsoft-store\src\TypingEngine.Windows.Tests\bin\Release\net8.0-windows10.0.17763.0\TypingEngine.Windows.Tests.dll" adapterTypeName="executor://xunit/VsTestRunner2/netcoreapp" className="TypingEngine.Windows.Tests.Audit120RegressionTests" name="RetirerCouche_PurgeDeclencheurEtOneShot" />
    </UnitTest>
    <UnitTest name="TypingEngine.Windows.Tests.Audit120RegressionTests.Combo_RestaureChaqueMajPhysique(left: True, right: False, needsShift: False)" storage="d:\my files\keyboard layouts\projects\azerty-global\components\microsoft-store\src\typingengine.windows.tests\bin\release\net8.0-windows10.0.17763.0\typingengine.windows.tests.dll" id="14615589-1731-1b15-5bcf-57d78516bee1">
      <Execution id="570ae61d-df04-496f-81b0-a6a944b7876f" />
      <TestMethod codeBase="D:\My files\Keyboard Layouts\projects\azerty-global\components\microsoft-store\src\TypingEngine.Windows.Tests\bin\Release\net8.0-windows10.0.17763.0\TypingEngine.Windows.Tests.dll" adapterTypeName="executor://xunit/VsTestRunner2/netcoreapp" className="TypingEngine.Windows.Tests.Audit120RegressionTests" name="Combo_RestaureChaqueMajPhysique" />
    </UnitTest>
    <UnitTest name="TypingEngine.Windows.Tests.Audit120ResumeTests.NumLockPendantSuspension_AnnuleTousLesEvenementsDeRestauration" storage="d:\my files\keyboard layouts\projects\azerty-global\components\microsoft-store\src\typingengine.windows.tests\bin\release\net8.0-windows10.0.17763.0\typingengine.windows.tests.dll" id="9cb359cb-0259-39b2-5047-fa4747eb3976">
      <Execution id="6f111b47-cd59-4d11-ab07-3bf014385f2d" />
      <TestMethod codeBase="D:\My files\Keyboard Layouts\projects\azerty-global\components\microsoft-store\src\TypingEngine.Windows.Tests\bin\Release\net8.0-windows10.0.17763.0\TypingEngine.Windows.Tests.dll" adapterTypeName="executor://xunit/VsTestRunner2/netcoreapp" className="TypingEngine.Windows.Tests.Audit120ResumeTests" name="NumLockPendantSuspension_AnnuleTousLesEvenementsDeRestauration" />
    </UnitTest>
    <UnitTest name="TypingEngine.Windows.Tests.Audit120ResumeTests.KeyUpPossede_PasseAvantUneAutreCompensationRefusee" storage="d:\my files\keyboard layouts\projects\azerty-global\components\microsoft-store\src\typingengine.windows.tests\bin\release\net8.0-windows10.0.17763.0\typingengine.windows.tests.dll" id="0ad5dd79-5fab-fa17-8fdb-7fe5d9049331">
      <Execution id="6e7e5476-358c-49fb-b32e-90ea6f4ca4a5" />
      <TestMethod codeBase="D:\My files\Keyboard Layouts\projects\azerty-global\components\microsoft-store\src\TypingEngine.Windows.Tests\bin\Release\net8.0-windows10.0.17763.0\TypingEngine.Windows.Tests.dll" adapterTypeName="executor://xunit/VsTestRunner2/netcoreapp" className="TypingEngine.Windows.Tests.Audit120ResumeTests" name="KeyUpPossede_PasseAvantUneAutreCompensationRefusee" />
    </UnitTest>
    <UnitTest name="TypingEngine.Windows.Tests.Audit120RegressionTests.Combo_RestaureChaqueMajPhysique(left: True, right: True, needsShift: True)" storage="d:\my files\keyboard layouts\projects\azerty-global\components\microsoft-store\src\typingengine.windows.tests\bin\release\net8.0-windows10.0.17763.0\typingengine.windows.tests.dll" id="43f5ee13-b5df-bef7-7f4d-13ce3eca89a9">
      <Execution id="933713ce-4a4a-424b-b7ab-bf8458c723de" />
      <TestMethod codeBase="D:\My files\Keyboard Layouts\projects\azerty-global\components\microsoft-store\src\TypingEngine.Windows.Tests\bin\Release\net8.0-windows10.0.17763.0\TypingEngine.Windows.Tests.dll" adapterTypeName="executor://xunit/VsTestRunner2/netcoreapp" className="TypingEngine.Windows.Tests.Audit120RegressionTests" name="Combo_RestaureChaqueMajPhysique" />
    </UnitTest>
    <UnitTest name="TypingEngine.Windows.Tests.Audit120RegressionTests.RelacheRemappageCtrl_MemeSiAltOuWindowsEstEnfonce(modifier: 91)" storage="d:\my files\keyboard layouts\projects\azerty-global\components\microsoft-store\src\typingengine.windows.tests\bin\release\net8.0-windows10.0.17763.0\typingengine.windows.tests.dll" id="5e08024c-6a0c-70df-ab2a-8c724b85d7ed">
      <Execution id="d8a7646d-f3cf-49ac-ae0b-7c8f83645e8a" />
      <TestMethod codeBase="D:\My files\Keyboard Layouts\projects\azerty-global\components\microsoft-store\src\TypingEngine.Windows.Tests\bin\Release\net8.0-windows10.0.17763.0\TypingEngine.Windows.Tests.dll" adapterTypeName="executor://xunit/VsTestRunner2/netcoreapp" className="TypingEngine.Windows.Tests.Audit120RegressionTests" name="RelacheRemappageCtrl_MemeSiAltOuWindowsEstEnfonce" />
    </UnitTest>
    <UnitTest name="TypingEngine.Windows.Tests.Audit120RegressionTests.Combo_RestaureChaqueMajPhysique(left: False, right: True, needsShift: False)" storage="d:\my files\keyboard layouts\projects\azerty-global\components\microsoft-store\src\typingengine.windows.tests\bin\release\net8.0-windows10.0.17763.0\typingengine.windows.tests.dll" id="30ce2ab0-4597-6ae4-051c-95b821684a1e">
      <Execution id="beb85300-0883-42ff-995c-f2f624d0c384" />
      <TestMethod codeBase="D:\My files\Keyboard Layouts\projects\azerty-global\components\microsoft-store\src\TypingEngine.Windows.Tests\bin\Release\net8.0-windows10.0.17763.0\TypingEngine.Windows.Tests.dll" adapterTypeName="executor://xunit/VsTestRunner2/netcoreapp" className="TypingEngine.Windows.Tests.Audit120RegressionTests" name="Combo_RestaureChaqueMajPhysique" />
    </UnitTest>
    <UnitTest name="TypingEngine.Windows.Tests.Audit120ResumeTests.MajPendantSuspension_EstSuiviSansNotificationPuisRespecte(held: True)" storage="d:\my files\keyboard layouts\projects\azerty-global\components\microsoft-store\src\typingengine.windows.tests\bin\release\net8.0-windows10.0.17763.0\typingengine.windows.tests.dll" id="e4b3e8a5-3f5c-a705-fd0a-381abf50da90">
      <Execution id="ecd4942a-9acd-4608-ada0-2ba60eef37e5" />
      <TestMethod codeBase="D:\My files\Keyboard Layouts\projects\azerty-global\components\microsoft-store\src\TypingEngine.Windows.Tests\bin\Release\net8.0-windows10.0.17763.0\TypingEngine.Windows.Tests.dll" adapterTypeName="executor://xunit/VsTestRunner2/netcoreapp" className="TypingEngine.Windows.Tests.Audit120ResumeTests" name="MajPendantSuspension_EstSuiviSansNotificationPuisRespecte" />
    </UnitTest>
    <UnitTest name="TypingEngine.Windows.Tests.Audit120RegressionTests.RelacheRemappageCtrl_MemeSiAltOuWindowsEstEnfonce(modifier: 92)" storage="d:\my files\keyboard layouts\projects\azerty-global\components\microsoft-store\src\typingengine.windows.tests\bin\release\net8.0-windows10.0.17763.0\typingengine.windows.tests.dll" id="10c2031f-016c-0ca6-8223-f6c1ba60f61c">
      <Execution id="ed1c4857-8346-452b-8b35-385575175b00" />
      <TestMethod codeBase="D:\My files\Keyboard Layouts\projects\azerty-global\components\microsoft-store\src\TypingEngine.Windows.Tests\bin\Release\net8.0-windows10.0.17763.0\TypingEngine.Windows.Tests.dll" adapterTypeName="executor://xunit/VsTestRunner2/netcoreapp" className="TypingEngine.Windows.Tests.Audit120RegressionTests" name="RelacheRemappageCtrl_MemeSiAltOuWindowsEstEnfonce" />
    </UnitTest>
    <UnitTest name="TypingEngine.Windows.Tests.Audit120SuspensionTests.EmissionIncomplete_NeComptePasLeTexte(sent: 1)" storage="d:\my files\keyboard layouts\projects\azerty-global\components\microsoft-store\src\typingengine.windows.tests\bin\release\net8.0-windows10.0.17763.0\typingengine.windows.tests.dll" id="cd200eff-9d83-327d-3b62-1d796a97c70e">
      <Execution id="97e38041-88f6-4e16-8772-bbe460e5c4e2" />
      <TestMethod codeBase="D:\My files\Keyboard Layouts\projects\azerty-global\components\microsoft-store\src\TypingEngine.Windows.Tests\bin\Release\net8.0-windows10.0.17763.0\TypingEngine.Windows.Tests.dll" adapterTypeName="executor://xunit/VsTestRunner2/netcoreapp" className="TypingEngine.Windows.Tests.Audit120SuspensionTests" name="EmissionIncomplete_NeComptePasLeTexte" />
    </UnitTest>
    <UnitTest name="TypingEngine.Windows.Tests.Audit120RegressionTests.AltCode_RestaureChaqueMajPhysique(left: True, right: True, numLock: False)" storage="d:\my files\keyboard layouts\projects\azerty-global\components\microsoft-store\src\typingengine.windows.tests\bin\release\net8.0-windows10.0.17763.0\typingengine.windows.tests.dll" id="860871a5-0f3b-8d9d-a26c-ef5bfdf7422f">
      <Execution id="5354150b-b983-4ea5-b059-6931c39872e2" />
      <TestMethod codeBase="D:\My files\Keyboard Layouts\projects\azerty-global\components\microsoft-store\src\TypingEngine.Windows.Tests\bin\Release\net8.0-windows10.0.17763.0\TypingEngine.Windows.Tests.dll" adapterTypeName="executor://xunit/VsTestRunner2/netcoreapp" className="TypingEngine.Windows.Tests.Audit120RegressionTests" name="AltCode_RestaureChaqueMajPhysique" />
    </UnitTest>
    <UnitTest name="TypingEngine.Windows.Tests.Audit120RecoveryTests.ComboPartielle_RelacheMajEtCaractereSansRejouer(sent: 3)" storage="d:\my files\keyboard layouts\projects\azerty-global\components\microsoft-store\src\typingengine.windows.tests\bin\release\net8.0-windows10.0.17763.0\typingengine.windows.tests.dll" id="6fe064fc-0367-3fd0-1e99-180d221dcc1f">
      <Execution id="189953ce-8d71-43a6-af39-9a867c6e9769" />
      <TestMethod codeBase="D:\My files\Keyboard Layouts\projects\azerty-global\components\microsoft-store\src\TypingEngine.Windows.Tests\bin\Release\net8.0-windows10.0.17763.0\TypingEngine.Windows.Tests.dll" adapterTypeName="executor://xunit/VsTestRunner2/netcoreapp" className="TypingEngine.Windows.Tests.Audit120RecoveryTests" name="ComboPartielle_RelacheMajEtCaractereSansRejouer" />
    </UnitTest>
    <UnitTest name="TypingEngine.Windows.Tests.Audit120RegressionTests.RetirerCouche_PurgeDeclencheurEtOneShot(released: False)" storage="d:\my files\keyboard layouts\projects\azerty-global\components\microsoft-store\src\typingengine.windows.tests\bin\release\net8.0-windows10.0.17763.0\typingengine.windows.tests.dll" id="21c8b837-4cc8-2233-3d2a-ff6dc80354cb">
      <Execution id="207ec52f-5d7b-43c4-80bd-3aa638e2ffa3" />
      <TestMethod codeBase="D:\My files\Keyboard Layouts\projects\azerty-global\components\microsoft-store\src\TypingEngine.Windows.Tests\bin\Release\net8.0-windows10.0.17763.0\TypingEngine.Windows.Tests.dll" adapterTypeName="executor://xunit/VsTestRunner2/netcoreapp" className="TypingEngine.Windows.Tests.Audit120RegressionTests" name="RetirerCouche_PurgeDeclencheurEtOneShot" />
    </UnitTest>
    <UnitTest name="TypingEngine.Windows.Tests.Audit120RecoveryTests.ComboPartielle_RelacheMajEtCaractereSansRejouer(sent: 1)" storage="d:\my files\keyboard layouts\projects\azerty-global\components\microsoft-store\src\typingengine.windows.tests\bin\release\net8.0-windows10.0.17763.0\typingengine.windows.tests.dll" id="23439d72-1dd0-bf93-b5a7-1c4aaafc4d44">
      <Execution id="9432ed22-420b-4728-93a4-67c2eff1af25" />
      <TestMethod codeBase="D:\My files\Keyboard Layouts\projects\azerty-global\components\microsoft-store\src\TypingEngine.Windows.Tests\bin\Release\net8.0-windows10.0.17763.0\TypingEngine.Windows.Tests.dll" adapterTypeName="executor://xunit/VsTestRunner2/netcoreapp" className="TypingEngine.Windows.Tests.Audit120RecoveryTests" name="ComboPartielle_RelacheMajEtCaractereSansRejouer" />
    </UnitTest>
    <UnitTest name="TypingEngine.Windows.Tests.Audit120RegressionTests.Combo_RestaureChaqueMajPhysique(left: False, right: False, needsShift: True)" storage="d:\my files\keyboard layouts\projects\azerty-global\components\microsoft-store\src\typingengine.windows.tests\bin\release\net8.0-windows10.0.17763.0\typingengine.windows.tests.dll" id="1b78c05c-71d3-a80d-aade-12eaddd922cb">
      <Execution id="b5547338-e97a-4cec-baac-e741eecb314f" />
      <TestMethod codeBase="D:\My files\Keyboard Layouts\projects\azerty-global\components\microsoft-store\src\TypingEngine.Windows.Tests\bin\Release\net8.0-windows10.0.17763.0\TypingEngine.Windows.Tests.dll" adapterTypeName="executor://xunit/VsTestRunner2/netcoreapp" className="TypingEngine.Windows.Tests.Audit120RegressionTests" name="Combo_RestaureChaqueMajPhysique" />
    </UnitTest>
    <UnitTest name="TypingEngine.Windows.Tests.Audit120RegressionTests.SondesLayout_PreserventEtatToucheMorte_EtCapsLock" storage="d:\my files\keyboard layouts\projects\azerty-global\components\microsoft-store\src\typingengine.windows.tests\bin\release\net8.0-windows10.0.17763.0\typingengine.windows.tests.dll" id="2a4dd16b-8084-e800-4b11-5677012fbe09">
      <Execution id="15dd9b58-05d7-4894-9a68-6d3a656c4fa3" />
      <TestMethod codeBase="D:\My files\Keyboard Layouts\projects\azerty-global\components\microsoft-store\src\TypingEngine.Windows.Tests\bin\Release\net8.0-windows10.0.17763.0\TypingEngine.Windows.Tests.dll" adapterTypeName="executor://xunit/VsTestRunner2/netcoreapp" className="TypingEngine.Windows.Tests.Audit120RegressionTests" name="SondesLayout_PreserventEtatToucheMorte_EtCapsLock" />
    </UnitTest>
    <UnitTest name="TypingEngine.Windows.Tests.Audit120ResumeTests.EchecCompensation_AssocieChaqueKeyUpAuDownQuiAPasseOuEteAbsorbe" storage="d:\my files\keyboard layouts\projects\azerty-global\components\microsoft-store\src\typingengine.windows.tests\bin\release\net8.0-windows10.0.17763.0\typingengine.windows.tests.dll" id="0a10adda-051d-5d5a-5b5d-28c7eba65365">
      <Execution id="0dcb09d6-26e7-4103-99a7-26a5840b8984" />
      <TestMethod codeBase="D:\My files\Keyboard Layouts\projects\azerty-global\components\microsoft-store\src\TypingEngine.Windows.Tests\bin\Release\net8.0-windows10.0.17763.0\TypingEngine.Windows.Tests.dll" adapterTypeName="executor://xunit/VsTestRunner2/netcoreapp" className="TypingEngine.Windows.Tests.Audit120ResumeTests" name="EchecCompensation_AssocieChaqueKeyUpAuDownQuiAPasseOuEteAbsorbe" />
    </UnitTest>
    <UnitTest name="TypingEngine.Windows.Tests.Audit120RegressionTests.Combo_RestaureChaqueMajPhysique(left: True, right: False, needsShift: True)" storage="d:\my files\keyboard layouts\projects\azerty-global\components\microsoft-store\src\typingengine.windows.tests\bin\release\net8.0-windows10.0.17763.0\typingengine.windows.tests.dll" id="ea97c98c-77d6-c58d-c16c-bb15793c804f">
      <Execution id="d701f28b-09b4-42ca-9572-e6b4ca52142f" />
      <TestMethod codeBase="D:\My files\Keyboard Layouts\projects\azerty-global\components\microsoft-store\src\TypingEngine.Windows.Tests\bin\Release\net8.0-windows10.0.17763.0\TypingEngine.Windows.Tests.dll" adapterTypeName="executor://xunit/VsTestRunner2/netcoreapp" className="TypingEngine.Windows.Tests.Audit120RegressionTests" name="Combo_RestaureChaqueMajPhysique" />
    </UnitTest>
    <UnitTest name="TypingEngine.Windows.Tests.Audit120RecoveryTests.CompensationRefusee_BloqueNouvelleEmission_PuisSeReprend" storage="d:\my files\keyboard layouts\projects\azerty-global\components\microsoft-store\src\typingengine.windows.tests\bin\release\net8.0-windows10.0.17763.0\typingengine.windows.tests.dll" id="d3c7cb80-27e3-8ac8-a985-33ab09f2dbc6">
      <Execution id="6eea1c00-a356-4a64-b652-b5624e590de3" />
      <TestMethod codeBase="D:\My files\Keyboard Layouts\projects\azerty-global\components\microsoft-store\src\TypingEngine.Windows.Tests\bin\Release\net8.0-windows10.0.17763.0\TypingEngine.Windows.Tests.dll" adapterTypeName="executor://xunit/VsTestRunner2/netcoreapp" className="TypingEngine.Windows.Tests.Audit120RecoveryTests" name="CompensationRefusee_BloqueNouvelleEmission_PuisSeReprend" />
    </UnitTest>
    <UnitTest name="TypingEngine.Windows.Tests.Audit120SuspensionTests.EmissionIncomplete_NeComptePasLeTexte(sent: 3)" storage="d:\my files\keyboard layouts\projects\azerty-global\components\microsoft-store\src\typingengine.windows.tests\bin\release\net8.0-windows10.0.17763.0\typingengine.windows.tests.dll" id="62002429-0f7d-aede-1534-cabf5a046fdc">
      <Execution id="1effe18f-22e1-4683-89f2-bd3bd4d6152b" />
      <TestMethod codeBase="D:\My files\Keyboard Layouts\projects\azerty-global\components\microsoft-store\src\TypingEngine.Windows.Tests\bin\Release\net8.0-windows10.0.17763.0\TypingEngine.Windows.Tests.dll" adapterTypeName="executor://xunit/VsTestRunner2/netcoreapp" className="TypingEngine.Windows.Tests.Audit120SuspensionTests" name="EmissionIncomplete_NeComptePasLeTexte" />
    </UnitTest>
    <UnitTest name="TypingEngine.Windows.Tests.Audit120RegressionTests.Combo_RestaureChaqueMajPhysique(left: False, right: False, needsShift: False)" storage="d:\my files\keyboard layouts\projects\azerty-global\components\microsoft-store\src\typingengine.windows.tests\bin\release\net8.0-windows10.0.17763.0\typingengine.windows.tests.dll" id="8935637d-13c0-6159-f0de-6f01c2df629c">
      <Execution id="a6850328-78af-4639-8c6d-e529dafdf195" />
      <TestMethod codeBase="D:\My files\Keyboard Layouts\projects\azerty-global\components\microsoft-store\src\TypingEngine.Windows.Tests\bin\Release\net8.0-windows10.0.17763.0\TypingEngine.Windows.Tests.dll" adapterTypeName="executor://xunit/VsTestRunner2/netcoreapp" className="TypingEngine.Windows.Tests.Audit120RegressionTests" name="Combo_RestaureChaqueMajPhysique" />
    </UnitTest>
    <UnitTest name="TypingEngine.Windows.Tests.Audit120RecoveryTests.PauseVolontaire_BloqueAussiEmissionDirecteEtCapsLock" storage="d:\my files\keyboard layouts\projects\azerty-global\components\microsoft-store\src\typingengine.windows.tests\bin\release\net8.0-windows10.0.17763.0\typingengine.windows.tests.dll" id="3584b6aa-b88b-d88f-ef9d-0b0731d04ab6">
      <Execution id="1cc5a5b1-4402-44d4-973d-b594cf9d08c4" />
      <TestMethod codeBase="D:\My files\Keyboard Layouts\projects\azerty-global\components\microsoft-store\src\TypingEngine.Windows.Tests\bin\Release\net8.0-windows10.0.17763.0\TypingEngine.Windows.Tests.dll" adapterTypeName="executor://xunit/VsTestRunner2/netcoreapp" className="TypingEngine.Windows.Tests.Audit120RecoveryTests" name="PauseVolontaire_BloqueAussiEmissionDirecteEtCapsLock" />
    </UnitTest>
  </TestDefinitions>
  <TestEntries>
    <TestEntry testId="8cd58430-5c6c-fdbd-ec87-574cbb64bf53" executionId="22a77d7c-1f33-4b7f-ab1a-812c1f9ec2dc" testListId="8c84fa94-04c1-424b-9868-57a2d4851a1d" />
    <TestEntry testId="ea97c98c-77d6-c58d-c16c-bb15793c804f" executionId="d701f28b-09b4-42ca-9572-e6b4ca52142f" testListId="8c84fa94-04c1-424b-9868-57a2d4851a1d" />
    <TestEntry testId="0e5bdd8a-c1b5-eaa4-e80f-397ba702ef90" executionId="81dd658a-bdb7-4213-9e9a-36f52aa3bdda" testListId="8c84fa94-04c1-424b-9868-57a2d4851a1d" />
    <TestEntry testId="cca83ef9-d59a-5f79-9ee6-88df80cc3cb3" executionId="42261052-d294-40f8-bac7-dd2058b84a62" testListId="8c84fa94-04c1-424b-9868-57a2d4851a1d" />
    <TestEntry testId="79952c93-c1f5-ac79-d3b2-60671a09be57" executionId="c5d69650-7731-401d-9edd-41deba6433ab" testListId="8c84fa94-04c1-424b-9868-57a2d4851a1d" />
    <TestEntry testId="1b873dbb-74a5-e562-1be1-78a6566e3d3e" executionId="e79582f4-8919-4e21-9bc6-3ef7f38bc09d" testListId="8c84fa94-04c1-424b-9868-57a2d4851a1d" />
    <TestEntry testId="0a10adda-051d-5d5a-5b5d-28c7eba65365" executionId="0dcb09d6-26e7-4103-99a7-26a5840b8984" testListId="8c84fa94-04c1-424b-9868-57a2d4851a1d" />
    <TestEntry testId="e4b3e8a5-3f5c-a705-fd0a-381abf50da90" executionId="ecd4942a-9acd-4608-ada0-2ba60eef37e5" testListId="8c84fa94-04c1-424b-9868-57a2d4851a1d" />
    <TestEntry testId="21c8b837-4cc8-2233-3d2a-ff6dc80354cb" executionId="207ec52f-5d7b-43c4-80bd-3aa638e2ffa3" testListId="8c84fa94-04c1-424b-9868-57a2d4851a1d" />
    <TestEntry testId="95482935-a2a3-ac4e-d352-a10d8244381f" executionId="bf550ea4-20c2-43ac-9768-9a52ed91aebd" testListId="8c84fa94-04c1-424b-9868-57a2d4851a1d" />
    <TestEntry testId="1c6a1e6d-2208-07f1-fb3f-362ab0051381" executionId="3971e6d0-5a62-4024-b502-6b82a8324a95" testListId="8c84fa94-04c1-424b-9868-57a2d4851a1d" />
    <TestEntry testId="5e08024c-6a0c-70df-ab2a-8c724b85d7ed" executionId="d8a7646d-f3cf-49ac-ae0b-7c8f83645e8a" testListId="8c84fa94-04c1-424b-9868-57a2d4851a1d" />
    <TestEntry testId="6fe064fc-0367-3fd0-1e99-180d221dcc1f" executionId="189953ce-8d71-43a6-af39-9a867c6e9769" testListId="8c84fa94-04c1-424b-9868-57a2d4851a1d" />
    <TestEntry testId="0ad5dd79-5fab-fa17-8fdb-7fe5d9049331" executionId="6e7e5476-358c-49fb-b32e-90ea6f4ca4a5" testListId="8c84fa94-04c1-424b-9868-57a2d4851a1d" />
    <TestEntry testId="9cb359cb-0259-39b2-5047-fa4747eb3976" executionId="6f111b47-cd59-4d11-ab07-3bf014385f2d" testListId="8c84fa94-04c1-424b-9868-57a2d4851a1d" />
    <TestEntry testId="43f5ee13-b5df-bef7-7f4d-13ce3eca89a9" executionId="933713ce-4a4a-424b-b7ab-bf8458c723de" testListId="8c84fa94-04c1-424b-9868-57a2d4851a1d" />
    <TestEntry testId="10c2031f-016c-0ca6-8223-f6c1ba60f61c" executionId="ed1c4857-8346-452b-8b35-385575175b00" testListId="8c84fa94-04c1-424b-9868-57a2d4851a1d" />
    <TestEntry testId="62002429-0f7d-aede-1534-cabf5a046fdc" executionId="1effe18f-22e1-4683-89f2-bd3bd4d6152b" testListId="8c84fa94-04c1-424b-9868-57a2d4851a1d" />
    <TestEntry testId="2a4dd16b-8084-e800-4b11-5677012fbe09" executionId="15dd9b58-05d7-4894-9a68-6d3a656c4fa3" testListId="8c84fa94-04c1-424b-9868-57a2d4851a1d" />
    <TestEntry testId="4c3139bf-abed-cc43-4488-9b3f7607817f" executionId="1a149f76-fe7d-4072-a107-15b436d9d412" testListId="8c84fa94-04c1-424b-9868-57a2d4851a1d" />
    <TestEntry testId="cd3af2f9-f041-3ccb-3f8c-1c3ee951b9f4" executionId="01cc8a63-a994-4a2b-8dba-f4c24ecaaf65" testListId="8c84fa94-04c1-424b-9868-57a2d4851a1d" />
    <TestEntry testId="d3c7cb80-27e3-8ac8-a985-33ab09f2dbc6" executionId="6eea1c00-a356-4a64-b652-b5624e590de3" testListId="8c84fa94-04c1-424b-9868-57a2d4851a1d" />
    <TestEntry testId="1b78c05c-71d3-a80d-aade-12eaddd922cb" executionId="b5547338-e97a-4cec-baac-e741eecb314f" testListId="8c84fa94-04c1-424b-9868-57a2d4851a1d" />
    <TestEntry testId="2685e820-1019-b32e-e004-4c40aee27486" executionId="3ef4dafe-d1c7-4512-95c8-c32f43db3e4f" testListId="8c84fa94-04c1-424b-9868-57a2d4851a1d" />
    <TestEntry testId="d9591db8-95a4-5f0d-9385-04b30ade8db1" executionId="eb3af8c0-29c4-4144-81d8-3aa0ee0d1af3" testListId="8c84fa94-04c1-424b-9868-57a2d4851a1d" />
    <TestEntry testId="f95a4f97-3d24-ccf0-1b61-a310ea0c63d6" executionId="320aac79-68b5-4e1e-805e-00f5339bddd5" testListId="8c84fa94-04c1-424b-9868-57a2d4851a1d" />
    <TestEntry testId="595f1bad-8185-f37a-7f59-80da748959e6" executionId="18550a9d-7a87-418d-bea7-deb5eb7560e8" testListId="8c84fa94-04c1-424b-9868-57a2d4851a1d" />
    <TestEntry testId="860871a5-0f3b-8d9d-a26c-ef5bfdf7422f" executionId="5354150b-b983-4ea5-b059-6931c39872e2" testListId="8c84fa94-04c1-424b-9868-57a2d4851a1d" />
    <TestEntry testId="50e899b9-bb47-c8e3-e06f-5376d714a8ef" executionId="5e298d1e-fa1a-4a38-9839-885c63f320c8" testListId="8c84fa94-04c1-424b-9868-57a2d4851a1d" />
    <TestEntry testId="9bf54c57-3773-b1fc-e36d-07d725b984b7" executionId="397111bf-2b4f-4d31-9602-3b44bbcc47a9" testListId="8c84fa94-04c1-424b-9868-57a2d4851a1d" />
    <TestEntry testId="3584b6aa-b88b-d88f-ef9d-0b0731d04ab6" executionId="1cc5a5b1-4402-44d4-973d-b594cf9d08c4" testListId="8c84fa94-04c1-424b-9868-57a2d4851a1d" />
    <TestEntry testId="67897feb-979d-4be2-3a84-c90c06566218" executionId="0691a5a0-f302-46c0-be22-60268e16a3e7" testListId="8c84fa94-04c1-424b-9868-57a2d4851a1d" />
    <TestEntry testId="8935637d-13c0-6159-f0de-6f01c2df629c" executionId="a6850328-78af-4639-8c6d-e529dafdf195" testListId="8c84fa94-04c1-424b-9868-57a2d4851a1d" />
    <TestEntry testId="cd200eff-9d83-327d-3b62-1d796a97c70e" executionId="97e38041-88f6-4e16-8772-bbe460e5c4e2" testListId="8c84fa94-04c1-424b-9868-57a2d4851a1d" />
    <TestEntry testId="a4046aad-0258-805a-db5a-f7eeec1b1be3" executionId="bf64c37a-140f-4ff7-8aba-f11194850752" testListId="8c84fa94-04c1-424b-9868-57a2d4851a1d" />
    <TestEntry testId="23439d72-1dd0-bf93-b5a7-1c4aaafc4d44" executionId="9432ed22-420b-4728-93a4-67c2eff1af25" testListId="8c84fa94-04c1-424b-9868-57a2d4851a1d" />
    <TestEntry testId="5c504384-95f6-453d-4369-af1964e6e6ab" executionId="1d8eb59e-cf20-43bd-a26d-b5c8e2078941" testListId="8c84fa94-04c1-424b-9868-57a2d4851a1d" />
    <TestEntry testId="30ce2ab0-4597-6ae4-051c-95b821684a1e" executionId="beb85300-0883-42ff-995c-f2f624d0c384" testListId="8c84fa94-04c1-424b-9868-57a2d4851a1d" />
    <TestEntry testId="c158eeca-1e77-c6ad-3ca9-64ec070b0c05" executionId="61763e97-5f37-4336-a1ed-dfef1effa674" testListId="8c84fa94-04c1-424b-9868-57a2d4851a1d" />
    <TestEntry testId="db1804fc-c268-1a6e-7d1b-6e5d37ca35af" executionId="825e9a5d-003e-4434-826c-bf64c3e3777f" testListId="8c84fa94-04c1-424b-9868-57a2d4851a1d" />
    <TestEntry testId="14615589-1731-1b15-5bcf-57d78516bee1" executionId="570ae61d-df04-496f-81b0-a6a944b7876f" testListId="8c84fa94-04c1-424b-9868-57a2d4851a1d" />
    <TestEntry testId="f430844a-f734-55bb-77e2-c669b4ac34fb" executionId="bef0fb57-babf-44ba-96b8-d690aadd5f7f" testListId="8c84fa94-04c1-424b-9868-57a2d4851a1d" />
  </TestEntries>
  <TestLists>
    <TestList name="Results Not in a List" id="8c84fa94-04c1-424b-9868-57a2d4851a1d" />
    <TestList name="All Loaded Results" id="19431567-8539-422a-85d7-44ee4e166bda" />
  </TestLists>
  <ResultSummary outcome="Completed">
    <Counters total="42" executed="42" passed="42" failed="0" error="0" timeout="0" aborted="0" inconclusive="0" passedButRunAborted="0" notRunnable="0" notExecuted="0" disconnected="0" warning="0" completed="0" inProgress="0" pending="0" />
    <Output>
      <StdOut>[xUnit.net 00:00:00.00] xUnit.net VSTest Adapter v2.5.0.1+5ebf84cd75 (64-bit .NET 8.0.29)&#xD;
[xUnit.net 00:00:00.90]   Discovering: TypingEngine.Windows.Tests&#xD;
[xUnit.net 00:00:00.93]   Discovered:  TypingEngine.Windows.Tests&#xD;
[xUnit.net 00:00:00.94]   Starting:    TypingEngine.Windows.Tests&#xD;
[xUnit.net 00:00:00.99]   Finished:    TypingEngine.Windows.Tests&#xD;
</StdOut>
    </Output>
  </ResultSummary>
</TestRun>