<?xml version="1.0" encoding="utf-8"?>
<TestRun id="e0367613-afb7-4e48-aec7-55e9a19955d7" name="antoi@AZERTY_GLOBAL 2026-09-19 09:41:44" runUser="AZERTY_GLOBAL\antoi" xmlns="http://microsoft.com/schemas/VisualStudio/TeamTest/2010">
  <Times creation="2026-09-19T09:41:44.4206657+02:00" queuing="2026-09-19T09:41:44.4206658+02:00" start="2026-09-19T09:41:41.2995657+02:00" finish="2026-09-19T09:41:44.4707256+02:00" />
  <TestSettings name="default" id="72894556-5e92-4535-b6aa-60d9c5ca772d">
    <Deployment runDeploymentRoot="antoi_AZERTY_GLOBAL_2026-09-19_09_41_44" />
  </TestSettings>
  <Results>
    <UnitTestResult executionId="f95ad805-3240-49f7-950b-7a1b56f8f2ac" testId="e9548043-96a5-3104-304e-16ae7cf1952f" testName="TypingEngine.Windows.Tests.KeyMapperEmitTextIntegrationTests.EmitText_ReportsTextToHost" computerName="AZERTY_GLOBAL" duration="00:00:00.0043032" startTime="2026-09-19T09:41:44.4226585+02:00" endTime="2026-09-19T09:41:44.4226586+02:00" testType="13cdc9d9-ddb5-4fa4-a97d-d965ccfc6d4b" outcome="Passed" testListId="8c84fa94-04c1-424b-9868-57a2d4851a1d" relativeResultsDirectory="f95ad805-3240-49f7-950b-7a1b56f8f2ac" />
    <UnitTestResult executionId="04da18bd-77d8-4a65-8f5f-6313cae5596e" testId="453564d9-6ed2-80a7-c2d6-b6d4a1cbc8a6" testName="TypingEngine.Windows.Tests.GameRegistryTests.IsAntiCheatProcess_Level1_Substring_Returns_True(processName: &quot;RobloxPlayerBeta.exe&quot;)" computerName="AZERTY_GLOBAL" duration="00:00:00.0000012" startTime="2026-09-19T09:41:44.4017435+02:00" endTime="2026-09-19T09:41:44.4017435+02:00" testType="13cdc9d9-ddb5-4fa4-a97d-d965ccfc6d4b" outcome="Passed" testListId="8c84fa94-04c1-424b-9868-57a2d4851a1d" relativeResultsDirectory="04da18bd-77d8-4a65-8f5f-6313cae5596e" />
    <UnitTestResult executionId="a566e148-c800-4346-afe2-b9a27dcd76b2" testId="8693f208-80e9-2612-0d07-8d34b3f67289" testName="TypingEngine.Windows.Tests.KeyMapperBuildInputsTests.BuildAltCodeInputs_OeLigature_GeneratesAlt0140Sequence_NumLockOn" computerName="AZERTY_GLOBAL" duration="00:00:00.0002023" startTime="2026-09-19T09:41:44.4197668+02:00" endTime="2026-09-19T09:41:44.4197669+02:00" testType="13cdc9d9-ddb5-4fa4-a97d-d965ccfc6d4b" outcome="Passed" testListId="8c84fa94-04c1-424b-9868-57a2d4851a1d" relativeResultsDirectory="a566e148-c800-4346-afe2-b9a27dcd76b2" />
    <UnitTestResult executionId="c261bba9-9173-43d7-a53d-4d34519c4e41" testId="0ad5dd79-5fab-fa17-8fdb-7fe5d9049331" testName="TypingEngine.Windows.Tests.Audit120ResumeTests.KeyUpPossede_PasseAvantUneAutreCompensationRefusee" computerName="AZERTY_GLOBAL" duration="00:00:00.0001929" startTime="2026-09-19T09:41:44.4235938+02:00" endTime="2026-09-19T09:41:44.4235938+02:00" testType="13cdc9d9-ddb5-4fa4-a97d-d965ccfc6d4b" outcome="Passed" testListId="8c84fa94-04c1-424b-9868-57a2d4851a1d" relativeResultsDirectory="c261bba9-9173-43d7-a53d-4d34519c4e41" />
    <UnitTestResult executionId="b9b7ba3c-c40d-45a2-98ea-fb545744c4a2" testId="d289cca6-9ccd-3b38-687c-de48b5d1082c" testName="TypingEngine.Windows.Tests.GameRegistryTests.IsAntiCheatProcess_TheFinals_KnownExe_Returns_True(proc: &quot;Discovery.exe&quot;, path: &quot;C:\\Program Files\\Embark\\TheFinals\\Discovery.ex&quot;···)" computerName="AZERTY_GLOBAL" duration="00:00:00.0000582" startTime="2026-09-19T09:41:44.4116119+02:00" endTime="2026-09-19T09:41:44.4116120+02:00" testType="13cdc9d9-ddb5-4fa4-a97d-d965ccfc6d4b" outcome="Passed" testListId="8c84fa94-04c1-424b-9868-57a2d4851a1d" relativeResultsDirectory="b9b7ba3c-c40d-45a2-98ea-fb545744c4a2" />
    <UnitTestResult executionId="9fda6090-7d60-4260-b46c-858cc74ae773" testId="1a55d698-7702-e406-0e51-37e03b0ede7b" testName="TypingEngine.Windows.Tests.KeyMapperEmitTextIntegrationTests.EmitText_SurrogatePair_UsesUnicodeFallback_EvenInNativeCombo" computerName="AZERTY_GLOBAL" duration="00:00:00.0000760" startTime="2026-09-19T09:41:44.4231841+02:00" endTime="2026-09-19T09:41:44.4231842+02:00" testType="13cdc9d9-ddb5-4fa4-a97d-d965ccfc6d4b" outcome="Passed" testListId="8c84fa94-04c1-424b-9868-57a2d4851a1d" relativeResultsDirectory="9fda6090-7d60-4260-b46c-858cc74ae773" />
    <UnitTestResult executionId="8abfd5ff-3912-4228-951a-6f6152b49f5a" testId="a9788563-7377-d505-2ed3-070f64312ef1" testName="TypingEngine.Windows.Tests.MaintainableLayerManagerTests.Chord_UnusedOneShotDoesNotSurviveTriggerRelease" computerName="AZERTY_GLOBAL" duration="00:00:00.0000589" startTime="2026-09-19T09:41:44.4178128+02:00" endTime="2026-09-19T09:41:44.4178128+02:00" testType="13cdc9d9-ddb5-4fa4-a97d-d965ccfc6d4b" outcome="Passed" testListId="8c84fa94-04c1-424b-9868-57a2d4851a1d" relativeResultsDirectory="8abfd5ff-3912-4228-951a-6f6152b49f5a" />
    <UnitTestResult executionId="11ed25c7-ace8-46b3-887f-04c9ea4feceb" testId="14615589-1731-1b15-5bcf-57d78516bee1" testName="TypingEngine.Windows.Tests.Audit120RegressionTests.Combo_RestaureChaqueMajPhysique(left: True, right: False, needsShift: False)" computerName="AZERTY_GLOBAL" duration="00:00:00.0000050" startTime="2026-09-19T09:41:44.4197945+02:00" endTime="2026-09-19T09:41:44.4197945+02:00" testType="13cdc9d9-ddb5-4fa4-a97d-d965ccfc6d4b" outcome="Passed" testListId="8c84fa94-04c1-424b-9868-57a2d4851a1d" relativeResultsDirectory="11ed25c7-ace8-46b3-887f-04c9ea4feceb" />
    <UnitTestResult executionId="f9a053ff-69b5-43fa-987d-cd113787bba3" testId="e4b3e8a5-3f5c-a705-fd0a-381abf50da90" testName="TypingEngine.Windows.Tests.Audit120ResumeTests.MajPendantSuspension_EstSuiviSansNotificationPuisRespecte(held: True)" computerName="AZERTY_GLOBAL" duration="00:00:00.0002646" startTime="2026-09-19T09:41:44.4231293+02:00" endTime="2026-09-19T09:41:44.4231293+02:00" testType="13cdc9d9-ddb5-4fa4-a97d-d965ccfc6d4b" outcome="Passed" testListId="8c84fa94-04c1-424b-9868-57a2d4851a1d" relativeResultsDirectory="f9a053ff-69b5-43fa-987d-cd113787bba3" />
    <UnitTestResult executionId="9a584bcc-9621-4a6a-bc51-7b466dc9d3da" testId="5e08024c-6a0c-70df-ab2a-8c724b85d7ed" testName="TypingEngine.Windows.Tests.Audit120RegressionTests.RelacheRemappageCtrl_MemeSiAltOuWindowsEstEnfonce(modifier: 91)" computerName="AZERTY_GLOBAL" duration="00:00:00.0000213" startTime="2026-09-19T09:41:44.4234874+02:00" endTime="2026-09-19T09:41:44.4234874+02:00" testType="13cdc9d9-ddb5-4fa4-a97d-d965ccfc6d4b" outcome="Passed" testListId="8c84fa94-04c1-424b-9868-57a2d4851a1d" relativeResultsDirectory="9a584bcc-9621-4a6a-bc51-7b466dc9d3da" />
    <UnitTestResult executionId="0cc6ddf9-2e9f-4a28-a82e-b7d1c17ad15e" testId="79952c93-c1f5-ac79-d3b2-60671a09be57" testName="TypingEngine.Windows.Tests.Audit120SuspensionTests.Suspension_NettoieSansEmettreDansNouvelleCible" computerName="AZERTY_GLOBAL" duration="00:00:00.0020211" startTime="2026-09-19T09:41:44.4221631+02:00" endTime="2026-09-19T09:41:44.4221632+02:00" testType="13cdc9d9-ddb5-4fa4-a97d-d965ccfc6d4b" outcome="Passed" testListId="8c84fa94-04c1-424b-9868-57a2d4851a1d" relativeResultsDirectory="0cc6ddf9-2e9f-4a28-a82e-b7d1c17ad15e" />
    <UnitTestResult executionId="777df76b-f602-483f-be9f-d08aa06996ae" testId="889ee3cf-ecd0-80a9-98f0-0c7b68bda1a9" testName="TypingEngine.Windows.Tests.KeyMapperPassThroughLayoutTests.ProcessKey_CtrlD01_QwertyForeground_EmitsCtrlAInsteadOfPassingCtrlQ" computerName="AZERTY_GLOBAL" duration="00:00:00.0002342" startTime="2026-09-19T09:41:44.4206727+02:00" endTime="2026-09-19T09:41:44.4206728+02:00" testType="13cdc9d9-ddb5-4fa4-a97d-d965ccfc6d4b" outcome="Passed" testListId="8c84fa94-04c1-424b-9868-57a2d4851a1d" relativeResultsDirectory="777df76b-f602-483f-be9f-d08aa06996ae" />
    <UnitTestResult executionId="6fb40b0f-4de1-4ead-832c-d8798c8c7a34" testId="fe59d082-453b-4d05-047d-beab8049b427" testName="TypingEngine.Windows.Tests.ForegroundMonitorMockedTests.OverrideForceOff_AppliesDisabled" computerName="AZERTY_GLOBAL" duration="00:00:00.0000471" startTime="2026-09-19T09:41:44.4167937+02:00" endTime="2026-09-19T09:41:44.4167937+02:00" testType="13cdc9d9-ddb5-4fa4-a97d-d965ccfc6d4b" outcome="Passed" testListId="8c84fa94-04c1-424b-9868-57a2d4851a1d" relativeResultsDirectory="6fb40b0f-4de1-4ead-832c-d8798c8c7a34" />
    <UnitTestResult executionId="f65f783f-239f-4aa1-8b7c-78bd15e23bb7" testId="3584b6aa-b88b-d88f-ef9d-0b0731d04ab6" testName="TypingEngine.Windows.Tests.Audit120RecoveryTests.PauseVolontaire_BloqueAussiEmissionDirecteEtCapsLock" computerName="AZERTY_GLOBAL" duration="00:00:00.0000730" startTime="2026-09-19T09:41:44.4220778+02:00" endTime="2026-09-19T09:41:44.4220778+02:00" testType="13cdc9d9-ddb5-4fa4-a97d-d965ccfc6d4b" outcome="Passed" testListId="8c84fa94-04c1-424b-9868-57a2d4851a1d" relativeResultsDirectory="f65f783f-239f-4aa1-8b7c-78bd15e23bb7" />
    <UnitTestResult executionId="cc1d3d5c-7b53-4432-a640-f357320ef81b" testId="0004ba3f-6ab0-91ef-3906-9bdae6b47f9b" testName="TypingEngine.Windows.Tests.GameRegistryTests.IsAntiCheatProcess_Common_Apps_Returns_False(processName: &quot;notepad.exe&quot;)" computerName="AZERTY_GLOBAL" duration="00:00:00.0000013" startTime="2026-09-19T09:41:44.4085027+02:00" endTime="2026-09-19T09:41:44.4085027+02:00" testType="13cdc9d9-ddb5-4fa4-a97d-d965ccfc6d4b" outcome="Passed" testListId="8c84fa94-04c1-424b-9868-57a2d4851a1d" relativeResultsDirectory="cc1d3d5c-7b53-4432-a640-f357320ef81b" />
    <UnitTestResult executionId="efe19626-a039-4d48-a014-9fa4849c4b80" testId="4fd4a92c-046d-ba2e-0cde-9a32c9524142" testName="TypingEngine.Windows.Tests.KeyMapperEmitTextIntegrationTests.EmitText_DefaultMode_UsesKeyEventfUnicode" computerName="AZERTY_GLOBAL" duration="00:00:00.0000763" startTime="2026-09-19T09:41:44.4232545+02:00" endTime="2026-09-19T09:41:44.4232545+02:00" testType="13cdc9d9-ddb5-4fa4-a97d-d965ccfc6d4b" outcome="Passed" testListId="8c84fa94-04c1-424b-9868-57a2d4851a1d" relativeResultsDirectory="efe19626-a039-4d48-a014-9fa4849c4b80" />
    <UnitTestResult executionId="a80a4c1a-20d0-4452-b830-68b3978f0cb8" testId="a69d55a2-daee-56e7-6cee-ed7e2c5f8d99" testName="TypingEngine.Windows.Tests.ForegroundMonitorMockedTests.ForegroundChangedEvent_FiresOnSimulatedChange" computerName="AZERTY_GLOBAL" duration="00:00:00.0003783" startTime="2026-09-19T09:41:44.4136511+02:00" endTime="2026-09-19T09:41:44.4136511+02:00" testType="13cdc9d9-ddb5-4fa4-a97d-d965ccfc6d4b" outcome="Passed" testListId="8c84fa94-04c1-424b-9868-57a2d4851a1d" relativeResultsDirectory="a80a4c1a-20d0-4452-b830-68b3978f0cb8" />
    <UnitTestResult executionId="beb0e1de-a922-45d6-af2b-bbe3af343537" testId="ad30fbeb-e276-de83-fae8-5993c653412d" testName="TypingEngine.Windows.Tests.GameRegistryTests.IsAntiCheatProcess_Common_Apps_Returns_False(processName: &quot;chrome.exe&quot;)" computerName="AZERTY_GLOBAL" duration="00:00:00.0000020" startTime="2026-09-19T09:41:44.4083189+02:00" endTime="2026-09-19T09:41:44.4083189+02:00" testType="13cdc9d9-ddb5-4fa4-a97d-d965ccfc6d4b" outcome="Passed" testListId="8c84fa94-04c1-424b-9868-57a2d4851a1d" relativeResultsDirectory="beb0e1de-a922-45d6-af2b-bbe3af343537" />
    <UnitTestResult executionId="6c6fdc19-816a-491d-abb9-250dd2f78430" testId="283de844-67f4-a2c8-c822-8ec61ca578cc" testName="TypingEngine.Windows.Tests.GameRegistryTests.IsAntiCheatProcess_Common_Apps_Returns_False(processName: &quot;explorer.exe&quot;)" computerName="AZERTY_GLOBAL" duration="00:00:00.0000014" startTime="2026-09-19T09:41:44.4083793+02:00" endTime="2026-09-19T09:41:44.4083793+02:00" testType="13cdc9d9-ddb5-4fa4-a97d-d965ccfc6d4b" outcome="Passed" testListId="8c84fa94-04c1-424b-9868-57a2d4851a1d" relativeResultsDirectory="6c6fdc19-816a-491d-abb9-250dd2f78430" />
    <UnitTestResult executionId="c5087f97-888f-45dc-9369-757b58f964c2" testId="e29881d2-b440-e4f7-3491-3fd97da496da" testName="TypingEngine.Windows.Tests.GameRegistryTests.IsRemoteAccessProcess_KnownClient_ReturnsTrue(processName: &quot;rustdesk.exe&quot;)" computerName="AZERTY_GLOBAL" duration="00:00:00.0000010" startTime="2026-09-19T09:41:44.4107098+02:00" endTime="2026-09-19T09:41:44.4107099+02:00" testType="13cdc9d9-ddb5-4fa4-a97d-d965ccfc6d4b" outcome="Passed" testListId="8c84fa94-04c1-424b-9868-57a2d4851a1d" relativeResultsDirectory="c5087f97-888f-45dc-9369-757b58f964c2" />
    <UnitTestResult executionId="6fbc30d3-cd42-498a-8c94-cbb16e751a14" testId="a25ab058-a545-2194-65bc-339d5c48a523" testName="TypingEngine.Windows.Tests.KeyMapperBuildInputsTests.TryGetWindows1252AltCode_Cp1252Characters_ReturnsByte(c: '€', expectedCode: 128)" computerName="AZERTY_GLOBAL" duration="00:00:00.0000082" startTime="2026-09-19T09:41:44.4133987+02:00" endTime="2026-09-19T09:41:44.4133987+02:00" testType="13cdc9d9-ddb5-4fa4-a97d-d965ccfc6d4b" outcome="Passed" testListId="8c84fa94-04c1-424b-9868-57a2d4851a1d" relativeResultsDirectory="6fbc30d3-cd42-498a-8c94-cbb16e751a14" />
    <UnitTestResult executionId="2a8c589b-b0c1-4eb5-a9b2-a941468c78d7" testId="1f480c86-43f8-b43b-2f41-806bc58309e1" testName="TypingEngine.Windows.Tests.Audit120ResumeTests.RelachementDansCibleSuspendue_ConserveLaQuarantaineDeLaCiblePrecedente" computerName="AZERTY_GLOBAL" duration="00:00:00.1186177" startTime="2026-09-19T09:41:44.4225980+02:00" endTime="2026-09-19T09:41:44.4225981+02:00" testType="13cdc9d9-ddb5-4fa4-a97d-d965ccfc6d4b" outcome="Passed" testListId="8c84fa94-04c1-424b-9868-57a2d4851a1d" relativeResultsDirectory="2a8c589b-b0c1-4eb5-a9b2-a941468c78d7" />
    <UnitTestResult executionId="ac8e4515-feb6-4661-b858-2dd9f2d370a1" testId="e62cad16-eec4-039e-dbb0-7b1cd3b51533" testName="TypingEngine.Windows.Tests.KeyMapperBuildInputsTests.BuildVkComboInputs_NeedAltGr_NotHeld_PressesAndReleasesRMenu" computerName="AZERTY_GLOBAL" duration="00:00:00.0001678" startTime="2026-09-19T09:41:44.4221582+02:00" endTime="2026-09-19T09:41:44.4221582+02:00" testType="13cdc9d9-ddb5-4fa4-a97d-d965ccfc6d4b" outcome="Passed" testListId="8c84fa94-04c1-424b-9868-57a2d4851a1d" relativeResultsDirectory="ac8e4515-feb6-4661-b858-2dd9f2d370a1" />
    <UnitTestResult executionId="3a59ea5d-a734-4f3d-b0ed-58618db5300f" testId="02cb3a83-79bc-4d0f-5515-3ab0e696b0c8" testName="TypingEngine.Windows.Tests.KeyMapperEmitTextIntegrationTests.EmitText_NativeComboMode_UsesAltGrCombo_For_AtSign" computerName="AZERTY_GLOBAL" duration="00:00:00.1147940" startTime="2026-09-19T09:41:44.4201794+02:00" endTime="2026-09-19T09:41:44.4201795+02:00" testType="13cdc9d9-ddb5-4fa4-a97d-d965ccfc6d4b" outcome="Passed" testListId="8c84fa94-04c1-424b-9868-57a2d4851a1d" relativeResultsDirectory="3a59ea5d-a734-4f3d-b0ed-58618db5300f" />
    <UnitTestResult executionId="8675579f-4536-457b-b665-bb83df55dff3" testId="78fb9f1f-965d-8810-bf06-1d3d9c64c053" testName="TypingEngine.Windows.Tests.GameRegistryTests.IsAntiCheatProcess_TheFinals_KnownExe_Returns_True(proc: &quot;Discovery-d.exe&quot;, path: null)" computerName="AZERTY_GLOBAL" duration="00:00:00.0000019" startTime="2026-09-19T09:41:44.4116750+02:00" endTime="2026-09-19T09:41:44.4116751+02:00" testType="13cdc9d9-ddb5-4fa4-a97d-d965ccfc6d4b" outcome="Passed" testListId="8c84fa94-04c1-424b-9868-57a2d4851a1d" relativeResultsDirectory="8675579f-4536-457b-b665-bb83df55dff3" />
    <UnitTestResult executionId="38a609b8-5ce4-42aa-bbe6-5e94b9bd9eae" testId="3d9cc6ff-764e-cb94-6544-f1f33cbf1c52" testName="TypingEngine.Windows.Tests.GameRegistryTests.HasGameFrameworkLoaded_OnlyStandardDlls_Returns_False" computerName="AZERTY_GLOBAL" duration="00:00:00.0000210" startTime="2026-09-19T09:41:44.4127737+02:00" endTime="2026-09-19T09:41:44.4127738+02:00" testType="13cdc9d9-ddb5-4fa4-a97d-d965ccfc6d4b" outcome="Passed" testListId="8c84fa94-04c1-424b-9868-57a2d4851a1d" relativeResultsDirectory="38a609b8-5ce4-42aa-bbe6-5e94b9bd9eae" />
    <UnitTestResult executionId="b46d0ca9-c57f-45b1-8c56-10069f2f93d0" testId="d9591db8-95a4-5f0d-9385-04b30ade8db1" testName="TypingEngine.Windows.Tests.Audit120RecoveryTests.FenetreChangeAvantNotification_InterditSnapshotPerime" computerName="AZERTY_GLOBAL" duration="00:00:00.0000655" startTime="2026-09-19T09:41:44.4221140+02:00" endTime="2026-09-19T09:41:44.4221140+02:00" testType="13cdc9d9-ddb5-4fa4-a97d-d965ccfc6d4b" outcome="Passed" testListId="8c84fa94-04c1-424b-9868-57a2d4851a1d" relativeResultsDirectory="b46d0ca9-c57f-45b1-8c56-10069f2f93d0" />
    <UnitTestResult executionId="84bbf006-2969-49b1-866c-cd6b47772cc2" testId="d24c5a72-9ef4-869d-54d1-06c23c6123b5" testName="TypingEngine.Windows.Tests.GameRegistryTests.IsAntiCheatProcess_Level1_Substring_Returns_True(processName: &quot;valorant.exe&quot;)" computerName="AZERTY_GLOBAL" duration="00:00:00.0000011" startTime="2026-09-19T09:41:44.4016812+02:00" endTime="2026-09-19T09:41:44.4016813+02:00" testType="13cdc9d9-ddb5-4fa4-a97d-d965ccfc6d4b" outcome="Passed" testListId="8c84fa94-04c1-424b-9868-57a2d4851a1d" relativeResultsDirectory="84bbf006-2969-49b1-866c-cd6b47772cc2" />
    <UnitTestResult executionId="0922461e-f3a1-4797-8a6d-4c8fc49c42b8" testId="9f714752-a5e5-a6e5-8af3-69175e761687" testName="TypingEngine.Windows.Tests.GameRegistryTests.IsAntiCheatProcess_Common_Apps_Returns_False(processName: &quot;Code.exe&quot;)" computerName="AZERTY_GLOBAL" duration="00:00:00.0000564" startTime="2026-09-19T09:41:44.4082620+02:00" endTime="2026-09-19T09:41:44.4082621+02:00" testType="13cdc9d9-ddb5-4fa4-a97d-d965ccfc6d4b" outcome="Passed" testListId="8c84fa94-04c1-424b-9868-57a2d4851a1d" relativeResultsDirectory="0922461e-f3a1-4797-8a6d-4c8fc49c42b8" />
    <UnitTestResult executionId="2a4c14fe-16b2-44e5-8ab9-5efff14e072c" testId="c17e6964-0b80-0a5d-ca20-0fc78bece0e9" testName="TypingEngine.Windows.Tests.GameRegistryTests.IsAntiCheatProcess_Level1_Substring_Returns_True(processName: &quot;FortniteClient-Win64-Shipping.exe&quot;)" computerName="AZERTY_GLOBAL" duration="00:00:00.0000019" startTime="2026-09-19T09:41:44.4016428+02:00" endTime="2026-09-19T09:41:44.4016428+02:00" testType="13cdc9d9-ddb5-4fa4-a97d-d965ccfc6d4b" outcome="Passed" testListId="8c84fa94-04c1-424b-9868-57a2d4851a1d" relativeResultsDirectory="2a4c14fe-16b2-44e5-8ab9-5efff14e072c" />
    <UnitTestResult executionId="8a2e9965-8f8f-4b7c-b0a1-3299685a8bce" testId="f6c005b9-71e9-0c94-1ba4-c72d869a0dd7" testName="TypingEngine.Windows.Tests.KeyMapperBuildInputsTests.BuildUnicodeInputs_SurrogatePair_Yields4Events" computerName="AZERTY_GLOBAL" duration="00:00:00.0030570" startTime="2026-09-19T09:41:44.4153951+02:00" endTime="2026-09-19T09:41:44.4153951+02:00" testType="13cdc9d9-ddb5-4fa4-a97d-d965ccfc6d4b" outcome="Passed" testListId="8c84fa94-04c1-424b-9868-57a2d4851a1d" relativeResultsDirectory="8a2e9965-8f8f-4b7c-b0a1-3299685a8bce" />
    <UnitTestResult executionId="438c66cb-d34b-4369-af55-af42bb7b73a0" testId="6e3790d7-0d1e-a33f-23ed-02a15fc89e27" testName="TypingEngine.Windows.Tests.GameRegistryTests.IsAntiCheatProcess_AceExe_OtherPath_Returns_False" computerName="AZERTY_GLOBAL" duration="00:00:00.0000085" startTime="2026-09-19T09:41:44.4129743+02:00" endTime="2026-09-19T09:41:44.4129744+02:00" testType="13cdc9d9-ddb5-4fa4-a97d-d965ccfc6d4b" outcome="Passed" testListId="8c84fa94-04c1-424b-9868-57a2d4851a1d" relativeResultsDirectory="438c66cb-d34b-4369-af55-af42bb7b73a0" />
    <UnitTestResult executionId="2ff7fb26-8a85-4463-85ac-85d91a379b35" testId="8935637d-13c0-6159-f0de-6f01c2df629c" testName="TypingEngine.Windows.Tests.Audit120RegressionTests.Combo_RestaureChaqueMajPhysique(left: False, right: False, needsShift: False)" computerName="AZERTY_GLOBAL" duration="00:00:00.0000060" startTime="2026-09-19T09:41:44.4197187+02:00" endTime="2026-09-19T09:41:44.4197187+02:00" testType="13cdc9d9-ddb5-4fa4-a97d-d965ccfc6d4b" outcome="Passed" testListId="8c84fa94-04c1-424b-9868-57a2d4851a1d" relativeResultsDirectory="2ff7fb26-8a85-4463-85ac-85d91a379b35" />
    <UnitTestResult executionId="04643706-1b3c-4052-96e5-2e6a66fa63f0" testId="161eacac-394f-ad95-7141-7b55a42f0a96" testName="TypingEngine.Windows.Tests.GameRegistryTests.HasGameFrameworkLoaded_GlfwPresent_Returns_True" computerName="AZERTY_GLOBAL" duration="00:00:00.0000217" startTime="2026-09-19T09:41:44.4119212+02:00" endTime="2026-09-19T09:41:44.4119213+02:00" testType="13cdc9d9-ddb5-4fa4-a97d-d965ccfc6d4b" outcome="Passed" testListId="8c84fa94-04c1-424b-9868-57a2d4851a1d" relativeResultsDirectory="04643706-1b3c-4052-96e5-2e6a66fa63f0" />
    <UnitTestResult executionId="698cfbff-e5cb-418c-a001-e927065f91b2" testId="f0cffcdc-d0e3-94d1-8e92-256d27b582cb" testName="TypingEngine.Windows.Tests.KeyMapperPassThroughLayoutTests.ProcessKey_AzertyForeground_KeepsPassThroughWhenNativeOutputMatches" computerName="AZERTY_GLOBAL" duration="00:00:00.1147276" startTime="2026-09-19T09:41:44.4201260+02:00" endTime="2026-09-19T09:41:44.4201260+02:00" testType="13cdc9d9-ddb5-4fa4-a97d-d965ccfc6d4b" outcome="Passed" testListId="8c84fa94-04c1-424b-9868-57a2d4851a1d" relativeResultsDirectory="698cfbff-e5cb-418c-a001-e927065f91b2" />
    <UnitTestResult executionId="17cb7743-cfe4-4811-987d-77fd6eb82381" testId="e00cd733-7f1c-f726-4a22-50e4dbe2fbe6" testName="TypingEngine.Windows.Tests.ForegroundMonitorMockedTests.Dispose_CallsUnhookWinEvent" computerName="AZERTY_GLOBAL" duration="00:00:00.0000452" startTime="2026-09-19T09:41:44.4167554+02:00" endTime="2026-09-19T09:41:44.4167554+02:00" testType="13cdc9d9-ddb5-4fa4-a97d-d965ccfc6d4b" outcome="Passed" testListId="8c84fa94-04c1-424b-9868-57a2d4851a1d" relativeResultsDirectory="17cb7743-cfe4-4811-987d-77fd6eb82381" />
    <UnitTestResult executionId="86c9c171-6404-4256-b189-01d49479f09b" testId="2acbc9f5-c1f6-046a-77f5-90360a4dcc1e" testName="TypingEngine.Windows.Tests.ForegroundMonitorMockedTests.OverrideForceOn_OnAntiCheat_IsOverridden_ToDisabled" computerName="AZERTY_GLOBAL" duration="00:00:00.1098331" startTime="2026-09-19T09:41:44.4136127+02:00" endTime="2026-09-19T09:41:44.4136127+02:00" testType="13cdc9d9-ddb5-4fa4-a97d-d965ccfc6d4b" outcome="Passed" testListId="8c84fa94-04c1-424b-9868-57a2d4851a1d" relativeResultsDirectory="86c9c171-6404-4256-b189-01d49479f09b" />
    <UnitTestResult executionId="385ab512-cecf-4bce-afbd-7ccbbb765802" testId="bb27ee89-73af-8347-b8bf-3f9bdb5c55e6" testName="TypingEngine.Windows.Tests.GameRegistryTests.IsAntiCheatProcess_CodExe_Returns_True" computerName="AZERTY_GLOBAL" duration="00:00:00.0000206" startTime="2026-09-19T09:41:44.4103498+02:00" endTime="2026-09-19T09:41:44.4103499+02:00" testType="13cdc9d9-ddb5-4fa4-a97d-d965ccfc6d4b" outcome="Passed" testListId="8c84fa94-04c1-424b-9868-57a2d4851a1d" relativeResultsDirectory="385ab512-cecf-4bce-afbd-7ccbbb765802" />
    <UnitTestResult executionId="eb3e2fa1-e565-4363-b1f3-d253aa0038a2" testId="e42d5ed7-1ba0-a896-2e16-93b07cef272d" testName="TypingEngine.Windows.Tests.KeyMapperPassThroughLayoutTests.ProcessKey_CapsLockActive_PassesThroughMatchingAsciiLetterForWebShortcuts" computerName="AZERTY_GLOBAL" duration="00:00:00.0002495" startTime="2026-09-19T09:41:44.4203400+02:00" endTime="2026-09-19T09:41:44.4203400+02:00" testType="13cdc9d9-ddb5-4fa4-a97d-d965ccfc6d4b" outcome="Passed" testListId="8c84fa94-04c1-424b-9868-57a2d4851a1d" relativeResultsDirectory="eb3e2fa1-e565-4363-b1f3-d253aa0038a2" />
    <UnitTestResult executionId="bf03060f-7a8b-4e66-a0d1-d4b82b706a8e" testId="66601ab3-1a4b-fdc8-58c4-680634f1b685" testName="TypingEngine.Windows.Tests.ForegroundMonitorMockedTests.DegradedMode_WhenSetWinEventHookFails" computerName="AZERTY_GLOBAL" duration="00:00:00.0000618" startTime="2026-09-19T09:41:44.4174798+02:00" endTime="2026-09-19T09:41:44.4174799+02:00" testType="13cdc9d9-ddb5-4fa4-a97d-d965ccfc6d4b" outcome="Passed" testListId="8c84fa94-04c1-424b-9868-57a2d4851a1d" relativeResultsDirectory="bf03060f-7a8b-4e66-a0d1-d4b82b706a8e" />
    <UnitTestResult executionId="27f480fb-4d39-4731-92a0-74001364ec76" testId="4bea7ddd-6340-a979-74e4-6059a19daf03" testName="TypingEngine.Windows.Tests.ForegroundMonitorMockedTests.Recompute_UninspectableForegroundProcess_FailsClosed" computerName="AZERTY_GLOBAL" duration="00:00:00.0002735" startTime="2026-09-19T09:41:44.4155426+02:00" endTime="2026-09-19T09:41:44.4155427+02:00" testType="13cdc9d9-ddb5-4fa4-a97d-d965ccfc6d4b" outcome="Passed" testListId="8c84fa94-04c1-424b-9868-57a2d4851a1d" relativeResultsDirectory="27f480fb-4d39-4731-92a0-74001364ec76" />
    <UnitTestResult executionId="fec6432a-e01a-46dd-b4a7-1a89458a3054" testId="af0cf160-6ea1-2f8f-b537-289f5b62f77e" testName="TypingEngine.Windows.Tests.GameRegistryTests.IsRemoteAccessProcess_KnownClient_ReturnsTrue(processName: &quot;msrdc.exe&quot;)" computerName="AZERTY_GLOBAL" duration="00:00:00.0000010" startTime="2026-09-19T09:41:44.4108303+02:00" endTime="2026-09-19T09:41:44.4108304+02:00" testType="13cdc9d9-ddb5-4fa4-a97d-d965ccfc6d4b" outcome="Passed" testListId="8c84fa94-04c1-424b-9868-57a2d4851a1d" relativeResultsDirectory="fec6432a-e01a-46dd-b4a7-1a89458a3054" />
    <UnitTestResult executionId="6705431e-9564-4291-a829-642e1d6a65cf" testId="b3d4d269-0a35-bc67-acb6-a30dbdd5142e" testName="TypingEngine.Windows.Tests.MaintainableLayerManagerTests.SamePidWithDifferentStartTime_DoesNotReuseLock" computerName="AZERTY_GLOBAL" duration="00:00:00.0027685" startTime="2026-09-19T09:41:44.4145669+02:00" endTime="2026-09-19T09:41:44.4145670+02:00" testType="13cdc9d9-ddb5-4fa4-a97d-d965ccfc6d4b" outcome="Passed" testListId="8c84fa94-04c1-424b-9868-57a2d4851a1d" relativeResultsDirectory="6705431e-9564-4291-a829-642e1d6a65cf" />
    <UnitTestResult executionId="0231d34d-7861-4bc4-98e6-5fcd6490dda7" testId="1c6a1e6d-2208-07f1-fb3f-362ab0051381" testName="TypingEngine.Windows.Tests.Audit120RegressionTests.Combo_RestaureChaqueMajPhysique(left: False, right: True, needsShift: True)" computerName="AZERTY_GLOBAL" duration="00:00:00.0001089" startTime="2026-09-19T09:41:44.4192746+02:00" endTime="2026-09-19T09:41:44.4192747+02:00" testType="13cdc9d9-ddb5-4fa4-a97d-d965ccfc6d4b" outcome="Passed" testListId="8c84fa94-04c1-424b-9868-57a2d4851a1d" relativeResultsDirectory="0231d34d-7861-4bc4-98e6-5fcd6490dda7" />
    <UnitTestResult executionId="2c6189be-92ce-4152-99b1-76e9570eca0b" testId="f95a4f97-3d24-ccf0-1b61-a310ea0c63d6" testName="TypingEngine.Windows.Tests.Audit120SuspensionTests.Shell_ActualiseIdentiteLayoutEtChampSecurise(shell: &quot;SearchHost.exe&quot;)" computerName="AZERTY_GLOBAL" duration="00:00:00.1103018" startTime="2026-09-19T09:41:44.4143057+02:00" endTime="2026-09-19T09:41:44.4143058+02:00" testType="13cdc9d9-ddb5-4fa4-a97d-d965ccfc6d4b" outcome="Passed" testListId="8c84fa94-04c1-424b-9868-57a2d4851a1d" relativeResultsDirectory="2c6189be-92ce-4152-99b1-76e9570eca0b" />
    <UnitTestResult executionId="190d9aeb-f489-4235-b63f-db1b4b2d1bad" testId="10c2031f-016c-0ca6-8223-f6c1ba60f61c" testName="TypingEngine.Windows.Tests.Audit120RegressionTests.RelacheRemappageCtrl_MemeSiAltOuWindowsEstEnfonce(modifier: 92)" computerName="AZERTY_GLOBAL" duration="00:00:00.0001551" startTime="2026-09-19T09:41:44.4232782+02:00" endTime="2026-09-19T09:41:44.4232783+02:00" testType="13cdc9d9-ddb5-4fa4-a97d-d965ccfc6d4b" outcome="Passed" testListId="8c84fa94-04c1-424b-9868-57a2d4851a1d" relativeResultsDirectory="190d9aeb-f489-4235-b63f-db1b4b2d1bad" />
    <UnitTestResult executionId="aa9a3ee9-9a26-4595-a6a1-efa78478f717" testId="62002429-0f7d-aede-1534-cabf5a046fdc" testName="TypingEngine.Windows.Tests.Audit120SuspensionTests.EmissionIncomplete_NeComptePasLeTexte(sent: 3)" computerName="AZERTY_GLOBAL" duration="00:00:00.0040926" startTime="2026-09-19T09:41:44.4199110+02:00" endTime="2026-09-19T09:41:44.4199110+02:00" testType="13cdc9d9-ddb5-4fa4-a97d-d965ccfc6d4b" outcome="Passed" testListId="8c84fa94-04c1-424b-9868-57a2d4851a1d" relativeResultsDirectory="aa9a3ee9-9a26-4595-a6a1-efa78478f717" />
    <UnitTestResult executionId="f9a0301f-882f-48b1-ac9f-ac895f08f1d2" testId="7d629058-7aed-9c62-13b3-d7a020b5da95" testName="TypingEngine.Windows.Tests.GameRegistryTests.IsRemoteAccessProcess_KnownClient_ReturnsTrue(processName: &quot;msrdcw.exe&quot;)" computerName="AZERTY_GLOBAL" duration="00:00:00.0000010" startTime="2026-09-19T09:41:44.4106352+02:00" endTime="2026-09-19T09:41:44.4106353+02:00" testType="13cdc9d9-ddb5-4fa4-a97d-d965ccfc6d4b" outcome="Passed" testListId="8c84fa94-04c1-424b-9868-57a2d4851a1d" relativeResultsDirectory="f9a0301f-882f-48b1-ac9f-ac895f08f1d2" />
    <UnitTestResult executionId="19ec13f4-bb3e-4f12-8ea5-9cd980d6ddab" testId="94f753e2-8ce4-6884-2c7b-108ecb25a424" testName="TypingEngine.Windows.Tests.KeyMapperBuildInputsTests.BuildAltCodeInputs_NumLockOff_TogglesAround" computerName="AZERTY_GLOBAL" duration="00:00:00.0001379" startTime="2026-09-19T09:41:44.4220022+02:00" endTime="2026-09-19T09:41:44.4220023+02:00" testType="13cdc9d9-ddb5-4fa4-a97d-d965ccfc6d4b" outcome="Passed" testListId="8c84fa94-04c1-424b-9868-57a2d4851a1d" relativeResultsDirectory="19ec13f4-bb3e-4f12-8ea5-9cd980d6ddab" />
    <UnitTestResult executionId="db1f04d0-1dc2-4be6-9ea3-37137b030289" testId="d3c7cb80-27e3-8ac8-a985-33ab09f2dbc6" testName="TypingEngine.Windows.Tests.Audit120RecoveryTests.CompensationRefusee_BloqueNouvelleEmission_PuisSeReprend" computerName="AZERTY_GLOBAL" duration="00:00:00.0006214" startTime="2026-09-19T09:41:44.4211785+02:00" endTime="2026-09-19T09:41:44.4211785+02:00" testType="13cdc9d9-ddb5-4fa4-a97d-d965ccfc6d4b" outcome="Passed" testListId="8c84fa94-04c1-424b-9868-57a2d4851a1d" relativeResultsDirectory="db1f04d0-1dc2-4be6-9ea3-37137b030289" />
    <UnitTestResult executionId="2a3b36ac-5b87-4e5c-b040-7c1cc5f1588a" testId="8a6e23f3-7e51-3f62-8a6b-4a7a45071b34" testName="TypingEngine.Windows.Tests.MaintainableLayerManagerTests.SecureInput_SuspendsAndThenRestoresLock" computerName="AZERTY_GLOBAL" duration="00:00:00.0000836" startTime="2026-09-19T09:41:44.4169117+02:00" endTime="2026-09-19T09:41:44.4169119+02:00" testType="13cdc9d9-ddb5-4fa4-a97d-d965ccfc6d4b" outcome="Passed" testListId="8c84fa94-04c1-424b-9868-57a2d4851a1d" relativeResultsDirectory="2a3b36ac-5b87-4e5c-b040-7c1cc5f1588a" />
    <UnitTestResult executionId="ff87ffc0-3d12-4b30-ac94-8a42191a0bf6" testId="992816ee-1a50-96cd-edd1-d36486f9fea9" testName="TypingEngine.Windows.Tests.KeyMapperBuildInputsTests.BuildAltCodeInputs_AltGrSimulated_ReleasesRCtrlAndLAlt" computerName="AZERTY_GLOBAL" duration="00:00:00.0009802" startTime="2026-09-19T09:41:44.4211625+02:00" endTime="2026-09-19T09:41:44.4211625+02:00" testType="13cdc9d9-ddb5-4fa4-a97d-d965ccfc6d4b" outcome="Passed" testListId="8c84fa94-04c1-424b-9868-57a2d4851a1d" relativeResultsDirectory="ff87ffc0-3d12-4b30-ac94-8a42191a0bf6" />
    <UnitTestResult executionId="88a1328d-3fbb-4f6d-b599-49a3878ab52e" testId="cd200eff-9d83-327d-3b62-1d796a97c70e" testName="TypingEngine.Windows.Tests.Audit120SuspensionTests.EmissionIncomplete_NeComptePasLeTexte(sent: 1)" computerName="AZERTY_GLOBAL" duration="00:00:00.0001798" startTime="2026-09-19T09:41:44.4202344+02:00" endTime="2026-09-19T09:41:44.4202345+02:00" testType="13cdc9d9-ddb5-4fa4-a97d-d965ccfc6d4b" outcome="Passed" testListId="8c84fa94-04c1-424b-9868-57a2d4851a1d" relativeResultsDirectory="88a1328d-3fbb-4f6d-b599-49a3878ab52e" />
    <UnitTestResult executionId="175f2876-8f9f-442a-bc8e-b2641b67ed5f" testId="c158eeca-1e77-c6ad-3ca9-64ec070b0c05" testName="TypingEngine.Windows.Tests.Audit120RegressionTests.RelacheRemappageCtrl_MemeSiAltOuWindowsEstEnfonce(modifier: 164)" computerName="AZERTY_GLOBAL" duration="00:00:00.0060548" startTime="2026-09-19T09:41:44.4231480+02:00" endTime="2026-09-19T09:41:44.4231481+02:00" testType="13cdc9d9-ddb5-4fa4-a97d-d965ccfc6d4b" outcome="Passed" testListId="8c84fa94-04c1-424b-9868-57a2d4851a1d" relativeResultsDirectory="175f2876-8f9f-442a-bc8e-b2641b67ed5f" />
    <UnitTestResult executionId="090d80f2-e362-4726-8a41-d2f216281d30" testId="7432cb12-7c38-617e-6155-ed048a7b1c24" testName="TypingEngine.Windows.Tests.KeyMapperBuildInputsTests.BuildVkComboInputs_NeedShift_AlreadyHeld_NoExtraShift" computerName="AZERTY_GLOBAL" duration="00:00:00.0000882" startTime="2026-09-19T09:41:44.4198734+02:00" endTime="2026-09-19T09:41:44.4198734+02:00" testType="13cdc9d9-ddb5-4fa4-a97d-d965ccfc6d4b" outcome="Passed" testListId="8c84fa94-04c1-424b-9868-57a2d4851a1d" relativeResultsDirectory="090d80f2-e362-4726-8a41-d2f216281d30" />
    <UnitTestResult executionId="740e5938-ad77-4901-b6f9-230df524f7ce" testId="5c504384-95f6-453d-4369-af1964e6e6ab" testName="TypingEngine.Windows.Tests.Audit120RecoveryTests.CompensationDifferee_NeRestaurePasUnMajRelacheEntreTemps" computerName="AZERTY_GLOBAL" duration="00:00:00.0002029" startTime="2026-09-19T09:41:44.4220264+02:00" endTime="2026-09-19T09:41:44.4220265+02:00" testType="13cdc9d9-ddb5-4fa4-a97d-d965ccfc6d4b" outcome="Passed" testListId="8c84fa94-04c1-424b-9868-57a2d4851a1d" relativeResultsDirectory="740e5938-ad77-4901-b6f9-230df524f7ce" />
    <UnitTestResult executionId="7b095e3d-f1c5-40f6-beb2-ef14d0d80fd3" testId="0e8d94fc-a9c9-6ab5-0935-6062fbbe8766" testName="TypingEngine.Windows.Tests.ForegroundMonitorMockedTests.Recompute_AntiCheatProcess_ReturnsDisabledAntiCheat" computerName="AZERTY_GLOBAL" duration="00:00:00.0001565" startTime="2026-09-19T09:41:44.4156523+02:00" endTime="2026-09-19T09:41:44.4156523+02:00" testType="13cdc9d9-ddb5-4fa4-a97d-d965ccfc6d4b" outcome="Passed" testListId="8c84fa94-04c1-424b-9868-57a2d4851a1d" relativeResultsDirectory="7b095e3d-f1c5-40f6-beb2-ef14d0d80fd3" />
    <UnitTestResult executionId="e9236d67-d684-4e31-afe7-1beb51ad6c42" testId="879ea152-ca7a-a41d-f40d-00bdd970ea8c" testName="TypingEngine.Windows.Tests.MaintainableLayerManagerTests.OtherLayerChord_OneShotOverridesLockThenReturnsToIt" computerName="AZERTY_GLOBAL" duration="00:00:00.0002365" startTime="2026-09-19T09:41:44.4164467+02:00" endTime="2026-09-19T09:41:44.4164468+02:00" testType="13cdc9d9-ddb5-4fa4-a97d-d965ccfc6d4b" outcome="Passed" testListId="8c84fa94-04c1-424b-9868-57a2d4851a1d" relativeResultsDirectory="e9236d67-d684-4e31-afe7-1beb51ad6c42" />
    <UnitTestResult executionId="1ae82995-fccb-4014-9d29-f5a5622f1ab2" testId="42cb8002-7f97-71d6-5a37-34e9bb453c74" testName="TypingEngine.Windows.Tests.GameRegistryTests.IsAntiCheatProcess_Level1_Substring_Returns_True(processName: &quot;cs2.exe&quot;)" computerName="AZERTY_GLOBAL" duration="00:00:00.0000012" startTime="2026-09-19T09:41:44.4079458+02:00" endTime="2026-09-19T09:41:44.4079459+02:00" testType="13cdc9d9-ddb5-4fa4-a97d-d965ccfc6d4b" outcome="Passed" testListId="8c84fa94-04c1-424b-9868-57a2d4851a1d" relativeResultsDirectory="1ae82995-fccb-4014-9d29-f5a5622f1ab2" />
    <UnitTestResult executionId="c07fa629-3139-4605-9826-f2be40dadfc1" testId="4c3139bf-abed-cc43-4488-9b3f7607817f" testName="TypingEngine.Windows.Tests.Audit120ResumeTests.MajPendantSuspension_EstSuiviSansNotificationPuisRespecte(held: False)" computerName="AZERTY_GLOBAL" duration="00:00:00.0010351" startTime="2026-09-19T09:41:44.4227604+02:00" endTime="2026-09-19T09:41:44.4227604+02:00" testType="13cdc9d9-ddb5-4fa4-a97d-d965ccfc6d4b" outcome="Passed" testListId="8c84fa94-04c1-424b-9868-57a2d4851a1d" relativeResultsDirectory="c07fa629-3139-4605-9826-f2be40dadfc1" />
    <UnitTestResult executionId="df0e6791-56e6-48db-901f-ea974caf5774" testId="7056271a-0a87-3a32-c3f3-1c462ee140cd" testName="TypingEngine.Windows.Tests.MaintainableLayerManagerTests.Escape_UnlocksAndConsumesDownAndUp" computerName="AZERTY_GLOBAL" duration="00:00:00.0005112" startTime="2026-09-19T09:41:44.4156104+02:00" endTime="2026-09-19T09:41:44.4156105+02:00" testType="13cdc9d9-ddb5-4fa4-a97d-d965ccfc6d4b" outcome="Passed" testListId="8c84fa94-04c1-424b-9868-57a2d4851a1d" relativeResultsDirectory="df0e6791-56e6-48db-901f-ea974caf5774" />
    <UnitTestResult executionId="89d99da1-63bd-45c5-a6c9-172a0da7e165" testId="1b78c05c-71d3-a80d-aade-12eaddd922cb" testName="TypingEngine.Windows.Tests.Audit120RegressionTests.Combo_RestaureChaqueMajPhysique(left: False, right: False, needsShift: True)" computerName="AZERTY_GLOBAL" duration="00:00:00.0001582" startTime="2026-09-19T09:41:44.4193490+02:00" endTime="2026-09-19T09:41:44.4193490+02:00" testType="13cdc9d9-ddb5-4fa4-a97d-d965ccfc6d4b" outcome="Passed" testListId="8c84fa94-04c1-424b-9868-57a2d4851a1d" relativeResultsDirectory="89d99da1-63bd-45c5-a6c9-172a0da7e165" />
    <UnitTestResult executionId="eb6ffd83-c2b2-4804-a37e-efe12e197e2b" testId="3314c3cd-3736-386b-8702-8bfc182c1e9b" testName="TypingEngine.Windows.Tests.GameRegistryTests.IsAntiCheatProcess_CodVariant_Returns_False" computerName="AZERTY_GLOBAL" duration="00:00:00.0000138" startTime="2026-09-19T09:41:44.4126798+02:00" endTime="2026-09-19T09:41:44.4126799+02:00" testType="13cdc9d9-ddb5-4fa4-a97d-d965ccfc6d4b" outcome="Passed" testListId="8c84fa94-04c1-424b-9868-57a2d4851a1d" relativeResultsDirectory="eb6ffd83-c2b2-4804-a37e-efe12e197e2b" />
    <UnitTestResult executionId="4c46e1b1-774e-428d-b31c-01ba1c17d023" testId="adde6164-5d4c-bfcf-966b-9fd3da7b4154" testName="TypingEngine.Windows.Tests.GameRegistryTests.IsRemoteAccessProcess_KnownClient_ReturnsTrue(processName: &quot;TeamViewer.exe&quot;)" computerName="AZERTY_GLOBAL" duration="00:00:00.0001016" startTime="2026-09-19T09:41:44.4104447+02:00" endTime="2026-09-19T09:41:44.4104447+02:00" testType="13cdc9d9-ddb5-4fa4-a97d-d965ccfc6d4b" outcome="Passed" testListId="8c84fa94-04c1-424b-9868-57a2d4851a1d" relativeResultsDirectory="4c46e1b1-774e-428d-b31c-01ba1c17d023" />
    <UnitTestResult executionId="1d7d2958-3cea-4268-bf57-0f2280a2612a" testId="5d8c54c4-c9fc-ab03-a783-230c181c88d2" testName="TypingEngine.Windows.Tests.KeyMapperBuildInputsTests.TryGetWindows1252AltCode_NotCp1252_ReturnsFalse" computerName="AZERTY_GLOBAL" duration="00:00:00.0000297" startTime="2026-09-19T09:41:44.4154706+02:00" endTime="2026-09-19T09:41:44.4154706+02:00" testType="13cdc9d9-ddb5-4fa4-a97d-d965ccfc6d4b" outcome="Passed" testListId="8c84fa94-04c1-424b-9868-57a2d4851a1d" relativeResultsDirectory="1d7d2958-3cea-4268-bf57-0f2280a2612a" />
    <UnitTestResult executionId="7a4702bd-6b52-4cf6-9c98-69dc95e72e43" testId="22dc932e-b4e3-88a0-c4b2-cb41c000964e" testName="TypingEngine.Windows.Tests.KeyMapperBuildInputsTests.BuildAltCodeInputs_E_Acute_GeneratesAlt0201Sequence_NumLockOn" computerName="AZERTY_GLOBAL" duration="00:00:00.0002372" startTime="2026-09-19T09:41:44.4192910+02:00" endTime="2026-09-19T09:41:44.4192910+02:00" testType="13cdc9d9-ddb5-4fa4-a97d-d965ccfc6d4b" outcome="Passed" testListId="8c84fa94-04c1-424b-9868-57a2d4851a1d" relativeResultsDirectory="7a4702bd-6b52-4cf6-9c98-69dc95e72e43" />
    <UnitTestResult executionId="a2ab47c4-cadd-4e75-ac6b-e0099198616f" testId="2baf9756-ba22-e535-2520-887c0bc4cef0" testName="TypingEngine.Windows.Tests.GameRegistryTests.IsAntiCheatProcess_Level1_Substring_Returns_True(processName: &quot;EscapeFromTarkov.exe&quot;)" computerName="AZERTY_GLOBAL" duration="00:00:00.0000014" startTime="2026-09-19T09:41:44.4018623+02:00" endTime="2026-09-19T09:41:44.4018624+02:00" testType="13cdc9d9-ddb5-4fa4-a97d-d965ccfc6d4b" outcome="Passed" testListId="8c84fa94-04c1-424b-9868-57a2d4851a1d" relativeResultsDirectory="a2ab47c4-cadd-4e75-ac6b-e0099198616f" />
    <UnitTestResult executionId="33876ea3-5a16-4e11-9541-076c7665ad5d" testId="80c7d725-d99d-644a-3e36-3986b153a68d" testName="TypingEngine.Windows.Tests.MaintainableLayerManagerTests.SimpleTap_CreatesOneShot" computerName="AZERTY_GLOBAL" duration="00:00:00.0000584" startTime="2026-09-19T09:41:44.4180258+02:00" endTime="2026-09-19T09:41:44.4180258+02:00" testType="13cdc9d9-ddb5-4fa4-a97d-d965ccfc6d4b" outcome="Passed" testListId="8c84fa94-04c1-424b-9868-57a2d4851a1d" relativeResultsDirectory="33876ea3-5a16-4e11-9541-076c7665ad5d" />
    <UnitTestResult executionId="6fd86d75-8c49-4a73-af1e-6f50798c130d" testId="d5b5de3a-a11c-832d-b71a-29541d0489fa" testName="TypingEngine.Windows.Tests.GameRegistryTests.IsAntiCheatProcess_TheFinals_KnownExe_Returns_True(proc: &quot;Discovery-e.exe&quot;, path: null)" computerName="AZERTY_GLOBAL" duration="00:00:00.0000162" startTime="2026-09-19T09:41:44.4109083+02:00" endTime="2026-09-19T09:41:44.4109083+02:00" testType="13cdc9d9-ddb5-4fa4-a97d-d965ccfc6d4b" outcome="Passed" testListId="8c84fa94-04c1-424b-9868-57a2d4851a1d" relativeResultsDirectory="6fd86d75-8c49-4a73-af1e-6f50798c130d" />
    <UnitTestResult executionId="e52993e6-8c2d-4d4f-bb82-e3d9a095f110" testId="9cb359cb-0259-39b2-5047-fa4747eb3976" testName="TypingEngine.Windows.Tests.Audit120ResumeTests.NumLockPendantSuspension_AnnuleTousLesEvenementsDeRestauration" computerName="AZERTY_GLOBAL" duration="00:00:00.0002811" startTime="2026-09-19T09:41:44.4235223+02:00" endTime="2026-09-19T09:41:44.4235224+02:00" testType="13cdc9d9-ddb5-4fa4-a97d-d965ccfc6d4b" outcome="Passed" testListId="8c84fa94-04c1-424b-9868-57a2d4851a1d" relativeResultsDirectory="e52993e6-8c2d-4d4f-bb82-e3d9a095f110" />
    <UnitTestResult executionId="4e9da074-0ebf-4896-8c2d-4676d2c408d1" testId="bcc601ba-b893-5069-57c8-be0126aebbf7" testName="TypingEngine.Windows.Tests.KeyMapperEmitTextIntegrationTests.EmitText_MultipleChars_BatchedInSingleSendInputCall" computerName="AZERTY_GLOBAL" duration="00:00:00.0000577" startTime="2026-09-19T09:41:44.4230955+02:00" endTime="2026-09-19T09:41:44.4230956+02:00" testType="13cdc9d9-ddb5-4fa4-a97d-d965ccfc6d4b" outcome="Passed" testListId="8c84fa94-04c1-424b-9868-57a2d4851a1d" relativeResultsDirectory="4e9da074-0ebf-4896-8c2d-4676d2c408d1" />
    <UnitTestResult executionId="a402f8ad-915d-408a-8271-d8f495117232" testId="d4fe3851-36ea-35c0-1c3f-f7448c22b81e" testName="TypingEngine.Windows.Tests.KeyMapperBuildInputsTests.BuildNativeComboInputs_AtSign_AzertyFr_BuildsAltGrPlus0" computerName="AZERTY_GLOBAL" duration="00:00:00.0001573" startTime="2026-09-19T09:41:44.4206375+02:00" endTime="2026-09-19T09:41:44.4206375+02:00" testType="13cdc9d9-ddb5-4fa4-a97d-d965ccfc6d4b" outcome="Passed" testListId="8c84fa94-04c1-424b-9868-57a2d4851a1d" relativeResultsDirectory="a402f8ad-915d-408a-8271-d8f495117232" />
    <UnitTestResult executionId="b42e8362-ab5c-459d-89a9-3abcb802bf08" testId="028f3881-65ac-9154-b393-8a75a4eba201" testName="TypingEngine.Windows.Tests.ForegroundMonitorMockedTests.Recompute_ParsecClient_ReturnsDisabledCompatibility" computerName="AZERTY_GLOBAL" duration="00:00:00.0000809" startTime="2026-09-19T09:41:44.4164650+02:00" endTime="2026-09-19T09:41:44.4164650+02:00" testType="13cdc9d9-ddb5-4fa4-a97d-d965ccfc6d4b" outcome="Passed" testListId="8c84fa94-04c1-424b-9868-57a2d4851a1d" relativeResultsDirectory="b42e8362-ab5c-459d-89a9-3abcb802bf08" />
    <UnitTestResult executionId="7370cedb-b0e7-450b-9f0e-27cb35e9aac4" testId="af819d72-88e1-4380-d74e-9eee80b49d73" testName="TypingEngine.Windows.Tests.KeyMapperBuildInputsTests.TryGetWindows1252AltCode_Cp1252Characters_ReturnsByte(c: '—', expectedCode: 151)" computerName="AZERTY_GLOBAL" duration="00:00:00.0000061" startTime="2026-09-19T09:41:44.4135519+02:00" endTime="2026-09-19T09:41:44.4135520+02:00" testType="13cdc9d9-ddb5-4fa4-a97d-d965ccfc6d4b" outcome="Passed" testListId="8c84fa94-04c1-424b-9868-57a2d4851a1d" relativeResultsDirectory="7370cedb-b0e7-450b-9f0e-27cb35e9aac4" />
    <UnitTestResult executionId="84436b17-5e25-4ae3-bcf5-5d53cb42ef49" testId="b21590fb-6f72-41e3-c1a6-2961f840dee7" testName="TypingEngine.Windows.Tests.KeyMapperBuildInputsTests.BuildUnicodeInputs_BmpChar_Yields2Events" computerName="AZERTY_GLOBAL" duration="00:00:00.0001882" startTime="2026-09-19T09:41:44.4208112+02:00" endTime="2026-09-19T09:41:44.4208112+02:00" testType="13cdc9d9-ddb5-4fa4-a97d-d965ccfc6d4b" outcome="Passed" testListId="8c84fa94-04c1-424b-9868-57a2d4851a1d" relativeResultsDirectory="84436b17-5e25-4ae3-bcf5-5d53cb42ef49" />
    <UnitTestResult executionId="eeb7e123-5a7f-4ffa-b3f6-1cf30639ff87" testId="b775cbc0-8a71-32d0-a576-3263e28ff34b" testName="TypingEngine.Windows.Tests.GameRegistryTests.IsRemoteAccessProcess_KnownClient_ReturnsTrue(processName: &quot;mstsc.exe&quot;)" computerName="AZERTY_GLOBAL" duration="00:00:00.0000468" startTime="2026-09-19T09:41:44.4105079+02:00" endTime="2026-09-19T09:41:44.4105080+02:00" testType="13cdc9d9-ddb5-4fa4-a97d-d965ccfc6d4b" outcome="Passed" testListId="8c84fa94-04c1-424b-9868-57a2d4851a1d" relativeResultsDirectory="eeb7e123-5a7f-4ffa-b3f6-1cf30639ff87" />
    <UnitTestResult executionId="7fc8611b-01ed-4e8f-bbc4-309cd42f1aaf" testId="ec67f3f0-fd58-7768-1c0c-10bbf18e4b24" testName="TypingEngine.Windows.Tests.KeyMapperBuildInputsTests.BuildVkComboInputs_CapsLockActive_AltGrCombo_DoesNotToggleCaps" computerName="AZERTY_GLOBAL" duration="00:00:00.0001615" startTime="2026-09-19T09:41:44.4226241+02:00" endTime="2026-09-19T09:41:44.4226241+02:00" testType="13cdc9d9-ddb5-4fa4-a97d-d965ccfc6d4b" outcome="Passed" testListId="8c84fa94-04c1-424b-9868-57a2d4851a1d" relativeResultsDirectory="7fc8611b-01ed-4e8f-bbc4-309cd42f1aaf" />
    <UnitTestResult executionId="1cd5e797-bf8f-4c5b-b4c7-adce8039b088" testId="3af0b707-05bf-4288-9750-71a0286badce" testName="TypingEngine.Windows.Tests.ForegroundMonitorMockedTests.Recompute_GameFrameworkLoaded_ReturnsNativeCombo" computerName="AZERTY_GLOBAL" duration="00:00:00.0000988" startTime="2026-09-19T09:41:44.4152487+02:00" endTime="2026-09-19T09:41:44.4152488+02:00" testType="13cdc9d9-ddb5-4fa4-a97d-d965ccfc6d4b" outcome="Passed" testListId="8c84fa94-04c1-424b-9868-57a2d4851a1d" relativeResultsDirectory="1cd5e797-bf8f-4c5b-b4c7-adce8039b088" />
    <UnitTestResult executionId="958514bd-7acb-48b7-8722-56c6aaf72e58" testId="09ada854-e7c1-a6fc-5955-d82399a8e295" testName="TypingEngine.Windows.Tests.Audit120ResumeTests.NouvelAppuiPendantSuspension_ResteAssocieASonKeyUpApresReprise" computerName="AZERTY_GLOBAL" duration="00:00:00.0001033" startTime="2026-09-19T09:41:44.4235557+02:00" endTime="2026-09-19T09:41:44.4235558+02:00" testType="13cdc9d9-ddb5-4fa4-a97d-d965ccfc6d4b" outcome="Passed" testListId="8c84fa94-04c1-424b-9868-57a2d4851a1d" relativeResultsDirectory="958514bd-7acb-48b7-8722-56c6aaf72e58" />
    <UnitTestResult executionId="c1758945-21a0-48bc-99f0-7b39f2651af1" testId="b89ba5eb-66cf-f117-b537-d6f02abf0912" testName="TypingEngine.Windows.Tests.MaintainableLayerManagerTests.DoubleTap_LocksCurrentProcess" computerName="AZERTY_GLOBAL" duration="00:00:00.0000572" startTime="2026-09-19T09:41:44.4178806+02:00" endTime="2026-09-19T09:41:44.4178807+02:00" testType="13cdc9d9-ddb5-4fa4-a97d-d965ccfc6d4b" outcome="Passed" testListId="8c84fa94-04c1-424b-9868-57a2d4851a1d" relativeResultsDirectory="c1758945-21a0-48bc-99f0-7b39f2651af1" />
    <UnitTestResult executionId="910bdc3b-35ba-4492-90df-8c57860092ee" testId="2cad6a2d-3741-6208-8613-d4478929174d" testName="TypingEngine.Windows.Tests.GameRegistryTests.IsAntiCheatProcess_Common_Apps_Returns_False(processName: &quot;Discord.exe&quot;)" computerName="AZERTY_GLOBAL" duration="00:00:00.0000761" startTime="2026-09-19T09:41:44.4082028+02:00" endTime="2026-09-19T09:41:44.4082029+02:00" testType="13cdc9d9-ddb5-4fa4-a97d-d965ccfc6d4b" outcome="Passed" testListId="8c84fa94-04c1-424b-9868-57a2d4851a1d" relativeResultsDirectory="910bdc3b-35ba-4492-90df-8c57860092ee" />
    <UnitTestResult executionId="939007e3-06c5-4654-b2e4-8490fed22cda" testId="c1a08b6c-3a54-026a-5220-d00f1118ca32" testName="TypingEngine.Windows.Tests.GameRegistryTests.IsRemoteAccessProcess_KnownClient_ReturnsTrue(processName: &quot;parsecd.exe&quot;)" computerName="AZERTY_GLOBAL" duration="00:00:00.0000009" startTime="2026-09-19T09:41:44.4107709+02:00" endTime="2026-09-19T09:41:44.4107709+02:00" testType="13cdc9d9-ddb5-4fa4-a97d-d965ccfc6d4b" outcome="Passed" testListId="8c84fa94-04c1-424b-9868-57a2d4851a1d" relativeResultsDirectory="939007e3-06c5-4654-b2e4-8490fed22cda" />
    <UnitTestResult executionId="64d3db6d-94bc-4024-8baa-88f13ddae77f" testId="95482935-a2a3-ac4e-d352-a10d8244381f" testName="TypingEngine.Windows.Tests.Audit120SuspensionTests.Shell_ActualiseIdentiteLayoutEtChampSecurise(shell: &quot;explorer.exe&quot;)" computerName="AZERTY_GLOBAL" duration="00:00:00.0001834" startTime="2026-09-19T09:41:44.4143694+02:00" endTime="2026-09-19T09:41:44.4143695+02:00" testType="13cdc9d9-ddb5-4fa4-a97d-d965ccfc6d4b" outcome="Passed" testListId="8c84fa94-04c1-424b-9868-57a2d4851a1d" relativeResultsDirectory="64d3db6d-94bc-4024-8baa-88f13ddae77f" />
    <UnitTestResult executionId="f21ffe9f-552e-4f5f-9a04-73f8cdcdb955" testId="c527af3a-6289-218d-9faa-2124fba58ab4" testName="TypingEngine.Windows.Tests.GameRegistryTests.IsAntiCheatProcess_AceExe_TencentPath_Returns_True" computerName="AZERTY_GLOBAL" duration="00:00:00.0000106" startTime="2026-09-19T09:41:44.4127325+02:00" endTime="2026-09-19T09:41:44.4127326+02:00" testType="13cdc9d9-ddb5-4fa4-a97d-d965ccfc6d4b" outcome="Passed" testListId="8c84fa94-04c1-424b-9868-57a2d4851a1d" relativeResultsDirectory="f21ffe9f-552e-4f5f-9a04-73f8cdcdb955" />
    <UnitTestResult executionId="2af26e6c-6bfc-4a31-a8e1-5d98779432d4" testId="9bf54c57-3773-b1fc-e36d-07d725b984b7" testName="TypingEngine.Windows.Tests.Audit120RegressionTests.AltCode_RestaureChaqueMajPhysique(left: True, right: False, numLock: False)" computerName="AZERTY_GLOBAL" duration="00:00:00.0000134" startTime="2026-09-19T09:41:44.4191146+02:00" endTime="2026-09-19T09:41:44.4191146+02:00" testType="13cdc9d9-ddb5-4fa4-a97d-d965ccfc6d4b" outcome="Passed" testListId="8c84fa94-04c1-424b-9868-57a2d4851a1d" relativeResultsDirectory="2af26e6c-6bfc-4a31-a8e1-5d98779432d4" />
    <UnitTestResult executionId="2fb065a0-6a36-441e-a6a5-281cb8d7261d" testId="579c0127-6852-ba14-d807-c2825b57a9a2" testName="TypingEngine.Windows.Tests.KeyMapperBuildInputsTests.TryGetWindows1252AltCode_Cp1252Characters_ReturnsByte(c: 'Œ', expectedCode: 140)" computerName="AZERTY_GLOBAL" duration="00:00:00.0002165" startTime="2026-09-19T09:41:44.4133276+02:00" endTime="2026-09-19T09:41:44.4133277+02:00" testType="13cdc9d9-ddb5-4fa4-a97d-d965ccfc6d4b" outcome="Passed" testListId="8c84fa94-04c1-424b-9868-57a2d4851a1d" relativeResultsDirectory="2fb065a0-6a36-441e-a6a5-281cb8d7261d" />
    <UnitTestResult executionId="1569b83e-2ea6-4d30-8329-1ebbdd9fe234" testId="a4046aad-0258-805a-db5a-f7eeec1b1be3" testName="TypingEngine.Windows.Tests.Audit120SuspensionTests.Shell_ActualiseIdentiteLayoutEtChampSecurise(shell: &quot;StartMenuExperienceHost.exe&quot;)" computerName="AZERTY_GLOBAL" duration="00:00:00.0000123" startTime="2026-09-19T09:41:44.4144286+02:00" endTime="2026-09-19T09:41:44.4144286+02:00" testType="13cdc9d9-ddb5-4fa4-a97d-d965ccfc6d4b" outcome="Passed" testListId="8c84fa94-04c1-424b-9868-57a2d4851a1d" relativeResultsDirectory="1569b83e-2ea6-4d30-8329-1ebbdd9fe234" />
    <UnitTestResult executionId="28cdafb2-74c2-46c7-b4df-eb8ff7dfe077" testId="e0fad09c-499d-2eb8-d081-5fdae1f1d55e" testName="TypingEngine.Windows.Tests.MaintainableLayerManagerTests.Chord_ArmsOneShotConsumedByItsOwnKeystroke" computerName="AZERTY_GLOBAL" duration="00:00:00.0000945" startTime="2026-09-19T09:41:44.4166710+02:00" endTime="2026-09-19T09:41:44.4166711+02:00" testType="13cdc9d9-ddb5-4fa4-a97d-d965ccfc6d4b" outcome="Passed" testListId="8c84fa94-04c1-424b-9868-57a2d4851a1d" relativeResultsDirectory="28cdafb2-74c2-46c7-b4df-eb8ff7dfe077" />
    <UnitTestResult executionId="74c09c43-fbe7-45fb-8d13-d275922b096c" testId="db1804fc-c268-1a6e-7d1b-6e5d37ca35af" testName="TypingEngine.Windows.Tests.Audit120RegressionTests.RetirerCouche_PurgeVerrousEtHistorique_SansEffacerAutresCouches" computerName="AZERTY_GLOBAL" duration="00:00:00.0003187" startTime="2026-09-19T09:41:44.4236813+02:00" endTime="2026-09-19T09:41:44.4236813+02:00" testType="13cdc9d9-ddb5-4fa4-a97d-d965ccfc6d4b" outcome="Passed" testListId="8c84fa94-04c1-424b-9868-57a2d4851a1d" relativeResultsDirectory="74c09c43-fbe7-45fb-8d13-d275922b096c" />
    <UnitTestResult executionId="60bc9ba0-2de6-4b7d-8581-934c534afd8b" testId="38316d7a-7ea2-43d7-daa5-d6433f647104" testName="TypingEngine.Windows.Tests.KeyMapperBuildInputsTests.BuildAltCodeInputs_AltGrReal_DoesNotTouchPhantomLCtrl" computerName="AZERTY_GLOBAL" duration="00:00:00.0006257" startTime="2026-09-19T09:41:44.4207342+02:00" endTime="2026-09-19T09:41:44.4207342+02:00" testType="13cdc9d9-ddb5-4fa4-a97d-d965ccfc6d4b" outcome="Passed" testListId="8c84fa94-04c1-424b-9868-57a2d4851a1d" relativeResultsDirectory="60bc9ba0-2de6-4b7d-8581-934c534afd8b" />
    <UnitTestResult executionId="315bb2d5-af66-4e50-88c2-759b42e0cbd2" testId="209c3868-7478-b756-c3f4-c17054122c31" testName="TypingEngine.Windows.Tests.KeyMapperPassThroughLayoutTests.ProcessKey_QwertyForeground_DoesNotPassThroughAzertyPositions" computerName="AZERTY_GLOBAL" duration="00:00:00.0002505" startTime="2026-09-19T09:41:44.4203050+02:00" endTime="2026-09-19T09:41:44.4203050+02:00" testType="13cdc9d9-ddb5-4fa4-a97d-d965ccfc6d4b" outcome="Passed" testListId="8c84fa94-04c1-424b-9868-57a2d4851a1d" relativeResultsDirectory="315bb2d5-af66-4e50-88c2-759b42e0cbd2" />
    <UnitTestResult executionId="20342243-67bb-411a-aa59-bd47e08e68a1" testId="26e1ee91-57be-7e74-28a2-8e8d3265c062" testName="TypingEngine.Windows.Tests.KeyMapperCtrlRegressionTests.ClearPassedThroughKeys_ReleasesSyntheticCtrlSpaceKeyDown" computerName="AZERTY_GLOBAL" duration="00:00:00.0023614" startTime="2026-09-19T09:41:44.4221461+02:00" endTime="2026-09-19T09:41:44.4221461+02:00" testType="13cdc9d9-ddb5-4fa4-a97d-d965ccfc6d4b" outcome="Passed" testListId="8c84fa94-04c1-424b-9868-57a2d4851a1d" relativeResultsDirectory="20342243-67bb-411a-aa59-bd47e08e68a1" />
    <UnitTestResult executionId="188c26a7-f1eb-46bb-afe6-6ec73414346a" testId="1244ba2e-7b7a-b667-40d7-0eee5707a373" testName="TypingEngine.Windows.Tests.KeyMapperBuildInputsTests.TryGetWindows1252AltCode_Cp1252Characters_ReturnsByte(c: 'É', expectedCode: 201)" computerName="AZERTY_GLOBAL" duration="00:00:00.0000076" startTime="2026-09-19T09:41:44.4133623+02:00" endTime="2026-09-19T09:41:44.4133624+02:00" testType="13cdc9d9-ddb5-4fa4-a97d-d965ccfc6d4b" outcome="Passed" testListId="8c84fa94-04c1-424b-9868-57a2d4851a1d" relativeResultsDirectory="188c26a7-f1eb-46bb-afe6-6ec73414346a" />
    <UnitTestResult executionId="ca7aff32-e8a6-44e8-8ecc-9c16bc21455a" testId="5a428125-61cb-f9b2-e05b-eee995ba10aa" testName="TypingEngine.Windows.Tests.GameRegistryTests.IsAntiCheatProcess_DiscoveryExe_OtherPath_Returns_False" computerName="AZERTY_GLOBAL" duration="00:00:00.0000169" startTime="2026-09-19T09:41:44.4128166+02:00" endTime="2026-09-19T09:41:44.4128167+02:00" testType="13cdc9d9-ddb5-4fa4-a97d-d965ccfc6d4b" outcome="Passed" testListId="8c84fa94-04c1-424b-9868-57a2d4851a1d" relativeResultsDirectory="ca7aff32-e8a6-44e8-8ecc-9c16bc21455a" />
    <UnitTestResult executionId="55353729-5896-4018-a085-894e3d08926b" testId="0e5bdd8a-c1b5-eaa4-e80f-397ba702ef90" testName="TypingEngine.Windows.Tests.Audit120RecoveryTests.RelachementsPartiels_ConserventTouteLaTraceJusquaAcceptationComplete" computerName="AZERTY_GLOBAL" duration="00:00:00.0001791" startTime="2026-09-19T09:41:44.4223010+02:00" endTime="2026-09-19T09:41:44.4223012+02:00" testType="13cdc9d9-ddb5-4fa4-a97d-d965ccfc6d4b" outcome="Passed" testListId="8c84fa94-04c1-424b-9868-57a2d4851a1d" relativeResultsDirectory="55353729-5896-4018-a085-894e3d08926b" />
    <UnitTestResult executionId="70cea81b-5173-4a7c-bab0-d9a9bc09eb11" testId="5f22fbe0-e444-712e-ce9a-78f432753675" testName="TypingEngine.Windows.Tests.MaintainableLayerManagerTests.FeatureDisabled_DoesNotConsumeTrigger" computerName="AZERTY_GLOBAL" duration="00:00:00.1078144" startTime="2026-09-19T09:41:44.4134264+02:00" endTime="2026-09-19T09:41:44.4134264+02:00" testType="13cdc9d9-ddb5-4fa4-a97d-d965ccfc6d4b" outcome="Passed" testListId="8c84fa94-04c1-424b-9868-57a2d4851a1d" relativeResultsDirectory="70cea81b-5173-4a7c-bab0-d9a9bc09eb11" />
    <UnitTestResult executionId="79f3db75-8b1a-4bf7-8e64-c954775fb829" testId="595f1bad-8185-f37a-7f59-80da748959e6" testName="TypingEngine.Windows.Tests.Audit120RecoveryTests.Menu_GardeDerniereApplicationExterne_QuandNotreFenetrePrendFocus" computerName="AZERTY_GLOBAL" duration="00:00:00.0001529" startTime="2026-09-19T09:41:44.4212457+02:00" endTime="2026-09-19T09:41:44.4212457+02:00" testType="13cdc9d9-ddb5-4fa4-a97d-d965ccfc6d4b" outcome="Passed" testListId="8c84fa94-04c1-424b-9868-57a2d4851a1d" relativeResultsDirectory="79f3db75-8b1a-4bf7-8e64-c954775fb829" />
    <UnitTestResult executionId="88d9a34f-6d78-4c47-b064-1ac889684f3f" testId="833b6548-b17b-6794-3784-a55f4f1ef4fc" testName="TypingEngine.Windows.Tests.GameRegistryTests.IsAntiCheatProcess_Level1_Substring_Returns_True(processName: &quot;BlackOps6.exe&quot;)" computerName="AZERTY_GLOBAL" duration="00:00:00.0995505" startTime="2026-09-19T09:41:44.3997204+02:00" endTime="2026-09-19T09:41:44.3997298+02:00" testType="13cdc9d9-ddb5-4fa4-a97d-d965ccfc6d4b" outcome="Passed" testListId="8c84fa94-04c1-424b-9868-57a2d4851a1d" relativeResultsDirectory="88d9a34f-6d78-4c47-b064-1ac889684f3f" />
    <UnitTestResult executionId="f0c7be0b-e22b-47b2-9f2c-89cf65e1a3d7" testId="1b873dbb-74a5-e562-1be1-78a6566e3d3e" testName="TypingEngine.Windows.Tests.Audit120SuspensionTests.EmissionIncomplete_NeComptePasLeTexte(sent: 0)" computerName="AZERTY_GLOBAL" duration="00:00:00.0000153" startTime="2026-09-19T09:41:44.4202695+02:00" endTime="2026-09-19T09:41:44.4202696+02:00" testType="13cdc9d9-ddb5-4fa4-a97d-d965ccfc6d4b" outcome="Passed" testListId="8c84fa94-04c1-424b-9868-57a2d4851a1d" relativeResultsDirectory="f0c7be0b-e22b-47b2-9f2c-89cf65e1a3d7" />
    <UnitTestResult executionId="a6e2c1a4-91b0-4fbb-bd52-15c4059442d1" testId="7c9e1e40-100f-494d-03a1-03274eaa7e09" testName="TypingEngine.Windows.Tests.GameRegistryTests.IsAntiCheatProcess_Level2_Returns_True(processName: &quot;FC26.exe&quot;)" computerName="AZERTY_GLOBAL" duration="00:00:00.0000020" startTime="2026-09-19T09:41:44.4121175+02:00" endTime="2026-09-19T09:41:44.4121175+02:00" testType="13cdc9d9-ddb5-4fa4-a97d-d965ccfc6d4b" outcome="Passed" testListId="8c84fa94-04c1-424b-9868-57a2d4851a1d" relativeResultsDirectory="a6e2c1a4-91b0-4fbb-bd52-15c4059442d1" />
    <UnitTestResult executionId="a7ea19e9-56fb-46f7-ad31-9141e356b036" testId="dc99d371-1049-b556-a8f7-ca2c8d008adf" testName="TypingEngine.Windows.Tests.KeyMapperBuildInputsTests.TryGetWindows1252AltCode_Cp1252Characters_ReturnsByte(c: 'œ', expectedCode: 156)" computerName="AZERTY_GLOBAL" duration="00:00:00.1073490" startTime="2026-09-19T09:41:44.4130313+02:00" endTime="2026-09-19T09:41:44.4130314+02:00" testType="13cdc9d9-ddb5-4fa4-a97d-d965ccfc6d4b" outcome="Passed" testListId="8c84fa94-04c1-424b-9868-57a2d4851a1d" relativeResultsDirectory="a7ea19e9-56fb-46f7-ad31-9141e356b036" />
    <UnitTestResult executionId="69ca7eae-6d8f-4e9d-875b-8ebad54235ad" testId="795c5b26-90d3-78da-a59b-f427d115d78c" testName="TypingEngine.Windows.Tests.KeyMapperBuildInputsTests.BuildVkComboInputs_NoMods_YieldsOnlyVkPressRelease" computerName="AZERTY_GLOBAL" duration="00:00:00.0024168" startTime="2026-09-19T09:41:44.4190324+02:00" endTime="2026-09-19T09:41:44.4190324+02:00" testType="13cdc9d9-ddb5-4fa4-a97d-d965ccfc6d4b" outcome="Passed" testListId="8c84fa94-04c1-424b-9868-57a2d4851a1d" relativeResultsDirectory="69ca7eae-6d8f-4e9d-875b-8ebad54235ad" />
    <UnitTestResult executionId="1352ce0c-e9c2-4910-bdfa-92b267cd5f38" testId="3f0de534-da75-bbaa-a3ba-2c1d8bb7c35d" testName="TypingEngine.Windows.Tests.GameRegistryTests.IsAntiCheatProcess_Level1_Substring_Returns_True(processName: &quot;CS2.EXE&quot;)" computerName="AZERTY_GLOBAL" duration="00:00:00.0000839" startTime="2026-09-19T09:41:44.4012471+02:00" endTime="2026-09-19T09:41:44.4012472+02:00" testType="13cdc9d9-ddb5-4fa4-a97d-d965ccfc6d4b" outcome="Passed" testListId="8c84fa94-04c1-424b-9868-57a2d4851a1d" relativeResultsDirectory="1352ce0c-e9c2-4910-bdfa-92b267cd5f38" />
    <UnitTestResult executionId="d1063e5d-289c-40b2-a5be-6bfd30e19e38" testId="d406913c-600d-fb2f-7f0a-a23660427c07" testName="TypingEngine.Windows.Tests.GameRegistryTests.IsAntiCheatProcess_Level1_Substring_Returns_True(processName: &quot;VALORANT-Win64-Shipping.exe&quot;)" computerName="AZERTY_GLOBAL" duration="00:00:00.0000006" startTime="2026-09-19T09:41:44.4017120+02:00" endTime="2026-09-19T09:41:44.4017120+02:00" testType="13cdc9d9-ddb5-4fa4-a97d-d965ccfc6d4b" outcome="Passed" testListId="8c84fa94-04c1-424b-9868-57a2d4851a1d" relativeResultsDirectory="d1063e5d-289c-40b2-a5be-6bfd30e19e38" />
    <UnitTestResult executionId="81e1c082-a039-49e1-a6fe-5037420b42e4" testId="012a9b4e-50c3-5db7-58b2-2105460c8913" testName="TypingEngine.Windows.Tests.GameRegistryTests.HasGameFrameworkLoaded_UnityPlayer_Returns_True" computerName="AZERTY_GLOBAL" duration="00:00:00.0001538" startTime="2026-09-19T09:41:44.4117454+02:00" endTime="2026-09-19T09:41:44.4117454+02:00" testType="13cdc9d9-ddb5-4fa4-a97d-d965ccfc6d4b" outcome="Passed" testListId="8c84fa94-04c1-424b-9868-57a2d4851a1d" relativeResultsDirectory="81e1c082-a039-49e1-a6fe-5037420b42e4" />
    <UnitTestResult executionId="9891ab84-e664-4ff3-b041-c0e97d8943b3" testId="ba96bc2b-6ac5-148c-baeb-c739dcb42b78" testName="TypingEngine.Windows.Tests.KeyMapperBuildInputsTests.BuildVkComboInputs_NeedNoShift_ShiftHeld_TogglesShiftOff" computerName="AZERTY_GLOBAL" duration="00:00:00.0001686" startTime="2026-09-19T09:41:44.4212824+02:00" endTime="2026-09-19T09:41:44.4212824+02:00" testType="13cdc9d9-ddb5-4fa4-a97d-d965ccfc6d4b" outcome="Passed" testListId="8c84fa94-04c1-424b-9868-57a2d4851a1d" relativeResultsDirectory="9891ab84-e664-4ff3-b041-c0e97d8943b3" />
    <UnitTestResult executionId="dd83fb8b-b4c4-4b5a-9847-a9c616027ab2" testId="966aff40-6928-72c2-7b9f-5e945a02b96a" testName="TypingEngine.Windows.Tests.ForegroundMonitorMockedTests.OverrideForceOff_ReportsUserOverrideReason" computerName="AZERTY_GLOBAL" duration="00:00:00.0004039" startTime="2026-09-19T09:41:44.4145449+02:00" endTime="2026-09-19T09:41:44.4145449+02:00" testType="13cdc9d9-ddb5-4fa4-a97d-d965ccfc6d4b" outcome="Passed" testListId="8c84fa94-04c1-424b-9868-57a2d4851a1d" relativeResultsDirectory="dd83fb8b-b4c4-4b5a-9847-a9c616027ab2" />
    <UnitTestResult executionId="8601f899-8d07-4527-8daa-3c46da5bd479" testId="8c226cc4-099f-a71c-0584-9be604d99a85" testName="TypingEngine.Windows.Tests.GameRegistryTests.HasGameFrameworkLoaded_Empty_Returns_False" computerName="AZERTY_GLOBAL" duration="00:00:00.0000176" startTime="2026-09-19T09:41:44.4129339+02:00" endTime="2026-09-19T09:41:44.4129339+02:00" testType="13cdc9d9-ddb5-4fa4-a97d-d965ccfc6d4b" outcome="Passed" testListId="8c84fa94-04c1-424b-9868-57a2d4851a1d" relativeResultsDirectory="8601f899-8d07-4527-8daa-3c46da5bd479" />
    <UnitTestResult executionId="a0aa277a-1726-418d-b85f-76e7e2cb96ab" testId="c2dc8522-7bcc-ca68-16aa-65005854c032" testName="TypingEngine.Windows.Tests.MaintainableLayerManagerTests.OtherLayerDoubleTap_ReplacesLockedLayer" computerName="AZERTY_GLOBAL" duration="00:00:00.0000651" startTime="2026-09-19T09:41:44.4177446+02:00" endTime="2026-09-19T09:41:44.4177447+02:00" testType="13cdc9d9-ddb5-4fa4-a97d-d965ccfc6d4b" outcome="Passed" testListId="8c84fa94-04c1-424b-9868-57a2d4851a1d" relativeResultsDirectory="a0aa277a-1726-418d-b85f-76e7e2cb96ab" />
    <UnitTestResult executionId="39a7b3ef-a264-42ec-8f41-394680b32d62" testId="253fad3a-683d-0ac7-72e3-8242b17c4ba7" testName="TypingEngine.Windows.Tests.KeyMapperBuildInputsTests.BuildVkComboInputs_CapsLockActive_NoPhysicalToggle" computerName="AZERTY_GLOBAL" duration="00:00:00.0003213" startTime="2026-09-19T09:41:44.4210334+02:00" endTime="2026-09-19T09:41:44.4210334+02:00" testType="13cdc9d9-ddb5-4fa4-a97d-d965ccfc6d4b" outcome="Passed" testListId="8c84fa94-04c1-424b-9868-57a2d4851a1d" relativeResultsDirectory="39a7b3ef-a264-42ec-8f41-394680b32d62" />
    <UnitTestResult executionId="5d802b9f-3c17-4f5c-9788-683d2873e25f" testId="67897feb-979d-4be2-3a84-c90c06566218" testName="TypingEngine.Windows.Tests.Audit120RecoveryTests.NumLock_RepareDepuisEtatCourant_EtRespecteNouveauChoix" computerName="AZERTY_GLOBAL" duration="00:00:00.0012233" startTime="2026-09-19T09:41:44.4228212+02:00" endTime="2026-09-19T09:41:44.4228212+02:00" testType="13cdc9d9-ddb5-4fa4-a97d-d965ccfc6d4b" outcome="Passed" testListId="8c84fa94-04c1-424b-9868-57a2d4851a1d" relativeResultsDirectory="5d802b9f-3c17-4f5c-9788-683d2873e25f" />
    <UnitTestResult executionId="2868dc39-0ca7-4267-b437-56083aef8892" testId="4e01ee2c-6187-c2e4-edda-9c03d406ee14" testName="TypingEngine.Windows.Tests.GameRegistryTests.IsRemoteAccessProcess_KnownClient_ReturnsTrue(processName: &quot;AnyDesk.exe&quot;)" computerName="AZERTY_GLOBAL" duration="00:00:00.0000017" startTime="2026-09-19T09:41:44.4105680+02:00" endTime="2026-09-19T09:41:44.4105680+02:00" testType="13cdc9d9-ddb5-4fa4-a97d-d965ccfc6d4b" outcome="Passed" testListId="8c84fa94-04c1-424b-9868-57a2d4851a1d" relativeResultsDirectory="2868dc39-0ca7-4267-b437-56083aef8892" />
    <UnitTestResult executionId="f096445e-662d-41d0-ab1b-7212e2fdac10" testId="23439d72-1dd0-bf93-b5a7-1c4aaafc4d44" testName="TypingEngine.Windows.Tests.Audit120RecoveryTests.ComboPartielle_RelacheMajEtCaractereSansRejouer(sent: 1)" computerName="AZERTY_GLOBAL" duration="00:00:00.0000250" startTime="2026-09-19T09:41:44.4211279+02:00" endTime="2026-09-19T09:41:44.4211280+02:00" testType="13cdc9d9-ddb5-4fa4-a97d-d965ccfc6d4b" outcome="Passed" testListId="8c84fa94-04c1-424b-9868-57a2d4851a1d" relativeResultsDirectory="f096445e-662d-41d0-ab1b-7212e2fdac10" />
    <UnitTestResult executionId="81613c45-63a6-49bb-b2dd-1739cf80ef63" testId="860871a5-0f3b-8d9d-a26c-ef5bfdf7422f" testName="TypingEngine.Windows.Tests.Audit120RegressionTests.AltCode_RestaureChaqueMajPhysique(left: True, right: True, numLock: False)" computerName="AZERTY_GLOBAL" duration="00:00:00.0000106" startTime="2026-09-19T09:41:44.4191448+02:00" endTime="2026-09-19T09:41:44.4191448+02:00" testType="13cdc9d9-ddb5-4fa4-a97d-d965ccfc6d4b" outcome="Passed" testListId="8c84fa94-04c1-424b-9868-57a2d4851a1d" relativeResultsDirectory="81613c45-63a6-49bb-b2dd-1739cf80ef63" />
    <UnitTestResult executionId="3da01562-ac38-4361-978b-ac5cca8d9e08" testId="4073011f-2ed9-f4fc-bf6c-92d4cc144165" testName="TypingEngine.Windows.Tests.ForegroundMonitorMockedTests.Recompute_NormalApp_ReturnsDefault" computerName="AZERTY_GLOBAL" duration="00:00:00.0000586" startTime="2026-09-19T09:41:44.4176227+02:00" endTime="2026-09-19T09:41:44.4176229+02:00" testType="13cdc9d9-ddb5-4fa4-a97d-d965ccfc6d4b" outcome="Passed" testListId="8c84fa94-04c1-424b-9868-57a2d4851a1d" relativeResultsDirectory="3da01562-ac38-4361-978b-ac5cca8d9e08" />
    <UnitTestResult executionId="4727b4ce-9cbc-49b6-8da6-99d5a0c8d72a" testId="026302f4-a6fa-8f38-75fd-7404b20d6b4e" testName="TypingEngine.Windows.Tests.GameRegistryTests.IsAntiCheatProcess_Level1_Substring_Returns_True(processName: &quot;GenshinImpact.exe&quot;)" computerName="AZERTY_GLOBAL" duration="00:00:00.0000010" startTime="2026-09-19T09:41:44.4080362+02:00" endTime="2026-09-19T09:41:44.4080362+02:00" testType="13cdc9d9-ddb5-4fa4-a97d-d965ccfc6d4b" outcome="Passed" testListId="8c84fa94-04c1-424b-9868-57a2d4851a1d" relativeResultsDirectory="4727b4ce-9cbc-49b6-8da6-99d5a0c8d72a" />
    <UnitTestResult executionId="2bc052bd-1fe6-42be-a009-7ab75eabfb3a" testId="0a10adda-051d-5d5a-5b5d-28c7eba65365" testName="TypingEngine.Windows.Tests.Audit120ResumeTests.EchecCompensation_AssocieChaqueKeyUpAuDownQuiAPasseOuEteAbsorbe" computerName="AZERTY_GLOBAL" duration="00:00:00.0001357" startTime="2026-09-19T09:41:44.4236271+02:00" endTime="2026-09-19T09:41:44.4236271+02:00" testType="13cdc9d9-ddb5-4fa4-a97d-d965ccfc6d4b" outcome="Passed" testListId="8c84fa94-04c1-424b-9868-57a2d4851a1d" relativeResultsDirectory="2bc052bd-1fe6-42be-a009-7ab75eabfb3a" />
    <UnitTestResult executionId="19cf9141-c3fe-473d-bb10-fd82dceb5b6d" testId="f430844a-f734-55bb-77e2-c669b4ac34fb" testName="TypingEngine.Windows.Tests.Audit120RegressionTests.RetirerCouche_PurgeDeclencheurEtOneShot(released: True)" computerName="AZERTY_GLOBAL" duration="00:00:00.1106359" startTime="2026-09-19T09:41:44.4145038+02:00" endTime="2026-09-19T09:41:44.4145038+02:00" testType="13cdc9d9-ddb5-4fa4-a97d-d965ccfc6d4b" outcome="Passed" testListId="8c84fa94-04c1-424b-9868-57a2d4851a1d" relativeResultsDirectory="19cf9141-c3fe-473d-bb10-fd82dceb5b6d" />
    <UnitTestResult executionId="3dcdaa58-e6d2-460b-866d-acbfce774ae5" testId="a7650de1-8465-ade1-1b9c-109120ce58fb" testName="TypingEngine.Windows.Tests.KeyMapperPassThroughLayoutTests.ProcessKey_NoForegroundHkl_PassesThroughMatchingAsciiLetterForWebShortcuts" computerName="AZERTY_GLOBAL" duration="00:00:00.0001187" startTime="2026-09-19T09:41:44.4206006+02:00" endTime="2026-09-19T09:41:44.4206007+02:00" testType="13cdc9d9-ddb5-4fa4-a97d-d965ccfc6d4b" outcome="Passed" testListId="8c84fa94-04c1-424b-9868-57a2d4851a1d" relativeResultsDirectory="3dcdaa58-e6d2-460b-866d-acbfce774ae5" />
    <UnitTestResult executionId="6c6d6de5-b358-427f-a32b-0e1a26d744f6" testId="cd3af2f9-f041-3ccb-3f8c-1c3ee951b9f4" testName="TypingEngine.Windows.Tests.Audit120RegressionTests.AltCode_RestaureChaqueMajPhysique(left: True, right: True, numLock: True)" computerName="AZERTY_GLOBAL" duration="00:00:00.0023655" startTime="2026-09-19T09:41:44.4180725+02:00" endTime="2026-09-19T09:41:44.4180725+02:00" testType="13cdc9d9-ddb5-4fa4-a97d-d965ccfc6d4b" outcome="Passed" testListId="8c84fa94-04c1-424b-9868-57a2d4851a1d" relativeResultsDirectory="6c6d6de5-b358-427f-a32b-0e1a26d744f6" />
    <UnitTestResult executionId="045b7b41-06b6-4d70-8ad6-aea8d06eac1a" testId="15c5df1c-a179-cac6-e811-9180e2fd8298" testName="TypingEngine.Windows.Tests.KeyMapperCtrlRegressionTests.ProcessKey_CtrlSpace_ReleasesSyntheticSpace_WhenCtrlReleasedBeforeSpace" computerName="AZERTY_GLOBAL" duration="00:00:00.1160440" startTime="2026-09-19T09:41:44.4206987+02:00" endTime="2026-09-19T09:41:44.4206987+02:00" testType="13cdc9d9-ddb5-4fa4-a97d-d965ccfc6d4b" outcome="Passed" testListId="8c84fa94-04c1-424b-9868-57a2d4851a1d" relativeResultsDirectory="045b7b41-06b6-4d70-8ad6-aea8d06eac1a" />
    <UnitTestResult executionId="f4d266d6-4a4c-431a-8ed0-ae2e85dc8df6" testId="a10aeffe-4bd4-4f39-df6f-7c784854eb3c" testName="TypingEngine.Windows.Tests.MaintainableLayerManagerTests.SameLayerTap_Unlocks" computerName="AZERTY_GLOBAL" duration="00:00:00.0000502" startTime="2026-09-19T09:41:44.4175528+02:00" endTime="2026-09-19T09:41:44.4175529+02:00" testType="13cdc9d9-ddb5-4fa4-a97d-d965ccfc6d4b" outcome="Passed" testListId="8c84fa94-04c1-424b-9868-57a2d4851a1d" relativeResultsDirectory="f4d266d6-4a4c-431a-8ed0-ae2e85dc8df6" />
    <UnitTestResult executionId="344c4233-8e47-465e-ba7c-1217ed79c81b" testId="82e70d15-f55c-c5d6-7920-eff68fb44597" testName="TypingEngine.Windows.Tests.MaintainableLayerManagerTests.TapAfterDoubleTapWindow_RemainsOneShot" computerName="AZERTY_GLOBAL" duration="00:00:00.0000374" startTime="2026-09-19T09:41:44.4176565+02:00" endTime="2026-09-19T09:41:44.4176565+02:00" testType="13cdc9d9-ddb5-4fa4-a97d-d965ccfc6d4b" outcome="Passed" testListId="8c84fa94-04c1-424b-9868-57a2d4851a1d" relativeResultsDirectory="344c4233-8e47-465e-ba7c-1217ed79c81b" />
    <UnitTestResult executionId="02157026-ac79-4ecd-bd48-0af56bb0cb5b" testId="d6ef3795-9b31-3b4c-9f48-45478f521cf2" testName="TypingEngine.Windows.Tests.GameRegistryTests.IsAntiCheatProcess_Level1_Substring_Returns_True(processName: &quot;r5apex.exe&quot;)" computerName="AZERTY_GLOBAL" duration="00:00:00.0000026" startTime="2026-09-19T09:41:44.4015347+02:00" endTime="2026-09-19T09:41:44.4015348+02:00" testType="13cdc9d9-ddb5-4fa4-a97d-d965ccfc6d4b" outcome="Passed" testListId="8c84fa94-04c1-424b-9868-57a2d4851a1d" relativeResultsDirectory="02157026-ac79-4ecd-bd48-0af56bb0cb5b" />
    <UnitTestResult executionId="87411345-d42a-42c0-878c-de105d711eed" testId="2a4dd16b-8084-e800-4b11-5677012fbe09" testName="TypingEngine.Windows.Tests.Audit120RegressionTests.SondesLayout_PreserventEtatToucheMorte_EtCapsLock" computerName="AZERTY_GLOBAL" duration="00:00:00.0016882" startTime="2026-09-19T09:41:44.4236493+02:00" endTime="2026-09-19T09:41:44.4236494+02:00" testType="13cdc9d9-ddb5-4fa4-a97d-d965ccfc6d4b" outcome="Passed" testListId="8c84fa94-04c1-424b-9868-57a2d4851a1d" relativeResultsDirectory="87411345-d42a-42c0-878c-de105d711eed" />
    <UnitTestResult executionId="53913174-eb1b-409b-8054-c87b6e6906bd" testId="30ce2ab0-4597-6ae4-051c-95b821684a1e" testName="TypingEngine.Windows.Tests.Audit120RegressionTests.Combo_RestaureChaqueMajPhysique(left: False, right: True, needsShift: False)" computerName="AZERTY_GLOBAL" duration="00:00:00.0000079" startTime="2026-09-19T09:41:44.4193807+02:00" endTime="2026-09-19T09:41:44.4193807+02:00" testType="13cdc9d9-ddb5-4fa4-a97d-d965ccfc6d4b" outcome="Passed" testListId="8c84fa94-04c1-424b-9868-57a2d4851a1d" relativeResultsDirectory="53913174-eb1b-409b-8054-c87b6e6906bd" />
    <UnitTestResult executionId="fea47e2e-1bcf-4f6a-861b-339b32c10793" testId="fc937714-e61b-29c2-f548-8b4283a1a72a" testName="TypingEngine.Windows.Tests.MaintainableLayerManagerTests.Lock_IsRestoredWhenReturningToSameProcess" computerName="AZERTY_GLOBAL" duration="00:00:00.0000748" startTime="2026-09-19T09:41:44.4179569+02:00" endTime="2026-09-19T09:41:44.4179570+02:00" testType="13cdc9d9-ddb5-4fa4-a97d-d965ccfc6d4b" outcome="Passed" testListId="8c84fa94-04c1-424b-9868-57a2d4851a1d" relativeResultsDirectory="fea47e2e-1bcf-4f6a-861b-339b32c10793" />
    <UnitTestResult executionId="b232a0de-f602-42e6-ac54-a16d036f5d97" testId="e6ff4193-2922-668e-d974-ec2d0070b5df" testName="TypingEngine.Windows.Tests.GameRegistryTests.IsAntiCheatProcess_Common_Apps_Returns_False(processName: &quot;&quot;)" computerName="AZERTY_GLOBAL" duration="00:00:00.0000007" startTime="2026-09-19T09:41:44.4084429+02:00" endTime="2026-09-19T09:41:44.4084429+02:00" testType="13cdc9d9-ddb5-4fa4-a97d-d965ccfc6d4b" outcome="Passed" testListId="8c84fa94-04c1-424b-9868-57a2d4851a1d" relativeResultsDirectory="b232a0de-f602-42e6-ac54-a16d036f5d97" />
    <UnitTestResult executionId="b10080e2-592b-4971-9054-a742f431a890" testId="fbc82671-d5ad-8957-e686-8cec63874084" testName="TypingEngine.Windows.Tests.GameRegistryTests.HasGameFrameworkLoaded_LwjglMinecraft_Returns_True" computerName="AZERTY_GLOBAL" duration="00:00:00.0000167" startTime="2026-09-19T09:41:44.4128563+02:00" endTime="2026-09-19T09:41:44.4128563+02:00" testType="13cdc9d9-ddb5-4fa4-a97d-d965ccfc6d4b" outcome="Passed" testListId="8c84fa94-04c1-424b-9868-57a2d4851a1d" relativeResultsDirectory="b10080e2-592b-4971-9054-a742f431a890" />
    <UnitTestResult executionId="2413bd76-287a-421a-bcf4-1a14ca19fba3" testId="61f7f5c7-891f-c1d4-0ea1-506450d3fb87" testName="TypingEngine.Windows.Tests.KeyMapperEmitTextIntegrationTests.EmitText_OrphanLowSurrogate_EmitsNothing" computerName="AZERTY_GLOBAL" duration="00:00:00.0000349" startTime="2026-09-19T09:41:44.4232231+02:00" endTime="2026-09-19T09:41:44.4232231+02:00" testType="13cdc9d9-ddb5-4fa4-a97d-d965ccfc6d4b" outcome="Passed" testListId="8c84fa94-04c1-424b-9868-57a2d4851a1d" relativeResultsDirectory="2413bd76-287a-421a-bcf4-1a14ca19fba3" />
    <UnitTestResult executionId="9ba56230-5013-437c-b915-345ae3ed701e" testId="d78ba195-4f42-9453-0574-448ba35159a6" testName="TypingEngine.Windows.Tests.KeyMapperEmitTextIntegrationTests.EmitText_NativeCombo_UnknownCp1252Extended_FallsBackToAltCode" computerName="AZERTY_GLOBAL" duration="00:00:00.0002454" startTime="2026-09-19T09:41:44.4226947+02:00" endTime="2026-09-19T09:41:44.4226947+02:00" testType="13cdc9d9-ddb5-4fa4-a97d-d965ccfc6d4b" outcome="Passed" testListId="8c84fa94-04c1-424b-9868-57a2d4851a1d" relativeResultsDirectory="9ba56230-5013-437c-b915-345ae3ed701e" />
    <UnitTestResult executionId="ff5affb3-9e0d-4f66-8a4e-3893eb18b395" testId="c70d1df4-6497-9396-b114-9f6532256e35" testName="TypingEngine.Windows.Tests.KeyMapperEmitTextIntegrationTests.EmitText_NativeCombo_UnknownChar_FallsBackToAltCode" computerName="AZERTY_GLOBAL" duration="00:00:00.0001366" startTime="2026-09-19T09:41:44.4227272+02:00" endTime="2026-09-19T09:41:44.4227272+02:00" testType="13cdc9d9-ddb5-4fa4-a97d-d965ccfc6d4b" outcome="Passed" testListId="8c84fa94-04c1-424b-9868-57a2d4851a1d" relativeResultsDirectory="ff5affb3-9e0d-4f66-8a4e-3893eb18b395" />
    <UnitTestResult executionId="dd4cd739-d54e-48e3-8959-98b2fea39811" testId="50e899b9-bb47-c8e3-e06f-5376d714a8ef" testName="TypingEngine.Windows.Tests.Audit120SuspensionTests.EchecSuiviForeground_SuspendEmission" computerName="AZERTY_GLOBAL" duration="00:00:00.0014229" startTime="2026-09-19T09:41:44.4207744+02:00" endTime="2026-09-19T09:41:44.4207745+02:00" testType="13cdc9d9-ddb5-4fa4-a97d-d965ccfc6d4b" outcome="Passed" testListId="8c84fa94-04c1-424b-9868-57a2d4851a1d" relativeResultsDirectory="dd4cd739-d54e-48e3-8959-98b2fea39811" />
    <UnitTestResult executionId="c9f16bd6-f404-44fc-b49f-c9a9f26ec3e7" testId="ea97c98c-77d6-c58d-c16c-bb15793c804f" testName="TypingEngine.Windows.Tests.Audit120RegressionTests.Combo_RestaureChaqueMajPhysique(left: True, right: False, needsShift: True)" computerName="AZERTY_GLOBAL" duration="00:00:00.0000049" startTime="2026-09-19T09:41:44.4197479+02:00" endTime="2026-09-19T09:41:44.4197479+02:00" testType="13cdc9d9-ddb5-4fa4-a97d-d965ccfc6d4b" outcome="Passed" testListId="8c84fa94-04c1-424b-9868-57a2d4851a1d" relativeResultsDirectory="c9f16bd6-f404-44fc-b49f-c9a9f26ec3e7" />
    <UnitTestResult executionId="1056a0b5-647a-4ecc-be47-5821a71e3c98" testId="2483fdd7-8192-98e3-7345-d4b88b0ed78b" testName="TypingEngine.Windows.Tests.GameRegistryTests.IsAntiCheatProcess_Level1_Substring_Returns_True(processName: &quot;VALORANT.exe&quot;)" computerName="AZERTY_GLOBAL" duration="00:00:00.0000011" startTime="2026-09-19T09:41:44.4015654+02:00" endTime="2026-09-19T09:41:44.4015655+02:00" testType="13cdc9d9-ddb5-4fa4-a97d-d965ccfc6d4b" outcome="Passed" testListId="8c84fa94-04c1-424b-9868-57a2d4851a1d" relativeResultsDirectory="1056a0b5-647a-4ecc-be47-5821a71e3c98" />
    <UnitTestResult executionId="12a25d69-15a2-4cd9-a8f6-c508cd800fc2" testId="3801a0f1-6780-54d7-5712-62acc4665f81" testName="TypingEngine.Windows.Tests.KeyMapperEmitTextIntegrationTests.EmitText_NativeCombo_BeyondLatin1_FallsBackToUnicode" computerName="AZERTY_GLOBAL" duration="00:00:00.0002041" startTime="2026-09-19T09:41:44.4227869+02:00" endTime="2026-09-19T09:41:44.4227870+02:00" testType="13cdc9d9-ddb5-4fa4-a97d-d965ccfc6d4b" outcome="Passed" testListId="8c84fa94-04c1-424b-9868-57a2d4851a1d" relativeResultsDirectory="12a25d69-15a2-4cd9-a8f6-c508cd800fc2" />
    <UnitTestResult executionId="7b73d748-3385-4bb9-b11b-c72ec89fbf2b" testId="8cd58430-5c6c-fdbd-ec87-574cbb64bf53" testName="TypingEngine.Windows.Tests.Audit120RecoveryTests.ComboPartielle_RelacheMajEtCaractereSansRejouer(sent: 2)" computerName="AZERTY_GLOBAL" duration="00:00:00.1169198" startTime="2026-09-19T09:41:44.4210697+02:00" endTime="2026-09-19T09:41:44.4210697+02:00" testType="13cdc9d9-ddb5-4fa4-a97d-d965ccfc6d4b" outcome="Passed" testListId="8c84fa94-04c1-424b-9868-57a2d4851a1d" relativeResultsDirectory="7b73d748-3385-4bb9-b11b-c72ec89fbf2b" />
    <UnitTestResult executionId="5b7af5c8-e7c7-46f2-aac2-4236c28e0750" testId="fd6f1f44-921b-1c02-84df-7145648b74bc" testName="TypingEngine.Windows.Tests.GameRegistryTests.IsAntiCheatProcess_Null_Returns_False" computerName="AZERTY_GLOBAL" duration="00:00:00.0000171" startTime="2026-09-19T09:41:44.4118492+02:00" endTime="2026-09-19T09:41:44.4118493+02:00" testType="13cdc9d9-ddb5-4fa4-a97d-d965ccfc6d4b" outcome="Passed" testListId="8c84fa94-04c1-424b-9868-57a2d4851a1d" relativeResultsDirectory="5b7af5c8-e7c7-46f2-aac2-4236c28e0750" />
[...]
    <TestEntry testId="e42d5ed7-1ba0-a896-2e16-93b07cef272d" executionId="eb3e2fa1-e565-4363-b1f3-d253aa0038a2" testListId="8c84fa94-04c1-424b-9868-57a2d4851a1d" />
    <TestEntry testId="66601ab3-1a4b-fdc8-58c4-680634f1b685" executionId="bf03060f-7a8b-4e66-a0d1-d4b82b706a8e" testListId="8c84fa94-04c1-424b-9868-57a2d4851a1d" />
    <TestEntry testId="4bea7ddd-6340-a979-74e4-6059a19daf03" executionId="27f480fb-4d39-4731-92a0-74001364ec76" testListId="8c84fa94-04c1-424b-9868-57a2d4851a1d" />
    <TestEntry testId="af0cf160-6ea1-2f8f-b537-289f5b62f77e" executionId="fec6432a-e01a-46dd-b4a7-1a89458a3054" testListId="8c84fa94-04c1-424b-9868-57a2d4851a1d" />
    <TestEntry testId="b3d4d269-0a35-bc67-acb6-a30dbdd5142e" executionId="6705431e-9564-4291-a829-642e1d6a65cf" testListId="8c84fa94-04c1-424b-9868-57a2d4851a1d" />
    <TestEntry testId="1c6a1e6d-2208-07f1-fb3f-362ab0051381" executionId="0231d34d-7861-4bc4-98e6-5fcd6490dda7" testListId="8c84fa94-04c1-424b-9868-57a2d4851a1d" />
    <TestEntry testId="f95a4f97-3d24-ccf0-1b61-a310ea0c63d6" executionId="2c6189be-92ce-4152-99b1-76e9570eca0b" testListId="8c84fa94-04c1-424b-9868-57a2d4851a1d" />
    <TestEntry testId="10c2031f-016c-0ca6-8223-f6c1ba60f61c" executionId="190d9aeb-f489-4235-b63f-db1b4b2d1bad" testListId="8c84fa94-04c1-424b-9868-57a2d4851a1d" />
    <TestEntry testId="62002429-0f7d-aede-1534-cabf5a046fdc" executionId="aa9a3ee9-9a26-4595-a6a1-efa78478f717" testListId="8c84fa94-04c1-424b-9868-57a2d4851a1d" />
    <TestEntry testId="7d629058-7aed-9c62-13b3-d7a020b5da95" executionId="f9a0301f-882f-48b1-ac9f-ac895f08f1d2" testListId="8c84fa94-04c1-424b-9868-57a2d4851a1d" />
    <TestEntry testId="94f753e2-8ce4-6884-2c7b-108ecb25a424" executionId="19ec13f4-bb3e-4f12-8ea5-9cd980d6ddab" testListId="8c84fa94-04c1-424b-9868-57a2d4851a1d" />
    <TestEntry testId="d3c7cb80-27e3-8ac8-a985-33ab09f2dbc6" executionId="db1f04d0-1dc2-4be6-9ea3-37137b030289" testListId="8c84fa94-04c1-424b-9868-57a2d4851a1d" />
    <TestEntry testId="8a6e23f3-7e51-3f62-8a6b-4a7a45071b34" executionId="2a3b36ac-5b87-4e5c-b040-7c1cc5f1588a" testListId="8c84fa94-04c1-424b-9868-57a2d4851a1d" />
    <TestEntry testId="992816ee-1a50-96cd-edd1-d36486f9fea9" executionId="ff87ffc0-3d12-4b30-ac94-8a42191a0bf6" testListId="8c84fa94-04c1-424b-9868-57a2d4851a1d" />
    <TestEntry testId="cd200eff-9d83-327d-3b62-1d796a97c70e" executionId="88a1328d-3fbb-4f6d-b599-49a3878ab52e" testListId="8c84fa94-04c1-424b-9868-57a2d4851a1d" />
    <TestEntry testId="c158eeca-1e77-c6ad-3ca9-64ec070b0c05" executionId="175f2876-8f9f-442a-bc8e-b2641b67ed5f" testListId="8c84fa94-04c1-424b-9868-57a2d4851a1d" />
    <TestEntry testId="7432cb12-7c38-617e-6155-ed048a7b1c24" executionId="090d80f2-e362-4726-8a41-d2f216281d30" testListId="8c84fa94-04c1-424b-9868-57a2d4851a1d" />
    <TestEntry testId="5c504384-95f6-453d-4369-af1964e6e6ab" executionId="740e5938-ad77-4901-b6f9-230df524f7ce" testListId="8c84fa94-04c1-424b-9868-57a2d4851a1d" />
    <TestEntry testId="0e8d94fc-a9c9-6ab5-0935-6062fbbe8766" executionId="7b095e3d-f1c5-40f6-beb2-ef14d0d80fd3" testListId="8c84fa94-04c1-424b-9868-57a2d4851a1d" />
    <TestEntry testId="879ea152-ca7a-a41d-f40d-00bdd970ea8c" executionId="e9236d67-d684-4e31-afe7-1beb51ad6c42" testListId="8c84fa94-04c1-424b-9868-57a2d4851a1d" />
    <TestEntry testId="42cb8002-7f97-71d6-5a37-34e9bb453c74" executionId="1ae82995-fccb-4014-9d29-f5a5622f1ab2" testListId="8c84fa94-04c1-424b-9868-57a2d4851a1d" />
    <TestEntry testId="4c3139bf-abed-cc43-4488-9b3f7607817f" executionId="c07fa629-3139-4605-9826-f2be40dadfc1" testListId="8c84fa94-04c1-424b-9868-57a2d4851a1d" />
    <TestEntry testId="7056271a-0a87-3a32-c3f3-1c462ee140cd" executionId="df0e6791-56e6-48db-901f-ea974caf5774" testListId="8c84fa94-04c1-424b-9868-57a2d4851a1d" />
    <TestEntry testId="1b78c05c-71d3-a80d-aade-12eaddd922cb" executionId="89d99da1-63bd-45c5-a6c9-172a0da7e165" testListId="8c84fa94-04c1-424b-9868-57a2d4851a1d" />
    <TestEntry testId="3314c3cd-3736-386b-8702-8bfc182c1e9b" executionId="eb6ffd83-c2b2-4804-a37e-efe12e197e2b" testListId="8c84fa94-04c1-424b-9868-57a2d4851a1d" />
    <TestEntry testId="adde6164-5d4c-bfcf-966b-9fd3da7b4154" executionId="4c46e1b1-774e-428d-b31c-01ba1c17d023" testListId="8c84fa94-04c1-424b-9868-57a2d4851a1d" />
    <TestEntry testId="5d8c54c4-c9fc-ab03-a783-230c181c88d2" executionId="1d7d2958-3cea-4268-bf57-0f2280a2612a" testListId="8c84fa94-04c1-424b-9868-57a2d4851a1d" />
    <TestEntry testId="22dc932e-b4e3-88a0-c4b2-cb41c000964e" executionId="7a4702bd-6b52-4cf6-9c98-69dc95e72e43" testListId="8c84fa94-04c1-424b-9868-57a2d4851a1d" />
    <TestEntry testId="2baf9756-ba22-e535-2520-887c0bc4cef0" executionId="a2ab47c4-cadd-4e75-ac6b-e0099198616f" testListId="8c84fa94-04c1-424b-9868-57a2d4851a1d" />
    <TestEntry testId="80c7d725-d99d-644a-3e36-3986b153a68d" executionId="33876ea3-5a16-4e11-9541-076c7665ad5d" testListId="8c84fa94-04c1-424b-9868-57a2d4851a1d" />
    <TestEntry testId="d5b5de3a-a11c-832d-b71a-29541d0489fa" executionId="6fd86d75-8c49-4a73-af1e-6f50798c130d" testListId="8c84fa94-04c1-424b-9868-57a2d4851a1d" />
    <TestEntry testId="9cb359cb-0259-39b2-5047-fa4747eb3976" executionId="e52993e6-8c2d-4d4f-bb82-e3d9a095f110" testListId="8c84fa94-04c1-424b-9868-57a2d4851a1d" />
    <TestEntry testId="bcc601ba-b893-5069-57c8-be0126aebbf7" executionId="4e9da074-0ebf-4896-8c2d-4676d2c408d1" testListId="8c84fa94-04c1-424b-9868-57a2d4851a1d" />
    <TestEntry testId="d4fe3851-36ea-35c0-1c3f-f7448c22b81e" executionId="a402f8ad-915d-408a-8271-d8f495117232" testListId="8c84fa94-04c1-424b-9868-57a2d4851a1d" />
    <TestEntry testId="028f3881-65ac-9154-b393-8a75a4eba201" executionId="b42e8362-ab5c-459d-89a9-3abcb802bf08" testListId="8c84fa94-04c1-424b-9868-57a2d4851a1d" />
    <TestEntry testId="af819d72-88e1-4380-d74e-9eee80b49d73" executionId="7370cedb-b0e7-450b-9f0e-27cb35e9aac4" testListId="8c84fa94-04c1-424b-9868-57a2d4851a1d" />
    <TestEntry testId="b21590fb-6f72-41e3-c1a6-2961f840dee7" executionId="84436b17-5e25-4ae3-bcf5-5d53cb42ef49" testListId="8c84fa94-04c1-424b-9868-57a2d4851a1d" />
    <TestEntry testId="b775cbc0-8a71-32d0-a576-3263e28ff34b" executionId="eeb7e123-5a7f-4ffa-b3f6-1cf30639ff87" testListId="8c84fa94-04c1-424b-9868-57a2d4851a1d" />
    <TestEntry testId="ec67f3f0-fd58-7768-1c0c-10bbf18e4b24" executionId="7fc8611b-01ed-4e8f-bbc4-309cd42f1aaf" testListId="8c84fa94-04c1-424b-9868-57a2d4851a1d" />
    <TestEntry testId="3af0b707-05bf-4288-9750-71a0286badce" executionId="1cd5e797-bf8f-4c5b-b4c7-adce8039b088" testListId="8c84fa94-04c1-424b-9868-57a2d4851a1d" />
    <TestEntry testId="09ada854-e7c1-a6fc-5955-d82399a8e295" executionId="958514bd-7acb-48b7-8722-56c6aaf72e58" testListId="8c84fa94-04c1-424b-9868-57a2d4851a1d" />
    <TestEntry testId="b89ba5eb-66cf-f117-b537-d6f02abf0912" executionId="c1758945-21a0-48bc-99f0-7b39f2651af1" testListId="8c84fa94-04c1-424b-9868-57a2d4851a1d" />
    <TestEntry testId="2cad6a2d-3741-6208-8613-d4478929174d" executionId="910bdc3b-35ba-4492-90df-8c57860092ee" testListId="8c84fa94-04c1-424b-9868-57a2d4851a1d" />
    <TestEntry testId="c1a08b6c-3a54-026a-5220-d00f1118ca32" executionId="939007e3-06c5-4654-b2e4-8490fed22cda" testListId="8c84fa94-04c1-424b-9868-57a2d4851a1d" />
    <TestEntry testId="95482935-a2a3-ac4e-d352-a10d8244381f" executionId="64d3db6d-94bc-4024-8baa-88f13ddae77f" testListId="8c84fa94-04c1-424b-9868-57a2d4851a1d" />
    <TestEntry testId="c527af3a-6289-218d-9faa-2124fba58ab4" executionId="f21ffe9f-552e-4f5f-9a04-73f8cdcdb955" testListId="8c84fa94-04c1-424b-9868-57a2d4851a1d" />
    <TestEntry testId="9bf54c57-3773-b1fc-e36d-07d725b984b7" executionId="2af26e6c-6bfc-4a31-a8e1-5d98779432d4" testListId="8c84fa94-04c1-424b-9868-57a2d4851a1d" />
    <TestEntry testId="579c0127-6852-ba14-d807-c2825b57a9a2" executionId="2fb065a0-6a36-441e-a6a5-281cb8d7261d" testListId="8c84fa94-04c1-424b-9868-57a2d4851a1d" />
    <TestEntry testId="a4046aad-0258-805a-db5a-f7eeec1b1be3" executionId="1569b83e-2ea6-4d30-8329-1ebbdd9fe234" testListId="8c84fa94-04c1-424b-9868-57a2d4851a1d" />
    <TestEntry testId="e0fad09c-499d-2eb8-d081-5fdae1f1d55e" executionId="28cdafb2-74c2-46c7-b4df-eb8ff7dfe077" testListId="8c84fa94-04c1-424b-9868-57a2d4851a1d" />
    <TestEntry testId="db1804fc-c268-1a6e-7d1b-6e5d37ca35af" executionId="74c09c43-fbe7-45fb-8d13-d275922b096c" testListId="8c84fa94-04c1-424b-9868-57a2d4851a1d" />
    <TestEntry testId="38316d7a-7ea2-43d7-daa5-d6433f647104" executionId="60bc9ba0-2de6-4b7d-8581-934c534afd8b" testListId="8c84fa94-04c1-424b-9868-57a2d4851a1d" />
    <TestEntry testId="209c3868-7478-b756-c3f4-c17054122c31" executionId="315bb2d5-af66-4e50-88c2-759b42e0cbd2" testListId="8c84fa94-04c1-424b-9868-57a2d4851a1d" />
    <TestEntry testId="26e1ee91-57be-7e74-28a2-8e8d3265c062" executionId="20342243-67bb-411a-aa59-bd47e08e68a1" testListId="8c84fa94-04c1-424b-9868-57a2d4851a1d" />
    <TestEntry testId="1244ba2e-7b7a-b667-40d7-0eee5707a373" executionId="188c26a7-f1eb-46bb-afe6-6ec73414346a" testListId="8c84fa94-04c1-424b-9868-57a2d4851a1d" />
    <TestEntry testId="5a428125-61cb-f9b2-e05b-eee995ba10aa" executionId="ca7aff32-e8a6-44e8-8ecc-9c16bc21455a" testListId="8c84fa94-04c1-424b-9868-57a2d4851a1d" />
    <TestEntry testId="0e5bdd8a-c1b5-eaa4-e80f-397ba702ef90" executionId="55353729-5896-4018-a085-894e3d08926b" testListId="8c84fa94-04c1-424b-9868-57a2d4851a1d" />
    <TestEntry testId="5f22fbe0-e444-712e-ce9a-78f432753675" executionId="70cea81b-5173-4a7c-bab0-d9a9bc09eb11" testListId="8c84fa94-04c1-424b-9868-57a2d4851a1d" />
    <TestEntry testId="595f1bad-8185-f37a-7f59-80da748959e6" executionId="79f3db75-8b1a-4bf7-8e64-c954775fb829" testListId="8c84fa94-04c1-424b-9868-57a2d4851a1d" />
    <TestEntry testId="833b6548-b17b-6794-3784-a55f4f1ef4fc" executionId="88d9a34f-6d78-4c47-b064-1ac889684f3f" testListId="8c84fa94-04c1-424b-9868-57a2d4851a1d" />
    <TestEntry testId="1b873dbb-74a5-e562-1be1-78a6566e3d3e" executionId="f0c7be0b-e22b-47b2-9f2c-89cf65e1a3d7" testListId="8c84fa94-04c1-424b-9868-57a2d4851a1d" />
    <TestEntry testId="7c9e1e40-100f-494d-03a1-03274eaa7e09" executionId="a6e2c1a4-91b0-4fbb-bd52-15c4059442d1" testListId="8c84fa94-04c1-424b-9868-57a2d4851a1d" />
    <TestEntry testId="dc99d371-1049-b556-a8f7-ca2c8d008adf" executionId="a7ea19e9-56fb-46f7-ad31-9141e356b036" testListId="8c84fa94-04c1-424b-9868-57a2d4851a1d" />
    <TestEntry testId="795c5b26-90d3-78da-a59b-f427d115d78c" executionId="69ca7eae-6d8f-4e9d-875b-8ebad54235ad" testListId="8c84fa94-04c1-424b-9868-57a2d4851a1d" />
    <TestEntry testId="3f0de534-da75-bbaa-a3ba-2c1d8bb7c35d" executionId="1352ce0c-e9c2-4910-bdfa-92b267cd5f38" testListId="8c84fa94-04c1-424b-9868-57a2d4851a1d" />
    <TestEntry testId="d406913c-600d-fb2f-7f0a-a23660427c07" executionId="d1063e5d-289c-40b2-a5be-6bfd30e19e38" testListId="8c84fa94-04c1-424b-9868-57a2d4851a1d" />
    <TestEntry testId="012a9b4e-50c3-5db7-58b2-2105460c8913" executionId="81e1c082-a039-49e1-a6fe-5037420b42e4" testListId="8c84fa94-04c1-424b-9868-57a2d4851a1d" />
    <TestEntry testId="ba96bc2b-6ac5-148c-baeb-c739dcb42b78" executionId="9891ab84-e664-4ff3-b041-c0e97d8943b3" testListId="8c84fa94-04c1-424b-9868-57a2d4851a1d" />
    <TestEntry testId="966aff40-6928-72c2-7b9f-5e945a02b96a" executionId="dd83fb8b-b4c4-4b5a-9847-a9c616027ab2" testListId="8c84fa94-04c1-424b-9868-57a2d4851a1d" />
    <TestEntry testId="8c226cc4-099f-a71c-0584-9be604d99a85" executionId="8601f899-8d07-4527-8daa-3c46da5bd479" testListId="8c84fa94-04c1-424b-9868-57a2d4851a1d" />
    <TestEntry testId="c2dc8522-7bcc-ca68-16aa-65005854c032" executionId="a0aa277a-1726-418d-b85f-76e7e2cb96ab" testListId="8c84fa94-04c1-424b-9868-57a2d4851a1d" />
    <TestEntry testId="253fad3a-683d-0ac7-72e3-8242b17c4ba7" executionId="39a7b3ef-a264-42ec-8f41-394680b32d62" testListId="8c84fa94-04c1-424b-9868-57a2d4851a1d" />
    <TestEntry testId="67897feb-979d-4be2-3a84-c90c06566218" executionId="5d802b9f-3c17-4f5c-9788-683d2873e25f" testListId="8c84fa94-04c1-424b-9868-57a2d4851a1d" />
    <TestEntry testId="4e01ee2c-6187-c2e4-edda-9c03d406ee14" executionId="2868dc39-0ca7-4267-b437-56083aef8892" testListId="8c84fa94-04c1-424b-9868-57a2d4851a1d" />
    <TestEntry testId="23439d72-1dd0-bf93-b5a7-1c4aaafc4d44" executionId="f096445e-662d-41d0-ab1b-7212e2fdac10" testListId="8c84fa94-04c1-424b-9868-57a2d4851a1d" />
    <TestEntry testId="860871a5-0f3b-8d9d-a26c-ef5bfdf7422f" executionId="81613c45-63a6-49bb-b2dd-1739cf80ef63" testListId="8c84fa94-04c1-424b-9868-57a2d4851a1d" />
    <TestEntry testId="4073011f-2ed9-f4fc-bf6c-92d4cc144165" executionId="3da01562-ac38-4361-978b-ac5cca8d9e08" testListId="8c84fa94-04c1-424b-9868-57a2d4851a1d" />
    <TestEntry testId="026302f4-a6fa-8f38-75fd-7404b20d6b4e" executionId="4727b4ce-9cbc-49b6-8da6-99d5a0c8d72a" testListId="8c84fa94-04c1-424b-9868-57a2d4851a1d" />
    <TestEntry testId="0a10adda-051d-5d5a-5b5d-28c7eba65365" executionId="2bc052bd-1fe6-42be-a009-7ab75eabfb3a" testListId="8c84fa94-04c1-424b-9868-57a2d4851a1d" />
    <TestEntry testId="f430844a-f734-55bb-77e2-c669b4ac34fb" executionId="19cf9141-c3fe-473d-bb10-fd82dceb5b6d" testListId="8c84fa94-04c1-424b-9868-57a2d4851a1d" />
    <TestEntry testId="a7650de1-8465-ade1-1b9c-109120ce58fb" executionId="3dcdaa58-e6d2-460b-866d-acbfce774ae5" testListId="8c84fa94-04c1-424b-9868-57a2d4851a1d" />
    <TestEntry testId="cd3af2f9-f041-3ccb-3f8c-1c3ee951b9f4" executionId="6c6d6de5-b358-427f-a32b-0e1a26d744f6" testListId="8c84fa94-04c1-424b-9868-57a2d4851a1d" />
    <TestEntry testId="15c5df1c-a179-cac6-e811-9180e2fd8298" executionId="045b7b41-06b6-4d70-8ad6-aea8d06eac1a" testListId="8c84fa94-04c1-424b-9868-57a2d4851a1d" />
    <TestEntry testId="a10aeffe-4bd4-4f39-df6f-7c784854eb3c" executionId="f4d266d6-4a4c-431a-8ed0-ae2e85dc8df6" testListId="8c84fa94-04c1-424b-9868-57a2d4851a1d" />
    <TestEntry testId="82e70d15-f55c-c5d6-7920-eff68fb44597" executionId="344c4233-8e47-465e-ba7c-1217ed79c81b" testListId="8c84fa94-04c1-424b-9868-57a2d4851a1d" />
    <TestEntry testId="d6ef3795-9b31-3b4c-9f48-45478f521cf2" executionId="02157026-ac79-4ecd-bd48-0af56bb0cb5b" testListId="8c84fa94-04c1-424b-9868-57a2d4851a1d" />
    <TestEntry testId="2a4dd16b-8084-e800-4b11-5677012fbe09" executionId="87411345-d42a-42c0-878c-de105d711eed" testListId="8c84fa94-04c1-424b-9868-57a2d4851a1d" />
    <TestEntry testId="30ce2ab0-4597-6ae4-051c-95b821684a1e" executionId="53913174-eb1b-409b-8054-c87b6e6906bd" testListId="8c84fa94-04c1-424b-9868-57a2d4851a1d" />
    <TestEntry testId="fc937714-e61b-29c2-f548-8b4283a1a72a" executionId="fea47e2e-1bcf-4f6a-861b-339b32c10793" testListId="8c84fa94-04c1-424b-9868-57a2d4851a1d" />
    <TestEntry testId="e6ff4193-2922-668e-d974-ec2d0070b5df" executionId="b232a0de-f602-42e6-ac54-a16d036f5d97" testListId="8c84fa94-04c1-424b-9868-57a2d4851a1d" />
    <TestEntry testId="fbc82671-d5ad-8957-e686-8cec63874084" executionId="b10080e2-592b-4971-9054-a742f431a890" testListId="8c84fa94-04c1-424b-9868-57a2d4851a1d" />
    <TestEntry testId="61f7f5c7-891f-c1d4-0ea1-506450d3fb87" executionId="2413bd76-287a-421a-bcf4-1a14ca19fba3" testListId="8c84fa94-04c1-424b-9868-57a2d4851a1d" />
    <TestEntry testId="d78ba195-4f42-9453-0574-448ba35159a6" executionId="9ba56230-5013-437c-b915-345ae3ed701e" testListId="8c84fa94-04c1-424b-9868-57a2d4851a1d" />
    <TestEntry testId="c70d1df4-6497-9396-b114-9f6532256e35" executionId="ff5affb3-9e0d-4f66-8a4e-3893eb18b395" testListId="8c84fa94-04c1-424b-9868-57a2d4851a1d" />
    <TestEntry testId="50e899b9-bb47-c8e3-e06f-5376d714a8ef" executionId="dd4cd739-d54e-48e3-8959-98b2fea39811" testListId="8c84fa94-04c1-424b-9868-57a2d4851a1d" />
    <TestEntry testId="ea97c98c-77d6-c58d-c16c-bb15793c804f" executionId="c9f16bd6-f404-44fc-b49f-c9a9f26ec3e7" testListId="8c84fa94-04c1-424b-9868-57a2d4851a1d" />
    <TestEntry testId="2483fdd7-8192-98e3-7345-d4b88b0ed78b" executionId="1056a0b5-647a-4ecc-be47-5821a71e3c98" testListId="8c84fa94-04c1-424b-9868-57a2d4851a1d" />
    <TestEntry testId="3801a0f1-6780-54d7-5712-62acc4665f81" executionId="12a25d69-15a2-4cd9-a8f6-c508cd800fc2" testListId="8c84fa94-04c1-424b-9868-57a2d4851a1d" />
    <TestEntry testId="8cd58430-5c6c-fdbd-ec87-574cbb64bf53" executionId="7b73d748-3385-4bb9-b11b-c72ec89fbf2b" testListId="8c84fa94-04c1-424b-9868-57a2d4851a1d" />
    <TestEntry testId="fd6f1f44-921b-1c02-84df-7145648b74bc" executionId="5b7af5c8-e7c7-46f2-aac2-4236c28e0750" testListId="8c84fa94-04c1-424b-9868-57a2d4851a1d" />
    <TestEntry testId="d6dad30e-d826-e582-1368-cb15305f7525" executionId="a8ecac36-b0aa-4419-b7d4-5448e41041d8" testListId="8c84fa94-04c1-424b-9868-57a2d4851a1d" />
    <TestEntry testId="21c8b837-4cc8-2233-3d2a-ff6dc80354cb" executionId="dc307f87-5b62-4028-b965-857a6dc555e7" testListId="8c84fa94-04c1-424b-9868-57a2d4851a1d" />
    <TestEntry testId="dd249536-803c-07f1-d56b-853b88428ecd" executionId="b36de192-312b-4d29-acc0-28786d1f1471" testListId="8c84fa94-04c1-424b-9868-57a2d4851a1d" />
    <TestEntry testId="6fe064fc-0367-3fd0-1e99-180d221dcc1f" executionId="e4107f47-5d33-453f-aa82-6a8445adee4e" testListId="8c84fa94-04c1-424b-9868-57a2d4851a1d" />
    <TestEntry testId="cca83ef9-d59a-5f79-9ee6-88df80cc3cb3" executionId="9531cc4d-730d-4d8a-ac32-c4f721975d3b" testListId="8c84fa94-04c1-424b-9868-57a2d4851a1d" />
    <TestEntry testId="8e517db2-dcf2-27af-85fb-568183434682" executionId="df95ba23-77b6-4b40-8fe0-f3ea91d512a3" testListId="8c84fa94-04c1-424b-9868-57a2d4851a1d" />
    <TestEntry testId="e28e763f-f4e2-dba2-a701-6426faa33760" executionId="040c1611-b4cb-4e81-9a7e-3f285f9138d4" testListId="8c84fa94-04c1-424b-9868-57a2d4851a1d" />
    <TestEntry testId="50f3fb3e-5203-5961-22a2-c6bb59588c0d" executionId="e528dd80-22a3-461f-afd9-1e2b6e56d5fd" testListId="8c84fa94-04c1-424b-9868-57a2d4851a1d" />
    <TestEntry testId="110bf8ab-add1-28ae-9cde-75870ba6cba4" executionId="6c2ddda0-8ffd-4a1f-8e18-7ce190648280" testListId="8c84fa94-04c1-424b-9868-57a2d4851a1d" />
    <TestEntry testId="3f5e9153-50c6-8fca-e6bc-3761f7421125" executionId="e33abcb0-dce0-404c-b2e4-936f6bff44b4" testListId="8c84fa94-04c1-424b-9868-57a2d4851a1d" />
    <TestEntry testId="f4e03218-b7f1-b031-9950-1f11f36552a6" executionId="604f456c-300b-4bd0-b015-7eb0934c06f6" testListId="8c84fa94-04c1-424b-9868-57a2d4851a1d" />
    <TestEntry testId="1797ba19-1691-45b5-5756-5d192a5e8d1e" executionId="bd7096aa-2232-49a6-9e7a-ea57ae8a7447" testListId="8c84fa94-04c1-424b-9868-57a2d4851a1d" />
    <TestEntry testId="2685e820-1019-b32e-e004-4c40aee27486" executionId="a9c80589-9a86-493b-807d-893d9b6726b0" testListId="8c84fa94-04c1-424b-9868-57a2d4851a1d" />
    <TestEntry testId="43f5ee13-b5df-bef7-7f4d-13ce3eca89a9" executionId="fa98ff66-ea94-4d0b-bb02-fe9f0cefa167" testListId="8c84fa94-04c1-424b-9868-57a2d4851a1d" />
  </TestEntries>
  <TestLists>
    <TestList name="Results Not in a List" id="8c84fa94-04c1-424b-9868-57a2d4851a1d" />
    <TestList name="All Loaded Results" id="19431567-8539-422a-85d7-44ee4e166bda" />
  </TestLists>
  <ResultSummary outcome="Completed">
    <Counters total="152" executed="152" passed="152" failed="0" error="0" timeout="0" aborted="0" inconclusive="0" passedButRunAborted="0" notRunnable="0" notExecuted="0" disconnected="0" warning="0" completed="0" inProgress="0" pending="0" />
    <Output>
      <StdOut>[xUnit.net 00:00:00.00] xUnit.net VSTest Adapter v2.5.0.1+5ebf84cd75 (64-bit .NET 8.0.31)&#xD;
[xUnit.net 00:00:01.60]   Discovering: TypingEngine.Windows.Tests&#xD;
[xUnit.net 00:00:01.63]   Discovered:  TypingEngine.Windows.Tests&#xD;
[xUnit.net 00:00:01.64]   Starting:    TypingEngine.Windows.Tests&#xD;
[xUnit.net 00:00:01.79]   Finished:    TypingEngine.Windows.Tests&#xD;
</StdOut>
    </Output>
  </ResultSummary>
</TestRun>